<?xml version="1.0" encoding="UTF-8"?>
<testsuite name="openCart" tests="3" skipped="0" failures="0" errors="0" timestamp="2022-05-04T02:10:12" hostname="DESKTOP-4PA18HQ" time="49.358">
  <properties/>
  <testcase name="Enter data to filter" classname="openCart" time="24.919"/>
  <testcase name="Enter data to filter" classname="openCart" time="12.174"/>
  <testcase name="Enter data to filter" classname="openCart" time="12.259"/>
  <system-out><![CDATA[]]></system-out>
  <system-err><![CDATA[[Test worker] WARN net.thucydides.core.steps.BaseStepListener - stepStarted: net.thucydides.core.steps.ExecutedStepDescription@2d13b094
[Test worker] WARN net.thucydides.core.steps.BaseStepListener - stepStarted: net.thucydides.core.steps.ExecutedStepDescription@2d97841d
[Test worker] WARN net.thucydides.core.steps.BaseStepListener - stepStarted: net.thucydides.core.steps.ExecutedStepDescription@218c7aaf
may 03, 2022 9:10:12 PM org.openqa.selenium.remote.DesiredCapabilities chrome
INFORMACIÓN: Using `new ChromeOptions()` is preferred to `DesiredCapabilities.chrome()`
[Test worker] INFO net.serenitybdd.core.webdriver.driverproviders.ProvideNewDriver - Instantiating driver
[Test worker] INFO net.serenitybdd.core.webdriver.driverproviders.ProvideNewDriver - Driver capabilities: Capabilities {acceptInsecureCerts: false, browserName: chrome, chrome.switches: --start-maximized, goog:chromeOptions: {args: [--start-maximized], extensions: []}, loggingPrefs: org.openqa.selenium.logging..., platform: ANY, version: }
Starting ChromeDriver 99.0.4844.51 (d537ec02474b5afe23684e7963d538896c63ac77-refs/branch-heads/4844@{#875}) on port 33752
Only local connections are allowed.
Please see https://chromedriver.chromium.org/security-considerations for suggestions on keeping ChromeDriver safe.
ChromeDriver was started successfully.
[1651630215.971][WARNING]: This version of ChromeDriver has not been tested with Chrome version 100.
may 03, 2022 9:10:15 PM org.openqa.selenium.remote.ProtocolHandshake createSession
INFORMACIÓN: Detected dialect: W3C
[Test worker] WARN net.thucydides.core.steps.BaseStepListener - stepFinished: current outcome:Enter data to filter:Example: {username=demo, password=demo, seourl=SEO URL, query=product_id=47, keyword=hp-lp3065, store=Default, language=English} [Given Tania wants to filter data in the SEO URL list [Tania ruiz sanchez open up [Tania Ruiz Sanchez opens the Cart open page]]]
[Test worker] WARN net.thucydides.core.steps.BaseStepListener - stepFinished: current outcome:Enter data to filter:Example: {username=demo, password=demo, seourl=SEO URL, query=product_id=47, keyword=hp-lp3065, store=Default, language=English} [Given Tania wants to filter data in the SEO URL list [Tania ruiz sanchez open up [Tania Ruiz Sanchez opens the Cart open page]]]
[Test worker] WARN net.thucydides.core.steps.BaseStepListener - stepFinished: current outcome:Enter data to filter:Example: {username=demo, password=demo, seourl=SEO URL, query=product_id=47, keyword=hp-lp3065, store=Default, language=English} [Given Tania wants to filter data in the SEO URL list [Tania ruiz sanchez open up [Tania Ruiz Sanchez opens the Cart open page]]]
[Test worker] WARN net.thucydides.core.steps.BaseStepListener - stepStarted: net.thucydides.core.steps.ExecutedStepDescription@2af71fe7
[Test worker] WARN net.thucydides.core.steps.BaseStepListener - stepStarted: net.thucydides.core.steps.ExecutedStepDescription@e00557
[Test worker] WARN net.thucydides.core.steps.BaseStepListener - stepStarted: net.thucydides.core.steps.ExecutedStepDescription@172b1dd0
[Test worker] WARN net.thucydides.core.steps.BaseStepListener - stepFinished: current outcome:Enter data to filter:Example: {username=demo, password=demo, seourl=SEO URL, query=product_id=47, keyword=hp-lp3065, store=Default, language=English} [Given Tania wants to filter data in the SEO URL list [Tania ruiz sanchez open up [Tania Ruiz Sanchez opens the Cart open page]], When She enter the data in the filter field
| username | password | seourl | query | keyword | store | language |
| demo | demo | SEO URL | product_id=47 | hp-lp3065 | Default | English | [Tania ruiz sanchez filter [Tania Ruiz Sanchez enters 'demo' into enter username]]]
[Test worker] WARN net.thucydides.core.steps.BaseStepListener - stepStarted: net.thucydides.core.steps.ExecutedStepDescription@56a4e9fd
[Test worker] WARN net.thucydides.core.steps.BaseStepListener - stepFinished: current outcome:Enter data to filter:Example: {username=demo, password=demo, seourl=SEO URL, query=product_id=47, keyword=hp-lp3065, store=Default, language=English} [Given Tania wants to filter data in the SEO URL list [Tania ruiz sanchez open up [Tania Ruiz Sanchez opens the Cart open page]], When She enter the data in the filter field
| username | password | seourl | query | keyword | store | language |
| demo | demo | SEO URL | product_id=47 | hp-lp3065 | Default | English | [Tania ruiz sanchez filter [Tania Ruiz Sanchez enters 'demo' into enter username, Tania Ruiz Sanchez enters 'demo' into enter password]]]
[Test worker] WARN net.thucydides.core.steps.BaseStepListener - stepStarted: net.thucydides.core.steps.ExecutedStepDescription@49c0a35d
[Test worker] WARN net.thucydides.core.steps.BaseStepListener - stepFinished: current outcome:Enter data to filter:Example: {username=demo, password=demo, seourl=SEO URL, query=product_id=47, keyword=hp-lp3065, store=Default, language=English} [Given Tania wants to filter data in the SEO URL list [Tania ruiz sanchez open up [Tania Ruiz Sanchez opens the Cart open page]], When She enter the data in the filter field
| username | password | seourl | query | keyword | store | language |
| demo | demo | SEO URL | product_id=47 | hp-lp3065 | Default | English | [Tania ruiz sanchez filter [Tania Ruiz Sanchez enters 'demo' into enter username, Tania Ruiz Sanchez enters 'demo' into enter password, Tania Ruiz Sanchez clicks on Click on the login button]]]
[Test worker] WARN net.thucydides.core.steps.BaseStepListener - stepStarted: net.thucydides.core.steps.ExecutedStepDescription@726ce9b6
[Test worker] WARN net.thucydides.core.steps.BaseStepListener - stepFinished: current outcome:Enter data to filter:Example: {username=demo, password=demo, seourl=SEO URL, query=product_id=47, keyword=hp-lp3065, store=Default, language=English} [Given Tania wants to filter data in the SEO URL list [Tania ruiz sanchez open up [Tania Ruiz Sanchez opens the Cart open page]], When She enter the data in the filter field
| username | password | seourl | query | keyword | store | language |
| demo | demo | SEO URL | product_id=47 | hp-lp3065 | Default | English | [Tania ruiz sanchez filter [Tania Ruiz Sanchez enters 'demo' into enter username, Tania Ruiz Sanchez enters 'demo' into enter password, Tania Ruiz Sanchez clicks on Click on the login button, Tania Ruiz Sanchez clicks on Click on Desing]]]
[Test worker] WARN net.thucydides.core.steps.BaseStepListener - stepStarted: net.thucydides.core.steps.ExecutedStepDescription@73da587c
[Test worker] WARN net.thucydides.core.steps.BaseStepListener - stepFinished: current outcome:Enter data to filter:Example: {username=demo, password=demo, seourl=SEO URL, query=product_id=47, keyword=hp-lp3065, store=Default, language=English} [Given Tania wants to filter data in the SEO URL list [Tania ruiz sanchez open up [Tania Ruiz Sanchez opens the Cart open page]], When She enter the data in the filter field
| username | password | seourl | query | keyword | store | language |
| demo | demo | SEO URL | product_id=47 | hp-lp3065 | Default | English | [Tania ruiz sanchez filter [Tania Ruiz Sanchez enters 'demo' into enter username, Tania Ruiz Sanchez enters 'demo' into enter password, Tania Ruiz Sanchez clicks on Click on the login button, Tania Ruiz Sanchez clicks on Click on Desing, Tania Ruiz Sanchez clicks on Select SEO URL]]]
[Test worker] WARN net.thucydides.core.steps.BaseStepListener - stepStarted: net.thucydides.core.steps.ExecutedStepDescription@2b70c2c2
[Test worker] WARN net.thucydides.core.steps.BaseStepListener - stepFinished: current outcome:Enter data to filter:Example: {username=demo, password=demo, seourl=SEO URL, query=product_id=47, keyword=hp-lp3065, store=Default, language=English} [Given Tania wants to filter data in the SEO URL list [Tania ruiz sanchez open up [Tania Ruiz Sanchez opens the Cart open page]], When She enter the data in the filter field
| username | password | seourl | query | keyword | store | language |
| demo | demo | SEO URL | product_id=47 | hp-lp3065 | Default | English | [Tania ruiz sanchez filter [Tania Ruiz Sanchez enters 'demo' into enter username, Tania Ruiz Sanchez enters 'demo' into enter password, Tania Ruiz Sanchez clicks on Click on the login button, Tania Ruiz Sanchez clicks on Click on Desing, Tania Ruiz Sanchez clicks on Select SEO URL, Tania Ruiz Sanchez enters 'product_id=47' into Write the query]]]
[Test worker] WARN net.thucydides.core.steps.BaseStepListener - stepStarted: net.thucydides.core.steps.ExecutedStepDescription@4f276a81
[Test worker] WARN net.thucydides.core.steps.BaseStepListener - stepFinished: current outcome:Enter data to filter:Example: {username=demo, password=demo, seourl=SEO URL, query=product_id=47, keyword=hp-lp3065, store=Default, language=English} [Given Tania wants to filter data in the SEO URL list [Tania ruiz sanchez open up [Tania Ruiz Sanchez opens the Cart open page]], When She enter the data in the filter field
| username | password | seourl | query | keyword | store | language |
| demo | demo | SEO URL | product_id=47 | hp-lp3065 | Default | English | [Tania ruiz sanchez filter [Tania Ruiz Sanchez enters 'demo' into enter username, Tania Ruiz Sanchez enters 'demo' into enter password, Tania Ruiz Sanchez clicks on Click on the login button, Tania Ruiz Sanchez clicks on Click on Desing, Tania Ruiz Sanchez clicks on Select SEO URL, Tania Ruiz Sanchez enters 'product_id=47' into Write the query, Tania Ruiz Sanchez enters 'hp-lp3065' into Write the keyword]]]
[Test worker] WARN net.thucydides.core.steps.BaseStepListener - stepStarted: net.thucydides.core.steps.ExecutedStepDescription@4aee0013
[Test worker] WARN net.thucydides.core.steps.BaseStepListener - stepFinished: current outcome:Enter data to filter:Example: {username=demo, password=demo, seourl=SEO URL, query=product_id=47, keyword=hp-lp3065, store=Default, language=English} [Given Tania wants to filter data in the SEO URL list [Tania ruiz sanchez open up [Tania Ruiz Sanchez opens the Cart open page]], When She enter the data in the filter field
| username | password | seourl | query | keyword | store | language |
| demo | demo | SEO URL | product_id=47 | hp-lp3065 | Default | English | [Tania ruiz sanchez filter [Tania Ruiz Sanchez enters 'demo' into enter username, Tania Ruiz Sanchez enters 'demo' into enter password, Tania Ruiz Sanchez clicks on Click on the login button, Tania Ruiz Sanchez clicks on Click on Desing, Tania Ruiz Sanchez clicks on Select SEO URL, Tania Ruiz Sanchez enters 'product_id=47' into Write the query, Tania Ruiz Sanchez enters 'hp-lp3065' into Write the keyword, Tania Ruiz Sanchez clicks on Click Store]]]
[1651630233.880][SEVERE]: Timed out receiving message from renderer: 10.000
[1651630233.880][WARNING]: screenshot failed, retrying timeout: Timed out receiving message from renderer: 10.000
[Test worker] WARN net.thucydides.core.steps.BaseStepListener - stepStarted: net.thucydides.core.steps.ExecutedStepDescription@242e6de8
[Test worker] WARN net.thucydides.core.steps.BaseStepListener - stepFinished: current outcome:Enter data to filter:Example: {username=demo, password=demo, seourl=SEO URL, query=product_id=47, keyword=hp-lp3065, store=Default, language=English} [Given Tania wants to filter data in the SEO URL list [Tania ruiz sanchez open up [Tania Ruiz Sanchez opens the Cart open page]], When She enter the data in the filter field
| username | password | seourl | query | keyword | store | language |
| demo | demo | SEO URL | product_id=47 | hp-lp3065 | Default | English | [Tania ruiz sanchez filter [Tania Ruiz Sanchez enters 'demo' into enter username, Tania Ruiz Sanchez enters 'demo' into enter password, Tania Ruiz Sanchez clicks on Click on the login button, Tania Ruiz Sanchez clicks on Click on Desing, Tania Ruiz Sanchez clicks on Select SEO URL, Tania Ruiz Sanchez enters 'product_id=47' into Write the query, Tania Ruiz Sanchez enters 'hp-lp3065' into Write the keyword, Tania Ruiz Sanchez clicks on Click Store, Tania Ruiz Sanchez types 'ARROW_DOWN' in Click Store]]]
[Test worker] WARN net.thucydides.core.steps.BaseStepListener - stepStarted: net.thucydides.core.steps.ExecutedStepDescription@b1e5a0d
[Test worker] WARN net.thucydides.core.steps.BaseStepListener - stepFinished: current outcome:Enter data to filter:Example: {username=demo, password=demo, seourl=SEO URL, query=product_id=47, keyword=hp-lp3065, store=Default, language=English} [Given Tania wants to filter data in the SEO URL list [Tania ruiz sanchez open up [Tania Ruiz Sanchez opens the Cart open page]], When She enter the data in the filter field
| username | password | seourl | query | keyword | store | language |
| demo | demo | SEO URL | product_id=47 | hp-lp3065 | Default | English | [Tania ruiz sanchez filter [Tania Ruiz Sanchez enters 'demo' into enter username, Tania Ruiz Sanchez enters 'demo' into enter password, Tania Ruiz Sanchez clicks on Click on the login button, Tania Ruiz Sanchez clicks on Click on Desing, Tania Ruiz Sanchez clicks on Select SEO URL, Tania Ruiz Sanchez enters 'product_id=47' into Write the query, Tania Ruiz Sanchez enters 'hp-lp3065' into Write the keyword, Tania Ruiz Sanchez clicks on Click Store, Tania Ruiz Sanchez types 'ARROW_DOWN' in Click Store, Tania Ruiz Sanchez types 'ARROW_DOWN' in Click Store]]]
[Test worker] WARN net.thucydides.core.steps.BaseStepListener - stepStarted: net.thucydides.core.steps.ExecutedStepDescription@504580fc
[Test worker] WARN net.thucydides.core.steps.BaseStepListener - stepFinished: current outcome:Enter data to filter:Example: {username=demo, password=demo, seourl=SEO URL, query=product_id=47, keyword=hp-lp3065, store=Default, language=English} [Given Tania wants to filter data in the SEO URL list [Tania ruiz sanchez open up [Tania Ruiz Sanchez opens the Cart open page]], When She enter the data in the filter field
| username | password | seourl | query | keyword | store | language |
| demo | demo | SEO URL | product_id=47 | hp-lp3065 | Default | English | [Tania ruiz sanchez filter [Tania Ruiz Sanchez enters 'demo' into enter username, Tania Ruiz Sanchez enters 'demo' into enter password, Tania Ruiz Sanchez clicks on Click on the login button, Tania Ruiz Sanchez clicks on Click on Desing, Tania Ruiz Sanchez clicks on Select SEO URL, Tania Ruiz Sanchez enters 'product_id=47' into Write the query, Tania Ruiz Sanchez enters 'hp-lp3065' into Write the keyword, Tania Ruiz Sanchez clicks on Click Store, Tania Ruiz Sanchez types 'ARROW_DOWN' in Click Store, Tania Ruiz Sanchez types 'ARROW_DOWN' in Click Store, Tania Ruiz Sanchez types 'ENTER' in Click Store]]]
[Test worker] WARN net.thucydides.core.steps.BaseStepListener - stepStarted: net.thucydides.core.steps.ExecutedStepDescription@34d444f6
[Test worker] WARN net.thucydides.core.steps.BaseStepListener - stepFinished: current outcome:Enter data to filter:Example: {username=demo, password=demo, seourl=SEO URL, query=product_id=47, keyword=hp-lp3065, store=Default, language=English} [Given Tania wants to filter data in the SEO URL list [Tania ruiz sanchez open up [Tania Ruiz Sanchez opens the Cart open page]], When She enter the data in the filter field
| username | password | seourl | query | keyword | store | language |
| demo | demo | SEO URL | product_id=47 | hp-lp3065 | Default | English | [Tania ruiz sanchez filter [Tania Ruiz Sanchez enters 'demo' into enter username, Tania Ruiz Sanchez enters 'demo' into enter password, Tania Ruiz Sanchez clicks on Click on the login button, Tania Ruiz Sanchez clicks on Click on Desing, Tania Ruiz Sanchez clicks on Select SEO URL, Tania Ruiz Sanchez enters 'product_id=47' into Write the query, Tania Ruiz Sanchez enters 'hp-lp3065' into Write the keyword, Tania Ruiz Sanchez clicks on Click Store, Tania Ruiz Sanchez types 'ARROW_DOWN' in Click Store, Tania Ruiz Sanchez types 'ARROW_DOWN' in Click Store, Tania Ruiz Sanchez types 'ENTER' in Click Store, Tania Ruiz Sanchez clicks on Click Languaje]]]
[Test worker] WARN net.thucydides.core.steps.BaseStepListener - stepStarted: net.thucydides.core.steps.ExecutedStepDescription@295b98c0
[Test worker] WARN net.thucydides.core.steps.BaseStepListener - stepFinished: current outcome:Enter data to filter:Example: {username=demo, password=demo, seourl=SEO URL, query=product_id=47, keyword=hp-lp3065, store=Default, language=English} [Given Tania wants to filter data in the SEO URL list [Tania ruiz sanchez open up [Tania Ruiz Sanchez opens the Cart open page]], When She enter the data in the filter field
| username | password | seourl | query | keyword | store | language |
| demo | demo | SEO URL | product_id=47 | hp-lp3065 | Default | English | [Tania ruiz sanchez filter [Tania Ruiz Sanchez enters 'demo' into enter username, Tania Ruiz Sanchez enters 'demo' into enter password, Tania Ruiz Sanchez clicks on Click on the login button, Tania Ruiz Sanchez clicks on Click on Desing, Tania Ruiz Sanchez clicks on Select SEO URL, Tania Ruiz Sanchez enters 'product_id=47' into Write the query, Tania Ruiz Sanchez enters 'hp-lp3065' into Write the keyword, Tania Ruiz Sanchez clicks on Click Store, Tania Ruiz Sanchez types 'ARROW_DOWN' in Click Store, Tania Ruiz Sanchez types 'ARROW_DOWN' in Click Store, Tania Ruiz Sanchez types 'ENTER' in Click Store, Tania Ruiz Sanchez clicks on Click Languaje, Tania Ruiz Sanchez types 'ARROW_DOWN' in Click Languaje]]]
[Test worker] WARN net.thucydides.core.steps.BaseStepListener - stepStarted: net.thucydides.core.steps.ExecutedStepDescription@47d64227
[Test worker] WARN net.thucydides.core.steps.BaseStepListener - stepFinished: current outcome:Enter data to filter:Example: {username=demo, password=demo, seourl=SEO URL, query=product_id=47, keyword=hp-lp3065, store=Default, language=English} [Given Tania wants to filter data in the SEO URL list [Tania ruiz sanchez open up [Tania Ruiz Sanchez opens the Cart open page]], When She enter the data in the filter field
| username | password | seourl | query | keyword | store | language |
| demo | demo | SEO URL | product_id=47 | hp-lp3065 | Default | English | [Tania ruiz sanchez filter [Tania Ruiz Sanchez enters 'demo' into enter username, Tania Ruiz Sanchez enters 'demo' into enter password, Tania Ruiz Sanchez clicks on Click on the login button, Tania Ruiz Sanchez clicks on Click on Desing, Tania Ruiz Sanchez clicks on Select SEO URL, Tania Ruiz Sanchez enters 'product_id=47' into Write the query, Tania Ruiz Sanchez enters 'hp-lp3065' into Write the keyword, Tania Ruiz Sanchez clicks on Click Store, Tania Ruiz Sanchez types 'ARROW_DOWN' in Click Store, Tania Ruiz Sanchez types 'ARROW_DOWN' in Click Store, Tania Ruiz Sanchez types 'ENTER' in Click Store, Tania Ruiz Sanchez clicks on Click Languaje, Tania Ruiz Sanchez types 'ARROW_DOWN' in Click Languaje, Tania Ruiz Sanchez types 'ARROW_DOWN' in Click Languaje]]]
[Test worker] WARN net.thucydides.core.steps.BaseStepListener - stepStarted: net.thucydides.core.steps.ExecutedStepDescription@6f51df72
[Test worker] WARN net.thucydides.core.steps.BaseStepListener - stepFinished: current outcome:Enter data to filter:Example: {username=demo, password=demo, seourl=SEO URL, query=product_id=47, keyword=hp-lp3065, store=Default, language=English} [Given Tania wants to filter data in the SEO URL list [Tania ruiz sanchez open up [Tania Ruiz Sanchez opens the Cart open page]], When She enter the data in the filter field
| username | password | seourl | query | keyword | store | language |
| demo | demo | SEO URL | product_id=47 | hp-lp3065 | Default | English | [Tania ruiz sanchez filter [Tania Ruiz Sanchez enters 'demo' into enter username, Tania Ruiz Sanchez enters 'demo' into enter password, Tania Ruiz Sanchez clicks on Click on the login button, Tania Ruiz Sanchez clicks on Click on Desing, Tania Ruiz Sanchez clicks on Select SEO URL, Tania Ruiz Sanchez enters 'product_id=47' into Write the query, Tania Ruiz Sanchez enters 'hp-lp3065' into Write the keyword, Tania Ruiz Sanchez clicks on Click Store, Tania Ruiz Sanchez types 'ARROW_DOWN' in Click Store, Tania Ruiz Sanchez types 'ARROW_DOWN' in Click Store, Tania Ruiz Sanchez types 'ENTER' in Click Store, Tania Ruiz Sanchez clicks on Click Languaje, Tania Ruiz Sanchez types 'ARROW_DOWN' in Click Languaje, Tania Ruiz Sanchez types 'ARROW_DOWN' in Click Languaje, Tania Ruiz Sanchez types 'ENTER' in Click Languaje]]]
[Test worker] WARN net.thucydides.core.steps.BaseStepListener - stepStarted: net.thucydides.core.steps.ExecutedStepDescription@4285c879
[Test worker] WARN net.thucydides.core.steps.BaseStepListener - stepFinished: current outcome:Enter data to filter:Example: {username=demo, password=demo, seourl=SEO URL, query=product_id=47, keyword=hp-lp3065, store=Default, language=English} [Given Tania wants to filter data in the SEO URL list [Tania ruiz sanchez open up [Tania Ruiz Sanchez opens the Cart open page]], When She enter the data in the filter field
| username | password | seourl | query | keyword | store | language |
| demo | demo | SEO URL | product_id=47 | hp-lp3065 | Default | English | [Tania ruiz sanchez filter [Tania Ruiz Sanchez enters 'demo' into enter username, Tania Ruiz Sanchez enters 'demo' into enter password, Tania Ruiz Sanchez clicks on Click on the login button, Tania Ruiz Sanchez clicks on Click on Desing, Tania Ruiz Sanchez clicks on Select SEO URL, Tania Ruiz Sanchez enters 'product_id=47' into Write the query, Tania Ruiz Sanchez enters 'hp-lp3065' into Write the keyword, Tania Ruiz Sanchez clicks on Click Store, Tania Ruiz Sanchez types 'ARROW_DOWN' in Click Store, Tania Ruiz Sanchez types 'ARROW_DOWN' in Click Store, Tania Ruiz Sanchez types 'ENTER' in Click Store, Tania Ruiz Sanchez clicks on Click Languaje, Tania Ruiz Sanchez types 'ARROW_DOWN' in Click Languaje, Tania Ruiz Sanchez types 'ARROW_DOWN' in Click Languaje, Tania Ruiz Sanchez types 'ENTER' in Click Languaje, Tania Ruiz Sanchez clicks on Click boton Filter]]]
[Test worker] WARN net.thucydides.core.steps.BaseStepListener - stepFinished: current outcome:Enter data to filter:Example: {username=demo, password=demo, seourl=SEO URL, query=product_id=47, keyword=hp-lp3065, store=Default, language=English} [Given Tania wants to filter data in the SEO URL list [Tania ruiz sanchez open up [Tania Ruiz Sanchez opens the Cart open page]], When She enter the data in the filter field
| username | password | seourl | query | keyword | store | language |
| demo | demo | SEO URL | product_id=47 | hp-lp3065 | Default | English | [Tania ruiz sanchez filter [Tania Ruiz Sanchez enters 'demo' into enter username, Tania Ruiz Sanchez enters 'demo' into enter password, Tania Ruiz Sanchez clicks on Click on the login button, Tania Ruiz Sanchez clicks on Click on Desing, Tania Ruiz Sanchez clicks on Select SEO URL, Tania Ruiz Sanchez enters 'product_id=47' into Write the query, Tania Ruiz Sanchez enters 'hp-lp3065' into Write the keyword, Tania Ruiz Sanchez clicks on Click Store, Tania Ruiz Sanchez types 'ARROW_DOWN' in Click Store, Tania Ruiz Sanchez types 'ARROW_DOWN' in Click Store, Tania Ruiz Sanchez types 'ENTER' in Click Store, Tania Ruiz Sanchez clicks on Click Languaje, Tania Ruiz Sanchez types 'ARROW_DOWN' in Click Languaje, Tania Ruiz Sanchez types 'ARROW_DOWN' in Click Languaje, Tania Ruiz Sanchez types 'ENTER' in Click Languaje, Tania Ruiz Sanchez clicks on Click boton Filter]]]
[Test worker] WARN net.thucydides.core.steps.BaseStepListener - stepFinished: current outcome:Enter data to filter:Example: {username=demo, password=demo, seourl=SEO URL, query=product_id=47, keyword=hp-lp3065, store=Default, language=English} [Given Tania wants to filter data in the SEO URL list [Tania ruiz sanchez open up [Tania Ruiz Sanchez opens the Cart open page]], When She enter the data in the filter field
| username | password | seourl | query | keyword | store | language |
| demo | demo | SEO URL | product_id=47 | hp-lp3065 | Default | English | [Tania ruiz sanchez filter [Tania Ruiz Sanchez enters 'demo' into enter username, Tania Ruiz Sanchez enters 'demo' into enter password, Tania Ruiz Sanchez clicks on Click on the login button, Tania Ruiz Sanchez clicks on Click on Desing, Tania Ruiz Sanchez clicks on Select SEO URL, Tania Ruiz Sanchez enters 'product_id=47' into Write the query, Tania Ruiz Sanchez enters 'hp-lp3065' into Write the keyword, Tania Ruiz Sanchez clicks on Click Store, Tania Ruiz Sanchez types 'ARROW_DOWN' in Click Store, Tania Ruiz Sanchez types 'ARROW_DOWN' in Click Store, Tania Ruiz Sanchez types 'ENTER' in Click Store, Tania Ruiz Sanchez clicks on Click Languaje, Tania Ruiz Sanchez types 'ARROW_DOWN' in Click Languaje, Tania Ruiz Sanchez types 'ARROW_DOWN' in Click Languaje, Tania Ruiz Sanchez types 'ENTER' in Click Languaje, Tania Ruiz Sanchez clicks on Click boton Filter]]]
[Test worker] WARN net.thucydides.core.steps.BaseStepListener - stepStarted: net.thucydides.core.steps.ExecutedStepDescription@658e2cde
[Test worker] WARN net.thucydides.core.steps.BaseStepListener - stepFinished: current outcome:Enter data to filter:Example: {username=demo, password=demo, seourl=SEO URL, query=product_id=47, keyword=hp-lp3065, store=Default, language=English} [Given Tania wants to filter data in the SEO URL list [Tania ruiz sanchez open up [Tania Ruiz Sanchez opens the Cart open page]], When She enter the data in the filter field
| username | password | seourl | query | keyword | store | language |
| demo | demo | SEO URL | product_id=47 | hp-lp3065 | Default | English | [Tania ruiz sanchez filter [Tania Ruiz Sanchez enters 'demo' into enter username, Tania Ruiz Sanchez enters 'demo' into enter password, Tania Ruiz Sanchez clicks on Click on the login button, Tania Ruiz Sanchez clicks on Click on Desing, Tania Ruiz Sanchez clicks on Select SEO URL, Tania Ruiz Sanchez enters 'product_id=47' into Write the query, Tania Ruiz Sanchez enters 'hp-lp3065' into Write the keyword, Tania Ruiz Sanchez clicks on Click Store, Tania Ruiz Sanchez types 'ARROW_DOWN' in Click Store, Tania Ruiz Sanchez types 'ARROW_DOWN' in Click Store, Tania Ruiz Sanchez types 'ENTER' in Click Store, Tania Ruiz Sanchez clicks on Click Languaje, Tania Ruiz Sanchez types 'ARROW_DOWN' in Click Languaje, Tania Ruiz Sanchez types 'ARROW_DOWN' in Click Languaje, Tania Ruiz Sanchez types 'ENTER' in Click Languaje, Tania Ruiz Sanchez clicks on Click boton Filter]], Then She looks for the information on the filter button]
[Test worker] WARN net.thucydides.core.steps.BaseStepListener - stepFinished: current outcome:Enter data to filter:Example: {username=demo, password=demo, seourl=SEO URL, query=product_id=47, keyword=hp-lp3065, store=Default, language=English} [Given Tania wants to filter data in the SEO URL list [Tania ruiz sanchez open up [Tania Ruiz Sanchez opens the Cart open page]], When She enter the data in the filter field
| username | password | seourl | query | keyword | store | language |
| demo | demo | SEO URL | product_id=47 | hp-lp3065 | Default | English | [Tania ruiz sanchez filter [Tania Ruiz Sanchez enters 'demo' into enter username, Tania Ruiz Sanchez enters 'demo' into enter password, Tania Ruiz Sanchez clicks on Click on the login button, Tania Ruiz Sanchez clicks on Click on Desing, Tania Ruiz Sanchez clicks on Select SEO URL, Tania Ruiz Sanchez enters 'product_id=47' into Write the query, Tania Ruiz Sanchez enters 'hp-lp3065' into Write the keyword, Tania Ruiz Sanchez clicks on Click Store, Tania Ruiz Sanchez types 'ARROW_DOWN' in Click Store, Tania Ruiz Sanchez types 'ARROW_DOWN' in Click Store, Tania Ruiz Sanchez types 'ENTER' in Click Store, Tania Ruiz Sanchez clicks on Click Languaje, Tania Ruiz Sanchez types 'ARROW_DOWN' in Click Languaje, Tania Ruiz Sanchez types 'ARROW_DOWN' in Click Languaje, Tania Ruiz Sanchez types 'ENTER' in Click Languaje, Tania Ruiz Sanchez clicks on Click boton Filter]], Then She looks for the information on the filter button]
[Test worker] WARN net.thucydides.core.steps.BaseStepListener - testFinished: Enter data to filter:Example: {username=demo, password=demo, seourl=SEO URL, query=product_id=47, keyword=hp-lp3065, store=Default, language=English} [Given Tania wants to filter data in the SEO URL list [Tania ruiz sanchez open up [Tania Ruiz Sanchez opens the Cart open page]], When She enter the data in the filter field
| username | password | seourl | query | keyword | store | language |
| demo | demo | SEO URL | product_id=47 | hp-lp3065 | Default | English | [Tania ruiz sanchez filter [Tania Ruiz Sanchez enters 'demo' into enter username, Tania Ruiz Sanchez enters 'demo' into enter password, Tania Ruiz Sanchez clicks on Click on the login button, Tania Ruiz Sanchez clicks on Click on Desing, Tania Ruiz Sanchez clicks on Select SEO URL, Tania Ruiz Sanchez enters 'product_id=47' into Write the query, Tania Ruiz Sanchez enters 'hp-lp3065' into Write the keyword, Tania Ruiz Sanchez clicks on Click Store, Tania Ruiz Sanchez types 'ARROW_DOWN' in Click Store, Tania Ruiz Sanchez types 'ARROW_DOWN' in Click Store, Tania Ruiz Sanchez types 'ENTER' in Click Store, Tania Ruiz Sanchez clicks on Click Languaje, Tania Ruiz Sanchez types 'ARROW_DOWN' in Click Languaje, Tania Ruiz Sanchez types 'ARROW_DOWN' in Click Languaje, Tania Ruiz Sanchez types 'ENTER' in Click Languaje, Tania Ruiz Sanchez clicks on Click boton Filter]], Then She looks for the information on the filter button]
[Test worker] WARN net.thucydides.core.steps.BaseStepListener - TestOutcomes: [Enter data to filter:Example: {username=demo, password=demo, seourl=SEO URL, query=product_id=47, keyword=hp-lp3065, store=Default, language=English} [Given Tania wants to filter data in the SEO URL list [Tania ruiz sanchez open up [Tania Ruiz Sanchez opens the Cart open page]], When She enter the data in the filter field
| username | password | seourl | query | keyword | store | language |
| demo | demo | SEO URL | product_id=47 | hp-lp3065 | Default | English | [Tania ruiz sanchez filter [Tania Ruiz Sanchez enters 'demo' into enter username, Tania Ruiz Sanchez enters 'demo' into enter password, Tania Ruiz Sanchez clicks on Click on the login button, Tania Ruiz Sanchez clicks on Click on Desing, Tania Ruiz Sanchez clicks on Select SEO URL, Tania Ruiz Sanchez enters 'product_id=47' into Write the query, Tania Ruiz Sanchez enters 'hp-lp3065' into Write the keyword, Tania Ruiz Sanchez clicks on Click Store, Tania Ruiz Sanchez types 'ARROW_DOWN' in Click Store, Tania Ruiz Sanchez types 'ARROW_DOWN' in Click Store, Tania Ruiz Sanchez types 'ENTER' in Click Store, Tania Ruiz Sanchez clicks on Click Languaje, Tania Ruiz Sanchez types 'ARROW_DOWN' in Click Languaje, Tania Ruiz Sanchez types 'ARROW_DOWN' in Click Languaje, Tania Ruiz Sanchez types 'ENTER' in Click Languaje, Tania Ruiz Sanchez clicks on Click boton Filter]], Then She looks for the information on the filter button]]
[Test worker] WARN net.thucydides.core.steps.BaseStepListener - Final testOutcomes: [Enter data to filter:Example: {username=demo, password=demo, seourl=SEO URL, query=product_id=47, keyword=hp-lp3065, store=Default, language=English} [Given Tania wants to filter data in the SEO URL list [Tania ruiz sanchez open up [Tania Ruiz Sanchez opens the Cart open page]], When She enter the data in the filter field
| username | password | seourl | query | keyword | store | language |
| demo | demo | SEO URL | product_id=47 | hp-lp3065 | Default | English | [Tania ruiz sanchez filter [Tania Ruiz Sanchez enters 'demo' into enter username, Tania Ruiz Sanchez enters 'demo' into enter password, Tania Ruiz Sanchez clicks on Click on the login button, Tania Ruiz Sanchez clicks on Click on Desing, Tania Ruiz Sanchez clicks on Select SEO URL, Tania Ruiz Sanchez enters 'product_id=47' into Write the query, Tania Ruiz Sanchez enters 'hp-lp3065' into Write the keyword, Tania Ruiz Sanchez clicks on Click Store, Tania Ruiz Sanchez types 'ARROW_DOWN' in Click Store, Tania Ruiz Sanchez types 'ARROW_DOWN' in Click Store, Tania Ruiz Sanchez types 'ENTER' in Click Store, Tania Ruiz Sanchez clicks on Click Languaje, Tania Ruiz Sanchez types 'ARROW_DOWN' in Click Languaje, Tania Ruiz Sanchez types 'ARROW_DOWN' in Click Languaje, Tania Ruiz Sanchez types 'ENTER' in Click Languaje, Tania Ruiz Sanchez clicks on Click boton Filter]], Then She looks for the information on the filter button]]
[Test worker] INFO net.thucydides.core.steps.ConsoleLoggingListener - 
        __    _____ _____ ____ _____   ____   _    ____  ____  _____ ____  
  _     \ \  |_   _| ____/ ___|_   _| |  _ \ / \  / ___|/ ___|| ____|  _ \ 
 (_)_____| |   | | |  _| \___ \ | |   | |_) / _ \ \___ \\___ \|  _| | | | |
  _|_____| |   | | | |___ ___) || |   |  __/ ___ \ ___) |___) | |___| |_| |
 (_)     | |   |_| |_____|____/ |_|   |_| /_/   \_\____/|____/|_____|____/ 
        /_/                                                                

TEST PASSED: Enter data to filter
----------------------------------------------------------------------------
[Test worker] WARN net.thucydides.core.steps.BaseStepListener - stepStarted: net.thucydides.core.steps.ExecutedStepDescription@1fb814b8
[Test worker] WARN net.thucydides.core.steps.BaseStepListener - stepStarted: net.thucydides.core.steps.ExecutedStepDescription@45d04712
[Test worker] WARN net.thucydides.core.steps.BaseStepListener - stepStarted: net.thucydides.core.steps.ExecutedStepDescription@590d2318
may 03, 2022 9:10:37 PM org.openqa.selenium.remote.DesiredCapabilities chrome
INFORMACIÓN: Using `new ChromeOptions()` is preferred to `DesiredCapabilities.chrome()`
[Test worker] INFO net.serenitybdd.core.webdriver.driverproviders.ProvideNewDriver - Instantiating driver
[Test worker] INFO net.serenitybdd.core.webdriver.driverproviders.ProvideNewDriver - Driver capabilities: Capabilities {acceptInsecureCerts: false, browserName: chrome, chrome.switches: --start-maximized, goog:chromeOptions: {args: [--start-maximized], extensions: []}, loggingPrefs: org.openqa.selenium.logging..., platform: ANY, version: }
Starting ChromeDriver 99.0.4844.51 (d537ec02474b5afe23684e7963d538896c63ac77-refs/branch-heads/4844@{#875}) on port 35486
Only local connections are allowed.
Please see https://chromedriver.chromium.org/security-considerations for suggestions on keeping ChromeDriver safe.
ChromeDriver was started successfully.
[1651630238.217][WARNING]: This version of ChromeDriver has not been tested with Chrome version 100.
may 03, 2022 9:10:38 PM org.openqa.selenium.remote.ProtocolHandshake createSession
INFORMACIÓN: Detected dialect: W3C
[Test worker] WARN net.thucydides.core.steps.BaseStepListener - stepFinished: current outcome:Enter data to filter:Example: {username=demo, password=demo, seourl=SEO URL, query=product_id=47, keyword=hp-lp3065, store=Default, language=English} [Given Tania wants to filter data in the SEO URL list [Tania ruiz sanchez open up [Tania Ruiz Sanchez opens the Cart open page]], When She enter the data in the filter field
| username | password | seourl | query | keyword | store | language |
| demo | demo | SEO URL | product_id=47 | hp-lp3065 | Default | English | [Tania ruiz sanchez filter [Tania Ruiz Sanchez enters 'demo' into enter username, Tania Ruiz Sanchez enters 'demo' into enter password, Tania Ruiz Sanchez clicks on Click on the login button, Tania Ruiz Sanchez clicks on Click on Desing, Tania Ruiz Sanchez clicks on Select SEO URL, Tania Ruiz Sanchez enters 'product_id=47' into Write the query, Tania Ruiz Sanchez enters 'hp-lp3065' into Write the keyword, Tania Ruiz Sanchez clicks on Click Store, Tania Ruiz Sanchez types 'ARROW_DOWN' in Click Store, Tania Ruiz Sanchez types 'ARROW_DOWN' in Click Store, Tania Ruiz Sanchez types 'ENTER' in Click Store, Tania Ruiz Sanchez clicks on Click Languaje, Tania Ruiz Sanchez types 'ARROW_DOWN' in Click Languaje, Tania Ruiz Sanchez types 'ARROW_DOWN' in Click Languaje, Tania Ruiz Sanchez types 'ENTER' in Click Languaje, Tania Ruiz Sanchez clicks on Click boton Filter]], Then She looks for the information on the filter button], Example: {username=demo, password=demo, seourl=SEO URL, query=product_id=41, keyword=imac, store=Default, language=English} [Given Tania wants to filter data in the SEO URL list [Tania ruiz sanchez open up [Tania Ruiz Sanchez opens the Cart open page]]]
[Test worker] WARN net.thucydides.core.steps.BaseStepListener - stepFinished: current outcome:Enter data to filter:Example: {username=demo, password=demo, seourl=SEO URL, query=product_id=47, keyword=hp-lp3065, store=Default, language=English} [Given Tania wants to filter data in the SEO URL list [Tania ruiz sanchez open up [Tania Ruiz Sanchez opens the Cart open page]], When She enter the data in the filter field
| username | password | seourl | query | keyword | store | language |
| demo | demo | SEO URL | product_id=47 | hp-lp3065 | Default | English | [Tania ruiz sanchez filter [Tania Ruiz Sanchez enters 'demo' into enter username, Tania Ruiz Sanchez enters 'demo' into enter password, Tania Ruiz Sanchez clicks on Click on the login button, Tania Ruiz Sanchez clicks on Click on Desing, Tania Ruiz Sanchez clicks on Select SEO URL, Tania Ruiz Sanchez enters 'product_id=47' into Write the query, Tania Ruiz Sanchez enters 'hp-lp3065' into Write the keyword, Tania Ruiz Sanchez clicks on Click Store, Tania Ruiz Sanchez types 'ARROW_DOWN' in Click Store, Tania Ruiz Sanchez types 'ARROW_DOWN' in Click Store, Tania Ruiz Sanchez types 'ENTER' in Click Store, Tania Ruiz Sanchez clicks on Click Languaje, Tania Ruiz Sanchez types 'ARROW_DOWN' in Click Languaje, Tania Ruiz Sanchez types 'ARROW_DOWN' in Click Languaje, Tania Ruiz Sanchez types 'ENTER' in Click Languaje, Tania Ruiz Sanchez clicks on Click boton Filter]], Then She looks for the information on the filter button], Example: {username=demo, password=demo, seourl=SEO URL, query=product_id=41, keyword=imac, store=Default, language=English} [Given Tania wants to filter data in the SEO URL list [Tania ruiz sanchez open up [Tania Ruiz Sanchez opens the Cart open page]]]
[Test worker] WARN net.thucydides.core.steps.BaseStepListener - stepFinished: current outcome:Enter data to filter:Example: {username=demo, password=demo, seourl=SEO URL, query=product_id=47, keyword=hp-lp3065, store=Default, language=English} [Given Tania wants to filter data in the SEO URL list [Tania ruiz sanchez open up [Tania Ruiz Sanchez opens the Cart open page]], When She enter the data in the filter field
| username | password | seourl | query | keyword | store | language |
| demo | demo | SEO URL | product_id=47 | hp-lp3065 | Default | English | [Tania ruiz sanchez filter [Tania Ruiz Sanchez enters 'demo' into enter username, Tania Ruiz Sanchez enters 'demo' into enter password, Tania Ruiz Sanchez clicks on Click on the login button, Tania Ruiz Sanchez clicks on Click on Desing, Tania Ruiz Sanchez clicks on Select SEO URL, Tania Ruiz Sanchez enters 'product_id=47' into Write the query, Tania Ruiz Sanchez enters 'hp-lp3065' into Write the keyword, Tania Ruiz Sanchez clicks on Click Store, Tania Ruiz Sanchez types 'ARROW_DOWN' in Click Store, Tania Ruiz Sanchez types 'ARROW_DOWN' in Click Store, Tania Ruiz Sanchez types 'ENTER' in Click Store, Tania Ruiz Sanchez clicks on Click Languaje, Tania Ruiz Sanchez types 'ARROW_DOWN' in Click Languaje, Tania Ruiz Sanchez types 'ARROW_DOWN' in Click Languaje, Tania Ruiz Sanchez types 'ENTER' in Click Languaje, Tania Ruiz Sanchez clicks on Click boton Filter]], Then She looks for the information on the filter button], Example: {username=demo, password=demo, seourl=SEO URL, query=product_id=41, keyword=imac, store=Default, language=English} [Given Tania wants to filter data in the SEO URL list [Tania ruiz sanchez open up [Tania Ruiz Sanchez opens the Cart open page]]]
[Test worker] WARN net.thucydides.core.steps.BaseStepListener - stepStarted: net.thucydides.core.steps.ExecutedStepDescription@1e7990ad
[Test worker] WARN net.thucydides.core.steps.BaseStepListener - stepStarted: net.thucydides.core.steps.ExecutedStepDescription@1b52ba80
[Test worker] WARN net.thucydides.core.steps.BaseStepListener - stepStarted: net.thucydides.core.steps.ExecutedStepDescription@472b598
[Test worker] WARN net.thucydides.core.steps.BaseStepListener - stepFinished: current outcome:Enter data to filter:Example: {username=demo, password=demo, seourl=SEO URL, query=product_id=47, keyword=hp-lp3065, store=Default, language=English} [Given Tania wants to filter data in the SEO URL list [Tania ruiz sanchez open up [Tania Ruiz Sanchez opens the Cart open page]], When She enter the data in the filter field
| username | password | seourl | query | keyword | store | language |
| demo | demo | SEO URL | product_id=47 | hp-lp3065 | Default | English | [Tania ruiz sanchez filter [Tania Ruiz Sanchez enters 'demo' into enter username, Tania Ruiz Sanchez enters 'demo' into enter password, Tania Ruiz Sanchez clicks on Click on the login button, Tania Ruiz Sanchez clicks on Click on Desing, Tania Ruiz Sanchez clicks on Select SEO URL, Tania Ruiz Sanchez enters 'product_id=47' into Write the query, Tania Ruiz Sanchez enters 'hp-lp3065' into Write the keyword, Tania Ruiz Sanchez clicks on Click Store, Tania Ruiz Sanchez types 'ARROW_DOWN' in Click Store, Tania Ruiz Sanchez types 'ARROW_DOWN' in Click Store, Tania Ruiz Sanchez types 'ENTER' in Click Store, Tania Ruiz Sanchez clicks on Click Languaje, Tania Ruiz Sanchez types 'ARROW_DOWN' in Click Languaje, Tania Ruiz Sanchez types 'ARROW_DOWN' in Click Languaje, Tania Ruiz Sanchez types 'ENTER' in Click Languaje, Tania Ruiz Sanchez clicks on Click boton Filter]], Then She looks for the information on the filter button], Example: {username=demo, password=demo, seourl=SEO URL, query=product_id=41, keyword=imac, store=Default, language=English} [Given Tania wants to filter data in the SEO URL list [Tania ruiz sanchez open up [Tania Ruiz Sanchez opens the Cart open page]], When She enter the data in the filter field
| username | password | seourl | query | keyword | store | language |
| demo | demo | SEO URL | product_id=41 | imac | Default | English | [Tania ruiz sanchez filter [Tania Ruiz Sanchez enters 'demo' into enter username]]]
[Test worker] WARN net.thucydides.core.steps.BaseStepListener - stepStarted: net.thucydides.core.steps.ExecutedStepDescription@58fbc17f
[Test worker] WARN net.thucydides.core.steps.BaseStepListener - stepFinished: current outcome:Enter data to filter:Example: {username=demo, password=demo, seourl=SEO URL, query=product_id=47, keyword=hp-lp3065, store=Default, language=English} [Given Tania wants to filter data in the SEO URL list [Tania ruiz sanchez open up [Tania Ruiz Sanchez opens the Cart open page]], When She enter the data in the filter field
| username | password | seourl | query | keyword | store | language |
| demo | demo | SEO URL | product_id=47 | hp-lp3065 | Default | English | [Tania ruiz sanchez filter [Tania Ruiz Sanchez enters 'demo' into enter username, Tania Ruiz Sanchez enters 'demo' into enter password, Tania Ruiz Sanchez clicks on Click on the login button, Tania Ruiz Sanchez clicks on Click on Desing, Tania Ruiz Sanchez clicks on Select SEO URL, Tania Ruiz Sanchez enters 'product_id=47' into Write the query, Tania Ruiz Sanchez enters 'hp-lp3065' into Write the keyword, Tania Ruiz Sanchez clicks on Click Store, Tania Ruiz Sanchez types 'ARROW_DOWN' in Click Store, Tania Ruiz Sanchez types 'ARROW_DOWN' in Click Store, Tania Ruiz Sanchez types 'ENTER' in Click Store, Tania Ruiz Sanchez clicks on Click Languaje, Tania Ruiz Sanchez types 'ARROW_DOWN' in Click Languaje, Tania Ruiz Sanchez types 'ARROW_DOWN' in Click Languaje, Tania Ruiz Sanchez types 'ENTER' in Click Languaje, Tania Ruiz Sanchez clicks on Click boton Filter]], Then She looks for the information on the filter button], Example: {username=demo, password=demo, seourl=SEO URL, query=product_id=41, keyword=imac, store=Default, language=English} [Given Tania wants to filter data in the SEO URL list [Tania ruiz sanchez open up [Tania Ruiz Sanchez opens the Cart open page]], When She enter the data in the filter field
| username | password | seourl | query | keyword | store | language |
| demo | demo | SEO URL | product_id=41 | imac | Default | English | [Tania ruiz sanchez filter [Tania Ruiz Sanchez enters 'demo' into enter username, Tania Ruiz Sanchez enters 'demo' into enter password]]]
[Test worker] WARN net.thucydides.core.steps.BaseStepListener - stepStarted: net.thucydides.core.steps.ExecutedStepDescription@3cd08d5a
[Test worker] WARN net.thucydides.core.steps.BaseStepListener - stepFinished: current outcome:Enter data to filter:Example: {username=demo, password=demo, seourl=SEO URL, query=product_id=47, keyword=hp-lp3065, store=Default, language=English} [Given Tania wants to filter data in the SEO URL list [Tania ruiz sanchez open up [Tania Ruiz Sanchez opens the Cart open page]], When She enter the data in the filter field
| username | password | seourl | query | keyword | store | language |
| demo | demo | SEO URL | product_id=47 | hp-lp3065 | Default | English | [Tania ruiz sanchez filter [Tania Ruiz Sanchez enters 'demo' into enter username, Tania Ruiz Sanchez enters 'demo' into enter password, Tania Ruiz Sanchez clicks on Click on the login button, Tania Ruiz Sanchez clicks on Click on Desing, Tania Ruiz Sanchez clicks on Select SEO URL, Tania Ruiz Sanchez enters 'product_id=47' into Write the query, Tania Ruiz Sanchez enters 'hp-lp3065' into Write the keyword, Tania Ruiz Sanchez clicks on Click Store, Tania Ruiz Sanchez types 'ARROW_DOWN' in Click Store, Tania Ruiz Sanchez types 'ARROW_DOWN' in Click Store, Tania Ruiz Sanchez types 'ENTER' in Click Store, Tania Ruiz Sanchez clicks on Click Languaje, Tania Ruiz Sanchez types 'ARROW_DOWN' in Click Languaje, Tania Ruiz Sanchez types 'ARROW_DOWN' in Click Languaje, Tania Ruiz Sanchez types 'ENTER' in Click Languaje, Tania Ruiz Sanchez clicks on Click boton Filter]], Then She looks for the information on the filter button], Example: {username=demo, password=demo, seourl=SEO URL, query=product_id=41, keyword=imac, store=Default, language=English} [Given Tania wants to filter data in the SEO URL list [Tania ruiz sanchez open up [Tania Ruiz Sanchez opens the Cart open page]], When She enter the data in the filter field
| username | password | seourl | query | keyword | store | language |
| demo | demo | SEO URL | product_id=41 | imac | Default | English | [Tania ruiz sanchez filter [Tania Ruiz Sanchez enters 'demo' into enter username, Tania Ruiz Sanchez enters 'demo' into enter password, Tania Ruiz Sanchez clicks on Click on the login button]]]
[Test worker] WARN net.thucydides.core.steps.BaseStepListener - stepStarted: net.thucydides.core.steps.ExecutedStepDescription@5d3faa0e
[Test worker] WARN net.thucydides.core.steps.BaseStepListener - stepFinished: current outcome:Enter data to filter:Example: {username=demo, password=demo, seourl=SEO URL, query=product_id=47, keyword=hp-lp3065, store=Default, language=English} [Given Tania wants to filter data in the SEO URL list [Tania ruiz sanchez open up [Tania Ruiz Sanchez opens the Cart open page]], When She enter the data in the filter field
| username | password | seourl | query | keyword | store | language |
| demo | demo | SEO URL | product_id=47 | hp-lp3065 | Default | English | [Tania ruiz sanchez filter [Tania Ruiz Sanchez enters 'demo' into enter username, Tania Ruiz Sanchez enters 'demo' into enter password, Tania Ruiz Sanchez clicks on Click on the login button, Tania Ruiz Sanchez clicks on Click on Desing, Tania Ruiz Sanchez clicks on Select SEO URL, Tania Ruiz Sanchez enters 'product_id=47' into Write the query, Tania Ruiz Sanchez enters 'hp-lp3065' into Write the keyword, Tania Ruiz Sanchez clicks on Click Store, Tania Ruiz Sanchez types 'ARROW_DOWN' in Click Store, Tania Ruiz Sanchez types 'ARROW_DOWN' in Click Store, Tania Ruiz Sanchez types 'ENTER' in Click Store, Tania Ruiz Sanchez clicks on Click Languaje, Tania Ruiz Sanchez types 'ARROW_DOWN' in Click Languaje, Tania Ruiz Sanchez types 'ARROW_DOWN' in Click Languaje, Tania Ruiz Sanchez types 'ENTER' in Click Languaje, Tania Ruiz Sanchez clicks on Click boton Filter]], Then She looks for the information on the filter button], Example: {username=demo, password=demo, seourl=SEO URL, query=product_id=41, keyword=imac, store=Default, language=English} [Given Tania wants to filter data in the SEO URL list [Tania ruiz sanchez open up [Tania Ruiz Sanchez opens the Cart open page]], When She enter the data in the filter field
| username | password | seourl | query | keyword | store | language |
| demo | demo | SEO URL | product_id=41 | imac | Default | English | [Tania ruiz sanchez filter [Tania Ruiz Sanchez enters 'demo' into enter username, Tania Ruiz Sanchez enters 'demo' into enter password, Tania Ruiz Sanchez clicks on Click on the login button, Tania Ruiz Sanchez clicks on Click on Desing]]]
[Test worker] WARN net.thucydides.core.steps.BaseStepListener - stepStarted: net.thucydides.core.steps.ExecutedStepDescription@6f20266c
[Test worker] WARN net.thucydides.core.steps.BaseStepListener - stepFinished: current outcome:Enter data to filter:Example: {username=demo, password=demo, seourl=SEO URL, query=product_id=47, keyword=hp-lp3065, store=Default, language=English} [Given Tania wants to filter data in the SEO URL list [Tania ruiz sanchez open up [Tania Ruiz Sanchez opens the Cart open page]], When She enter the data in the filter field
| username | password | seourl | query | keyword | store | language |
| demo | demo | SEO URL | product_id=47 | hp-lp3065 | Default | English | [Tania ruiz sanchez filter [Tania Ruiz Sanchez enters 'demo' into enter username, Tania Ruiz Sanchez enters 'demo' into enter password, Tania Ruiz Sanchez clicks on Click on the login button, Tania Ruiz Sanchez clicks on Click on Desing, Tania Ruiz Sanchez clicks on Select SEO URL, Tania Ruiz Sanchez enters 'product_id=47' into Write the query, Tania Ruiz Sanchez enters 'hp-lp3065' into Write the keyword, Tania Ruiz Sanchez clicks on Click Store, Tania Ruiz Sanchez types 'ARROW_DOWN' in Click Store, Tania Ruiz Sanchez types 'ARROW_DOWN' in Click Store, Tania Ruiz Sanchez types 'ENTER' in Click Store, Tania Ruiz Sanchez clicks on Click Languaje, Tania Ruiz Sanchez types 'ARROW_DOWN' in Click Languaje, Tania Ruiz Sanchez types 'ARROW_DOWN' in Click Languaje, Tania Ruiz Sanchez types 'ENTER' in Click Languaje, Tania Ruiz Sanchez clicks on Click boton Filter]], Then She looks for the information on the filter button], Example: {username=demo, password=demo, seourl=SEO URL, query=product_id=41, keyword=imac, store=Default, language=English} [Given Tania wants to filter data in the SEO URL list [Tania ruiz sanchez open up [Tania Ruiz Sanchez opens the Cart open page]], When She enter the data in the filter field
| username | password | seourl | query | keyword | store | language |
| demo | demo | SEO URL | product_id=41 | imac | Default | English | [Tania ruiz sanchez filter [Tania Ruiz Sanchez enters 'demo' into enter username, Tania Ruiz Sanchez enters 'demo' into enter password, Tania Ruiz Sanchez clicks on Click on the login button, Tania Ruiz Sanchez clicks on Click on Desing, Tania Ruiz Sanchez clicks on Select SEO URL]]]
[Test worker] WARN net.thucydides.core.steps.BaseStepListener - stepStarted: net.thucydides.core.steps.ExecutedStepDescription@4c1a3949
[Test worker] WARN net.thucydides.core.steps.BaseStepListener - stepFinished: current outcome:Enter data to filter:Example: {username=demo, password=demo, seourl=SEO URL, query=product_id=47, keyword=hp-lp3065, store=Default, language=English} [Given Tania wants to filter data in the SEO URL list [Tania ruiz sanchez open up [Tania Ruiz Sanchez opens the Cart open page]], When She enter the data in the filter field
| username | password | seourl | query | keyword | store | language |
| demo | demo | SEO URL | product_id=47 | hp-lp3065 | Default | English | [Tania ruiz sanchez filter [Tania Ruiz Sanchez enters 'demo' into enter username, Tania Ruiz Sanchez enters 'demo' into enter password, Tania Ruiz Sanchez clicks on Click on the login button, Tania Ruiz Sanchez clicks on Click on Desing, Tania Ruiz Sanchez clicks on Select SEO URL, Tania Ruiz Sanchez enters 'product_id=47' into Write the query, Tania Ruiz Sanchez enters 'hp-lp3065' into Write the keyword, Tania Ruiz Sanchez clicks on Click Store, Tania Ruiz Sanchez types 'ARROW_DOWN' in Click Store, Tania Ruiz Sanchez types 'ARROW_DOWN' in Click Store, Tania Ruiz Sanchez types 'ENTER' in Click Store, Tania Ruiz Sanchez clicks on Click Languaje, Tania Ruiz Sanchez types 'ARROW_DOWN' in Click Languaje, Tania Ruiz Sanchez types 'ARROW_DOWN' in Click Languaje, Tania Ruiz Sanchez types 'ENTER' in Click Languaje, Tania Ruiz Sanchez clicks on Click boton Filter]], Then She looks for the information on the filter button], Example: {username=demo, password=demo, seourl=SEO URL, query=product_id=41, keyword=imac, store=Default, language=English} [Given Tania wants to filter data in the SEO URL list [Tania ruiz sanchez open up [Tania Ruiz Sanchez opens the Cart open page]], When She enter the data in the filter field
| username | password | seourl | query | keyword | store | language |
| demo | demo | SEO URL | product_id=41 | imac | Default | English | [Tania ruiz sanchez filter [Tania Ruiz Sanchez enters 'demo' into enter username, Tania Ruiz Sanchez enters 'demo' into enter password, Tania Ruiz Sanchez clicks on Click on the login button, Tania Ruiz Sanchez clicks on Click on Desing, Tania Ruiz Sanchez clicks on Select SEO URL, Tania Ruiz Sanchez enters 'product_id=41' into Write the query]]]
[Test worker] WARN net.thucydides.core.steps.BaseStepListener - stepStarted: net.thucydides.core.steps.ExecutedStepDescription@3202a983
[Test worker] WARN net.thucydides.core.steps.BaseStepListener - stepFinished: current outcome:Enter data to filter:Example: {username=demo, password=demo, seourl=SEO URL, query=product_id=47, keyword=hp-lp3065, store=Default, language=English} [Given Tania wants to filter data in the SEO URL list [Tania ruiz sanchez open up [Tania Ruiz Sanchez opens the Cart open page]], When She enter the data in the filter field
| username | password | seourl | query | keyword | store | language |
| demo | demo | SEO URL | product_id=47 | hp-lp3065 | Default | English | [Tania ruiz sanchez filter [Tania Ruiz Sanchez enters 'demo' into enter username, Tania Ruiz Sanchez enters 'demo' into enter password, Tania Ruiz Sanchez clicks on Click on the login button, Tania Ruiz Sanchez clicks on Click on Desing, Tania Ruiz Sanchez clicks on Select SEO URL, Tania Ruiz Sanchez enters 'product_id=47' into Write the query, Tania Ruiz Sanchez enters 'hp-lp3065' into Write the keyword, Tania Ruiz Sanchez clicks on Click Store, Tania Ruiz Sanchez types 'ARROW_DOWN' in Click Store, Tania Ruiz Sanchez types 'ARROW_DOWN' in Click Store, Tania Ruiz Sanchez types 'ENTER' in Click Store, Tania Ruiz Sanchez clicks on Click Languaje, Tania Ruiz Sanchez types 'ARROW_DOWN' in Click Languaje, Tania Ruiz Sanchez types 'ARROW_DOWN' in Click Languaje, Tania Ruiz Sanchez types 'ENTER' in Click Languaje, Tania Ruiz Sanchez clicks on Click boton Filter]], Then She looks for the information on the filter button], Example: {username=demo, password=demo, seourl=SEO URL, query=product_id=41, keyword=imac, store=Default, language=English} [Given Tania wants to filter data in the SEO URL list [Tania ruiz sanchez open up [Tania Ruiz Sanchez opens the Cart open page]], When She enter the data in the filter field
| username | password | seourl | query | keyword | store | language |
| demo | demo | SEO URL | product_id=41 | imac | Default | English | [Tania ruiz sanchez filter [Tania Ruiz Sanchez enters 'demo' into enter username, Tania Ruiz Sanchez enters 'demo' into enter password, Tania Ruiz Sanchez clicks on Click on the login button, Tania Ruiz Sanchez clicks on Click on Desing, Tania Ruiz Sanchez clicks on Select SEO URL, Tania Ruiz Sanchez enters 'product_id=41' into Write the query, Tania Ruiz Sanchez enters 'imac' into Write the keyword]]]
[Test worker] WARN net.thucydides.core.steps.BaseStepListener - stepStarted: net.thucydides.core.steps.ExecutedStepDescription@32891cf9
[Test worker] WARN net.thucydides.core.steps.BaseStepListener - stepFinished: current outcome:Enter data to filter:Example: {username=demo, password=demo, seourl=SEO URL, query=product_id=47, keyword=hp-lp3065, store=Default, language=English} [Given Tania wants to filter data in the SEO URL list [Tania ruiz sanchez open up [Tania Ruiz Sanchez opens the Cart open page]], When She enter the data in the filter field
| username | password | seourl | query | keyword | store | language |
| demo | demo | SEO URL | product_id=47 | hp-lp3065 | Default | English | [Tania ruiz sanchez filter [Tania Ruiz Sanchez enters 'demo' into enter username, Tania Ruiz Sanchez enters 'demo' into enter password, Tania Ruiz Sanchez clicks on Click on the login button, Tania Ruiz Sanchez clicks on Click on Desing, Tania Ruiz Sanchez clicks on Select SEO URL, Tania Ruiz Sanchez enters 'product_id=47' into Write the query, Tania Ruiz Sanchez enters 'hp-lp3065' into Write the keyword, Tania Ruiz Sanchez clicks on Click Store, Tania Ruiz Sanchez types 'ARROW_DOWN' in Click Store, Tania Ruiz Sanchez types 'ARROW_DOWN' in Click Store, Tania Ruiz Sanchez types 'ENTER' in Click Store, Tania Ruiz Sanchez clicks on Click Languaje, Tania Ruiz Sanchez types 'ARROW_DOWN' in Click Languaje, Tania Ruiz Sanchez types 'ARROW_DOWN' in Click Languaje, Tania Ruiz Sanchez types 'ENTER' in Click Languaje, Tania Ruiz Sanchez clicks on Click boton Filter]], Then She looks for the information on the filter button], Example: {username=demo, password=demo, seourl=SEO URL, query=product_id=41, keyword=imac, store=Default, language=English} [Given Tania wants to filter data in the SEO URL list [Tania ruiz sanchez open up [Tania Ruiz Sanchez opens the Cart open page]], When She enter the data in the filter field
| username | password | seourl | query | keyword | store | language |
| demo | demo | SEO URL | product_id=41 | imac | Default | English | [Tania ruiz sanchez filter [Tania Ruiz Sanchez enters 'demo' into enter username, Tania Ruiz Sanchez enters 'demo' into enter password, Tania Ruiz Sanchez clicks on Click on the login button, Tania Ruiz Sanchez clicks on Click on Desing, Tania Ruiz Sanchez clicks on Select SEO URL, Tania Ruiz Sanchez enters 'product_id=41' into Write the query, Tania Ruiz Sanchez enters 'imac' into Write the keyword, Tania Ruiz Sanchez clicks on Click Store]]]
[Test worker] WARN net.thucydides.core.steps.BaseStepListener - stepStarted: net.thucydides.core.steps.ExecutedStepDescription@12a4a128
[Test worker] WARN net.thucydides.core.steps.BaseStepListener - stepFinished: current outcome:Enter data to filter:Example: {username=demo, password=demo, seourl=SEO URL, query=product_id=47, keyword=hp-lp3065, store=Default, language=English} [Given Tania wants to filter data in the SEO URL list [Tania ruiz sanchez open up [Tania Ruiz Sanchez opens the Cart open page]], When She enter the data in the filter field
| username | password | seourl | query | keyword | store | language |
| demo | demo | SEO URL | product_id=47 | hp-lp3065 | Default | English | [Tania ruiz sanchez filter [Tania Ruiz Sanchez enters 'demo' into enter username, Tania Ruiz Sanchez enters 'demo' into enter password, Tania Ruiz Sanchez clicks on Click on the login button, Tania Ruiz Sanchez clicks on Click on Desing, Tania Ruiz Sanchez clicks on Select SEO URL, Tania Ruiz Sanchez enters 'product_id=47' into Write the query, Tania Ruiz Sanchez enters 'hp-lp3065' into Write the keyword, Tania Ruiz Sanchez clicks on Click Store, Tania Ruiz Sanchez types 'ARROW_DOWN' in Click Store, Tania Ruiz Sanchez types 'ARROW_DOWN' in Click Store, Tania Ruiz Sanchez types 'ENTER' in Click Store, Tania Ruiz Sanchez clicks on Click Languaje, Tania Ruiz Sanchez types 'ARROW_DOWN' in Click Languaje, Tania Ruiz Sanchez types 'ARROW_DOWN' in Click Languaje, Tania Ruiz Sanchez types 'ENTER' in Click Languaje, Tania Ruiz Sanchez clicks on Click boton Filter]], Then She looks for the information on the filter button], Example: {username=demo, password=demo, seourl=SEO URL, query=product_id=41, keyword=imac, store=Default, language=English} [Given Tania wants to filter data in the SEO URL list [Tania ruiz sanchez open up [Tania Ruiz Sanchez opens the Cart open page]], When She enter the data in the filter field
| username | password | seourl | query | keyword | store | language |
| demo | demo | SEO URL | product_id=41 | imac | Default | English | [Tania ruiz sanchez filter [Tania Ruiz Sanchez enters 'demo' into enter username, Tania Ruiz Sanchez enters 'demo' into enter password, Tania Ruiz Sanchez clicks on Click on the login button, Tania Ruiz Sanchez clicks on Click on Desing, Tania Ruiz Sanchez clicks on Select SEO URL, Tania Ruiz Sanchez enters 'product_id=41' into Write the query, Tania Ruiz Sanchez enters 'imac' into Write the keyword, Tania Ruiz Sanchez clicks on Click Store, Tania Ruiz Sanchez types 'ARROW_DOWN' in Click Store]]]
[Test worker] WARN net.thucydides.core.steps.BaseStepListener - stepStarted: net.thucydides.core.steps.ExecutedStepDescription@11cabd37
[Test worker] WARN net.thucydides.core.steps.BaseStepListener - stepFinished: current outcome:Enter data to filter:Example: {username=demo, password=demo, seourl=SEO URL, query=product_id=47, keyword=hp-lp3065, store=Default, language=English} [Given Tania wants to filter data in the SEO URL list [Tania ruiz sanchez open up [Tania Ruiz Sanchez opens the Cart open page]], When She enter the data in the filter field
| username | password | seourl | query | keyword | store | language |
| demo | demo | SEO URL | product_id=47 | hp-lp3065 | Default | English | [Tania ruiz sanchez filter [Tania Ruiz Sanchez enters 'demo' into enter username, Tania Ruiz Sanchez enters 'demo' into enter password, Tania Ruiz Sanchez clicks on Click on the login button, Tania Ruiz Sanchez clicks on Click on Desing, Tania Ruiz Sanchez clicks on Select SEO URL, Tania Ruiz Sanchez enters 'product_id=47' into Write the query, Tania Ruiz Sanchez enters 'hp-lp3065' into Write the keyword, Tania Ruiz Sanchez clicks on Click Store, Tania Ruiz Sanchez types 'ARROW_DOWN' in Click Store, Tania Ruiz Sanchez types 'ARROW_DOWN' in Click Store, Tania Ruiz Sanchez types 'ENTER' in Click Store, Tania Ruiz Sanchez clicks on Click Languaje, Tania Ruiz Sanchez types 'ARROW_DOWN' in Click Languaje, Tania Ruiz Sanchez types 'ARROW_DOWN' in Click Languaje, Tania Ruiz Sanchez types 'ENTER' in Click Languaje, Tania Ruiz Sanchez clicks on Click boton Filter]], Then She looks for the information on the filter button], Example: {username=demo, password=demo, seourl=SEO URL, query=product_id=41, keyword=imac, store=Default, language=English} [Given Tania wants to filter data in the SEO URL list [Tania ruiz sanchez open up [Tania Ruiz Sanchez opens the Cart open page]], When She enter the data in the filter field
| username | password | seourl | query | keyword | store | language |
| demo | demo | SEO URL | product_id=41 | imac | Default | English | [Tania ruiz sanchez filter [Tania Ruiz Sanchez enters 'demo' into enter username, Tania Ruiz Sanchez enters 'demo' into enter password, Tania Ruiz Sanchez clicks on Click on the login button, Tania Ruiz Sanchez clicks on Click on Desing, Tania Ruiz Sanchez clicks on Select SEO URL, Tania Ruiz Sanchez enters 'product_id=41' into Write the query, Tania Ruiz Sanchez enters 'imac' into Write the keyword, Tania Ruiz Sanchez clicks on Click Store, Tania Ruiz Sanchez types 'ARROW_DOWN' in Click Store, Tania Ruiz Sanchez types 'ARROW_DOWN' in Click Store]]]
[Test worker] WARN net.thucydides.core.steps.BaseStepListener - stepStarted: net.thucydides.core.steps.ExecutedStepDescription@42e5c4b3
[Test worker] WARN net.thucydides.core.steps.BaseStepListener - stepFinished: current outcome:Enter data to filter:Example: {username=demo, password=demo, seourl=SEO URL, query=product_id=47, keyword=hp-lp3065, store=Default, language=English} [Given Tania wants to filter data in the SEO URL list [Tania ruiz sanchez open up [Tania Ruiz Sanchez opens the Cart open page]], When She enter the data in the filter field
| username | password | seourl | query | keyword | store | language |
| demo | demo | SEO URL | product_id=47 | hp-lp3065 | Default | English | [Tania ruiz sanchez filter [Tania Ruiz Sanchez enters 'demo' into enter username, Tania Ruiz Sanchez enters 'demo' into enter password, Tania Ruiz Sanchez clicks on Click on the login button, Tania Ruiz Sanchez clicks on Click on Desing, Tania Ruiz Sanchez clicks on Select SEO URL, Tania Ruiz Sanchez enters 'product_id=47' into Write the query, Tania Ruiz Sanchez enters 'hp-lp3065' into Write the keyword, Tania Ruiz Sanchez clicks on Click Store, Tania Ruiz Sanchez types 'ARROW_DOWN' in Click Store, Tania Ruiz Sanchez types 'ARROW_DOWN' in Click Store, Tania Ruiz Sanchez types 'ENTER' in Click Store, Tania Ruiz Sanchez clicks on Click Languaje, Tania Ruiz Sanchez types 'ARROW_DOWN' in Click Languaje, Tania Ruiz Sanchez types 'ARROW_DOWN' in Click Languaje, Tania Ruiz Sanchez types 'ENTER' in Click Languaje, Tania Ruiz Sanchez clicks on Click boton Filter]], Then She looks for the information on the filter button], Example: {username=demo, password=demo, seourl=SEO URL, query=product_id=41, keyword=imac, store=Default, language=English} [Given Tania wants to filter data in the SEO URL list [Tania ruiz sanchez open up [Tania Ruiz Sanchez opens the Cart open page]], When She enter the data in the filter field
| username | password | seourl | query | keyword | store | language |
| demo | demo | SEO URL | product_id=41 | imac | Default | English | [Tania ruiz sanchez filter [Tania Ruiz Sanchez enters 'demo' into enter username, Tania Ruiz Sanchez enters 'demo' into enter password, Tania Ruiz Sanchez clicks on Click on the login button, Tania Ruiz Sanchez clicks on Click on Desing, Tania Ruiz Sanchez clicks on Select SEO URL, Tania Ruiz Sanchez enters 'product_id=41' into Write the query, Tania Ruiz Sanchez enters 'imac' into Write the keyword, Tania Ruiz Sanchez clicks on Click Store, Tania Ruiz Sanchez types 'ARROW_DOWN' in Click Store, Tania Ruiz Sanchez types 'ARROW_DOWN' in Click Store, Tania Ruiz Sanchez types 'ENTER' in Click Store]]]
[Test worker] WARN net.thucydides.core.steps.BaseStepListener - stepStarted: net.thucydides.core.steps.ExecutedStepDescription@166369d6
[Test worker] WARN net.thucydides.core.steps.BaseStepListener - stepFinished: current outcome:Enter data to filter:Example: {username=demo, password=demo, seourl=SEO URL, query=product_id=47, keyword=hp-lp3065, store=Default, language=English} [Given Tania wants to filter data in the SEO URL list [Tania ruiz sanchez open up [Tania Ruiz Sanchez opens the Cart open page]], When She enter the data in the filter field
| username | password | seourl | query | keyword | store | language |
| demo | demo | SEO URL | product_id=47 | hp-lp3065 | Default | English | [Tania ruiz sanchez filter [Tania Ruiz Sanchez enters 'demo' into enter username, Tania Ruiz Sanchez enters 'demo' into enter password, Tania Ruiz Sanchez clicks on Click on the login button, Tania Ruiz Sanchez clicks on Click on Desing, Tania Ruiz Sanchez clicks on Select SEO URL, Tania Ruiz Sanchez enters 'product_id=47' into Write the query, Tania Ruiz Sanchez enters 'hp-lp3065' into Write the keyword, Tania Ruiz Sanchez clicks on Click Store, Tania Ruiz Sanchez types 'ARROW_DOWN' in Click Store, Tania Ruiz Sanchez types 'ARROW_DOWN' in Click Store, Tania Ruiz Sanchez types 'ENTER' in Click Store, Tania Ruiz Sanchez clicks on Click Languaje, Tania Ruiz Sanchez types 'ARROW_DOWN' in Click Languaje, Tania Ruiz Sanchez types 'ARROW_DOWN' in Click Languaje, Tania Ruiz Sanchez types 'ENTER' in Click Languaje, Tania Ruiz Sanchez clicks on Click boton Filter]], Then She looks for the information on the filter button], Example: {username=demo, password=demo, seourl=SEO URL, query=product_id=41, keyword=imac, store=Default, language=English} [Given Tania wants to filter data in the SEO URL list [Tania ruiz sanchez open up [Tania Ruiz Sanchez opens the Cart open page]], When She enter the data in the filter field
| username | password | seourl | query | keyword | store | language |
| demo | demo | SEO URL | product_id=41 | imac | Default | English | [Tania ruiz sanchez filter [Tania Ruiz Sanchez enters 'demo' into enter username, Tania Ruiz Sanchez enters 'demo' into enter password, Tania Ruiz Sanchez clicks on Click on the login button, Tania Ruiz Sanchez clicks on Click on Desing, Tania Ruiz Sanchez clicks on Select SEO URL, Tania Ruiz Sanchez enters 'product_id=41' into Write the query, Tania Ruiz Sanchez enters 'imac' into Write the keyword, Tania Ruiz Sanchez clicks on Click Store, Tania Ruiz Sanchez types 'ARROW_DOWN' in Click Store, Tania Ruiz Sanchez types 'ARROW_DOWN' in Click Store, Tania Ruiz Sanchez types 'ENTER' in Click Store, Tania Ruiz Sanchez clicks on Click Languaje]]]
[Test worker] WARN net.thucydides.core.steps.BaseStepListener - stepStarted: net.thucydides.core.steps.ExecutedStepDescription@4f58c314
[Test worker] WARN net.thucydides.core.steps.BaseStepListener - stepFinished: current outcome:Enter data to filter:Example: {username=demo, password=demo, seourl=SEO URL, query=product_id=47, keyword=hp-lp3065, store=Default, language=English} [Given Tania wants to filter data in the SEO URL list [Tania ruiz sanchez open up [Tania Ruiz Sanchez opens the Cart open page]], When She enter the data in the filter field
| username | password | seourl | query | keyword | store | language |
| demo | demo | SEO URL | product_id=47 | hp-lp3065 | Default | English | [Tania ruiz sanchez filter [Tania Ruiz Sanchez enters 'demo' into enter username, Tania Ruiz Sanchez enters 'demo' into enter password, Tania Ruiz Sanchez clicks on Click on the login button, Tania Ruiz Sanchez clicks on Click on Desing, Tania Ruiz Sanchez clicks on Select SEO URL, Tania Ruiz Sanchez enters 'product_id=47' into Write the query, Tania Ruiz Sanchez enters 'hp-lp3065' into Write the keyword, Tania Ruiz Sanchez clicks on Click Store, Tania Ruiz Sanchez types 'ARROW_DOWN' in Click Store, Tania Ruiz Sanchez types 'ARROW_DOWN' in Click Store, Tania Ruiz Sanchez types 'ENTER' in Click Store, Tania Ruiz Sanchez clicks on Click Languaje, Tania Ruiz Sanchez types 'ARROW_DOWN' in Click Languaje, Tania Ruiz Sanchez types 'ARROW_DOWN' in Click Languaje, Tania Ruiz Sanchez types 'ENTER' in Click Languaje, Tania Ruiz Sanchez clicks on Click boton Filter]], Then She looks for the information on the filter button], Example: {username=demo, password=demo, seourl=SEO URL, query=product_id=41, keyword=imac, store=Default, language=English} [Given Tania wants to filter data in the SEO URL list [Tania ruiz sanchez open up [Tania Ruiz Sanchez opens the Cart open page]], When She enter the data in the filter field
| username | password | seourl | query | keyword | store | language |
| demo | demo | SEO URL | product_id=41 | imac | Default | English | [Tania ruiz sanchez filter [Tania Ruiz Sanchez enters 'demo' into enter username, Tania Ruiz Sanchez enters 'demo' into enter password, Tania Ruiz Sanchez clicks on Click on the login button, Tania Ruiz Sanchez clicks on Click on Desing, Tania Ruiz Sanchez clicks on Select SEO URL, Tania Ruiz Sanchez enters 'product_id=41' into Write the query, Tania Ruiz Sanchez enters 'imac' into Write the keyword, Tania Ruiz Sanchez clicks on Click Store, Tania Ruiz Sanchez types 'ARROW_DOWN' in Click Store, Tania Ruiz Sanchez types 'ARROW_DOWN' in Click Store, Tania Ruiz Sanchez types 'ENTER' in Click Store, Tania Ruiz Sanchez clicks on Click Languaje, Tania Ruiz Sanchez types 'ARROW_DOWN' in Click Languaje]]]
[Test worker] WARN net.thucydides.core.steps.BaseStepListener - stepStarted: net.thucydides.core.steps.ExecutedStepDescription@4d566884
[Test worker] WARN net.thucydides.core.steps.BaseStepListener - stepFinished: current outcome:Enter data to filter:Example: {username=demo, password=demo, seourl=SEO URL, query=product_id=47, keyword=hp-lp3065, store=Default, language=English} [Given Tania wants to filter data in the SEO URL list [Tania ruiz sanchez open up [Tania Ruiz Sanchez opens the Cart open page]], When She enter the data in the filter field
| username | password | seourl | query | keyword | store | language |
| demo | demo | SEO URL | product_id=47 | hp-lp3065 | Default | English | [Tania ruiz sanchez filter [Tania Ruiz Sanchez enters 'demo' into enter username, Tania Ruiz Sanchez enters 'demo' into enter password, Tania Ruiz Sanchez clicks on Click on the login button, Tania Ruiz Sanchez clicks on Click on Desing, Tania Ruiz Sanchez clicks on Select SEO URL, Tania Ruiz Sanchez enters 'product_id=47' into Write the query, Tania Ruiz Sanchez enters 'hp-lp3065' into Write the keyword, Tania Ruiz Sanchez clicks on Click Store, Tania Ruiz Sanchez types 'ARROW_DOWN' in Click Store, Tania Ruiz Sanchez types 'ARROW_DOWN' in Click Store, Tania Ruiz Sanchez types 'ENTER' in Click Store, Tania Ruiz Sanchez clicks on Click Languaje, Tania Ruiz Sanchez types 'ARROW_DOWN' in Click Languaje, Tania Ruiz Sanchez types 'ARROW_DOWN' in Click Languaje, Tania Ruiz Sanchez types 'ENTER' in Click Languaje, Tania Ruiz Sanchez clicks on Click boton Filter]], Then She looks for the information on the filter button], Example: {username=demo, password=demo, seourl=SEO URL, query=product_id=41, keyword=imac, store=Default, language=English} [Given Tania wants to filter data in the SEO URL list [Tania ruiz sanchez open up [Tania Ruiz Sanchez opens the Cart open page]], When She enter the data in the filter field
| username | password | seourl | query | keyword | store | language |
| demo | demo | SEO URL | product_id=41 | imac | Default | English | [Tania ruiz sanchez filter [Tania Ruiz Sanchez enters 'demo' into enter username, Tania Ruiz Sanchez enters 'demo' into enter password, Tania Ruiz Sanchez clicks on Click on the login button, Tania Ruiz Sanchez clicks on Click on Desing, Tania Ruiz Sanchez clicks on Select SEO URL, Tania Ruiz Sanchez enters 'product_id=41' into Write the query, Tania Ruiz Sanchez enters 'imac' into Write the keyword, Tania Ruiz Sanchez clicks on Click Store, Tania Ruiz Sanchez types 'ARROW_DOWN' in Click Store, Tania Ruiz Sanchez types 'ARROW_DOWN' in Click Store, Tania Ruiz Sanchez types 'ENTER' in Click Store, Tania Ruiz Sanchez clicks on Click Languaje, Tania Ruiz Sanchez types 'ARROW_DOWN' in Click Languaje, Tania Ruiz Sanchez types 'ARROW_DOWN' in Click Languaje]]]
[Test worker] WARN net.thucydides.core.steps.BaseStepListener - stepStarted: net.thucydides.core.steps.ExecutedStepDescription@364ee3d8
[Test worker] WARN net.thucydides.core.steps.BaseStepListener - stepFinished: current outcome:Enter data to filter:Example: {username=demo, password=demo, seourl=SEO URL, query=product_id=47, keyword=hp-lp3065, store=Default, language=English} [Given Tania wants to filter data in the SEO URL list [Tania ruiz sanchez open up [Tania Ruiz Sanchez opens the Cart open page]], When She enter the data in the filter field
| username | password | seourl | query | keyword | store | language |
| demo | demo | SEO URL | product_id=47 | hp-lp3065 | Default | English | [Tania ruiz sanchez filter [Tania Ruiz Sanchez enters 'demo' into enter username, Tania Ruiz Sanchez enters 'demo' into enter password, Tania Ruiz Sanchez clicks on Click on the login button, Tania Ruiz Sanchez clicks on Click on Desing, Tania Ruiz Sanchez clicks on Select SEO URL, Tania Ruiz Sanchez enters 'product_id=47' into Write the query, Tania Ruiz Sanchez enters 'hp-lp3065' into Write the keyword, Tania Ruiz Sanchez clicks on Click Store, Tania Ruiz Sanchez types 'ARROW_DOWN' in Click Store, Tania Ruiz Sanchez types 'ARROW_DOWN' in Click Store, Tania Ruiz Sanchez types 'ENTER' in Click Store, Tania Ruiz Sanchez clicks on Click Languaje, Tania Ruiz Sanchez types 'ARROW_DOWN' in Click Languaje, Tania Ruiz Sanchez types 'ARROW_DOWN' in Click Languaje, Tania Ruiz Sanchez types 'ENTER' in Click Languaje, Tania Ruiz Sanchez clicks on Click boton Filter]], Then She looks for the information on the filter button], Example: {username=demo, password=demo, seourl=SEO URL, query=product_id=41, keyword=imac, store=Default, language=English} [Given Tania wants to filter data in the SEO URL list [Tania ruiz sanchez open up [Tania Ruiz Sanchez opens the Cart open page]], When She enter the data in the filter field
| username | password | seourl | query | keyword | store | language |
| demo | demo | SEO URL | product_id=41 | imac | Default | English | [Tania ruiz sanchez filter [Tania Ruiz Sanchez enters 'demo' into enter username, Tania Ruiz Sanchez enters 'demo' into enter password, Tania Ruiz Sanchez clicks on Click on the login button, Tania Ruiz Sanchez clicks on Click on Desing, Tania Ruiz Sanchez clicks on Select SEO URL, Tania Ruiz Sanchez enters 'product_id=41' into Write the query, Tania Ruiz Sanchez enters 'imac' into Write the keyword, Tania Ruiz Sanchez clicks on Click Store, Tania Ruiz Sanchez types 'ARROW_DOWN' in Click Store, Tania Ruiz Sanchez types 'ARROW_DOWN' in Click Store, Tania Ruiz Sanchez types 'ENTER' in Click Store, Tania Ruiz Sanchez clicks on Click Languaje, Tania Ruiz Sanchez types 'ARROW_DOWN' in Click Languaje, Tania Ruiz Sanchez types 'ARROW_DOWN' in Click Languaje, Tania Ruiz Sanchez types 'ENTER' in Click Languaje]]]
[Test worker] WARN net.thucydides.core.steps.BaseStepListener - stepStarted: net.thucydides.core.steps.ExecutedStepDescription@1a2ee7a4
[Test worker] WARN net.thucydides.core.steps.BaseStepListener - stepFinished: current outcome:Enter data to filter:Example: {username=demo, password=demo, seourl=SEO URL, query=product_id=47, keyword=hp-lp3065, store=Default, language=English} [Given Tania wants to filter data in the SEO URL list [Tania ruiz sanchez open up [Tania Ruiz Sanchez opens the Cart open page]], When She enter the data in the filter field
| username | password | seourl | query | keyword | store | language |
| demo | demo | SEO URL | product_id=47 | hp-lp3065 | Default | English | [Tania ruiz sanchez filter [Tania Ruiz Sanchez enters 'demo' into enter username, Tania Ruiz Sanchez enters 'demo' into enter password, Tania Ruiz Sanchez clicks on Click on the login button, Tania Ruiz Sanchez clicks on Click on Desing, Tania Ruiz Sanchez clicks on Select SEO URL, Tania Ruiz Sanchez enters 'product_id=47' into Write the query, Tania Ruiz Sanchez enters 'hp-lp3065' into Write the keyword, Tania Ruiz Sanchez clicks on Click Store, Tania Ruiz Sanchez types 'ARROW_DOWN' in Click Store, Tania Ruiz Sanchez types 'ARROW_DOWN' in Click Store, Tania Ruiz Sanchez types 'ENTER' in Click Store, Tania Ruiz Sanchez clicks on Click Languaje, Tania Ruiz Sanchez types 'ARROW_DOWN' in Click Languaje, Tania Ruiz Sanchez types 'ARROW_DOWN' in Click Languaje, Tania Ruiz Sanchez types 'ENTER' in Click Languaje, Tania Ruiz Sanchez clicks on Click boton Filter]], Then She looks for the information on the filter button], Example: {username=demo, password=demo, seourl=SEO URL, query=product_id=41, keyword=imac, store=Default, language=English} [Given Tania wants to filter data in the SEO URL list [Tania ruiz sanchez open up [Tania Ruiz Sanchez opens the Cart open page]], When She enter the data in the filter field
| username | password | seourl | query | keyword | store | language |
| demo | demo | SEO URL | product_id=41 | imac | Default | English | [Tania ruiz sanchez filter [Tania Ruiz Sanchez enters 'demo' into enter username, Tania Ruiz Sanchez enters 'demo' into enter password, Tania Ruiz Sanchez clicks on Click on the login button, Tania Ruiz Sanchez clicks on Click on Desing, Tania Ruiz Sanchez clicks on Select SEO URL, Tania Ruiz Sanchez enters 'product_id=41' into Write the query, Tania Ruiz Sanchez enters 'imac' into Write the keyword, Tania Ruiz Sanchez clicks on Click Store, Tania Ruiz Sanchez types 'ARROW_DOWN' in Click Store, Tania Ruiz Sanchez types 'ARROW_DOWN' in Click Store, Tania Ruiz Sanchez types 'ENTER' in Click Store, Tania Ruiz Sanchez clicks on Click Languaje, Tania Ruiz Sanchez types 'ARROW_DOWN' in Click Languaje, Tania Ruiz Sanchez types 'ARROW_DOWN' in Click Languaje, Tania Ruiz Sanchez types 'ENTER' in Click Languaje, Tania Ruiz Sanchez clicks on Click boton Filter]]]
[Test worker] WARN net.thucydides.core.steps.BaseStepListener - stepFinished: current outcome:Enter data to filter:Example: {username=demo, password=demo, seourl=SEO URL, query=product_id=47, keyword=hp-lp3065, store=Default, language=English} [Given Tania wants to filter data in the SEO URL list [Tania ruiz sanchez open up [Tania Ruiz Sanchez opens the Cart open page]], When She enter the data in the filter field
| username | password | seourl | query | keyword | store | language |
| demo | demo | SEO URL | product_id=47 | hp-lp3065 | Default | English | [Tania ruiz sanchez filter [Tania Ruiz Sanchez enters 'demo' into enter username, Tania Ruiz Sanchez enters 'demo' into enter password, Tania Ruiz Sanchez clicks on Click on the login button, Tania Ruiz Sanchez clicks on Click on Desing, Tania Ruiz Sanchez clicks on Select SEO URL, Tania Ruiz Sanchez enters 'product_id=47' into Write the query, Tania Ruiz Sanchez enters 'hp-lp3065' into Write the keyword, Tania Ruiz Sanchez clicks on Click Store, Tania Ruiz Sanchez types 'ARROW_DOWN' in Click Store, Tania Ruiz Sanchez types 'ARROW_DOWN' in Click Store, Tania Ruiz Sanchez types 'ENTER' in Click Store, Tania Ruiz Sanchez clicks on Click Languaje, Tania Ruiz Sanchez types 'ARROW_DOWN' in Click Languaje, Tania Ruiz Sanchez types 'ARROW_DOWN' in Click Languaje, Tania Ruiz Sanchez types 'ENTER' in Click Languaje, Tania Ruiz Sanchez clicks on Click boton Filter]], Then She looks for the information on the filter button], Example: {username=demo, password=demo, seourl=SEO URL, query=product_id=41, keyword=imac, store=Default, language=English} [Given Tania wants to filter data in the SEO URL list [Tania ruiz sanchez open up [Tania Ruiz Sanchez opens the Cart open page]], When She enter the data in the filter field
| username | password | seourl | query | keyword | store | language |
| demo | demo | SEO URL | product_id=41 | imac | Default | English | [Tania ruiz sanchez filter [Tania Ruiz Sanchez enters 'demo' into enter username, Tania Ruiz Sanchez enters 'demo' into enter password, Tania Ruiz Sanchez clicks on Click on the login button, Tania Ruiz Sanchez clicks on Click on Desing, Tania Ruiz Sanchez clicks on Select SEO URL, Tania Ruiz Sanchez enters 'product_id=41' into Write the query, Tania Ruiz Sanchez enters 'imac' into Write the keyword, Tania Ruiz Sanchez clicks on Click Store, Tania Ruiz Sanchez types 'ARROW_DOWN' in Click Store, Tania Ruiz Sanchez types 'ARROW_DOWN' in Click Store, Tania Ruiz Sanchez types 'ENTER' in Click Store, Tania Ruiz Sanchez clicks on Click Languaje, Tania Ruiz Sanchez types 'ARROW_DOWN' in Click Languaje, Tania Ruiz Sanchez types 'ARROW_DOWN' in Click Languaje, Tania Ruiz Sanchez types 'ENTER' in Click Languaje, Tania Ruiz Sanchez clicks on Click boton Filter]]]
[Test worker] WARN net.thucydides.core.steps.BaseStepListener - stepFinished: current outcome:Enter data to filter:Example: {username=demo, password=demo, seourl=SEO URL, query=product_id=47, keyword=hp-lp3065, store=Default, language=English} [Given Tania wants to filter data in the SEO URL list [Tania ruiz sanchez open up [Tania Ruiz Sanchez opens the Cart open page]], When She enter the data in the filter field
| username | password | seourl | query | keyword | store | language |
| demo | demo | SEO URL | product_id=47 | hp-lp3065 | Default | English | [Tania ruiz sanchez filter [Tania Ruiz Sanchez enters 'demo' into enter username, Tania Ruiz Sanchez enters 'demo' into enter password, Tania Ruiz Sanchez clicks on Click on the login button, Tania Ruiz Sanchez clicks on Click on Desing, Tania Ruiz Sanchez clicks on Select SEO URL, Tania Ruiz Sanchez enters 'product_id=47' into Write the query, Tania Ruiz Sanchez enters 'hp-lp3065' into Write the keyword, Tania Ruiz Sanchez clicks on Click Store, Tania Ruiz Sanchez types 'ARROW_DOWN' in Click Store, Tania Ruiz Sanchez types 'ARROW_DOWN' in Click Store, Tania Ruiz Sanchez types 'ENTER' in Click Store, Tania Ruiz Sanchez clicks on Click Languaje, Tania Ruiz Sanchez types 'ARROW_DOWN' in Click Languaje, Tania Ruiz Sanchez types 'ARROW_DOWN' in Click Languaje, Tania Ruiz Sanchez types 'ENTER' in Click Languaje, Tania Ruiz Sanchez clicks on Click boton Filter]], Then She looks for the information on the filter button], Example: {username=demo, password=demo, seourl=SEO URL, query=product_id=41, keyword=imac, store=Default, language=English} [Given Tania wants to filter data in the SEO URL list [Tania ruiz sanchez open up [Tania Ruiz Sanchez opens the Cart open page]], When She enter the data in the filter field
| username | password | seourl | query | keyword | store | language |
| demo | demo | SEO URL | product_id=41 | imac | Default | English | [Tania ruiz sanchez filter [Tania Ruiz Sanchez enters 'demo' into enter username, Tania Ruiz Sanchez enters 'demo' into enter password, Tania Ruiz Sanchez clicks on Click on the login button, Tania Ruiz Sanchez clicks on Click on Desing, Tania Ruiz Sanchez clicks on Select SEO URL, Tania Ruiz Sanchez enters 'product_id=41' into Write the query, Tania Ruiz Sanchez enters 'imac' into Write the keyword, Tania Ruiz Sanchez clicks on Click Store, Tania Ruiz Sanchez types 'ARROW_DOWN' in Click Store, Tania Ruiz Sanchez types 'ARROW_DOWN' in Click Store, Tania Ruiz Sanchez types 'ENTER' in Click Store, Tania Ruiz Sanchez clicks on Click Languaje, Tania Ruiz Sanchez types 'ARROW_DOWN' in Click Languaje, Tania Ruiz Sanchez types 'ARROW_DOWN' in Click Languaje, Tania Ruiz Sanchez types 'ENTER' in Click Languaje, Tania Ruiz Sanchez clicks on Click boton Filter]]]
[Test worker] WARN net.thucydides.core.steps.BaseStepListener - stepStarted: net.thucydides.core.steps.ExecutedStepDescription@5b8e4655
[Test worker] WARN net.thucydides.core.steps.BaseStepListener - stepFinished: current outcome:Enter data to filter:Example: {username=demo, password=demo, seourl=SEO URL, query=product_id=47, keyword=hp-lp3065, store=Default, language=English} [Given Tania wants to filter data in the SEO URL list [Tania ruiz sanchez open up [Tania Ruiz Sanchez opens the Cart open page]], When She enter the data in the filter field
| username | password | seourl | query | keyword | store | language |
| demo | demo | SEO URL | product_id=47 | hp-lp3065 | Default | English | [Tania ruiz sanchez filter [Tania Ruiz Sanchez enters 'demo' into enter username, Tania Ruiz Sanchez enters 'demo' into enter password, Tania Ruiz Sanchez clicks on Click on the login button, Tania Ruiz Sanchez clicks on Click on Desing, Tania Ruiz Sanchez clicks on Select SEO URL, Tania Ruiz Sanchez enters 'product_id=47' into Write the query, Tania Ruiz Sanchez enters 'hp-lp3065' into Write the keyword, Tania Ruiz Sanchez clicks on Click Store, Tania Ruiz Sanchez types 'ARROW_DOWN' in Click Store, Tania Ruiz Sanchez types 'ARROW_DOWN' in Click Store, Tania Ruiz Sanchez types 'ENTER' in Click Store, Tania Ruiz Sanchez clicks on Click Languaje, Tania Ruiz Sanchez types 'ARROW_DOWN' in Click Languaje, Tania Ruiz Sanchez types 'ARROW_DOWN' in Click Languaje, Tania Ruiz Sanchez types 'ENTER' in Click Languaje, Tania Ruiz Sanchez clicks on Click boton Filter]], Then She looks for the information on the filter button], Example: {username=demo, password=demo, seourl=SEO URL, query=product_id=41, keyword=imac, store=Default, language=English} [Given Tania wants to filter data in the SEO URL list [Tania ruiz sanchez open up [Tania Ruiz Sanchez opens the Cart open page]], When She enter the data in the filter field
| username | password | seourl | query | keyword | store | language |
| demo | demo | SEO URL | product_id=41 | imac | Default | English | [Tania ruiz sanchez filter [Tania Ruiz Sanchez enters 'demo' into enter username, Tania Ruiz Sanchez enters 'demo' into enter password, Tania Ruiz Sanchez clicks on Click on the login button, Tania Ruiz Sanchez clicks on Click on Desing, Tania Ruiz Sanchez clicks on Select SEO URL, Tania Ruiz Sanchez enters 'product_id=41' into Write the query, Tania Ruiz Sanchez enters 'imac' into Write the keyword, Tania Ruiz Sanchez clicks on Click Store, Tania Ruiz Sanchez types 'ARROW_DOWN' in Click Store, Tania Ruiz Sanchez types 'ARROW_DOWN' in Click Store, Tania Ruiz Sanchez types 'ENTER' in Click Store, Tania Ruiz Sanchez clicks on Click Languaje, Tania Ruiz Sanchez types 'ARROW_DOWN' in Click Languaje, Tania Ruiz Sanchez types 'ARROW_DOWN' in Click Languaje, Tania Ruiz Sanchez types 'ENTER' in Click Languaje, Tania Ruiz Sanchez clicks on Click boton Filter]], Then She looks for the information on the filter button]
[Test worker] WARN net.thucydides.core.steps.BaseStepListener - stepFinished: current outcome:Enter data to filter:Example: {username=demo, password=demo, seourl=SEO URL, query=product_id=47, keyword=hp-lp3065, store=Default, language=English} [Given Tania wants to filter data in the SEO URL list [Tania ruiz sanchez open up [Tania Ruiz Sanchez opens the Cart open page]], When She enter the data in the filter field
| username | password | seourl | query | keyword | store | language |
| demo | demo | SEO URL | product_id=47 | hp-lp3065 | Default | English | [Tania ruiz sanchez filter [Tania Ruiz Sanchez enters 'demo' into enter username, Tania Ruiz Sanchez enters 'demo' into enter password, Tania Ruiz Sanchez clicks on Click on the login button, Tania Ruiz Sanchez clicks on Click on Desing, Tania Ruiz Sanchez clicks on Select SEO URL, Tania Ruiz Sanchez enters 'product_id=47' into Write the query, Tania Ruiz Sanchez enters 'hp-lp3065' into Write the keyword, Tania Ruiz Sanchez clicks on Click Store, Tania Ruiz Sanchez types 'ARROW_DOWN' in Click Store, Tania Ruiz Sanchez types 'ARROW_DOWN' in Click Store, Tania Ruiz Sanchez types 'ENTER' in Click Store, Tania Ruiz Sanchez clicks on Click Languaje, Tania Ruiz Sanchez types 'ARROW_DOWN' in Click Languaje, Tania Ruiz Sanchez types 'ARROW_DOWN' in Click Languaje, Tania Ruiz Sanchez types 'ENTER' in Click Languaje, Tania Ruiz Sanchez clicks on Click boton Filter]], Then She looks for the information on the filter button], Example: {username=demo, password=demo, seourl=SEO URL, query=product_id=41, keyword=imac, store=Default, language=English} [Given Tania wants to filter data in the SEO URL list [Tania ruiz sanchez open up [Tania Ruiz Sanchez opens the Cart open page]], When She enter the data in the filter field
| username | password | seourl | query | keyword | store | language |
| demo | demo | SEO URL | product_id=41 | imac | Default | English | [Tania ruiz sanchez filter [Tania Ruiz Sanchez enters 'demo' into enter username, Tania Ruiz Sanchez enters 'demo' into enter password, Tania Ruiz Sanchez clicks on Click on the login button, Tania Ruiz Sanchez clicks on Click on Desing, Tania Ruiz Sanchez clicks on Select SEO URL, Tania Ruiz Sanchez enters 'product_id=41' into Write the query, Tania Ruiz Sanchez enters 'imac' into Write the keyword, Tania Ruiz Sanchez clicks on Click Store, Tania Ruiz Sanchez types 'ARROW_DOWN' in Click Store, Tania Ruiz Sanchez types 'ARROW_DOWN' in Click Store, Tania Ruiz Sanchez types 'ENTER' in Click Store, Tania Ruiz Sanchez clicks on Click Languaje, Tania Ruiz Sanchez types 'ARROW_DOWN' in Click Languaje, Tania Ruiz Sanchez types 'ARROW_DOWN' in Click Languaje, Tania Ruiz Sanchez types 'ENTER' in Click Languaje, Tania Ruiz Sanchez clicks on Click boton Filter]], Then She looks for the information on the filter button]
[Test worker] WARN net.thucydides.core.steps.BaseStepListener - testFinished: Enter data to filter:Example: {username=demo, password=demo, seourl=SEO URL, query=product_id=47, keyword=hp-lp3065, store=Default, language=English} [Given Tania wants to filter data in the SEO URL list [Tania ruiz sanchez open up [Tania Ruiz Sanchez opens the Cart open page]], When She enter the data in the filter field
| username | password | seourl | query | keyword | store | language |
| demo | demo | SEO URL | product_id=47 | hp-lp3065 | Default | English | [Tania ruiz sanchez filter [Tania Ruiz Sanchez enters 'demo' into enter username, Tania Ruiz Sanchez enters 'demo' into enter password, Tania Ruiz Sanchez clicks on Click on the login button, Tania Ruiz Sanchez clicks on Click on Desing, Tania Ruiz Sanchez clicks on Select SEO URL, Tania Ruiz Sanchez enters 'product_id=47' into Write the query, Tania Ruiz Sanchez enters 'hp-lp3065' into Write the keyword, Tania Ruiz Sanchez clicks on Click Store, Tania Ruiz Sanchez types 'ARROW_DOWN' in Click Store, Tania Ruiz Sanchez types 'ARROW_DOWN' in Click Store, Tania Ruiz Sanchez types 'ENTER' in Click Store, Tania Ruiz Sanchez clicks on Click Languaje, Tania Ruiz Sanchez types 'ARROW_DOWN' in Click Languaje, Tania Ruiz Sanchez types 'ARROW_DOWN' in Click Languaje, Tania Ruiz Sanchez types 'ENTER' in Click Languaje, Tania Ruiz Sanchez clicks on Click boton Filter]], Then She looks for the information on the filter button], Example: {username=demo, password=demo, seourl=SEO URL, query=product_id=41, keyword=imac, store=Default, language=English} [Given Tania wants to filter data in the SEO URL list [Tania ruiz sanchez open up [Tania Ruiz Sanchez opens the Cart open page]], When She enter the data in the filter field
| username | password | seourl | query | keyword | store | language |
| demo | demo | SEO URL | product_id=41 | imac | Default | English | [Tania ruiz sanchez filter [Tania Ruiz Sanchez enters 'demo' into enter username, Tania Ruiz Sanchez enters 'demo' into enter password, Tania Ruiz Sanchez clicks on Click on the login button, Tania Ruiz Sanchez clicks on Click on Desing, Tania Ruiz Sanchez clicks on Select SEO URL, Tania Ruiz Sanchez enters 'product_id=41' into Write the query, Tania Ruiz Sanchez enters 'imac' into Write the keyword, Tania Ruiz Sanchez clicks on Click Store, Tania Ruiz Sanchez types 'ARROW_DOWN' in Click Store, Tania Ruiz Sanchez types 'ARROW_DOWN' in Click Store, Tania Ruiz Sanchez types 'ENTER' in Click Store, Tania Ruiz Sanchez clicks on Click Languaje, Tania Ruiz Sanchez types 'ARROW_DOWN' in Click Languaje, Tania Ruiz Sanchez types 'ARROW_DOWN' in Click Languaje, Tania Ruiz Sanchez types 'ENTER' in Click Languaje, Tania Ruiz Sanchez clicks on Click boton Filter]], Then She looks for the information on the filter button]
[Test worker] WARN net.thucydides.core.steps.BaseStepListener - TestOutcomes: [Enter data to filter:Example: {username=demo, password=demo, seourl=SEO URL, query=product_id=47, keyword=hp-lp3065, store=Default, language=English} [Given Tania wants to filter data in the SEO URL list [Tania ruiz sanchez open up [Tania Ruiz Sanchez opens the Cart open page]], When She enter the data in the filter field
| username | password | seourl | query | keyword | store | language |
| demo | demo | SEO URL | product_id=47 | hp-lp3065 | Default | English | [Tania ruiz sanchez filter [Tania Ruiz Sanchez enters 'demo' into enter username, Tania Ruiz Sanchez enters 'demo' into enter password, Tania Ruiz Sanchez clicks on Click on the login button, Tania Ruiz Sanchez clicks on Click on Desing, Tania Ruiz Sanchez clicks on Select SEO URL, Tania Ruiz Sanchez enters 'product_id=47' into Write the query, Tania Ruiz Sanchez enters 'hp-lp3065' into Write the keyword, Tania Ruiz Sanchez clicks on Click Store, Tania Ruiz Sanchez types 'ARROW_DOWN' in Click Store, Tania Ruiz Sanchez types 'ARROW_DOWN' in Click Store, Tania Ruiz Sanchez types 'ENTER' in Click Store, Tania Ruiz Sanchez clicks on Click Languaje, Tania Ruiz Sanchez types 'ARROW_DOWN' in Click Languaje, Tania Ruiz Sanchez types 'ARROW_DOWN' in Click Languaje, Tania Ruiz Sanchez types 'ENTER' in Click Languaje, Tania Ruiz Sanchez clicks on Click boton Filter]], Then She looks for the information on the filter button], Example: {username=demo, password=demo, seourl=SEO URL, query=product_id=41, keyword=imac, store=Default, language=English} [Given Tania wants to filter data in the SEO URL list [Tania ruiz sanchez open up [Tania Ruiz Sanchez opens the Cart open page]], When She enter the data in the filter field
| username | password | seourl | query | keyword | store | language |
| demo | demo | SEO URL | product_id=41 | imac | Default | English | [Tania ruiz sanchez filter [Tania Ruiz Sanchez enters 'demo' into enter username, Tania Ruiz Sanchez enters 'demo' into enter password, Tania Ruiz Sanchez clicks on Click on the login button, Tania Ruiz Sanchez clicks on Click on Desing, Tania Ruiz Sanchez clicks on Select SEO URL, Tania Ruiz Sanchez enters 'product_id=41' into Write the query, Tania Ruiz Sanchez enters 'imac' into Write the keyword, Tania Ruiz Sanchez clicks on Click Store, Tania Ruiz Sanchez types 'ARROW_DOWN' in Click Store, Tania Ruiz Sanchez types 'ARROW_DOWN' in Click Store, Tania Ruiz Sanchez types 'ENTER' in Click Store, Tania Ruiz Sanchez clicks on Click Languaje, Tania Ruiz Sanchez types 'ARROW_DOWN' in Click Languaje, Tania Ruiz Sanchez types 'ARROW_DOWN' in Click Languaje, Tania Ruiz Sanchez types 'ENTER' in Click Languaje, Tania Ruiz Sanchez clicks on Click boton Filter]], Then She looks for the information on the filter button]]
[Test worker] WARN net.thucydides.core.steps.BaseStepListener - Final testOutcomes: [Enter data to filter:Example: {username=demo, password=demo, seourl=SEO URL, query=product_id=47, keyword=hp-lp3065, store=Default, language=English} [Given Tania wants to filter data in the SEO URL list [Tania ruiz sanchez open up [Tania Ruiz Sanchez opens the Cart open page]], When She enter the data in the filter field
| username | password | seourl | query | keyword | store | language |
| demo | demo | SEO URL | product_id=47 | hp-lp3065 | Default | English | [Tania ruiz sanchez filter [Tania Ruiz Sanchez enters 'demo' into enter username, Tania Ruiz Sanchez enters 'demo' into enter password, Tania Ruiz Sanchez clicks on Click on the login button, Tania Ruiz Sanchez clicks on Click on Desing, Tania Ruiz Sanchez clicks on Select SEO URL, Tania Ruiz Sanchez enters 'product_id=47' into Write the query, Tania Ruiz Sanchez enters 'hp-lp3065' into Write the keyword, Tania Ruiz Sanchez clicks on Click Store, Tania Ruiz Sanchez types 'ARROW_DOWN' in Click Store, Tania Ruiz Sanchez types 'ARROW_DOWN' in Click Store, Tania Ruiz Sanchez types 'ENTER' in Click Store, Tania Ruiz Sanchez clicks on Click Languaje, Tania Ruiz Sanchez types 'ARROW_DOWN' in Click Languaje, Tania Ruiz Sanchez types 'ARROW_DOWN' in Click Languaje, Tania Ruiz Sanchez types 'ENTER' in Click Languaje, Tania Ruiz Sanchez clicks on Click boton Filter]], Then She looks for the information on the filter button], Example: {username=demo, password=demo, seourl=SEO URL, query=product_id=41, keyword=imac, store=Default, language=English} [Given Tania wants to filter data in the SEO URL list [Tania ruiz sanchez open up [Tania Ruiz Sanchez opens the Cart open page]], When She enter the data in the filter field
| username | password | seourl | query | keyword | store | language |
| demo | demo | SEO URL | product_id=41 | imac | Default | English | [Tania ruiz sanchez filter [Tania Ruiz Sanchez enters 'demo' into enter username, Tania Ruiz Sanchez enters 'demo' into enter password, Tania Ruiz Sanchez clicks on Click on the login button, Tania Ruiz Sanchez clicks on Click on Desing, Tania Ruiz Sanchez clicks on Select SEO URL, Tania Ruiz Sanchez enters 'product_id=41' into Write the query, Tania Ruiz Sanchez enters 'imac' into Write the keyword, Tania Ruiz Sanchez clicks on Click Store, Tania Ruiz Sanchez types 'ARROW_DOWN' in Click Store, Tania Ruiz Sanchez types 'ARROW_DOWN' in Click Store, Tania Ruiz Sanchez types 'ENTER' in Click Store, Tania Ruiz Sanchez clicks on Click Languaje, Tania Ruiz Sanchez types 'ARROW_DOWN' in Click Languaje, Tania Ruiz Sanchez types 'ARROW_DOWN' in Click Languaje, Tania Ruiz Sanchez types 'ENTER' in Click Languaje, Tania Ruiz Sanchez clicks on Click boton Filter]], Then She looks for the information on the filter button]]
[Test worker] INFO net.thucydides.core.steps.ConsoleLoggingListener - 
        __    _____ _____ ____ _____   ____   _    ____  ____  _____ ____  
  _     \ \  |_   _| ____/ ___|_   _| |  _ \ / \  / ___|/ ___|| ____|  _ \ 
 (_)_____| |   | | |  _| \___ \ | |   | |_) / _ \ \___ \\___ \|  _| | | | |
  _|_____| |   | | | |___ ___) || |   |  __/ ___ \ ___) |___) | |___| |_| |
 (_)     | |   |_| |_____|____/ |_|   |_| /_/   \_\____/|____/|_____|____/ 
        /_/                                                                

TEST PASSED: Enter data to filter
----------------------------------------------------------------------------
[Test worker] WARN net.thucydides.core.steps.BaseStepListener - stepStarted: net.thucydides.core.steps.ExecutedStepDescription@33d9f217
[Test worker] WARN net.thucydides.core.steps.BaseStepListener - stepStarted: net.thucydides.core.steps.ExecutedStepDescription@514ab8c5
[Test worker] WARN net.thucydides.core.steps.BaseStepListener - stepStarted: net.thucydides.core.steps.ExecutedStepDescription@78650c66
may 03, 2022 9:10:49 PM org.openqa.selenium.remote.DesiredCapabilities chrome
INFORMACIÓN: Using `new ChromeOptions()` is preferred to `DesiredCapabilities.chrome()`
[Test worker] INFO net.serenitybdd.core.webdriver.driverproviders.ProvideNewDriver - Instantiating driver
[Test worker] INFO net.serenitybdd.core.webdriver.driverproviders.ProvideNewDriver - Driver capabilities: Capabilities {acceptInsecureCerts: false, browserName: chrome, chrome.switches: --start-maximized, goog:chromeOptions: {args: [--start-maximized], extensions: []}, loggingPrefs: org.openqa.selenium.logging..., platform: ANY, version: }
Starting ChromeDriver 99.0.4844.51 (d537ec02474b5afe23684e7963d538896c63ac77-refs/branch-heads/4844@{#875}) on port 47572
Only local connections are allowed.
Please see https://chromedriver.chromium.org/security-considerations for suggestions on keeping ChromeDriver safe.
ChromeDriver was started successfully.
[1651630250.439][WARNING]: This version of ChromeDriver has not been tested with Chrome version 100.
may 03, 2022 9:10:50 PM org.openqa.selenium.remote.ProtocolHandshake createSession
INFORMACIÓN: Detected dialect: W3C
[Test worker] WARN net.thucydides.core.steps.BaseStepListener - stepFinished: current outcome:Enter data to filter:Example: {username=demo, password=demo, seourl=SEO URL, query=product_id=47, keyword=hp-lp3065, store=Default, language=English} [Given Tania wants to filter data in the SEO URL list [Tania ruiz sanchez open up [Tania Ruiz Sanchez opens the Cart open page]], When She enter the data in the filter field
| username | password | seourl | query | keyword | store | language |
| demo | demo | SEO URL | product_id=47 | hp-lp3065 | Default | English | [Tania ruiz sanchez filter [Tania Ruiz Sanchez enters 'demo' into enter username, Tania Ruiz Sanchez enters 'demo' into enter password, Tania Ruiz Sanchez clicks on Click on the login button, Tania Ruiz Sanchez clicks on Click on Desing, Tania Ruiz Sanchez clicks on Select SEO URL, Tania Ruiz Sanchez enters 'product_id=47' into Write the query, Tania Ruiz Sanchez enters 'hp-lp3065' into Write the keyword, Tania Ruiz Sanchez clicks on Click Store, Tania Ruiz Sanchez types 'ARROW_DOWN' in Click Store, Tania Ruiz Sanchez types 'ARROW_DOWN' in Click Store, Tania Ruiz Sanchez types 'ENTER' in Click Store, Tania Ruiz Sanchez clicks on Click Languaje, Tania Ruiz Sanchez types 'ARROW_DOWN' in Click Languaje, Tania Ruiz Sanchez types 'ARROW_DOWN' in Click Languaje, Tania Ruiz Sanchez types 'ENTER' in Click Languaje, Tania Ruiz Sanchez clicks on Click boton Filter]], Then She looks for the information on the filter button], Example: {username=demo, password=demo, seourl=SEO URL, query=product_id=41, keyword=imac, store=Default, language=English} [Given Tania wants to filter data in the SEO URL list [Tania ruiz sanchez open up [Tania Ruiz Sanchez opens the Cart open page]], When She enter the data in the filter field
| username | password | seourl | query | keyword | store | language |
| demo | demo | SEO URL | product_id=41 | imac | Default | English | [Tania ruiz sanchez filter [Tania Ruiz Sanchez enters 'demo' into enter username, Tania Ruiz Sanchez enters 'demo' into enter password, Tania Ruiz Sanchez clicks on Click on the login button, Tania Ruiz Sanchez clicks on Click on Desing, Tania Ruiz Sanchez clicks on Select SEO URL, Tania Ruiz Sanchez enters 'product_id=41' into Write the query, Tania Ruiz Sanchez enters 'imac' into Write the keyword, Tania Ruiz Sanchez clicks on Click Store, Tania Ruiz Sanchez types 'ARROW_DOWN' in Click Store, Tania Ruiz Sanchez types 'ARROW_DOWN' in Click Store, Tania Ruiz Sanchez types 'ENTER' in Click Store, Tania Ruiz Sanchez clicks on Click Languaje, Tania Ruiz Sanchez types 'ARROW_DOWN' in Click Languaje, Tania Ruiz Sanchez types 'ARROW_DOWN' in Click Languaje, Tania Ruiz Sanchez types 'ENTER' in Click Languaje, Tania Ruiz Sanchez clicks on Click boton Filter]], Then She looks for the information on the filter button], Example: {username=demo, password=demo, seourl=SEO URL, query=category_id=18, keyword=laptop-notebook, store=Default, language=English} [Given Tania wants to filter data in the SEO URL list [Tania ruiz sanchez open up [Tania Ruiz Sanchez opens the Cart open page]]]
[Test worker] WARN net.thucydides.core.steps.BaseStepListener - stepFinished: current outcome:Enter data to filter:Example: {username=demo, password=demo, seourl=SEO URL, query=product_id=47, keyword=hp-lp3065, store=Default, language=English} [Given Tania wants to filter data in the SEO URL list [Tania ruiz sanchez open up [Tania Ruiz Sanchez opens the Cart open page]], When She enter the data in the filter field
| username | password | seourl | query | keyword | store | language |
| demo | demo | SEO URL | product_id=47 | hp-lp3065 | Default | English | [Tania ruiz sanchez filter [Tania Ruiz Sanchez enters 'demo' into enter username, Tania Ruiz Sanchez enters 'demo' into enter password, Tania Ruiz Sanchez clicks on Click on the login button, Tania Ruiz Sanchez clicks on Click on Desing, Tania Ruiz Sanchez clicks on Select SEO URL, Tania Ruiz Sanchez enters 'product_id=47' into Write the query, Tania Ruiz Sanchez enters 'hp-lp3065' into Write the keyword, Tania Ruiz Sanchez clicks on Click Store, Tania Ruiz Sanchez types 'ARROW_DOWN' in Click Store, Tania Ruiz Sanchez types 'ARROW_DOWN' in Click Store, Tania Ruiz Sanchez types 'ENTER' in Click Store, Tania Ruiz Sanchez clicks on Click Languaje, Tania Ruiz Sanchez types 'ARROW_DOWN' in Click Languaje, Tania Ruiz Sanchez types 'ARROW_DOWN' in Click Languaje, Tania Ruiz Sanchez types 'ENTER' in Click Languaje, Tania Ruiz Sanchez clicks on Click boton Filter]], Then She looks for the information on the filter button], Example: {username=demo, password=demo, seourl=SEO URL, query=product_id=41, keyword=imac, store=Default, language=English} [Given Tania wants to filter data in the SEO URL list [Tania ruiz sanchez open up [Tania Ruiz Sanchez opens the Cart open page]], When She enter the data in the filter field
| username | password | seourl | query | keyword | store | language |
| demo | demo | SEO URL | product_id=41 | imac | Default | English | [Tania ruiz sanchez filter [Tania Ruiz Sanchez enters 'demo' into enter username, Tania Ruiz Sanchez enters 'demo' into enter password, Tania Ruiz Sanchez clicks on Click on the login button, Tania Ruiz Sanchez clicks on Click on Desing, Tania Ruiz Sanchez clicks on Select SEO URL, Tania Ruiz Sanchez enters 'product_id=41' into Write the query, Tania Ruiz Sanchez enters 'imac' into Write the keyword, Tania Ruiz Sanchez clicks on Click Store, Tania Ruiz Sanchez types 'ARROW_DOWN' in Click Store, Tania Ruiz Sanchez types 'ARROW_DOWN' in Click Store, Tania Ruiz Sanchez types 'ENTER' in Click Store, Tania Ruiz Sanchez clicks on Click Languaje, Tania Ruiz Sanchez types 'ARROW_DOWN' in Click Languaje, Tania Ruiz Sanchez types 'ARROW_DOWN' in Click Languaje, Tania Ruiz Sanchez types 'ENTER' in Click Languaje, Tania Ruiz Sanchez clicks on Click boton Filter]], Then She looks for the information on the filter button], Example: {username=demo, password=demo, seourl=SEO URL, query=category_id=18, keyword=laptop-notebook, store=Default, language=English} [Given Tania wants to filter data in the SEO URL list [Tania ruiz sanchez open up [Tania Ruiz Sanchez opens the Cart open page]]]
[Test worker] WARN net.thucydides.core.steps.BaseStepListener - stepFinished: current outcome:Enter data to filter:Example: {username=demo, password=demo, seourl=SEO URL, query=product_id=47, keyword=hp-lp3065, store=Default, language=English} [Given Tania wants to filter data in the SEO URL list [Tania ruiz sanchez open up [Tania Ruiz Sanchez opens the Cart open page]], When She enter the data in the filter field
| username | password | seourl | query | keyword | store | language |
| demo | demo | SEO URL | product_id=47 | hp-lp3065 | Default | English | [Tania ruiz sanchez filter [Tania Ruiz Sanchez enters 'demo' into enter username, Tania Ruiz Sanchez enters 'demo' into enter password, Tania Ruiz Sanchez clicks on Click on the login button, Tania Ruiz Sanchez clicks on Click on Desing, Tania Ruiz Sanchez clicks on Select SEO URL, Tania Ruiz Sanchez enters 'product_id=47' into Write the query, Tania Ruiz Sanchez enters 'hp-lp3065' into Write the keyword, Tania Ruiz Sanchez clicks on Click Store, Tania Ruiz Sanchez types 'ARROW_DOWN' in Click Store, Tania Ruiz Sanchez types 'ARROW_DOWN' in Click Store, Tania Ruiz Sanchez types 'ENTER' in Click Store, Tania Ruiz Sanchez clicks on Click Languaje, Tania Ruiz Sanchez types 'ARROW_DOWN' in Click Languaje, Tania Ruiz Sanchez types 'ARROW_DOWN' in Click Languaje, Tania Ruiz Sanchez types 'ENTER' in Click Languaje, Tania Ruiz Sanchez clicks on Click boton Filter]], Then She looks for the information on the filter button], Example: {username=demo, password=demo, seourl=SEO URL, query=product_id=41, keyword=imac, store=Default, language=English} [Given Tania wants to filter data in the SEO URL list [Tania ruiz sanchez open up [Tania Ruiz Sanchez opens the Cart open page]], When She enter the data in the filter field
| username | password | seourl | query | keyword | store | language |
| demo | demo | SEO URL | product_id=41 | imac | Default | English | [Tania ruiz sanchez filter [Tania Ruiz Sanchez enters 'demo' into enter username, Tania Ruiz Sanchez enters 'demo' into enter password, Tania Ruiz Sanchez clicks on Click on the login button, Tania Ruiz Sanchez clicks on Click on Desing, Tania Ruiz Sanchez clicks on Select SEO URL, Tania Ruiz Sanchez enters 'product_id=41' into Write the query, Tania Ruiz Sanchez enters 'imac' into Write the keyword, Tania Ruiz Sanchez clicks on Click Store, Tania Ruiz Sanchez types 'ARROW_DOWN' in Click Store, Tania Ruiz Sanchez types 'ARROW_DOWN' in Click Store, Tania Ruiz Sanchez types 'ENTER' in Click Store, Tania Ruiz Sanchez clicks on Click Languaje, Tania Ruiz Sanchez types 'ARROW_DOWN' in Click Languaje, Tania Ruiz Sanchez types 'ARROW_DOWN' in Click Languaje, Tania Ruiz Sanchez types 'ENTER' in Click Languaje, Tania Ruiz Sanchez clicks on Click boton Filter]], Then She looks for the information on the filter button], Example: {username=demo, password=demo, seourl=SEO URL, query=category_id=18, keyword=laptop-notebook, store=Default, language=English} [Given Tania wants to filter data in the SEO URL list [Tania ruiz sanchez open up [Tania Ruiz Sanchez opens the Cart open page]]]
[Test worker] WARN net.thucydides.core.steps.BaseStepListener - stepStarted: net.thucydides.core.steps.ExecutedStepDescription@35401d07
[Test worker] WARN net.thucydides.core.steps.BaseStepListener - stepStarted: net.thucydides.core.steps.ExecutedStepDescription@213f908f
[Test worker] WARN net.thucydides.core.steps.BaseStepListener - stepStarted: net.thucydides.core.steps.ExecutedStepDescription@293c924
[Test worker] WARN net.thucydides.core.steps.BaseStepListener - stepFinished: current outcome:Enter data to filter:Example: {username=demo, password=demo, seourl=SEO URL, query=product_id=47, keyword=hp-lp3065, store=Default, language=English} [Given Tania wants to filter data in the SEO URL list [Tania ruiz sanchez open up [Tania Ruiz Sanchez opens the Cart open page]], When She enter the data in the filter field
| username | password | seourl | query | keyword | store | language |
| demo | demo | SEO URL | product_id=47 | hp-lp3065 | Default | English | [Tania ruiz sanchez filter [Tania Ruiz Sanchez enters 'demo' into enter username, Tania Ruiz Sanchez enters 'demo' into enter password, Tania Ruiz Sanchez clicks on Click on the login button, Tania Ruiz Sanchez clicks on Click on Desing, Tania Ruiz Sanchez clicks on Select SEO URL, Tania Ruiz Sanchez enters 'product_id=47' into Write the query, Tania Ruiz Sanchez enters 'hp-lp3065' into Write the keyword, Tania Ruiz Sanchez clicks on Click Store, Tania Ruiz Sanchez types 'ARROW_DOWN' in Click Store, Tania Ruiz Sanchez types 'ARROW_DOWN' in Click Store, Tania Ruiz Sanchez types 'ENTER' in Click Store, Tania Ruiz Sanchez clicks on Click Languaje, Tania Ruiz Sanchez types 'ARROW_DOWN' in Click Languaje, Tania Ruiz Sanchez types 'ARROW_DOWN' in Click Languaje, Tania Ruiz Sanchez types 'ENTER' in Click Languaje, Tania Ruiz Sanchez clicks on Click boton Filter]], Then She looks for the information on the filter button], Example: {username=demo, password=demo, seourl=SEO URL, query=product_id=41, keyword=imac, store=Default, language=English} [Given Tania wants to filter data in the SEO URL list [Tania ruiz sanchez open up [Tania Ruiz Sanchez opens the Cart open page]], When She enter the data in the filter field
| username | password | seourl | query | keyword | store | language |
| demo | demo | SEO URL | product_id=41 | imac | Default | English | [Tania ruiz sanchez filter [Tania Ruiz Sanchez enters 'demo' into enter username, Tania Ruiz Sanchez enters 'demo' into enter password, Tania Ruiz Sanchez clicks on Click on the login button, Tania Ruiz Sanchez clicks on Click on Desing, Tania Ruiz Sanchez clicks on Select SEO URL, Tania Ruiz Sanchez enters 'product_id=41' into Write the query, Tania Ruiz Sanchez enters 'imac' into Write the keyword, Tania Ruiz Sanchez clicks on Click Store, Tania Ruiz Sanchez types 'ARROW_DOWN' in Click Store, Tania Ruiz Sanchez types 'ARROW_DOWN' in Click Store, Tania Ruiz Sanchez types 'ENTER' in Click Store, Tania Ruiz Sanchez clicks on Click Languaje, Tania Ruiz Sanchez types 'ARROW_DOWN' in Click Languaje, Tania Ruiz Sanchez types 'ARROW_DOWN' in Click Languaje, Tania Ruiz Sanchez types 'ENTER' in Click Languaje, Tania Ruiz Sanchez clicks on Click boton Filter]], Then She looks for the information on the filter button], Example: {username=demo, password=demo, seourl=SEO URL, query=category_id=18, keyword=laptop-notebook, store=Default, language=English} [Given Tania wants to filter data in the SEO URL list [Tania ruiz sanchez open up [Tania Ruiz Sanchez opens the Cart open page]], When She enter the data in the filter field
| username | password | seourl | query | keyword | store | language |
| demo | demo | SEO URL | category_id=18 | laptop-notebook | Default | English | [Tania ruiz sanchez filter [Tania Ruiz Sanchez enters 'demo' into enter username]]]
[Test worker] WARN net.thucydides.core.steps.BaseStepListener - stepStarted: net.thucydides.core.steps.ExecutedStepDescription@17a34779
[Test worker] WARN net.thucydides.core.steps.BaseStepListener - stepFinished: current outcome:Enter data to filter:Example: {username=demo, password=demo, seourl=SEO URL, query=product_id=47, keyword=hp-lp3065, store=Default, language=English} [Given Tania wants to filter data in the SEO URL list [Tania ruiz sanchez open up [Tania Ruiz Sanchez opens the Cart open page]], When She enter the data in the filter field
| username | password | seourl | query | keyword | store | language |
| demo | demo | SEO URL | product_id=47 | hp-lp3065 | Default | English | [Tania ruiz sanchez filter [Tania Ruiz Sanchez enters 'demo' into enter username, Tania Ruiz Sanchez enters 'demo' into enter password, Tania Ruiz Sanchez clicks on Click on the login button, Tania Ruiz Sanchez clicks on Click on Desing, Tania Ruiz Sanchez clicks on Select SEO URL, Tania Ruiz Sanchez enters 'product_id=47' into Write the query, Tania Ruiz Sanchez enters 'hp-lp3065' into Write the keyword, Tania Ruiz Sanchez clicks on Click Store, Tania Ruiz Sanchez types 'ARROW_DOWN' in Click Store, Tania Ruiz Sanchez types 'ARROW_DOWN' in Click Store, Tania Ruiz Sanchez types 'ENTER' in Click Store, Tania Ruiz Sanchez clicks on Click Languaje, Tania Ruiz Sanchez types 'ARROW_DOWN' in Click Languaje, Tania Ruiz Sanchez types 'ARROW_DOWN' in Click Languaje, Tania Ruiz Sanchez types 'ENTER' in Click Languaje, Tania Ruiz Sanchez clicks on Click boton Filter]], Then She looks for the information on the filter button], Example: {username=demo, password=demo, seourl=SEO URL, query=product_id=41, keyword=imac, store=Default, language=English} [Given Tania wants to filter data in the SEO URL list [Tania ruiz sanchez open up [Tania Ruiz Sanchez opens the Cart open page]], When She enter the data in the filter field
| username | password | seourl | query | keyword | store | language |
| demo | demo | SEO URL | product_id=41 | imac | Default | English | [Tania ruiz sanchez filter [Tania Ruiz Sanchez enters 'demo' into enter username, Tania Ruiz Sanchez enters 'demo' into enter password, Tania Ruiz Sanchez clicks on Click on the login button, Tania Ruiz Sanchez clicks on Click on Desing, Tania Ruiz Sanchez clicks on Select SEO URL, Tania Ruiz Sanchez enters 'product_id=41' into Write the query, Tania Ruiz Sanchez enters 'imac' into Write the keyword, Tania Ruiz Sanchez clicks on Click Store, Tania Ruiz Sanchez types 'ARROW_DOWN' in Click Store, Tania Ruiz Sanchez types 'ARROW_DOWN' in Click Store, Tania Ruiz Sanchez types 'ENTER' in Click Store, Tania Ruiz Sanchez clicks on Click Languaje, Tania Ruiz Sanchez types 'ARROW_DOWN' in Click Languaje, Tania Ruiz Sanchez types 'ARROW_DOWN' in Click Languaje, Tania Ruiz Sanchez types 'ENTER' in Click Languaje, Tania Ruiz Sanchez clicks on Click boton Filter]], Then She looks for the information on the filter button], Example: {username=demo, password=demo, seourl=SEO URL, query=category_id=18, keyword=laptop-notebook, store=Default, language=English} [Given Tania wants to filter data in the SEO URL list [Tania ruiz sanchez open up [Tania Ruiz Sanchez opens the Cart open page]], When She enter the data in the filter field
| username | password | seourl | query | keyword | store | language |
| demo | demo | SEO URL | category_id=18 | laptop-notebook | Default | English | [Tania ruiz sanchez filter [Tania Ruiz Sanchez enters 'demo' into enter username, Tania Ruiz Sanchez enters 'demo' into enter password]]]
[Test worker] WARN net.thucydides.core.steps.BaseStepListener - stepStarted: net.thucydides.core.steps.ExecutedStepDescription@6e30017b
[Test worker] WARN net.thucydides.core.steps.BaseStepListener - stepFinished: current outcome:Enter data to filter:Example: {username=demo, password=demo, seourl=SEO URL, query=product_id=47, keyword=hp-lp3065, store=Default, language=English} [Given Tania wants to filter data in the SEO URL list [Tania ruiz sanchez open up [Tania Ruiz Sanchez opens the Cart open page]], When She enter the data in the filter field
| username | password | seourl | query | keyword | store | language |
| demo | demo | SEO URL | product_id=47 | hp-lp3065 | Default | English | [Tania ruiz sanchez filter [Tania Ruiz Sanchez enters 'demo' into enter username, Tania Ruiz Sanchez enters 'demo' into enter password, Tania Ruiz Sanchez clicks on Click on the login button, Tania Ruiz Sanchez clicks on Click on Desing, Tania Ruiz Sanchez clicks on Select SEO URL, Tania Ruiz Sanchez enters 'product_id=47' into Write the query, Tania Ruiz Sanchez enters 'hp-lp3065' into Write the keyword, Tania Ruiz Sanchez clicks on Click Store, Tania Ruiz Sanchez types 'ARROW_DOWN' in Click Store, Tania Ruiz Sanchez types 'ARROW_DOWN' in Click Store, Tania Ruiz Sanchez types 'ENTER' in Click Store, Tania Ruiz Sanchez clicks on Click Languaje, Tania Ruiz Sanchez types 'ARROW_DOWN' in Click Languaje, Tania Ruiz Sanchez types 'ARROW_DOWN' in Click Languaje, Tania Ruiz Sanchez types 'ENTER' in Click Languaje, Tania Ruiz Sanchez clicks on Click boton Filter]], Then She looks for the information on the filter button], Example: {username=demo, password=demo, seourl=SEO URL, query=product_id=41, keyword=imac, store=Default, language=English} [Given Tania wants to filter data in the SEO URL list [Tania ruiz sanchez open up [Tania Ruiz Sanchez opens the Cart open page]], When She enter the data in the filter field
| username | password | seourl | query | keyword | store | language |
| demo | demo | SEO URL | product_id=41 | imac | Default | English | [Tania ruiz sanchez filter [Tania Ruiz Sanchez enters 'demo' into enter username, Tania Ruiz Sanchez enters 'demo' into enter password, Tania Ruiz Sanchez clicks on Click on the login button, Tania Ruiz Sanchez clicks on Click on Desing, Tania Ruiz Sanchez clicks on Select SEO URL, Tania Ruiz Sanchez enters 'product_id=41' into Write the query, Tania Ruiz Sanchez enters 'imac' into Write the keyword, Tania Ruiz Sanchez clicks on Click Store, Tania Ruiz Sanchez types 'ARROW_DOWN' in Click Store, Tania Ruiz Sanchez types 'ARROW_DOWN' in Click Store, Tania Ruiz Sanchez types 'ENTER' in Click Store, Tania Ruiz Sanchez clicks on Click Languaje, Tania Ruiz Sanchez types 'ARROW_DOWN' in Click Languaje, Tania Ruiz Sanchez types 'ARROW_DOWN' in Click Languaje, Tania Ruiz Sanchez types 'ENTER' in Click Languaje, Tania Ruiz Sanchez clicks on Click boton Filter]], Then She looks for the information on the filter button], Example: {username=demo, password=demo, seourl=SEO URL, query=category_id=18, keyword=laptop-notebook, store=Default, language=English} [Given Tania wants to filter data in the SEO URL list [Tania ruiz sanchez open up [Tania Ruiz Sanchez opens the Cart open page]], When She enter the data in the filter field
| username | password | seourl | query | keyword | store | language |
| demo | demo | SEO URL | category_id=18 | laptop-notebook | Default | English | [Tania ruiz sanchez filter [Tania Ruiz Sanchez enters 'demo' into enter username, Tania Ruiz Sanchez enters 'demo' into enter password, Tania Ruiz Sanchez clicks on Click on the login button]]]
[Test worker] WARN net.thucydides.core.steps.BaseStepListener - stepStarted: net.thucydides.core.steps.ExecutedStepDescription@6e8eea9d
[Test worker] WARN net.thucydides.core.steps.BaseStepListener - stepFinished: current outcome:Enter data to filter:Example: {username=demo, password=demo, seourl=SEO URL, query=product_id=47, keyword=hp-lp3065, store=Default, language=English} [Given Tania wants to filter data in the SEO URL list [Tania ruiz sanchez open up [Tania Ruiz Sanchez opens the Cart open page]], When She enter the data in the filter field
| username | password | seourl | query | keyword | store | language |
| demo | demo | SEO URL | product_id=47 | hp-lp3065 | Default | English | [Tania ruiz sanchez filter [Tania Ruiz Sanchez enters 'demo' into enter username, Tania Ruiz Sanchez enters 'demo' into enter password, Tania Ruiz Sanchez clicks on Click on the login button, Tania Ruiz Sanchez clicks on Click on Desing, Tania Ruiz Sanchez clicks on Select SEO URL, Tania Ruiz Sanchez enters 'product_id=47' into Write the query, Tania Ruiz Sanchez enters 'hp-lp3065' into Write the keyword, Tania Ruiz Sanchez clicks on Click Store, Tania Ruiz Sanchez types 'ARROW_DOWN' in Click Store, Tania Ruiz Sanchez types 'ARROW_DOWN' in Click Store, Tania Ruiz Sanchez types 'ENTER' in Click Store, Tania Ruiz Sanchez clicks on Click Languaje, Tania Ruiz Sanchez types 'ARROW_DOWN' in Click Languaje, Tania Ruiz Sanchez types 'ARROW_DOWN' in Click Languaje, Tania Ruiz Sanchez types 'ENTER' in Click Languaje, Tania Ruiz Sanchez clicks on Click boton Filter]], Then She looks for the information on the filter button], Example: {username=demo, password=demo, seourl=SEO URL, query=product_id=41, keyword=imac, store=Default, language=English} [Given Tania wants to filter data in the SEO URL list [Tania ruiz sanchez open up [Tania Ruiz Sanchez opens the Cart open page]], When She enter the data in the filter field
| username | password | seourl | query | keyword | store | language |
| demo | demo | SEO URL | product_id=41 | imac | Default | English | [Tania ruiz sanchez filter [Tania Ruiz Sanchez enters 'demo' into enter username, Tania Ruiz Sanchez enters 'demo' into enter password, Tania Ruiz Sanchez clicks on Click on the login button, Tania Ruiz Sanchez clicks on Click on Desing, Tania Ruiz Sanchez clicks on Select SEO URL, Tania Ruiz Sanchez enters 'product_id=41' into Write the query, Tania Ruiz Sanchez enters 'imac' into Write the keyword, Tania Ruiz Sanchez clicks on Click Store, Tania Ruiz Sanchez types 'ARROW_DOWN' in Click Store, Tania Ruiz Sanchez types 'ARROW_DOWN' in Click Store, Tania Ruiz Sanchez types 'ENTER' in Click Store, Tania Ruiz Sanchez clicks on Click Languaje, Tania Ruiz Sanchez types 'ARROW_DOWN' in Click Languaje, Tania Ruiz Sanchez types 'ARROW_DOWN' in Click Languaje, Tania Ruiz Sanchez types 'ENTER' in Click Languaje, Tania Ruiz Sanchez clicks on Click boton Filter]], Then She looks for the information on the filter button], Example: {username=demo, password=demo, seourl=SEO URL, query=category_id=18, keyword=laptop-notebook, store=Default, language=English} [Given Tania wants to filter data in the SEO URL list [Tania ruiz sanchez open up [Tania Ruiz Sanchez opens the Cart open page]], When She enter the data in the filter field
| username | password | seourl | query | keyword | store | language |
| demo | demo | SEO URL | category_id=18 | laptop-notebook | Default | English | [Tania ruiz sanchez filter [Tania Ruiz Sanchez enters 'demo' into enter username, Tania Ruiz Sanchez enters 'demo' into enter password, Tania Ruiz Sanchez clicks on Click on the login button, Tania Ruiz Sanchez clicks on Click on Desing]]]
[Test worker] WARN net.thucydides.core.steps.BaseStepListener - stepStarted: net.thucydides.core.steps.ExecutedStepDescription@512e4a8e
[Test worker] WARN net.thucydides.core.steps.BaseStepListener - stepFinished: current outcome:Enter data to filter:Example: {username=demo, password=demo, seourl=SEO URL, query=product_id=47, keyword=hp-lp3065, store=Default, language=English} [Given Tania wants to filter data in the SEO URL list [Tania ruiz sanchez open up [Tania Ruiz Sanchez opens the Cart open page]], When She enter the data in the filter field
| username | password | seourl | query | keyword | store | language |
| demo | demo | SEO URL | product_id=47 | hp-lp3065 | Default | English | [Tania ruiz sanchez filter [Tania Ruiz Sanchez enters 'demo' into enter username, Tania Ruiz Sanchez enters 'demo' into enter password, Tania Ruiz Sanchez clicks on Click on the login button, Tania Ruiz Sanchez clicks on Click on Desing, Tania Ruiz Sanchez clicks on Select SEO URL, Tania Ruiz Sanchez enters 'product_id=47' into Write the query, Tania Ruiz Sanchez enters 'hp-lp3065' into Write the keyword, Tania Ruiz Sanchez clicks on Click Store, Tania Ruiz Sanchez types 'ARROW_DOWN' in Click Store, Tania Ruiz Sanchez types 'ARROW_DOWN' in Click Store, Tania Ruiz Sanchez types 'ENTER' in Click Store, Tania Ruiz Sanchez clicks on Click Languaje, Tania Ruiz Sanchez types 'ARROW_DOWN' in Click Languaje, Tania Ruiz Sanchez types 'ARROW_DOWN' in Click Languaje, Tania Ruiz Sanchez types 'ENTER' in Click Languaje, Tania Ruiz Sanchez clicks on Click boton Filter]], Then She looks for the information on the filter button], Example: {username=demo, password=demo, seourl=SEO URL, query=product_id=41, keyword=imac, store=Default, language=English} [Given Tania wants to filter data in the SEO URL list [Tania ruiz sanchez open up [Tania Ruiz Sanchez opens the Cart open page]], When She enter the data in the filter field
| username | password | seourl | query | keyword | store | language |
| demo | demo | SEO URL | product_id=41 | imac | Default | English | [Tania ruiz sanchez filter [Tania Ruiz Sanchez enters 'demo' into enter username, Tania Ruiz Sanchez enters 'demo' into enter password, Tania Ruiz Sanchez clicks on Click on the login button, Tania Ruiz Sanchez clicks on Click on Desing, Tania Ruiz Sanchez clicks on Select SEO URL, Tania Ruiz Sanchez enters 'product_id=41' into Write the query, Tania Ruiz Sanchez enters 'imac' into Write the keyword, Tania Ruiz Sanchez clicks on Click Store, Tania Ruiz Sanchez types 'ARROW_DOWN' in Click Store, Tania Ruiz Sanchez types 'ARROW_DOWN' in Click Store, Tania Ruiz Sanchez types 'ENTER' in Click Store, Tania Ruiz Sanchez clicks on Click Languaje, Tania Ruiz Sanchez types 'ARROW_DOWN' in Click Languaje, Tania Ruiz Sanchez types 'ARROW_DOWN' in Click Languaje, Tania Ruiz Sanchez types 'ENTER' in Click Languaje, Tania Ruiz Sanchez clicks on Click boton Filter]], Then She looks for the information on the filter button], Example: {username=demo, password=demo, seourl=SEO URL, query=category_id=18, keyword=laptop-notebook, store=Default, language=English} [Given Tania wants to filter data in the SEO URL list [Tania ruiz sanchez open up [Tania Ruiz Sanchez opens the Cart open page]], When She enter the data in the filter field
| username | password | seourl | query | keyword | store | language |
| demo | demo | SEO URL | category_id=18 | laptop-notebook | Default | English | [Tania ruiz sanchez filter [Tania Ruiz Sanchez enters 'demo' into enter username, Tania Ruiz Sanchez enters 'demo' into enter password, Tania Ruiz Sanchez clicks on Click on the login button, Tania Ruiz Sanchez clicks on Click on Desing, Tania Ruiz Sanchez clicks on Select SEO URL]]]
[Test worker] WARN net.thucydides.core.steps.BaseStepListener - stepStarted: net.thucydides.core.steps.ExecutedStepDescription@6ecab0bc
[Test worker] WARN net.thucydides.core.steps.BaseStepListener - stepFinished: current outcome:Enter data to filter:Example: {username=demo, password=demo, seourl=SEO URL, query=product_id=47, keyword=hp-lp3065, store=Default, language=English} [Given Tania wants to filter data in the SEO URL list [Tania ruiz sanchez open up [Tania Ruiz Sanchez opens the Cart open page]], When She enter the data in the filter field
| username | password | seourl | query | keyword | store | language |
| demo | demo | SEO URL | product_id=47 | hp-lp3065 | Default | English | [Tania ruiz sanchez filter [Tania Ruiz Sanchez enters 'demo' into enter username, Tania Ruiz Sanchez enters 'demo' into enter password, Tania Ruiz Sanchez clicks on Click on the login button, Tania Ruiz Sanchez clicks on Click on Desing, Tania Ruiz Sanchez clicks on Select SEO URL, Tania Ruiz Sanchez enters 'product_id=47' into Write the query, Tania Ruiz Sanchez enters 'hp-lp3065' into Write the keyword, Tania Ruiz Sanchez clicks on Click Store, Tania Ruiz Sanchez types 'ARROW_DOWN' in Click Store, Tania Ruiz Sanchez types 'ARROW_DOWN' in Click Store, Tania Ruiz Sanchez types 'ENTER' in Click Store, Tania Ruiz Sanchez clicks on Click Languaje, Tania Ruiz Sanchez types 'ARROW_DOWN' in Click Languaje, Tania Ruiz Sanchez types 'ARROW_DOWN' in Click Languaje, Tania Ruiz Sanchez types 'ENTER' in Click Languaje, Tania Ruiz Sanchez clicks on Click boton Filter]], Then She looks for the information on the filter button], Example: {username=demo, password=demo, seourl=SEO URL, query=product_id=41, keyword=imac, store=Default, language=English} [Given Tania wants to filter data in the SEO URL list [Tania ruiz sanchez open up [Tania Ruiz Sanchez opens the Cart open page]], When She enter the data in the filter field
| username | password | seourl | query | keyword | store | language |
| demo | demo | SEO URL | product_id=41 | imac | Default | English | [Tania ruiz sanchez filter [Tania Ruiz Sanchez enters 'demo' into enter username, Tania Ruiz Sanchez enters 'demo' into enter password, Tania Ruiz Sanchez clicks on Click on the login button, Tania Ruiz Sanchez clicks on Click on Desing, Tania Ruiz Sanchez clicks on Select SEO URL, Tania Ruiz Sanchez enters 'product_id=41' into Write the query, Tania Ruiz Sanchez enters 'imac' into Write the keyword, Tania Ruiz Sanchez clicks on Click Store, Tania Ruiz Sanchez types 'ARROW_DOWN' in Click Store, Tania Ruiz Sanchez types 'ARROW_DOWN' in Click Store, Tania Ruiz Sanchez types 'ENTER' in Click Store, Tania Ruiz Sanchez clicks on Click Languaje, Tania Ruiz Sanchez types 'ARROW_DOWN' in Click Languaje, Tania Ruiz Sanchez types 'ARROW_DOWN' in Click Languaje, Tania Ruiz Sanchez types 'ENTER' in Click Languaje, Tania Ruiz Sanchez clicks on Click boton Filter]], Then She looks for the information on the filter button], Example: {username=demo, password=demo, seourl=SEO URL, query=category_id=18, keyword=laptop-notebook, store=Default, language=English} [Given Tania wants to filter data in the SEO URL list [Tania ruiz sanchez open up [Tania Ruiz Sanchez opens the Cart open page]], When She enter the data in the filter field
| username | password | seourl | query | keyword | store | language |
| demo | demo | SEO URL | category_id=18 | laptop-notebook | Default | English | [Tania ruiz sanchez filter [Tania Ruiz Sanchez enters 'demo' into enter username, Tania Ruiz Sanchez enters 'demo' into enter password, Tania Ruiz Sanchez clicks on Click on the login button, Tania Ruiz Sanchez clicks on Click on Desing, Tania Ruiz Sanchez clicks on Select SEO URL, Tania Ruiz Sanchez enters 'category_id=18' into Write the query]]]
[Test worker] WARN net.thucydides.core.steps.BaseStepListener - stepStarted: net.thucydides.core.steps.ExecutedStepDescription@7b67cd4e
[Test worker] WARN net.thucydides.core.steps.BaseStepListener - stepFinished: current outcome:Enter data to filter:Example: {username=demo, password=demo, seourl=SEO URL, query=product_id=47, keyword=hp-lp3065, store=Default, language=English} [Given Tania wants to filter data in the SEO URL list [Tania ruiz sanchez open up [Tania Ruiz Sanchez opens the Cart open page]], When She enter the data in the filter field
| username | password | seourl | query | keyword | store | language |
| demo | demo | SEO URL | product_id=47 | hp-lp3065 | Default | English | [Tania ruiz sanchez filter [Tania Ruiz Sanchez enters 'demo' into enter username, Tania Ruiz Sanchez enters 'demo' into enter password, Tania Ruiz Sanchez clicks on Click on the login button, Tania Ruiz Sanchez clicks on Click on Desing, Tania Ruiz Sanchez clicks on Select SEO URL, Tania Ruiz Sanchez enters 'product_id=47' into Write the query, Tania Ruiz Sanchez enters 'hp-lp3065' into Write the keyword, Tania Ruiz Sanchez clicks on Click Store, Tania Ruiz Sanchez types 'ARROW_DOWN' in Click Store, Tania Ruiz Sanchez types 'ARROW_DOWN' in Click Store, Tania Ruiz Sanchez types 'ENTER' in Click Store, Tania Ruiz Sanchez clicks on Click Languaje, Tania Ruiz Sanchez types 'ARROW_DOWN' in Click Languaje, Tania Ruiz Sanchez types 'ARROW_DOWN' in Click Languaje, Tania Ruiz Sanchez types 'ENTER' in Click Languaje, Tania Ruiz Sanchez clicks on Click boton Filter]], Then She looks for the information on the filter button], Example: {username=demo, password=demo, seourl=SEO URL, query=product_id=41, keyword=imac, store=Default, language=English} [Given Tania wants to filter data in the SEO URL list [Tania ruiz sanchez open up [Tania Ruiz Sanchez opens the Cart open page]], When She enter the data in the filter field
| username | password | seourl | query | keyword | store | language |
| demo | demo | SEO URL | product_id=41 | imac | Default | English | [Tania ruiz sanchez filter [Tania Ruiz Sanchez enters 'demo' into enter username, Tania Ruiz Sanchez enters 'demo' into enter password, Tania Ruiz Sanchez clicks on Click on the login button, Tania Ruiz Sanchez clicks on Click on Desing, Tania Ruiz Sanchez clicks on Select SEO URL, Tania Ruiz Sanchez enters 'product_id=41' into Write the query, Tania Ruiz Sanchez enters 'imac' into Write the keyword, Tania Ruiz Sanchez clicks on Click Store, Tania Ruiz Sanchez types 'ARROW_DOWN' in Click Store, Tania Ruiz Sanchez types 'ARROW_DOWN' in Click Store, Tania Ruiz Sanchez types 'ENTER' in Click Store, Tania Ruiz Sanchez clicks on Click Languaje, Tania Ruiz Sanchez types 'ARROW_DOWN' in Click Languaje, Tania Ruiz Sanchez types 'ARROW_DOWN' in Click Languaje, Tania Ruiz Sanchez types 'ENTER' in Click Languaje, Tania Ruiz Sanchez clicks on Click boton Filter]], Then She looks for the information on the filter button], Example: {username=demo, password=demo, seourl=SEO URL, query=category_id=18, keyword=laptop-notebook, store=Default, language=English} [Given Tania wants to filter data in the SEO URL list [Tania ruiz sanchez open up [Tania Ruiz Sanchez opens the Cart open page]], When She enter the data in the filter field
| username | password | seourl | query | keyword | store | language |
| demo | demo | SEO URL | category_id=18 | laptop-notebook | Default | English | [Tania ruiz sanchez filter [Tania Ruiz Sanchez enters 'demo' into enter username, Tania Ruiz Sanchez enters 'demo' into enter password, Tania Ruiz Sanchez clicks on Click on the login button, Tania Ruiz Sanchez clicks on Click on Desing, Tania Ruiz Sanchez clicks on Select SEO URL, Tania Ruiz Sanchez enters 'category_id=18' into Write the query, Tania Ruiz Sanchez enters 'laptop-notebook' into Write the keyword]]]
[Test worker] WARN net.thucydides.core.steps.BaseStepListener - stepStarted: net.thucydides.core.steps.ExecutedStepDescription@38ab3d2c
[Test worker] WARN net.thucydides.core.steps.BaseStepListener - stepFinished: current outcome:Enter data to filter:Example: {username=demo, password=demo, seourl=SEO URL, query=product_id=47, keyword=hp-lp3065, store=Default, language=English} [Given Tania wants to filter data in the SEO URL list [Tania ruiz sanchez open up [Tania Ruiz Sanchez opens the Cart open page]], When She enter the data in the filter field
| username | password | seourl | query | keyword | store | language |
| demo | demo | SEO URL | product_id=47 | hp-lp3065 | Default | English | [Tania ruiz sanchez filter [Tania Ruiz Sanchez enters 'demo' into enter username, Tania Ruiz Sanchez enters 'demo' into enter password, Tania Ruiz Sanchez clicks on Click on the login button, Tania Ruiz Sanchez clicks on Click on Desing, Tania Ruiz Sanchez clicks on Select SEO URL, Tania Ruiz Sanchez enters 'product_id=47' into Write the query, Tania Ruiz Sanchez enters 'hp-lp3065' into Write the keyword, Tania Ruiz Sanchez clicks on Click Store, Tania Ruiz Sanchez types 'ARROW_DOWN' in Click Store, Tania Ruiz Sanchez types 'ARROW_DOWN' in Click Store, Tania Ruiz Sanchez types 'ENTER' in Click Store, Tania Ruiz Sanchez clicks on Click Languaje, Tania Ruiz Sanchez types 'ARROW_DOWN' in Click Languaje, Tania Ruiz Sanchez types 'ARROW_DOWN' in Click Languaje, Tania Ruiz Sanchez types 'ENTER' in Click Languaje, Tania Ruiz Sanchez clicks on Click boton Filter]], Then She looks for the information on the filter button], Example: {username=demo, password=demo, seourl=SEO URL, query=product_id=41, keyword=imac, store=Default, language=English} [Given Tania wants to filter data in the SEO URL list [Tania ruiz sanchez open up [Tania Ruiz Sanchez opens the Cart open page]], When She enter the data in the filter field
| username | password | seourl | query | keyword | store | language |
| demo | demo | SEO URL | product_id=41 | imac | Default | English | [Tania ruiz sanchez filter [Tania Ruiz Sanchez enters 'demo' into enter username, Tania Ruiz Sanchez enters 'demo' into enter password, Tania Ruiz Sanchez clicks on Click on the login button, Tania Ruiz Sanchez clicks on Click on Desing, Tania Ruiz Sanchez clicks on Select SEO URL, Tania Ruiz Sanchez enters 'product_id=41' into Write the query, Tania Ruiz Sanchez enters 'imac' into Write the keyword, Tania Ruiz Sanchez clicks on Click Store, Tania Ruiz Sanchez types 'ARROW_DOWN' in Click Store, Tania Ruiz Sanchez types 'ARROW_DOWN' in Click Store, Tania Ruiz Sanchez types 'ENTER' in Click Store, Tania Ruiz Sanchez clicks on Click Languaje, Tania Ruiz Sanchez types 'ARROW_DOWN' in Click Languaje, Tania Ruiz Sanchez types 'ARROW_DOWN' in Click Languaje, Tania Ruiz Sanchez types 'ENTER' in Click Languaje, Tania Ruiz Sanchez clicks on Click boton Filter]], Then She looks for the information on the filter button], Example: {username=demo, password=demo, seourl=SEO URL, query=category_id=18, keyword=laptop-notebook, store=Default, language=English} [Given Tania wants to filter data in the SEO URL list [Tania ruiz sanchez open up [Tania Ruiz Sanchez opens the Cart open page]], When She enter the data in the filter field
| username | password | seourl | query | keyword | store | language |
| demo | demo | SEO URL | category_id=18 | laptop-notebook | Default | English | [Tania ruiz sanchez filter [Tania Ruiz Sanchez enters 'demo' into enter username, Tania Ruiz Sanchez enters 'demo' into enter password, Tania Ruiz Sanchez clicks on Click on the login button, Tania Ruiz Sanchez clicks on Click on Desing, Tania Ruiz Sanchez clicks on Select SEO URL, Tania Ruiz Sanchez enters 'category_id=18' into Write the query, Tania Ruiz Sanchez enters 'laptop-notebook' into Write the keyword, Tania Ruiz Sanchez clicks on Click Store]]]
[Test worker] WARN net.thucydides.core.steps.BaseStepListener - stepStarted: net.thucydides.core.steps.ExecutedStepDescription@484a8834
[Test worker] WARN net.thucydides.core.steps.BaseStepListener - stepFinished: current outcome:Enter data to filter:Example: {username=demo, password=demo, seourl=SEO URL, query=product_id=47, keyword=hp-lp3065, store=Default, language=English} [Given Tania wants to filter data in the SEO URL list [Tania ruiz sanchez open up [Tania Ruiz Sanchez opens the Cart open page]], When She enter the data in the filter field
| username | password | seourl | query | keyword | store | language |
| demo | demo | SEO URL | product_id=47 | hp-lp3065 | Default | English | [Tania ruiz sanchez filter [Tania Ruiz Sanchez enters 'demo' into enter username, Tania Ruiz Sanchez enters 'demo' into enter password, Tania Ruiz Sanchez clicks on Click on the login button, Tania Ruiz Sanchez clicks on Click on Desing, Tania Ruiz Sanchez clicks on Select SEO URL, Tania Ruiz Sanchez enters 'product_id=47' into Write the query, Tania Ruiz Sanchez enters 'hp-lp3065' into Write the keyword, Tania Ruiz Sanchez clicks on Click Store, Tania Ruiz Sanchez types 'ARROW_DOWN' in Click Store, Tania Ruiz Sanchez types 'ARROW_DOWN' in Click Store, Tania Ruiz Sanchez types 'ENTER' in Click Store, Tania Ruiz Sanchez clicks on Click Languaje, Tania Ruiz Sanchez types 'ARROW_DOWN' in Click Languaje, Tania Ruiz Sanchez types 'ARROW_DOWN' in Click Languaje, Tania Ruiz Sanchez types 'ENTER' in Click Languaje, Tania Ruiz Sanchez clicks on Click boton Filter]], Then She looks for the information on the filter button], Example: {username=demo, password=demo, seourl=SEO URL, query=product_id=41, keyword=imac, store=Default, language=English} [Given Tania wants to filter data in the SEO URL list [Tania ruiz sanchez open up [Tania Ruiz Sanchez opens the Cart open page]], When She enter the data in the filter field
| username | password | seourl | query | keyword | store | language |
| demo | demo | SEO URL | product_id=41 | imac | Default | English | [Tania ruiz sanchez filter [Tania Ruiz Sanchez enters 'demo' into enter username, Tania Ruiz Sanchez enters 'demo' into enter password, Tania Ruiz Sanchez clicks on Click on the login button, Tania Ruiz Sanchez clicks on Click on Desing, Tania Ruiz Sanchez clicks on Select SEO URL, Tania Ruiz Sanchez enters 'product_id=41' into Write the query, Tania Ruiz Sanchez enters 'imac' into Write the keyword, Tania Ruiz Sanchez clicks on Click Store, Tania Ruiz Sanchez types 'ARROW_DOWN' in Click Store, Tania Ruiz Sanchez types 'ARROW_DOWN' in Click Store, Tania Ruiz Sanchez types 'ENTER' in Click Store, Tania Ruiz Sanchez clicks on Click Languaje, Tania Ruiz Sanchez types 'ARROW_DOWN' in Click Languaje, Tania Ruiz Sanchez types 'ARROW_DOWN' in Click Languaje, Tania Ruiz Sanchez types 'ENTER' in Click Languaje, Tania Ruiz Sanchez clicks on Click boton Filter]], Then She looks for the information on the filter button], Example: {username=demo, password=demo, seourl=SEO URL, query=category_id=18, keyword=laptop-notebook, store=Default, language=English} [Given Tania wants to filter data in the SEO URL list [Tania ruiz sanchez open up [Tania Ruiz Sanchez opens the Cart open page]], When She enter the data in the filter field
| username | password | seourl | query | keyword | store | language |
| demo | demo | SEO URL | category_id=18 | laptop-notebook | Default | English | [Tania ruiz sanchez filter [Tania Ruiz Sanchez enters 'demo' into enter username, Tania Ruiz Sanchez enters 'demo' into enter password, Tania Ruiz Sanchez clicks on Click on the login button, Tania Ruiz Sanchez clicks on Click on Desing, Tania Ruiz Sanchez clicks on Select SEO URL, Tania Ruiz Sanchez enters 'category_id=18' into Write the query, Tania Ruiz Sanchez enters 'laptop-notebook' into Write the keyword, Tania Ruiz Sanchez clicks on Click Store, Tania Ruiz Sanchez types 'ARROW_DOWN' in Click Store]]]
[Test worker] WARN net.thucydides.core.steps.BaseStepListener - stepStarted: net.thucydides.core.steps.ExecutedStepDescription@54220c9d
[Test worker] WARN net.thucydides.core.steps.BaseStepListener - stepFinished: current outcome:Enter data to filter:Example: {username=demo, password=demo, seourl=SEO URL, query=product_id=47, keyword=hp-lp3065, store=Default, language=English} [Given Tania wants to filter data in the SEO URL list [Tania ruiz sanchez open up [Tania Ruiz Sanchez opens the Cart open page]], When She enter the data in the filter field
| username | password | seourl | query | keyword | store | language |
| demo | demo | SEO URL | product_id=47 | hp-lp3065 | Default | English | [Tania ruiz sanchez filter [Tania Ruiz Sanchez enters 'demo' into enter username, Tania Ruiz Sanchez enters 'demo' into enter password, Tania Ruiz Sanchez clicks on Click on the login button, Tania Ruiz Sanchez clicks on Click on Desing, Tania Ruiz Sanchez clicks on Select SEO URL, Tania Ruiz Sanchez enters 'product_id=47' into Write the query, Tania Ruiz Sanchez enters 'hp-lp3065' into Write the keyword, Tania Ruiz Sanchez clicks on Click Store, Tania Ruiz Sanchez types 'ARROW_DOWN' in Click Store, Tania Ruiz Sanchez types 'ARROW_DOWN' in Click Store, Tania Ruiz Sanchez types 'ENTER' in Click Store, Tania Ruiz Sanchez clicks on Click Languaje, Tania Ruiz Sanchez types 'ARROW_DOWN' in Click Languaje, Tania Ruiz Sanchez types 'ARROW_DOWN' in Click Languaje, Tania Ruiz Sanchez types 'ENTER' in Click Languaje, Tania Ruiz Sanchez clicks on Click boton Filter]], Then She looks for the information on the filter button], Example: {username=demo, password=demo, seourl=SEO URL, query=product_id=41, keyword=imac, store=Default, language=English} [Given Tania wants to filter data in the SEO URL list [Tania ruiz sanchez open up [Tania Ruiz Sanchez opens the Cart open page]], When She enter the data in the filter field
| username | password | seourl | query | keyword | store | language |
| demo | demo | SEO URL | product_id=41 | imac | Default | English | [Tania ruiz sanchez filter [Tania Ruiz Sanchez enters 'demo' into enter username, Tania Ruiz Sanchez enters 'demo' into enter password, Tania Ruiz Sanchez clicks on Click on the login button, Tania Ruiz Sanchez clicks on Click on Desing, Tania Ruiz Sanchez clicks on Select SEO URL, Tania Ruiz Sanchez enters 'product_id=41' into Write the query, Tania Ruiz Sanchez enters 'imac' into Write the keyword, Tania Ruiz Sanchez clicks on Click Store, Tania Ruiz Sanchez types 'ARROW_DOWN' in Click Store, Tania Ruiz Sanchez types 'ARROW_DOWN' in Click Store, Tania Ruiz Sanchez types 'ENTER' in Click Store, Tania Ruiz Sanchez clicks on Click Languaje, Tania Ruiz Sanchez types 'ARROW_DOWN' in Click Languaje, Tania Ruiz Sanchez types 'ARROW_DOWN' in Click Languaje, Tania Ruiz Sanchez types 'ENTER' in Click Languaje, Tania Ruiz Sanchez clicks on Click boton Filter]], Then She looks for the information on the filter button], Example: {username=demo, password=demo, seourl=SEO URL, query=category_id=18, keyword=laptop-notebook, store=Default, language=English} [Given Tania wants to filter data in the SEO URL list [Tania ruiz sanchez open up [Tania Ruiz Sanchez opens the Cart open page]], When She enter the data in the filter field
| username | password | seourl | query | keyword | store | language |
| demo | demo | SEO URL | category_id=18 | laptop-notebook | Default | English | [Tania ruiz sanchez filter [Tania Ruiz Sanchez enters 'demo' into enter username, Tania Ruiz Sanchez enters 'demo' into enter password, Tania Ruiz Sanchez clicks on Click on the login button, Tania Ruiz Sanchez clicks on Click on Desing, Tania Ruiz Sanchez clicks on Select SEO URL, Tania Ruiz Sanchez enters 'category_id=18' into Write the query, Tania Ruiz Sanchez enters 'laptop-notebook' into Write the keyword, Tania Ruiz Sanchez clicks on Click Store, Tania Ruiz Sanchez types 'ARROW_DOWN' in Click Store, Tania Ruiz Sanchez types 'ARROW_DOWN' in Click Store]]]
[Test worker] WARN net.thucydides.core.steps.BaseStepListener - stepStarted: net.thucydides.core.steps.ExecutedStepDescription@5992db2c
[Test worker] WARN net.thucydides.core.steps.BaseStepListener - stepFinished: current outcome:Enter data to filter:Example: {username=demo, password=demo, seourl=SEO URL, query=product_id=47, keyword=hp-lp3065, store=Default, language=English} [Given Tania wants to filter data in the SEO URL list [Tania ruiz sanchez open up [Tania Ruiz Sanchez opens the Cart open page]], When She enter the data in the filter field
| username | password | seourl | query | keyword | store | language |
| demo | demo | SEO URL | product_id=47 | hp-lp3065 | Default | English | [Tania ruiz sanchez filter [Tania Ruiz Sanchez enters 'demo' into enter username, Tania Ruiz Sanchez enters 'demo' into enter password, Tania Ruiz Sanchez clicks on Click on the login button, Tania Ruiz Sanchez clicks on Click on Desing, Tania Ruiz Sanchez clicks on Select SEO URL, Tania Ruiz Sanchez enters 'product_id=47' into Write the query, Tania Ruiz Sanchez enters 'hp-lp3065' into Write the keyword, Tania Ruiz Sanchez clicks on Click Store, Tania Ruiz Sanchez types 'ARROW_DOWN' in Click Store, Tania Ruiz Sanchez types 'ARROW_DOWN' in Click Store, Tania Ruiz Sanchez types 'ENTER' in Click Store, Tania Ruiz Sanchez clicks on Click Languaje, Tania Ruiz Sanchez types 'ARROW_DOWN' in Click Languaje, Tania Ruiz Sanchez types 'ARROW_DOWN' in Click Languaje, Tania Ruiz Sanchez types 'ENTER' in Click Languaje, Tania Ruiz Sanchez clicks on Click boton Filter]], Then She looks for the information on the filter button], Example: {username=demo, password=demo, seourl=SEO URL, query=product_id=41, keyword=imac, store=Default, language=English} [Given Tania wants to filter data in the SEO URL list [Tania ruiz sanchez open up [Tania Ruiz Sanchez opens the Cart open page]], When She enter the data in the filter field
| username | password | seourl | query | keyword | store | language |
| demo | demo | SEO URL | product_id=41 | imac | Default | English | [Tania ruiz sanchez filter [Tania Ruiz Sanchez enters 'demo' into enter username, Tania Ruiz Sanchez enters 'demo' into enter password, Tania Ruiz Sanchez clicks on Click on the login button, Tania Ruiz Sanchez clicks on Click on Desing, Tania Ruiz Sanchez clicks on Select SEO URL, Tania Ruiz Sanchez enters 'product_id=41' into Write the query, Tania Ruiz Sanchez enters 'imac' into Write the keyword, Tania Ruiz Sanchez clicks on Click Store, Tania Ruiz Sanchez types 'ARROW_DOWN' in Click Store, Tania Ruiz Sanchez types 'ARROW_DOWN' in Click Store, Tania Ruiz Sanchez types 'ENTER' in Click Store, Tania Ruiz Sanchez clicks on Click Languaje, Tania Ruiz Sanchez types 'ARROW_DOWN' in Click Languaje, Tania Ruiz Sanchez types 'ARROW_DOWN' in Click Languaje, Tania Ruiz Sanchez types 'ENTER' in Click Languaje, Tania Ruiz Sanchez clicks on Click boton Filter]], Then She looks for the information on the filter button], Example: {username=demo, password=demo, seourl=SEO URL, query=category_id=18, keyword=laptop-notebook, store=Default, language=English} [Given Tania wants to filter data in the SEO URL list [Tania ruiz sanchez open up [Tania Ruiz Sanchez opens the Cart open page]], When She enter the data in the filter field
| username | password | seourl | query | keyword | store | language |
| demo | demo | SEO URL | category_id=18 | laptop-notebook | Default | English | [Tania ruiz sanchez filter [Tania Ruiz Sanchez enters 'demo' into enter username, Tania Ruiz Sanchez enters 'demo' into enter password, Tania Ruiz Sanchez clicks on Click on the login button, Tania Ruiz Sanchez clicks on Click on Desing, Tania Ruiz Sanchez clicks on Select SEO URL, Tania Ruiz Sanchez enters 'category_id=18' into Write the query, Tania Ruiz Sanchez enters 'laptop-notebook' into Write the keyword, Tania Ruiz Sanchez clicks on Click Store, Tania Ruiz Sanchez types 'ARROW_DOWN' in Click Store, Tania Ruiz Sanchez types 'ARROW_DOWN' in Click Store, Tania Ruiz Sanchez types 'ENTER' in Click Store]]]
[Test worker] WARN net.thucydides.core.steps.BaseStepListener - stepStarted: net.thucydides.core.steps.ExecutedStepDescription@4338bf03
[Test worker] WARN net.thucydides.core.steps.BaseStepListener - stepFinished: current outcome:Enter data to filter:Example: {username=demo, password=demo, seourl=SEO URL, query=product_id=47, keyword=hp-lp3065, store=Default, language=English} [Given Tania wants to filter data in the SEO URL list [Tania ruiz sanchez open up [Tania Ruiz Sanchez opens the Cart open page]], When She enter the data in the filter field
| username | password | seourl | query | keyword | store | language |
| demo | demo | SEO URL | product_id=47 | hp-lp3065 | Default | English | [Tania ruiz sanchez filter [Tania Ruiz Sanchez enters 'demo' into enter username, Tania Ruiz Sanchez enters 'demo' into enter password, Tania Ruiz Sanchez clicks on Click on the login button, Tania Ruiz Sanchez clicks on Click on Desing, Tania Ruiz Sanchez clicks on Select SEO URL, Tania Ruiz Sanchez enters 'product_id=47' into Write the query, Tania Ruiz Sanchez enters 'hp-lp3065' into Write the keyword, Tania Ruiz Sanchez clicks on Click Store, Tania Ruiz Sanchez types 'ARROW_DOWN' in Click Store, Tania Ruiz Sanchez types 'ARROW_DOWN' in Click Store, Tania Ruiz Sanchez types 'ENTER' in Click Store, Tania Ruiz Sanchez clicks on Click Languaje, Tania Ruiz Sanchez types 'ARROW_DOWN' in Click Languaje, Tania Ruiz Sanchez types 'ARROW_DOWN' in Click Languaje, Tania Ruiz Sanchez types 'ENTER' in Click Languaje, Tania Ruiz Sanchez clicks on Click boton Filter]], Then She looks for the information on the filter button], Example: {username=demo, password=demo, seourl=SEO URL, query=product_id=41, keyword=imac, store=Default, language=English} [Given Tania wants to filter data in the SEO URL list [Tania ruiz sanchez open up [Tania Ruiz Sanchez opens the Cart open page]], When She enter the data in the filter field
| username | password | seourl | query | keyword | store | language |
| demo | demo | SEO URL | product_id=41 | imac | Default | English | [Tania ruiz sanchez filter [Tania Ruiz Sanchez enters 'demo' into enter username, Tania Ruiz Sanchez enters 'demo' into enter password, Tania Ruiz Sanchez clicks on Click on the login button, Tania Ruiz Sanchez clicks on Click on Desing, Tania Ruiz Sanchez clicks on Select SEO URL, Tania Ruiz Sanchez enters 'product_id=41' into Write the query, Tania Ruiz Sanchez enters 'imac' into Write the keyword, Tania Ruiz Sanchez clicks on Click Store, Tania Ruiz Sanchez types 'ARROW_DOWN' in Click Store, Tania Ruiz Sanchez types 'ARROW_DOWN' in Click Store, Tania Ruiz Sanchez types 'ENTER' in Click Store, Tania Ruiz Sanchez clicks on Click Languaje, Tania Ruiz Sanchez types 'ARROW_DOWN' in Click Languaje, Tania Ruiz Sanchez types 'ARROW_DOWN' in Click Languaje, Tania Ruiz Sanchez types 'ENTER' in Click Languaje, Tania Ruiz Sanchez clicks on Click boton Filter]], Then She looks for the information on the filter button], Example: {username=demo, password=demo, seourl=SEO URL, query=category_id=18, keyword=laptop-notebook, store=Default, language=English} [Given Tania wants to filter data in the SEO URL list [Tania ruiz sanchez open up [Tania Ruiz Sanchez opens the Cart open page]], When She enter the data in the filter field
| username | password | seourl | query | keyword | store | language |
| demo | demo | SEO URL | category_id=18 | laptop-notebook | Default | English | [Tania ruiz sanchez filter [Tania Ruiz Sanchez enters 'demo' into enter username, Tania Ruiz Sanchez enters 'demo' into enter password, Tania Ruiz Sanchez clicks on Click on the login button, Tania Ruiz Sanchez clicks on Click on Desing, Tania Ruiz Sanchez clicks on Select SEO URL, Tania Ruiz Sanchez enters 'category_id=18' into Write the query, Tania Ruiz Sanchez enters 'laptop-notebook' into Write the keyword, Tania Ruiz Sanchez clicks on Click Store, Tania Ruiz Sanchez types 'ARROW_DOWN' in Click Store, Tania Ruiz Sanchez types 'ARROW_DOWN' in Click Store, Tania Ruiz Sanchez types 'ENTER' in Click Store, Tania Ruiz Sanchez clicks on Click Languaje]]]
[Test worker] WARN net.thucydides.core.steps.BaseStepListener - stepStarted: net.thucydides.core.steps.ExecutedStepDescription@69cb0662
[Test worker] WARN net.thucydides.core.steps.BaseStepListener - stepFinished: current outcome:Enter data to filter:Example: {username=demo, password=demo, seourl=SEO URL, query=product_id=47, keyword=hp-lp3065, store=Default, language=English} [Given Tania wants to filter data in the SEO URL list [Tania ruiz sanchez open up [Tania Ruiz Sanchez opens the Cart open page]], When She enter the data in the filter field
| username | password | seourl | query | keyword | store | language |
| demo | demo | SEO URL | product_id=47 | hp-lp3065 | Default | English | [Tania ruiz sanchez filter [Tania Ruiz Sanchez enters 'demo' into enter username, Tania Ruiz Sanchez enters 'demo' into enter password, Tania Ruiz Sanchez clicks on Click on the login button, Tania Ruiz Sanchez clicks on Click on Desing, Tania Ruiz Sanchez clicks on Select SEO URL, Tania Ruiz Sanchez enters 'product_id=47' into Write the query, Tania Ruiz Sanchez enters 'hp-lp3065' into Write the keyword, Tania Ruiz Sanchez clicks on Click Store, Tania Ruiz Sanchez types 'ARROW_DOWN' in Click Store, Tania Ruiz Sanchez types 'ARROW_DOWN' in Click Store, Tania Ruiz Sanchez types 'ENTER' in Click Store, Tania Ruiz Sanchez clicks on Click Languaje, Tania Ruiz Sanchez types 'ARROW_DOWN' in Click Languaje, Tania Ruiz Sanchez types 'ARROW_DOWN' in Click Languaje, Tania Ruiz Sanchez types 'ENTER' in Click Languaje, Tania Ruiz Sanchez clicks on Click boton Filter]], Then She looks for the information on the filter button], Example: {username=demo, password=demo, seourl=SEO URL, query=product_id=41, keyword=imac, store=Default, language=English} [Given Tania wants to filter data in the SEO URL list [Tania ruiz sanchez open up [Tania Ruiz Sanchez opens the Cart open page]], When She enter the data in the filter field
| username | password | seourl | query | keyword | store | language |
| demo | demo | SEO URL | product_id=41 | imac | Default | English | [Tania ruiz sanchez filter [Tania Ruiz Sanchez enters 'demo' into enter username, Tania Ruiz Sanchez enters 'demo' into enter password, Tania Ruiz Sanchez clicks on Click on the login button, Tania Ruiz Sanchez clicks on Click on Desing, Tania Ruiz Sanchez clicks on Select SEO URL, Tania Ruiz Sanchez enters 'product_id=41' into Write the query, Tania Ruiz Sanchez enters 'imac' into Write the keyword, Tania Ruiz Sanchez clicks on Click Store, Tania Ruiz Sanchez types 'ARROW_DOWN' in Click Store, Tania Ruiz Sanchez types 'ARROW_DOWN' in Click Store, Tania Ruiz Sanchez types 'ENTER' in Click Store, Tania Ruiz Sanchez clicks on Click Languaje, Tania Ruiz Sanchez types 'ARROW_DOWN' in Click Languaje, Tania Ruiz Sanchez types 'ARROW_DOWN' in Click Languaje, Tania Ruiz Sanchez types 'ENTER' in Click Languaje, Tania Ruiz Sanchez clicks on Click boton Filter]], Then She looks for the information on the filter button], Example: {username=demo, password=demo, seourl=SEO URL, query=category_id=18, keyword=laptop-notebook, store=Default, language=English} [Given Tania wants to filter data in the SEO URL list [Tania ruiz sanchez open up [Tania Ruiz Sanchez opens the Cart open page]], When She enter the data in the filter field
| username | password | seourl | query | keyword | store | language |
| demo | demo | SEO URL | category_id=18 | laptop-notebook | Default | English | [Tania ruiz sanchez filter [Tania Ruiz Sanchez enters 'demo' into enter username, Tania Ruiz Sanchez enters 'demo' into enter password, Tania Ruiz Sanchez clicks on Click on the login button, Tania Ruiz Sanchez clicks on Click on Desing, Tania Ruiz Sanchez clicks on Select SEO URL, Tania Ruiz Sanchez enters 'category_id=18' into Write the query, Tania Ruiz Sanchez enters 'laptop-notebook' into Write the keyword, Tania Ruiz Sanchez clicks on Click Store, Tania Ruiz Sanchez types 'ARROW_DOWN' in Click Store, Tania Ruiz Sanchez types 'ARROW_DOWN' in Click Store, Tania Ruiz Sanchez types 'ENTER' in Click Store, Tania Ruiz Sanchez clicks on Click Languaje, Tania Ruiz Sanchez types 'ARROW_DOWN' in Click Languaje]]]
[Test worker] WARN net.thucydides.core.steps.BaseStepListener - stepStarted: net.thucydides.core.steps.ExecutedStepDescription@72a25aef
[Test worker] WARN net.thucydides.core.steps.BaseStepListener - stepFinished: current outcome:Enter data to filter:Example: {username=demo, password=demo, seourl=SEO URL, query=product_id=47, keyword=hp-lp3065, store=Default, language=English} [Given Tania wants to filter data in the SEO URL list [Tania ruiz sanchez open up [Tania Ruiz Sanchez opens the Cart open page]], When She enter the data in the filter field
| username | password | seourl | query | keyword | store | language |
| demo | demo | SEO URL | product_id=47 | hp-lp3065 | Default | English | [Tania ruiz sanchez filter [Tania Ruiz Sanchez enters 'demo' into enter username, Tania Ruiz Sanchez enters 'demo' into enter password, Tania Ruiz Sanchez clicks on Click on the login button, Tania Ruiz Sanchez clicks on Click on Desing, Tania Ruiz Sanchez clicks on Select SEO URL, Tania Ruiz Sanchez enters 'product_id=47' into Write the query, Tania Ruiz Sanchez enters 'hp-lp3065' into Write the keyword, Tania Ruiz Sanchez clicks on Click Store, Tania Ruiz Sanchez types 'ARROW_DOWN' in Click Store, Tania Ruiz Sanchez types 'ARROW_DOWN' in Click Store, Tania Ruiz Sanchez types 'ENTER' in Click Store, Tania Ruiz Sanchez clicks on Click Languaje, Tania Ruiz Sanchez types 'ARROW_DOWN' in Click Languaje, Tania Ruiz Sanchez types 'ARROW_DOWN' in Click Languaje, Tania Ruiz Sanchez types 'ENTER' in Click Languaje, Tania Ruiz Sanchez clicks on Click boton Filter]], Then She looks for the information on the filter button], Example: {username=demo, password=demo, seourl=SEO URL, query=product_id=41, keyword=imac, store=Default, language=English} [Given Tania wants to filter data in the SEO URL list [Tania ruiz sanchez open up [Tania Ruiz Sanchez opens the Cart open page]], When She enter the data in the filter field
| username | password | seourl | query | keyword | store | language |
| demo | demo | SEO URL | product_id=41 | imac | Default | English | [Tania ruiz sanchez filter [Tania Ruiz Sanchez enters 'demo' into enter username, Tania Ruiz Sanchez enters 'demo' into enter password, Tania Ruiz Sanchez clicks on Click on the login button, Tania Ruiz Sanchez clicks on Click on Desing, Tania Ruiz Sanchez clicks on Select SEO URL, Tania Ruiz Sanchez enters 'product_id=41' into Write the query, Tania Ruiz Sanchez enters 'imac' into Write the keyword, Tania Ruiz Sanchez clicks on Click Store, Tania Ruiz Sanchez types 'ARROW_DOWN' in Click Store, Tania Ruiz Sanchez types 'ARROW_DOWN' in Click Store, Tania Ruiz Sanchez types 'ENTER' in Click Store, Tania Ruiz Sanchez clicks on Click Languaje, Tania Ruiz Sanchez types 'ARROW_DOWN' in Click Languaje, Tania Ruiz Sanchez types 'ARROW_DOWN' in Click Languaje, Tania Ruiz Sanchez types 'ENTER' in Click Languaje, Tania Ruiz Sanchez clicks on Click boton Filter]], Then She looks for the information on the filter button], Example: {username=demo, password=demo, seourl=SEO URL, query=category_id=18, keyword=laptop-notebook, store=Default, language=English} [Given Tania wants to filter data in the SEO URL list [Tania ruiz sanchez open up [Tania Ruiz Sanchez opens the Cart open page]], When She enter the data in the filter field
| username | password | seourl | query | keyword | store | language |
| demo | demo | SEO URL | category_id=18 | laptop-notebook | Default | English | [Tania ruiz sanchez filter [Tania Ruiz Sanchez enters 'demo' into enter username, Tania Ruiz Sanchez enters 'demo' into enter password, Tania Ruiz Sanchez clicks on Click on the login button, Tania Ruiz Sanchez clicks on Click on Desing, Tania Ruiz Sanchez clicks on Select SEO URL, Tania Ruiz Sanchez enters 'category_id=18' into Write the query, Tania Ruiz Sanchez enters 'laptop-notebook' into Write the keyword, Tania Ruiz Sanchez clicks on Click Store, Tania Ruiz Sanchez types 'ARROW_DOWN' in Click Store, Tania Ruiz Sanchez types 'ARROW_DOWN' in Click Store, Tania Ruiz Sanchez types 'ENTER' in Click Store, Tania Ruiz Sanchez clicks on Click Languaje, Tania Ruiz Sanchez types 'ARROW_DOWN' in Click Languaje, Tania Ruiz Sanchez types 'ARROW_DOWN' in Click Languaje]]]
[Test worker] WARN net.thucydides.core.steps.BaseStepListener - stepStarted: net.thucydides.core.steps.ExecutedStepDescription@7a28608d
[Test worker] WARN net.thucydides.core.steps.BaseStepListener - stepFinished: current outcome:Enter data to filter:Example: {username=demo, password=demo, seourl=SEO URL, query=product_id=47, keyword=hp-lp3065, store=Default, language=English} [Given Tania wants to filter data in the SEO URL list [Tania ruiz sanchez open up [Tania Ruiz Sanchez opens the Cart open page]], When She enter the data in the filter field
| username | password | seourl | query | keyword | store | language |
| demo | demo | SEO URL | product_id=47 | hp-lp3065 | Default | English | [Tania ruiz sanchez filter [Tania Ruiz Sanchez enters 'demo' into enter username, Tania Ruiz Sanchez enters 'demo' into enter password, Tania Ruiz Sanchez clicks on Click on the login button, Tania Ruiz Sanchez clicks on Click on Desing, Tania Ruiz Sanchez clicks on Select SEO URL, Tania Ruiz Sanchez enters 'product_id=47' into Write the query, Tania Ruiz Sanchez enters 'hp-lp3065' into Write the keyword, Tania Ruiz Sanchez clicks on Click Store, Tania Ruiz Sanchez types 'ARROW_DOWN' in Click Store, Tania Ruiz Sanchez types 'ARROW_DOWN' in Click Store, Tania Ruiz Sanchez types 'ENTER' in Click Store, Tania Ruiz Sanchez clicks on Click Languaje, Tania Ruiz Sanchez types 'ARROW_DOWN' in Click Languaje, Tania Ruiz Sanchez types 'ARROW_DOWN' in Click Languaje, Tania Ruiz Sanchez types 'ENTER' in Click Languaje, Tania Ruiz Sanchez clicks on Click boton Filter]], Then She looks for the information on the filter button], Example: {username=demo, password=demo, seourl=SEO URL, query=product_id=41, keyword=imac, store=Default, language=English} [Given Tania wants to filter data in the SEO URL list [Tania ruiz sanchez open up [Tania Ruiz Sanchez opens the Cart open page]], When She enter the data in the filter field
| username | password | seourl | query | keyword | store | language |
| demo | demo | SEO URL | product_id=41 | imac | Default | English | [Tania ruiz sanchez filter [Tania Ruiz Sanchez enters 'demo' into enter username, Tania Ruiz Sanchez enters 'demo' into enter password, Tania Ruiz Sanchez clicks on Click on the login button, Tania Ruiz Sanchez clicks on Click on Desing, Tania Ruiz Sanchez clicks on Select SEO URL, Tania Ruiz Sanchez enters 'product_id=41' into Write the query, Tania Ruiz Sanchez enters 'imac' into Write the keyword, Tania Ruiz Sanchez clicks on Click Store, Tania Ruiz Sanchez types 'ARROW_DOWN' in Click Store, Tania Ruiz Sanchez types 'ARROW_DOWN' in Click Store, Tania Ruiz Sanchez types 'ENTER' in Click Store, Tania Ruiz Sanchez clicks on Click Languaje, Tania Ruiz Sanchez types 'ARROW_DOWN' in Click Languaje, Tania Ruiz Sanchez types 'ARROW_DOWN' in Click Languaje, Tania Ruiz Sanchez types 'ENTER' in Click Languaje, Tania Ruiz Sanchez clicks on Click boton Filter]], Then She looks for the information on the filter button], Example: {username=demo, password=demo, seourl=SEO URL, query=category_id=18, keyword=laptop-notebook, store=Default, language=English} [Given Tania wants to filter data in the SEO URL list [Tania ruiz sanchez open up [Tania Ruiz Sanchez opens the Cart open page]], When She enter the data in the filter field
| username | password | seourl | query | keyword | store | language |
| demo | demo | SEO URL | category_id=18 | laptop-notebook | Default | English | [Tania ruiz sanchez filter [Tania Ruiz Sanchez enters 'demo' into enter username, Tania Ruiz Sanchez enters 'demo' into enter password, Tania Ruiz Sanchez clicks on Click on the login button, Tania Ruiz Sanchez clicks on Click on Desing, Tania Ruiz Sanchez clicks on Select SEO URL, Tania Ruiz Sanchez enters 'category_id=18' into Write the query, Tania Ruiz Sanchez enters 'laptop-notebook' into Write the keyword, Tania Ruiz Sanchez clicks on Click Store, Tania Ruiz Sanchez types 'ARROW_DOWN' in Click Store, Tania Ruiz Sanchez types 'ARROW_DOWN' in Click Store, Tania Ruiz Sanchez types 'ENTER' in Click Store, Tania Ruiz Sanchez clicks on Click Languaje, Tania Ruiz Sanchez types 'ARROW_DOWN' in Click Languaje, Tania Ruiz Sanchez types 'ARROW_DOWN' in Click Languaje, Tania Ruiz Sanchez types 'ENTER' in Click Languaje]]]
[Test worker] WARN net.thucydides.core.steps.BaseStepListener - stepStarted: net.thucydides.core.steps.ExecutedStepDescription@631021
[Test worker] WARN net.thucydides.core.steps.BaseStepListener - stepFinished: current outcome:Enter data to filter:Example: {username=demo, password=demo, seourl=SEO URL, query=product_id=47, keyword=hp-lp3065, store=Default, language=English} [Given Tania wants to filter data in the SEO URL list [Tania ruiz sanchez open up [Tania Ruiz Sanchez opens the Cart open page]], When She enter the data in the filter field
| username | password | seourl | query | keyword | store | language |
| demo | demo | SEO URL | product_id=47 | hp-lp3065 | Default | English | [Tania ruiz sanchez filter [Tania Ruiz Sanchez enters 'demo' into enter username, Tania Ruiz Sanchez enters 'demo' into enter password, Tania Ruiz Sanchez clicks on Click on the login button, Tania Ruiz Sanchez clicks on Click on Desing, Tania Ruiz Sanchez clicks on Select SEO URL, Tania Ruiz Sanchez enters 'product_id=47' into Write the query, Tania Ruiz Sanchez enters 'hp-lp3065' into Write the keyword, Tania Ruiz Sanchez clicks on Click Store, Tania Ruiz Sanchez types 'ARROW_DOWN' in Click Store, Tania Ruiz Sanchez types 'ARROW_DOWN' in Click Store, Tania Ruiz Sanchez types 'ENTER' in Click Store, Tania Ruiz Sanchez clicks on Click Languaje, Tania Ruiz Sanchez types 'ARROW_DOWN' in Click Languaje, Tania Ruiz Sanchez types 'ARROW_DOWN' in Click Languaje, Tania Ruiz Sanchez types 'ENTER' in Click Languaje, Tania Ruiz Sanchez clicks on Click boton Filter]], Then She looks for the information on the filter button], Example: {username=demo, password=demo, seourl=SEO URL, query=product_id=41, keyword=imac, store=Default, language=English} [Given Tania wants to filter data in the SEO URL list [Tania ruiz sanchez open up [Tania Ruiz Sanchez opens the Cart open page]], When She enter the data in the filter field
| username | password | seourl | query | keyword | store | language |
| demo | demo | SEO URL | product_id=41 | imac | Default | English | [Tania ruiz sanchez filter [Tania Ruiz Sanchez enters 'demo' into enter username, Tania Ruiz Sanchez enters 'demo' into enter password, Tania Ruiz Sanchez clicks on Click on the login button, Tania Ruiz Sanchez clicks on Click on Desing, Tania Ruiz Sanchez clicks on Select SEO URL, Tania Ruiz Sanchez enters 'product_id=41' into Write the query, Tania Ruiz Sanchez enters 'imac' into Write the keyword, Tania Ruiz Sanchez clicks on Click Store, Tania Ruiz Sanchez types 'ARROW_DOWN' in Click Store, Tania Ruiz Sanchez types 'ARROW_DOWN' in Click Store, Tania Ruiz Sanchez types 'ENTER' in Click Store, Tania Ruiz Sanchez clicks on Click Languaje, Tania Ruiz Sanchez types 'ARROW_DOWN' in Click Languaje, Tania Ruiz Sanchez types 'ARROW_DOWN' in Click Languaje, Tania Ruiz Sanchez types 'ENTER' in Click Languaje, Tania Ruiz Sanchez clicks on Click boton Filter]], Then She looks for the information on the filter button], Example: {username=demo, password=demo, seourl=SEO URL, query=category_id=18, keyword=laptop-notebook, store=Default, language=English} [Given Tania wants to filter data in the SEO URL list [Tania ruiz sanchez open up [Tania Ruiz Sanchez opens the Cart open page]], When She enter the data in the filter field
| username | password | seourl | query | keyword | store | language |
| demo | demo | SEO URL | category_id=18 | laptop-notebook | Default | English | [Tania ruiz sanchez filter [Tania Ruiz Sanchez enters 'demo' into enter username, Tania Ruiz Sanchez enters 'demo' into enter password, Tania Ruiz Sanchez clicks on Click on the login button, Tania Ruiz Sanchez clicks on Click on Desing, Tania Ruiz Sanchez clicks on Select SEO URL, Tania Ruiz Sanchez enters 'category_id=18' into Write the query, Tania Ruiz Sanchez enters 'laptop-notebook' into Write the keyword, Tania Ruiz Sanchez clicks on Click Store, Tania Ruiz Sanchez types 'ARROW_DOWN' in Click Store, Tania Ruiz Sanchez types 'ARROW_DOWN' in Click Store, Tania Ruiz Sanchez types 'ENTER' in Click Store, Tania Ruiz Sanchez clicks on Click Languaje, Tania Ruiz Sanchez types 'ARROW_DOWN' in Click Languaje, Tania Ruiz Sanchez types 'ARROW_DOWN' in Click Languaje, Tania Ruiz Sanchez types 'ENTER' in Click Languaje, Tania Ruiz Sanchez clicks on Click boton Filter]]]
[Test worker] WARN net.thucydides.core.steps.BaseStepListener - stepFinished: current outcome:Enter data to filter:Example: {username=demo, password=demo, seourl=SEO URL, query=product_id=47, keyword=hp-lp3065, store=Default, language=English} [Given Tania wants to filter data in the SEO URL list [Tania ruiz sanchez open up [Tania Ruiz Sanchez opens the Cart open page]], When She enter the data in the filter field
| username | password | seourl | query | keyword | store | language |
| demo | demo | SEO URL | product_id=47 | hp-lp3065 | Default | English | [Tania ruiz sanchez filter [Tania Ruiz Sanchez enters 'demo' into enter username, Tania Ruiz Sanchez enters 'demo' into enter password, Tania Ruiz Sanchez clicks on Click on the login button, Tania Ruiz Sanchez clicks on Click on Desing, Tania Ruiz Sanchez clicks on Select SEO URL, Tania Ruiz Sanchez enters 'product_id=47' into Write the query, Tania Ruiz Sanchez enters 'hp-lp3065' into Write the keyword, Tania Ruiz Sanchez clicks on Click Store, Tania Ruiz Sanchez types 'ARROW_DOWN' in Click Store, Tania Ruiz Sanchez types 'ARROW_DOWN' in Click Store, Tania Ruiz Sanchez types 'ENTER' in Click Store, Tania Ruiz Sanchez clicks on Click Languaje, Tania Ruiz Sanchez types 'ARROW_DOWN' in Click Languaje, Tania Ruiz Sanchez types 'ARROW_DOWN' in Click Languaje, Tania Ruiz Sanchez types 'ENTER' in Click Languaje, Tania Ruiz Sanchez clicks on Click boton Filter]], Then She looks for the information on the filter button], Example: {username=demo, password=demo, seourl=SEO URL, query=product_id=41, keyword=imac, store=Default, language=English} [Given Tania wants to filter data in the SEO URL list [Tania ruiz sanchez open up [Tania Ruiz Sanchez opens the Cart open page]], When She enter the data in the filter field
| username | password | seourl | query | keyword | store | language |
| demo | demo | SEO URL | product_id=41 | imac | Default | English | [Tania ruiz sanchez filter [Tania Ruiz Sanchez enters 'demo' into enter username, Tania Ruiz Sanchez enters 'demo' into enter password, Tania Ruiz Sanchez clicks on Click on the login button, Tania Ruiz Sanchez clicks on Click on Desing, Tania Ruiz Sanchez clicks on Select SEO URL, Tania Ruiz Sanchez enters 'product_id=41' into Write the query, Tania Ruiz Sanchez enters 'imac' into Write the keyword, Tania Ruiz Sanchez clicks on Click Store, Tania Ruiz Sanchez types 'ARROW_DOWN' in Click Store, Tania Ruiz Sanchez types 'ARROW_DOWN' in Click Store, Tania Ruiz Sanchez types 'ENTER' in Click Store, Tania Ruiz Sanchez clicks on Click Languaje, Tania Ruiz Sanchez types 'ARROW_DOWN' in Click Languaje, Tania Ruiz Sanchez types 'ARROW_DOWN' in Click Languaje, Tania Ruiz Sanchez types 'ENTER' in Click Languaje, Tania Ruiz Sanchez clicks on Click boton Filter]], Then She looks for the information on the filter button], Example: {username=demo, password=demo, seourl=SEO URL, query=category_id=18, keyword=laptop-notebook, store=Default, language=English} [Given Tania wants to filter data in the SEO URL list [Tania ruiz sanchez open up [Tania Ruiz Sanchez opens the Cart open page]], When She enter the data in the filter field
| username | password | seourl | query | keyword | store | language |
| demo | demo | SEO URL | category_id=18 | laptop-notebook | Default | English | [Tania ruiz sanchez filter [Tania Ruiz Sanchez enters 'demo' into enter username, Tania Ruiz Sanchez enters 'demo' into enter password, Tania Ruiz Sanchez clicks on Click on the login button, Tania Ruiz Sanchez clicks on Click on Desing, Tania Ruiz Sanchez clicks on Select SEO URL, Tania Ruiz Sanchez enters 'category_id=18' into Write the query, Tania Ruiz Sanchez enters 'laptop-notebook' into Write the keyword, Tania Ruiz Sanchez clicks on Click Store, Tania Ruiz Sanchez types 'ARROW_DOWN' in Click Store, Tania Ruiz Sanchez types 'ARROW_DOWN' in Click Store, Tania Ruiz Sanchez types 'ENTER' in Click Store, Tania Ruiz Sanchez clicks on Click Languaje, Tania Ruiz Sanchez types 'ARROW_DOWN' in Click Languaje, Tania Ruiz Sanchez types 'ARROW_DOWN' in Click Languaje, Tania Ruiz Sanchez types 'ENTER' in Click Languaje, Tania Ruiz Sanchez clicks on Click boton Filter]]]
[Test worker] WARN net.thucydides.core.steps.BaseStepListener - stepFinished: current outcome:Enter data to filter:Example: {username=demo, password=demo, seourl=SEO URL, query=product_id=47, keyword=hp-lp3065, store=Default, language=English} [Given Tania wants to filter data in the SEO URL list [Tania ruiz sanchez open up [Tania Ruiz Sanchez opens the Cart open page]], When She enter the data in the filter field
| username | password | seourl | query | keyword | store | language |
| demo | demo | SEO URL | product_id=47 | hp-lp3065 | Default | English | [Tania ruiz sanchez filter [Tania Ruiz Sanchez enters 'demo' into enter username, Tania Ruiz Sanchez enters 'demo' into enter password, Tania Ruiz Sanchez clicks on Click on the login button, Tania Ruiz Sanchez clicks on Click on Desing, Tania Ruiz Sanchez clicks on Select SEO URL, Tania Ruiz Sanchez enters 'product_id=47' into Write the query, Tania Ruiz Sanchez enters 'hp-lp3065' into Write the keyword, Tania Ruiz Sanchez clicks on Click Store, Tania Ruiz Sanchez types 'ARROW_DOWN' in Click Store, Tania Ruiz Sanchez types 'ARROW_DOWN' in Click Store, Tania Ruiz Sanchez types 'ENTER' in Click Store, Tania Ruiz Sanchez clicks on Click Languaje, Tania Ruiz Sanchez types 'ARROW_DOWN' in Click Languaje, Tania Ruiz Sanchez types 'ARROW_DOWN' in Click Languaje, Tania Ruiz Sanchez types 'ENTER' in Click Languaje, Tania Ruiz Sanchez clicks on Click boton Filter]], Then She looks for the information on the filter button], Example: {username=demo, password=demo, seourl=SEO URL, query=product_id=41, keyword=imac, store=Default, language=English} [Given Tania wants to filter data in the SEO URL list [Tania ruiz sanchez open up [Tania Ruiz Sanchez opens the Cart open page]], When She enter the data in the filter field
| username | password | seourl | query | keyword | store | language |
| demo | demo | SEO URL | product_id=41 | imac | Default | English | [Tania ruiz sanchez filter [Tania Ruiz Sanchez enters 'demo' into enter username, Tania Ruiz Sanchez enters 'demo' into enter password, Tania Ruiz Sanchez clicks on Click on the login button, Tania Ruiz Sanchez clicks on Click on Desing, Tania Ruiz Sanchez clicks on Select SEO URL, Tania Ruiz Sanchez enters 'product_id=41' into Write the query, Tania Ruiz Sanchez enters 'imac' into Write the keyword, Tania Ruiz Sanchez clicks on Click Store, Tania Ruiz Sanchez types 'ARROW_DOWN' in Click Store, Tania Ruiz Sanchez types 'ARROW_DOWN' in Click Store, Tania Ruiz Sanchez types 'ENTER' in Click Store, Tania Ruiz Sanchez clicks on Click Languaje, Tania Ruiz Sanchez types 'ARROW_DOWN' in Click Languaje, Tania Ruiz Sanchez types 'ARROW_DOWN' in Click Languaje, Tania Ruiz Sanchez types 'ENTER' in Click Languaje, Tania Ruiz Sanchez clicks on Click boton Filter]], Then She looks for the information on the filter button], Example: {username=demo, password=demo, seourl=SEO URL, query=category_id=18, keyword=laptop-notebook, store=Default, language=English} [Given Tania wants to filter data in the SEO URL list [Tania ruiz sanchez open up [Tania Ruiz Sanchez opens the Cart open page]], When She enter the data in the filter field
| username | password | seourl | query | keyword | store | language |
| demo | demo | SEO URL | category_id=18 | laptop-notebook | Default | English | [Tania ruiz sanchez filter [Tania Ruiz Sanchez enters 'demo' into enter username, Tania Ruiz Sanchez enters 'demo' into enter password, Tania Ruiz Sanchez clicks on Click on the login button, Tania Ruiz Sanchez clicks on Click on Desing, Tania Ruiz Sanchez clicks on Select SEO URL, Tania Ruiz Sanchez enters 'category_id=18' into Write the query, Tania Ruiz Sanchez enters 'laptop-notebook' into Write the keyword, Tania Ruiz Sanchez clicks on Click Store, Tania Ruiz Sanchez types 'ARROW_DOWN' in Click Store, Tania Ruiz Sanchez types 'ARROW_DOWN' in Click Store, Tania Ruiz Sanchez types 'ENTER' in Click Store, Tania Ruiz Sanchez clicks on Click Languaje, Tania Ruiz Sanchez types 'ARROW_DOWN' in Click Languaje, Tania Ruiz Sanchez types 'ARROW_DOWN' in Click Languaje, Tania Ruiz Sanchez types 'ENTER' in Click Languaje, Tania Ruiz Sanchez clicks on Click boton Filter]]]
[Test worker] WARN net.thucydides.core.steps.BaseStepListener - stepStarted: net.thucydides.core.steps.ExecutedStepDescription@235ca873
[Test worker] WARN net.thucydides.core.steps.BaseStepListener - stepFinished: current outcome:Enter data to filter:Example: {username=demo, password=demo, seourl=SEO URL, query=product_id=47, keyword=hp-lp3065, store=Default, language=English} [Given Tania wants to filter data in the SEO URL list [Tania ruiz sanchez open up [Tania Ruiz Sanchez opens the Cart open page]], When She enter the data in the filter field
| username | password | seourl | query | keyword | store | language |
| demo | demo | SEO URL | product_id=47 | hp-lp3065 | Default | English | [Tania ruiz sanchez filter [Tania Ruiz Sanchez enters 'demo' into enter username, Tania Ruiz Sanchez enters 'demo' into enter password, Tania Ruiz Sanchez clicks on Click on the login button, Tania Ruiz Sanchez clicks on Click on Desing, Tania Ruiz Sanchez clicks on Select SEO URL, Tania Ruiz Sanchez enters 'product_id=47' into Write the query, Tania Ruiz Sanchez enters 'hp-lp3065' into Write the keyword, Tania Ruiz Sanchez clicks on Click Store, Tania Ruiz Sanchez types 'ARROW_DOWN' in Click Store, Tania Ruiz Sanchez types 'ARROW_DOWN' in Click Store, Tania Ruiz Sanchez types 'ENTER' in Click Store, Tania Ruiz Sanchez clicks on Click Languaje, Tania Ruiz Sanchez types 'ARROW_DOWN' in Click Languaje, Tania Ruiz Sanchez types 'ARROW_DOWN' in Click Languaje, Tania Ruiz Sanchez types 'ENTER' in Click Languaje, Tania Ruiz Sanchez clicks on Click boton Filter]], Then She looks for the information on the filter button], Example: {username=demo, password=demo, seourl=SEO URL, query=product_id=41, keyword=imac, store=Default, language=English} [Given Tania wants to filter data in the SEO URL list [Tania ruiz sanchez open up [Tania Ruiz Sanchez opens the Cart open page]], When She enter the data in the filter field
| username | password | seourl | query | keyword | store | language |
| demo | demo | SEO URL | product_id=41 | imac | Default | English | [Tania ruiz sanchez filter [Tania Ruiz Sanchez enters 'demo' into enter username, Tania Ruiz Sanchez enters 'demo' into enter password, Tania Ruiz Sanchez clicks on Click on the login button, Tania Ruiz Sanchez clicks on Click on Desing, Tania Ruiz Sanchez clicks on Select SEO URL, Tania Ruiz Sanchez enters 'product_id=41' into Write the query, Tania Ruiz Sanchez enters 'imac' into Write the keyword, Tania Ruiz Sanchez clicks on Click Store, Tania Ruiz Sanchez types 'ARROW_DOWN' in Click Store, Tania Ruiz Sanchez types 'ARROW_DOWN' in Click Store, Tania Ruiz Sanchez types 'ENTER' in Click Store, Tania Ruiz Sanchez clicks on Click Languaje, Tania Ruiz Sanchez types 'ARROW_DOWN' in Click Languaje, Tania Ruiz Sanchez types 'ARROW_DOWN' in Click Languaje, Tania Ruiz Sanchez types 'ENTER' in Click Languaje, Tania Ruiz Sanchez clicks on Click boton Filter]], Then She looks for the information on the filter button], Example: {username=demo, password=demo, seourl=SEO URL, query=category_id=18, keyword=laptop-notebook, store=Default, language=English} [Given Tania wants to filter data in the SEO URL list [Tania ruiz sanchez open up [Tania Ruiz Sanchez opens the Cart open page]], When She enter the data in the filter field
| username | password | seourl | query | keyword | store | language |
| demo | demo | SEO URL | category_id=18 | laptop-notebook | Default | English | [Tania ruiz sanchez filter [Tania Ruiz Sanchez enters 'demo' into enter username, Tania Ruiz Sanchez enters 'demo' into enter password, Tania Ruiz Sanchez clicks on Click on the login button, Tania Ruiz Sanchez clicks on Click on Desing, Tania Ruiz Sanchez clicks on Select SEO URL, Tania Ruiz Sanchez enters 'category_id=18' into Write the query, Tania Ruiz Sanchez enters 'laptop-notebook' into Write the keyword, Tania Ruiz Sanchez clicks on Click Store, Tania Ruiz Sanchez types 'ARROW_DOWN' in Click Store, Tania Ruiz Sanchez types 'ARROW_DOWN' in Click Store, Tania Ruiz Sanchez types 'ENTER' in Click Store, Tania Ruiz Sanchez clicks on Click Languaje, Tania Ruiz Sanchez types 'ARROW_DOWN' in Click Languaje, Tania Ruiz Sanchez types 'ARROW_DOWN' in Click Languaje, Tania Ruiz Sanchez types 'ENTER' in Click Languaje, Tania Ruiz Sanchez clicks on Click boton Filter]], Then She looks for the information on the filter button]
[Test worker] WARN net.thucydides.core.steps.BaseStepListener - stepFinished: current outcome:Enter data to filter:Example: {username=demo, password=demo, seourl=SEO URL, query=product_id=47, keyword=hp-lp3065, store=Default, language=English} [Given Tania wants to filter data in the SEO URL list [Tania ruiz sanchez open up [Tania Ruiz Sanchez opens the Cart open page]], When She enter the data in the filter field
| username | password | seourl | query | keyword | store | language |
| demo | demo | SEO URL | product_id=47 | hp-lp3065 | Default | English | [Tania ruiz sanchez filter [Tania Ruiz Sanchez enters 'demo' into enter username, Tania Ruiz Sanchez enters 'demo' into enter password, Tania Ruiz Sanchez clicks on Click on the login button, Tania Ruiz Sanchez clicks on Click on Desing, Tania Ruiz Sanchez clicks on Select SEO URL, Tania Ruiz Sanchez enters 'product_id=47' into Write the query, Tania Ruiz Sanchez enters 'hp-lp3065' into Write the keyword, Tania Ruiz Sanchez clicks on Click Store, Tania Ruiz Sanchez types 'ARROW_DOWN' in Click Store, Tania Ruiz Sanchez types 'ARROW_DOWN' in Click Store, Tania Ruiz Sanchez types 'ENTER' in Click Store, Tania Ruiz Sanchez clicks on Click Languaje, Tania Ruiz Sanchez types 'ARROW_DOWN' in Click Languaje, Tania Ruiz Sanchez types 'ARROW_DOWN' in Click Languaje, Tania Ruiz Sanchez types 'ENTER' in Click Languaje, Tania Ruiz Sanchez clicks on Click boton Filter]], Then She looks for the information on the filter button], Example: {username=demo, password=demo, seourl=SEO URL, query=product_id=41, keyword=imac, store=Default, language=English} [Given Tania wants to filter data in the SEO URL list [Tania ruiz sanchez open up [Tania Ruiz Sanchez opens the Cart open page]], When She enter the data in the filter field
| username | password | seourl | query | keyword | store | language |
| demo | demo | SEO URL | product_id=41 | imac | Default | English | [Tania ruiz sanchez filter [Tania Ruiz Sanchez enters 'demo' into enter username, Tania Ruiz Sanchez enters 'demo' into enter password, Tania Ruiz Sanchez clicks on Click on the login button, Tania Ruiz Sanchez clicks on Click on Desing, Tania Ruiz Sanchez clicks on Select SEO URL, Tania Ruiz Sanchez enters 'product_id=41' into Write the query, Tania Ruiz Sanchez enters 'imac' into Write the keyword, Tania Ruiz Sanchez clicks on Click Store, Tania Ruiz Sanchez types 'ARROW_DOWN' in Click Store, Tania Ruiz Sanchez types 'ARROW_DOWN' in Click Store, Tania Ruiz Sanchez types 'ENTER' in Click Store, Tania Ruiz Sanchez clicks on Click Languaje, Tania Ruiz Sanchez types 'ARROW_DOWN' in Click Languaje, Tania Ruiz Sanchez types 'ARROW_DOWN' in Click Languaje, Tania Ruiz Sanchez types 'ENTER' in Click Languaje, Tania Ruiz Sanchez clicks on Click boton Filter]], Then She looks for the information on the filter button], Example: {username=demo, password=demo, seourl=SEO URL, query=category_id=18, keyword=laptop-notebook, store=Default, language=English} [Given Tania wants to filter data in the SEO URL list [Tania ruiz sanchez open up [Tania Ruiz Sanchez opens the Cart open page]], When She enter the data in the filter field
| username | password | seourl | query | keyword | store | language |
| demo | demo | SEO URL | category_id=18 | laptop-notebook | Default | English | [Tania ruiz sanchez filter [Tania Ruiz Sanchez enters 'demo' into enter username, Tania Ruiz Sanchez enters 'demo' into enter password, Tania Ruiz Sanchez clicks on Click on the login button, Tania Ruiz Sanchez clicks on Click on Desing, Tania Ruiz Sanchez clicks on Select SEO URL, Tania Ruiz Sanchez enters 'category_id=18' into Write the query, Tania Ruiz Sanchez enters 'laptop-notebook' into Write the keyword, Tania Ruiz Sanchez clicks on Click Store, Tania Ruiz Sanchez types 'ARROW_DOWN' in Click Store, Tania Ruiz Sanchez types 'ARROW_DOWN' in Click Store, Tania Ruiz Sanchez types 'ENTER' in Click Store, Tania Ruiz Sanchez clicks on Click Languaje, Tania Ruiz Sanchez types 'ARROW_DOWN' in Click Languaje, Tania Ruiz Sanchez types 'ARROW_DOWN' in Click Languaje, Tania Ruiz Sanchez types 'ENTER' in Click Languaje, Tania Ruiz Sanchez clicks on Click boton Filter]], Then She looks for the information on the filter button]
[Test worker] WARN net.thucydides.core.steps.BaseStepListener - testFinished: Enter data to filter:Example: {username=demo, password=demo, seourl=SEO URL, query=product_id=47, keyword=hp-lp3065, store=Default, language=English} [Given Tania wants to filter data in the SEO URL list [Tania ruiz sanchez open up [Tania Ruiz Sanchez opens the Cart open page]], When She enter the data in the filter field
| username | password | seourl | query | keyword | store | language |
| demo | demo | SEO URL | product_id=47 | hp-lp3065 | Default | English | [Tania ruiz sanchez filter [Tania Ruiz Sanchez enters 'demo' into enter username, Tania Ruiz Sanchez enters 'demo' into enter password, Tania Ruiz Sanchez clicks on Click on the login button, Tania Ruiz Sanchez clicks on Click on Desing, Tania Ruiz Sanchez clicks on Select SEO URL, Tania Ruiz Sanchez enters 'product_id=47' into Write the query, Tania Ruiz Sanchez enters 'hp-lp3065' into Write the keyword, Tania Ruiz Sanchez clicks on Click Store, Tania Ruiz Sanchez types 'ARROW_DOWN' in Click Store, Tania Ruiz Sanchez types 'ARROW_DOWN' in Click Store, Tania Ruiz Sanchez types 'ENTER' in Click Store, Tania Ruiz Sanchez clicks on Click Languaje, Tania Ruiz Sanchez types 'ARROW_DOWN' in Click Languaje, Tania Ruiz Sanchez types 'ARROW_DOWN' in Click Languaje, Tania Ruiz Sanchez types 'ENTER' in Click Languaje, Tania Ruiz Sanchez clicks on Click boton Filter]], Then She looks for the information on the filter button], Example: {username=demo, password=demo, seourl=SEO URL, query=product_id=41, keyword=imac, store=Default, language=English} [Given Tania wants to filter data in the SEO URL list [Tania ruiz sanchez open up [Tania Ruiz Sanchez opens the Cart open page]], When She enter the data in the filter field
| username | password | seourl | query | keyword | store | language |
| demo | demo | SEO URL | product_id=41 | imac | Default | English | [Tania ruiz sanchez filter [Tania Ruiz Sanchez enters 'demo' into enter username, Tania Ruiz Sanchez enters 'demo' into enter password, Tania Ruiz Sanchez clicks on Click on the login button, Tania Ruiz Sanchez clicks on Click on Desing, Tania Ruiz Sanchez clicks on Select SEO URL, Tania Ruiz Sanchez enters 'product_id=41' into Write the query, Tania Ruiz Sanchez enters 'imac' into Write the keyword, Tania Ruiz Sanchez clicks on Click Store, Tania Ruiz Sanchez types 'ARROW_DOWN' in Click Store, Tania Ruiz Sanchez types 'ARROW_DOWN' in Click Store, Tania Ruiz Sanchez types 'ENTER' in Click Store, Tania Ruiz Sanchez clicks on Click Languaje, Tania Ruiz Sanchez types 'ARROW_DOWN' in Click Languaje, Tania Ruiz Sanchez types 'ARROW_DOWN' in Click Languaje, Tania Ruiz Sanchez types 'ENTER' in Click Languaje, Tania Ruiz Sanchez clicks on Click boton Filter]], Then She looks for the information on the filter button], Example: {username=demo, password=demo, seourl=SEO URL, query=category_id=18, keyword=laptop-notebook, store=Default, language=English} [Given Tania wants to filter data in the SEO URL list [Tania ruiz sanchez open up [Tania Ruiz Sanchez opens the Cart open page]], When She enter the data in the filter field
| username | password | seourl | query | keyword | store | language |
| demo | demo | SEO URL | category_id=18 | laptop-notebook | Default | English | [Tania ruiz sanchez filter [Tania Ruiz Sanchez enters 'demo' into enter username, Tania Ruiz Sanchez enters 'demo' into enter password, Tania Ruiz Sanchez clicks on Click on the login button, Tania Ruiz Sanchez clicks on Click on Desing, Tania Ruiz Sanchez clicks on Select SEO URL, Tania Ruiz Sanchez enters 'category_id=18' into Write the query, Tania Ruiz Sanchez enters 'laptop-notebook' into Write the keyword, Tania Ruiz Sanchez clicks on Click Store, Tania Ruiz Sanchez types 'ARROW_DOWN' in Click Store, Tania Ruiz Sanchez types 'ARROW_DOWN' in Click Store, Tania Ruiz Sanchez types 'ENTER' in Click Store, Tania Ruiz Sanchez clicks on Click Languaje, Tania Ruiz Sanchez types 'ARROW_DOWN' in Click Languaje, Tania Ruiz Sanchez types 'ARROW_DOWN' in Click Languaje, Tania Ruiz Sanchez types 'ENTER' in Click Languaje, Tania Ruiz Sanchez clicks on Click boton Filter]], Then She looks for the information on the filter button]
[Test worker] WARN net.thucydides.core.steps.BaseStepListener - TestOutcomes: [Enter data to filter:Example: {username=demo, password=demo, seourl=SEO URL, query=product_id=47, keyword=hp-lp3065, store=Default, language=English} [Given Tania wants to filter data in the SEO URL list [Tania ruiz sanchez open up [Tania Ruiz Sanchez opens the Cart open page]], When She enter the data in the filter field
| username | password | seourl | query | keyword | store | language |
| demo | demo | SEO URL | product_id=47 | hp-lp3065 | Default | English | [Tania ruiz sanchez filter [Tania Ruiz Sanchez enters 'demo' into enter username, Tania Ruiz Sanchez enters 'demo' into enter password, Tania Ruiz Sanchez clicks on Click on the login button, Tania Ruiz Sanchez clicks on Click on Desing, Tania Ruiz Sanchez clicks on Select SEO URL, Tania Ruiz Sanchez enters 'product_id=47' into Write the query, Tania Ruiz Sanchez enters 'hp-lp3065' into Write the keyword, Tania Ruiz Sanchez clicks on Click Store, Tania Ruiz Sanchez types 'ARROW_DOWN' in Click Store, Tania Ruiz Sanchez types 'ARROW_DOWN' in Click Store, Tania Ruiz Sanchez types 'ENTER' in Click Store, Tania Ruiz Sanchez clicks on Click Languaje, Tania Ruiz Sanchez types 'ARROW_DOWN' in Click Languaje, Tania Ruiz Sanchez types 'ARROW_DOWN' in Click Languaje, Tania Ruiz Sanchez types 'ENTER' in Click Languaje, Tania Ruiz Sanchez clicks on Click boton Filter]], Then She looks for the information on the filter button], Example: {username=demo, password=demo, seourl=SEO URL, query=product_id=41, keyword=imac, store=Default, language=English} [Given Tania wants to filter data in the SEO URL list [Tania ruiz sanchez open up [Tania Ruiz Sanchez opens the Cart open page]], When She enter the data in the filter field
| username | password | seourl | query | keyword | store | language |
| demo | demo | SEO URL | product_id=41 | imac | Default | English | [Tania ruiz sanchez filter [Tania Ruiz Sanchez enters 'demo' into enter username, Tania Ruiz Sanchez enters 'demo' into enter password, Tania Ruiz Sanchez clicks on Click on the login button, Tania Ruiz Sanchez clicks on Click on Desing, Tania Ruiz Sanchez clicks on Select SEO URL, Tania Ruiz Sanchez enters 'product_id=41' into Write the query, Tania Ruiz Sanchez enters 'imac' into Write the keyword, Tania Ruiz Sanchez clicks on Click Store, Tania Ruiz Sanchez types 'ARROW_DOWN' in Click Store, Tania Ruiz Sanchez types 'ARROW_DOWN' in Click Store, Tania Ruiz Sanchez types 'ENTER' in Click Store, Tania Ruiz Sanchez clicks on Click Languaje, Tania Ruiz Sanchez types 'ARROW_DOWN' in Click Languaje, Tania Ruiz Sanchez types 'ARROW_DOWN' in Click Languaje, Tania Ruiz Sanchez types 'ENTER' in Click Languaje, Tania Ruiz Sanchez clicks on Click boton Filter]], Then She looks for the information on the filter button], Example: {username=demo, password=demo, seourl=SEO URL, query=category_id=18, keyword=laptop-notebook, store=Default, language=English} [Given Tania wants to filter data in the SEO URL list [Tania ruiz sanchez open up [Tania Ruiz Sanchez opens the Cart open page]], When She enter the data in the filter field
| username | password | seourl | query | keyword | store | language |
| demo | demo | SEO URL | category_id=18 | laptop-notebook | Default | English | [Tania ruiz sanchez filter [Tania Ruiz Sanchez enters 'demo' into enter username, Tania Ruiz Sanchez enters 'demo' into enter password, Tania Ruiz Sanchez clicks on Click on the login button, Tania Ruiz Sanchez clicks on Click on Desing, Tania Ruiz Sanchez clicks on Select SEO URL, Tania Ruiz Sanchez enters 'category_id=18' into Write the query, Tania Ruiz Sanchez enters 'laptop-notebook' into Write the keyword, Tania Ruiz Sanchez clicks on Click Store, Tania Ruiz Sanchez types 'ARROW_DOWN' in Click Store, Tania Ruiz Sanchez types 'ARROW_DOWN' in Click Store, Tania Ruiz Sanchez types 'ENTER' in Click Store, Tania Ruiz Sanchez clicks on Click Languaje, Tania Ruiz Sanchez types 'ARROW_DOWN' in Click Languaje, Tania Ruiz Sanchez types 'ARROW_DOWN' in Click Languaje, Tania Ruiz Sanchez types 'ENTER' in Click Languaje, Tania Ruiz Sanchez clicks on Click boton Filter]], Then She looks for the information on the filter button]]
[Test worker] WARN net.thucydides.core.steps.BaseStepListener - Final testOutcomes: [Enter data to filter:Example: {username=demo, password=demo, seourl=SEO URL, query=product_id=47, keyword=hp-lp3065, store=Default, language=English} [Given Tania wants to filter data in the SEO URL list [Tania ruiz sanchez open up [Tania Ruiz Sanchez opens the Cart open page]], When She enter the data in the filter field
| username | password | seourl | query | keyword | store | language |
| demo | demo | SEO URL | product_id=47 | hp-lp3065 | Default | English | [Tania ruiz sanchez filter [Tania Ruiz Sanchez enters 'demo' into enter username, Tania Ruiz Sanchez enters 'demo' into enter password, Tania Ruiz Sanchez clicks on Click on the login button, Tania Ruiz Sanchez clicks on Click on Desing, Tania Ruiz Sanchez clicks on Select SEO URL, Tania Ruiz Sanchez enters 'product_id=47' into Write the query, Tania Ruiz Sanchez enters 'hp-lp3065' into Write the keyword, Tania Ruiz Sanchez clicks on Click Store, Tania Ruiz Sanchez types 'ARROW_DOWN' in Click Store, Tania Ruiz Sanchez types 'ARROW_DOWN' in Click Store, Tania Ruiz Sanchez types 'ENTER' in Click Store, Tania Ruiz Sanchez clicks on Click Languaje, Tania Ruiz Sanchez types 'ARROW_DOWN' in Click Languaje, Tania Ruiz Sanchez types 'ARROW_DOWN' in Click Languaje, Tania Ruiz Sanchez types 'ENTER' in Click Languaje, Tania Ruiz Sanchez clicks on Click boton Filter]], Then She looks for the information on the filter button], Example: {username=demo, password=demo, seourl=SEO URL, query=product_id=41, keyword=imac, store=Default, language=English} [Given Tania wants to filter data in the SEO URL list [Tania ruiz sanchez open up [Tania Ruiz Sanchez opens the Cart open page]], When She enter the data in the filter field
| username | password | seourl | query | keyword | store | language |
| demo | demo | SEO URL | product_id=41 | imac | Default | English | [Tania ruiz sanchez filter [Tania Ruiz Sanchez enters 'demo' into enter username, Tania Ruiz Sanchez enters 'demo' into enter password, Tania Ruiz Sanchez clicks on Click on the login button, Tania Ruiz Sanchez clicks on Click on Desing, Tania Ruiz Sanchez clicks on Select SEO URL, Tania Ruiz Sanchez enters 'product_id=41' into Write the query, Tania Ruiz Sanchez enters 'imac' into Write the keyword, Tania Ruiz Sanchez clicks on Click Store, Tania Ruiz Sanchez types 'ARROW_DOWN' in Click Store, Tania Ruiz Sanchez types 'ARROW_DOWN' in Click Store, Tania Ruiz Sanchez types 'ENTER' in Click Store, Tania Ruiz Sanchez clicks on Click Languaje, Tania Ruiz Sanchez types 'ARROW_DOWN' in Click Languaje, Tania Ruiz Sanchez types 'ARROW_DOWN' in Click Languaje, Tania Ruiz Sanchez types 'ENTER' in Click Languaje, Tania Ruiz Sanchez clicks on Click boton Filter]], Then She looks for the information on the filter button], Example: {username=demo, password=demo, seourl=SEO URL, query=category_id=18, keyword=laptop-notebook, store=Default, language=English} [Given Tania wants to filter data in the SEO URL list [Tania ruiz sanchez open up [Tania Ruiz Sanchez opens the Cart open page]], When She enter the data in the filter field
| username | password | seourl | query | keyword | store | language |
| demo | demo | SEO URL | category_id=18 | laptop-notebook | Default | English | [Tania ruiz sanchez filter [Tania Ruiz Sanchez enters 'demo' into enter username, Tania Ruiz Sanchez enters 'demo' into enter password, Tania Ruiz Sanchez clicks on Click on the login button, Tania Ruiz Sanchez clicks on Click on Desing, Tania Ruiz Sanchez clicks on Select SEO URL, Tania Ruiz Sanchez enters 'category_id=18' into Write the query, Tania Ruiz Sanchez enters 'laptop-notebook' into Write the keyword, Tania Ruiz Sanchez clicks on Click Store, Tania Ruiz Sanchez types 'ARROW_DOWN' in Click Store, Tania Ruiz Sanchez types 'ARROW_DOWN' in Click Store, Tania Ruiz Sanchez types 'ENTER' in Click Store, Tania Ruiz Sanchez clicks on Click Languaje, Tania Ruiz Sanchez types 'ARROW_DOWN' in Click Languaje, Tania Ruiz Sanchez types 'ARROW_DOWN' in Click Languaje, Tania Ruiz Sanchez types 'ENTER' in Click Languaje, Tania Ruiz Sanchez clicks on Click boton Filter]], Then She looks for the information on the filter button]]
[Test worker] INFO net.thucydides.core.steps.ConsoleLoggingListener - 
        __    _____ _____ ____ _____   ____   _    ____  ____  _____ ____  
  _     \ \  |_   _| ____/ ___|_   _| |  _ \ / \  / ___|/ ___|| ____|  _ \ 
 (_)_____| |   | | |  _| \___ \ | |   | |_) / _ \ \___ \\___ \|  _| | | | |
  _|_____| |   | | | |___ ___) || |   |  __/ ___ \ ___) |___) | |___| |_| |
 (_)     | |   |_| |_____|____/ |_|   |_| /_/   \_\____/|____/|_____|____/ 
        /_/                                                                

TEST PASSED: Enter data to filter
----------------------------------------------------------------------------
]]></system-err>
</testsuite>
