<?xml version="1.0" encoding="UTF-8"?>
<testsuite name="openCart" tests="3" skipped="0" failures="0" errors="0" timestamp="2022-05-03T20:19:49" hostname="DESKTOP-4PA18HQ" time="18.931">
  <properties/>
  <testcase name="Enter data to filter" classname="openCart" time="7.472"/>
  <testcase name="Enter data to filter" classname="openCart" time="5.796"/>
  <testcase name="Enter data to filter" classname="openCart" time="5.658"/>
  <system-out><![CDATA[]]></system-out>
  <system-err><![CDATA[[Test worker] WARN net.thucydides.core.steps.BaseStepListener - stepStarted: net.thucydides.core.steps.ExecutedStepDescription@2d13b094
[Test worker] WARN net.thucydides.core.steps.BaseStepListener - stepStarted: net.thucydides.core.steps.ExecutedStepDescription@2d97841d
[Test worker] WARN net.thucydides.core.steps.BaseStepListener - stepStarted: net.thucydides.core.steps.ExecutedStepDescription@218c7aaf
may 03, 2022 3:19:50 PM org.openqa.selenium.remote.DesiredCapabilities chrome
INFORMACIÓN: Using `new ChromeOptions()` is preferred to `DesiredCapabilities.chrome()`
[Test worker] INFO net.serenitybdd.core.webdriver.driverproviders.ProvideNewDriver - Instantiating driver
[Test worker] INFO net.serenitybdd.core.webdriver.driverproviders.ProvideNewDriver - Driver capabilities: Capabilities {acceptInsecureCerts: false, browserName: chrome, chrome.switches: --start-maximized, goog:chromeOptions: {args: [--start-maximized], extensions: []}, loggingPrefs: org.openqa.selenium.logging..., platform: ANY, version: }
Starting ChromeDriver 99.0.4844.51 (d537ec02474b5afe23684e7963d538896c63ac77-refs/branch-heads/4844@{#875}) on port 4637
Only local connections are allowed.
Please see https://chromedriver.chromium.org/security-considerations for suggestions on keeping ChromeDriver safe.
ChromeDriver was started successfully.
[1651609192.524][WARNING]: This version of ChromeDriver has not been tested with Chrome version 100.
may 03, 2022 3:19:52 PM org.openqa.selenium.remote.ProtocolHandshake createSession
INFORMACIÓN: Detected dialect: W3C
[Test worker] WARN net.thucydides.core.steps.BaseStepListener - stepFinished: current outcome:Enter data to filter:Example: {query=product_id=47, keyword=hp-lp3065, store=Default, language=English} [Given Tania wants to filter data in the SEO URL list [Tania ruiz sanchez open up [Tania Ruiz Sanchez opens the Cart open page]]]
[Test worker] WARN net.thucydides.core.steps.BaseStepListener - stepFinished: current outcome:Enter data to filter:Example: {query=product_id=47, keyword=hp-lp3065, store=Default, language=English} [Given Tania wants to filter data in the SEO URL list [Tania ruiz sanchez open up [Tania Ruiz Sanchez opens the Cart open page]]]
[Test worker] WARN net.thucydides.core.steps.BaseStepListener - stepFinished: current outcome:Enter data to filter:Example: {query=product_id=47, keyword=hp-lp3065, store=Default, language=English} [Given Tania wants to filter data in the SEO URL list [Tania ruiz sanchez open up [Tania Ruiz Sanchez opens the Cart open page]]]
[Test worker] WARN net.thucydides.core.steps.BaseStepListener - stepStarted: net.thucydides.core.steps.ExecutedStepDescription@2af71fe7
[Test worker] WARN net.thucydides.core.steps.BaseStepListener - stepStarted: net.thucydides.core.steps.ExecutedStepDescription@1d66f9cf
[Test worker] WARN net.thucydides.core.steps.BaseStepListener - stepStarted: net.thucydides.core.steps.ExecutedStepDescription@3c87265e
[Test worker] WARN net.thucydides.core.steps.BaseStepListener - stepFinished: current outcome:Enter data to filter:Example: {query=product_id=47, keyword=hp-lp3065, store=Default, language=English} [Given Tania wants to filter data in the SEO URL list [Tania ruiz sanchez open up [Tania Ruiz Sanchez opens the Cart open page]], When She enter the data in the filter field
| query | keyword | store | language |
| product_id=47 | hp-lp3065 | Default | English | [Tania ruiz sanchez filter [Tania Ruiz Sanchez clicks on Click on the login button]]]
[Test worker] WARN net.thucydides.core.steps.BaseStepListener - stepFinished: current outcome:Enter data to filter:Example: {query=product_id=47, keyword=hp-lp3065, store=Default, language=English} [Given Tania wants to filter data in the SEO URL list [Tania ruiz sanchez open up [Tania Ruiz Sanchez opens the Cart open page]], When She enter the data in the filter field
| query | keyword | store | language |
| product_id=47 | hp-lp3065 | Default | English | [Tania ruiz sanchez filter [Tania Ruiz Sanchez clicks on Click on the login button]]]
[Test worker] WARN net.thucydides.core.steps.BaseStepListener - stepFinished: current outcome:Enter data to filter:Example: {query=product_id=47, keyword=hp-lp3065, store=Default, language=English} [Given Tania wants to filter data in the SEO URL list [Tania ruiz sanchez open up [Tania Ruiz Sanchez opens the Cart open page]], When She enter the data in the filter field
| query | keyword | store | language |
| product_id=47 | hp-lp3065 | Default | English | [Tania ruiz sanchez filter [Tania Ruiz Sanchez clicks on Click on the login button]]]
[Test worker] WARN net.thucydides.core.steps.BaseStepListener - stepStarted: net.thucydides.core.steps.ExecutedStepDescription@1d869206
[Test worker] WARN net.thucydides.core.steps.BaseStepListener - stepFinished: current outcome:Enter data to filter:Example: {query=product_id=47, keyword=hp-lp3065, store=Default, language=English} [Given Tania wants to filter data in the SEO URL list [Tania ruiz sanchez open up [Tania Ruiz Sanchez opens the Cart open page]], When She enter the data in the filter field
| query | keyword | store | language |
| product_id=47 | hp-lp3065 | Default | English | [Tania ruiz sanchez filter [Tania Ruiz Sanchez clicks on Click on the login button]], Then She looks for the information on the filter button]
[Test worker] WARN net.thucydides.core.steps.BaseStepListener - stepFinished: current outcome:Enter data to filter:Example: {query=product_id=47, keyword=hp-lp3065, store=Default, language=English} [Given Tania wants to filter data in the SEO URL list [Tania ruiz sanchez open up [Tania Ruiz Sanchez opens the Cart open page]], When She enter the data in the filter field
| query | keyword | store | language |
| product_id=47 | hp-lp3065 | Default | English | [Tania ruiz sanchez filter [Tania Ruiz Sanchez clicks on Click on the login button]], Then She looks for the information on the filter button]
[Test worker] WARN net.thucydides.core.steps.BaseStepListener - testFinished: Enter data to filter:Example: {query=product_id=47, keyword=hp-lp3065, store=Default, language=English} [Given Tania wants to filter data in the SEO URL list [Tania ruiz sanchez open up [Tania Ruiz Sanchez opens the Cart open page]], When She enter the data in the filter field
| query | keyword | store | language |
| product_id=47 | hp-lp3065 | Default | English | [Tania ruiz sanchez filter [Tania Ruiz Sanchez clicks on Click on the login button]], Then She looks for the information on the filter button]
[Test worker] WARN net.thucydides.core.steps.BaseStepListener - TestOutcomes: [Enter data to filter:Example: {query=product_id=47, keyword=hp-lp3065, store=Default, language=English} [Given Tania wants to filter data in the SEO URL list [Tania ruiz sanchez open up [Tania Ruiz Sanchez opens the Cart open page]], When She enter the data in the filter field
| query | keyword | store | language |
| product_id=47 | hp-lp3065 | Default | English | [Tania ruiz sanchez filter [Tania Ruiz Sanchez clicks on Click on the login button]], Then She looks for the information on the filter button]]
[Test worker] WARN net.thucydides.core.steps.BaseStepListener - Final testOutcomes: [Enter data to filter:Example: {query=product_id=47, keyword=hp-lp3065, store=Default, language=English} [Given Tania wants to filter data in the SEO URL list [Tania ruiz sanchez open up [Tania Ruiz Sanchez opens the Cart open page]], When She enter the data in the filter field
| query | keyword | store | language |
| product_id=47 | hp-lp3065 | Default | English | [Tania ruiz sanchez filter [Tania Ruiz Sanchez clicks on Click on the login button]], Then She looks for the information on the filter button]]
[Test worker] INFO net.thucydides.core.steps.ConsoleLoggingListener - 
        __    _____ _____ ____ _____   ____   _    ____  ____  _____ ____  
  _     \ \  |_   _| ____/ ___|_   _| |  _ \ / \  / ___|/ ___|| ____|  _ \ 
 (_)_____| |   | | |  _| \___ \ | |   | |_) / _ \ \___ \\___ \|  _| | | | |
  _|_____| |   | | | |___ ___) || |   |  __/ ___ \ ___) |___) | |___| |_| |
 (_)     | |   |_| |_____|____/ |_|   |_| /_/   \_\____/|____/|_____|____/ 
        /_/                                                                

TEST PASSED: Enter data to filter
----------------------------------------------------------------------------
[Test worker] WARN net.thucydides.core.steps.BaseStepListener - stepStarted: net.thucydides.core.steps.ExecutedStepDescription@978e6be
[Test worker] WARN net.thucydides.core.steps.BaseStepListener - stepStarted: net.thucydides.core.steps.ExecutedStepDescription@3e3debfa
[Test worker] WARN net.thucydides.core.steps.BaseStepListener - stepStarted: net.thucydides.core.steps.ExecutedStepDescription@18ac085f
may 03, 2022 3:19:57 PM org.openqa.selenium.remote.DesiredCapabilities chrome
INFORMACIÓN: Using `new ChromeOptions()` is preferred to `DesiredCapabilities.chrome()`
[Test worker] INFO net.serenitybdd.core.webdriver.driverproviders.ProvideNewDriver - Instantiating driver
[Test worker] INFO net.serenitybdd.core.webdriver.driverproviders.ProvideNewDriver - Driver capabilities: Capabilities {acceptInsecureCerts: false, browserName: chrome, chrome.switches: --start-maximized, goog:chromeOptions: {args: [--start-maximized], extensions: []}, loggingPrefs: org.openqa.selenium.logging..., platform: ANY, version: }
Starting ChromeDriver 99.0.4844.51 (d537ec02474b5afe23684e7963d538896c63ac77-refs/branch-heads/4844@{#875}) on port 44364
Only local connections are allowed.
Please see https://chromedriver.chromium.org/security-considerations for suggestions on keeping ChromeDriver safe.
ChromeDriver was started successfully.
[1651609198.883][WARNING]: This version of ChromeDriver has not been tested with Chrome version 100.
may 03, 2022 3:19:58 PM org.openqa.selenium.remote.ProtocolHandshake createSession
INFORMACIÓN: Detected dialect: W3C
[Test worker] WARN net.thucydides.core.steps.BaseStepListener - stepFinished: current outcome:Enter data to filter:Example: {query=product_id=47, keyword=hp-lp3065, store=Default, language=English} [Given Tania wants to filter data in the SEO URL list [Tania ruiz sanchez open up [Tania Ruiz Sanchez opens the Cart open page]], When She enter the data in the filter field
| query | keyword | store | language |
| product_id=47 | hp-lp3065 | Default | English | [Tania ruiz sanchez filter [Tania Ruiz Sanchez clicks on Click on the login button]], Then She looks for the information on the filter button], Example: {query=product_id=41, keyword=iphone, store=Default, language=English} [Given Tania wants to filter data in the SEO URL list [Tania ruiz sanchez open up [Tania Ruiz Sanchez opens the Cart open page]]]
[Test worker] WARN net.thucydides.core.steps.BaseStepListener - stepFinished: current outcome:Enter data to filter:Example: {query=product_id=47, keyword=hp-lp3065, store=Default, language=English} [Given Tania wants to filter data in the SEO URL list [Tania ruiz sanchez open up [Tania Ruiz Sanchez opens the Cart open page]], When She enter the data in the filter field
| query | keyword | store | language |
| product_id=47 | hp-lp3065 | Default | English | [Tania ruiz sanchez filter [Tania Ruiz Sanchez clicks on Click on the login button]], Then She looks for the information on the filter button], Example: {query=product_id=41, keyword=iphone, store=Default, language=English} [Given Tania wants to filter data in the SEO URL list [Tania ruiz sanchez open up [Tania Ruiz Sanchez opens the Cart open page]]]
[Test worker] WARN net.thucydides.core.steps.BaseStepListener - stepFinished: current outcome:Enter data to filter:Example: {query=product_id=47, keyword=hp-lp3065, store=Default, language=English} [Given Tania wants to filter data in the SEO URL list [Tania ruiz sanchez open up [Tania Ruiz Sanchez opens the Cart open page]], When She enter the data in the filter field
| query | keyword | store | language |
| product_id=47 | hp-lp3065 | Default | English | [Tania ruiz sanchez filter [Tania Ruiz Sanchez clicks on Click on the login button]], Then She looks for the information on the filter button], Example: {query=product_id=41, keyword=iphone, store=Default, language=English} [Given Tania wants to filter data in the SEO URL list [Tania ruiz sanchez open up [Tania Ruiz Sanchez opens the Cart open page]]]
[Test worker] WARN net.thucydides.core.steps.BaseStepListener - stepStarted: net.thucydides.core.steps.ExecutedStepDescription@301cda34
[Test worker] WARN net.thucydides.core.steps.BaseStepListener - stepStarted: net.thucydides.core.steps.ExecutedStepDescription@82104f9
[Test worker] WARN net.thucydides.core.steps.BaseStepListener - stepStarted: net.thucydides.core.steps.ExecutedStepDescription@6d6e32fb
[Test worker] WARN net.thucydides.core.steps.BaseStepListener - stepFinished: current outcome:Enter data to filter:Example: {query=product_id=47, keyword=hp-lp3065, store=Default, language=English} [Given Tania wants to filter data in the SEO URL list [Tania ruiz sanchez open up [Tania Ruiz Sanchez opens the Cart open page]], When She enter the data in the filter field
| query | keyword | store | language |
| product_id=47 | hp-lp3065 | Default | English | [Tania ruiz sanchez filter [Tania Ruiz Sanchez clicks on Click on the login button]], Then She looks for the information on the filter button], Example: {query=product_id=41, keyword=iphone, store=Default, language=English} [Given Tania wants to filter data in the SEO URL list [Tania ruiz sanchez open up [Tania Ruiz Sanchez opens the Cart open page]], When She enter the data in the filter field
| query | keyword | store | language |
| product_id=41 | iphone | Default | English | [Tania ruiz sanchez filter [Tania Ruiz Sanchez clicks on Click on the login button]]]
[Test worker] WARN net.thucydides.core.steps.BaseStepListener - stepFinished: current outcome:Enter data to filter:Example: {query=product_id=47, keyword=hp-lp3065, store=Default, language=English} [Given Tania wants to filter data in the SEO URL list [Tania ruiz sanchez open up [Tania Ruiz Sanchez opens the Cart open page]], When She enter the data in the filter field
| query | keyword | store | language |
| product_id=47 | hp-lp3065 | Default | English | [Tania ruiz sanchez filter [Tania Ruiz Sanchez clicks on Click on the login button]], Then She looks for the information on the filter button], Example: {query=product_id=41, keyword=iphone, store=Default, language=English} [Given Tania wants to filter data in the SEO URL list [Tania ruiz sanchez open up [Tania Ruiz Sanchez opens the Cart open page]], When She enter the data in the filter field
| query | keyword | store | language |
| product_id=41 | iphone | Default | English | [Tania ruiz sanchez filter [Tania Ruiz Sanchez clicks on Click on the login button]]]
[Test worker] WARN net.thucydides.core.steps.BaseStepListener - stepFinished: current outcome:Enter data to filter:Example: {query=product_id=47, keyword=hp-lp3065, store=Default, language=English} [Given Tania wants to filter data in the SEO URL list [Tania ruiz sanchez open up [Tania Ruiz Sanchez opens the Cart open page]], When She enter the data in the filter field
| query | keyword | store | language |
| product_id=47 | hp-lp3065 | Default | English | [Tania ruiz sanchez filter [Tania Ruiz Sanchez clicks on Click on the login button]], Then She looks for the information on the filter button], Example: {query=product_id=41, keyword=iphone, store=Default, language=English} [Given Tania wants to filter data in the SEO URL list [Tania ruiz sanchez open up [Tania Ruiz Sanchez opens the Cart open page]], When She enter the data in the filter field
| query | keyword | store | language |
| product_id=41 | iphone | Default | English | [Tania ruiz sanchez filter [Tania Ruiz Sanchez clicks on Click on the login button]]]
[Test worker] WARN net.thucydides.core.steps.BaseStepListener - stepStarted: net.thucydides.core.steps.ExecutedStepDescription@253ff797
[Test worker] WARN net.thucydides.core.steps.BaseStepListener - stepFinished: current outcome:Enter data to filter:Example: {query=product_id=47, keyword=hp-lp3065, store=Default, language=English} [Given Tania wants to filter data in the SEO URL list [Tania ruiz sanchez open up [Tania Ruiz Sanchez opens the Cart open page]], When She enter the data in the filter field
| query | keyword | store | language |
| product_id=47 | hp-lp3065 | Default | English | [Tania ruiz sanchez filter [Tania Ruiz Sanchez clicks on Click on the login button]], Then She looks for the information on the filter button], Example: {query=product_id=41, keyword=iphone, store=Default, language=English} [Given Tania wants to filter data in the SEO URL list [Tania ruiz sanchez open up [Tania Ruiz Sanchez opens the Cart open page]], When She enter the data in the filter field
| query | keyword | store | language |
| product_id=41 | iphone | Default | English | [Tania ruiz sanchez filter [Tania Ruiz Sanchez clicks on Click on the login button]], Then She looks for the information on the filter button]
[Test worker] WARN net.thucydides.core.steps.BaseStepListener - stepFinished: current outcome:Enter data to filter:Example: {query=product_id=47, keyword=hp-lp3065, store=Default, language=English} [Given Tania wants to filter data in the SEO URL list [Tania ruiz sanchez open up [Tania Ruiz Sanchez opens the Cart open page]], When She enter the data in the filter field
| query | keyword | store | language |
| product_id=47 | hp-lp3065 | Default | English | [Tania ruiz sanchez filter [Tania Ruiz Sanchez clicks on Click on the login button]], Then She looks for the information on the filter button], Example: {query=product_id=41, keyword=iphone, store=Default, language=English} [Given Tania wants to filter data in the SEO URL list [Tania ruiz sanchez open up [Tania Ruiz Sanchez opens the Cart open page]], When She enter the data in the filter field
| query | keyword | store | language |
| product_id=41 | iphone | Default | English | [Tania ruiz sanchez filter [Tania Ruiz Sanchez clicks on Click on the login button]], Then She looks for the information on the filter button]
[Test worker] WARN net.thucydides.core.steps.BaseStepListener - testFinished: Enter data to filter:Example: {query=product_id=47, keyword=hp-lp3065, store=Default, language=English} [Given Tania wants to filter data in the SEO URL list [Tania ruiz sanchez open up [Tania Ruiz Sanchez opens the Cart open page]], When She enter the data in the filter field
| query | keyword | store | language |
| product_id=47 | hp-lp3065 | Default | English | [Tania ruiz sanchez filter [Tania Ruiz Sanchez clicks on Click on the login button]], Then She looks for the information on the filter button], Example: {query=product_id=41, keyword=iphone, store=Default, language=English} [Given Tania wants to filter data in the SEO URL list [Tania ruiz sanchez open up [Tania Ruiz Sanchez opens the Cart open page]], When She enter the data in the filter field
| query | keyword | store | language |
| product_id=41 | iphone | Default | English | [Tania ruiz sanchez filter [Tania Ruiz Sanchez clicks on Click on the login button]], Then She looks for the information on the filter button]
[Test worker] WARN net.thucydides.core.steps.BaseStepListener - TestOutcomes: [Enter data to filter:Example: {query=product_id=47, keyword=hp-lp3065, store=Default, language=English} [Given Tania wants to filter data in the SEO URL list [Tania ruiz sanchez open up [Tania Ruiz Sanchez opens the Cart open page]], When She enter the data in the filter field
| query | keyword | store | language |
| product_id=47 | hp-lp3065 | Default | English | [Tania ruiz sanchez filter [Tania Ruiz Sanchez clicks on Click on the login button]], Then She looks for the information on the filter button], Example: {query=product_id=41, keyword=iphone, store=Default, language=English} [Given Tania wants to filter data in the SEO URL list [Tania ruiz sanchez open up [Tania Ruiz Sanchez opens the Cart open page]], When She enter the data in the filter field
| query | keyword | store | language |
| product_id=41 | iphone | Default | English | [Tania ruiz sanchez filter [Tania Ruiz Sanchez clicks on Click on the login button]], Then She looks for the information on the filter button]]
[Test worker] WARN net.thucydides.core.steps.BaseStepListener - Final testOutcomes: [Enter data to filter:Example: {query=product_id=47, keyword=hp-lp3065, store=Default, language=English} [Given Tania wants to filter data in the SEO URL list [Tania ruiz sanchez open up [Tania Ruiz Sanchez opens the Cart open page]], When She enter the data in the filter field
| query | keyword | store | language |
| product_id=47 | hp-lp3065 | Default | English | [Tania ruiz sanchez filter [Tania Ruiz Sanchez clicks on Click on the login button]], Then She looks for the information on the filter button], Example: {query=product_id=41, keyword=iphone, store=Default, language=English} [Given Tania wants to filter data in the SEO URL list [Tania ruiz sanchez open up [Tania Ruiz Sanchez opens the Cart open page]], When She enter the data in the filter field
| query | keyword | store | language |
| product_id=41 | iphone | Default | English | [Tania ruiz sanchez filter [Tania Ruiz Sanchez clicks on Click on the login button]], Then She looks for the information on the filter button]]
[Test worker] INFO net.thucydides.core.steps.ConsoleLoggingListener - 
        __    _____ _____ ____ _____   ____   _    ____  ____  _____ ____  
  _     \ \  |_   _| ____/ ___|_   _| |  _ \ / \  / ___|/ ___|| ____|  _ \ 
 (_)_____| |   | | |  _| \___ \ | |   | |_) / _ \ \___ \\___ \|  _| | | | |
  _|_____| |   | | | |___ ___) || |   |  __/ ___ \ ___) |___) | |___| |_| |
 (_)     | |   |_| |_____|____/ |_|   |_| /_/   \_\____/|____/|_____|____/ 
        /_/                                                                

TEST PASSED: Enter data to filter
----------------------------------------------------------------------------
[Test worker] WARN net.thucydides.core.steps.BaseStepListener - stepStarted: net.thucydides.core.steps.ExecutedStepDescription@7fce0f08
[Test worker] WARN net.thucydides.core.steps.BaseStepListener - stepStarted: net.thucydides.core.steps.ExecutedStepDescription@209ab08c
[Test worker] WARN net.thucydides.core.steps.BaseStepListener - stepStarted: net.thucydides.core.steps.ExecutedStepDescription@6e9d107e
may 03, 2022 3:20:03 PM org.openqa.selenium.remote.DesiredCapabilities chrome
INFORMACIÓN: Using `new ChromeOptions()` is preferred to `DesiredCapabilities.chrome()`
[Test worker] INFO net.serenitybdd.core.webdriver.driverproviders.ProvideNewDriver - Instantiating driver
[Test worker] INFO net.serenitybdd.core.webdriver.driverproviders.ProvideNewDriver - Driver capabilities: Capabilities {acceptInsecureCerts: false, browserName: chrome, chrome.switches: --start-maximized, goog:chromeOptions: {args: [--start-maximized], extensions: []}, loggingPrefs: org.openqa.selenium.logging..., platform: ANY, version: }
Starting ChromeDriver 99.0.4844.51 (d537ec02474b5afe23684e7963d538896c63ac77-refs/branch-heads/4844@{#875}) on port 25384
Only local connections are allowed.
Please see https://chromedriver.chromium.org/security-considerations for suggestions on keeping ChromeDriver safe.
ChromeDriver was started successfully.
[1651609204.402][WARNING]: This version of ChromeDriver has not been tested with Chrome version 100.
may 03, 2022 3:20:04 PM org.openqa.selenium.remote.ProtocolHandshake createSession
INFORMACIÓN: Detected dialect: W3C
[Test worker] WARN net.thucydides.core.steps.BaseStepListener - stepFinished: current outcome:Enter data to filter:Example: {query=product_id=47, keyword=hp-lp3065, store=Default, language=English} [Given Tania wants to filter data in the SEO URL list [Tania ruiz sanchez open up [Tania Ruiz Sanchez opens the Cart open page]], When She enter the data in the filter field
| query | keyword | store | language |
| product_id=47 | hp-lp3065 | Default | English | [Tania ruiz sanchez filter [Tania Ruiz Sanchez clicks on Click on the login button]], Then She looks for the information on the filter button], Example: {query=product_id=41, keyword=iphone, store=Default, language=English} [Given Tania wants to filter data in the SEO URL list [Tania ruiz sanchez open up [Tania Ruiz Sanchez opens the Cart open page]], When She enter the data in the filter field
| query | keyword | store | language |
| product_id=41 | iphone | Default | English | [Tania ruiz sanchez filter [Tania Ruiz Sanchez clicks on Click on the login button]], Then She looks for the information on the filter button], Example: {query=category_id=18, keyword=, store=, language=} [Given Tania wants to filter data in the SEO URL list [Tania ruiz sanchez open up [Tania Ruiz Sanchez opens the Cart open page]]]
[Test worker] WARN net.thucydides.core.steps.BaseStepListener - stepFinished: current outcome:Enter data to filter:Example: {query=product_id=47, keyword=hp-lp3065, store=Default, language=English} [Given Tania wants to filter data in the SEO URL list [Tania ruiz sanchez open up [Tania Ruiz Sanchez opens the Cart open page]], When She enter the data in the filter field
| query | keyword | store | language |
| product_id=47 | hp-lp3065 | Default | English | [Tania ruiz sanchez filter [Tania Ruiz Sanchez clicks on Click on the login button]], Then She looks for the information on the filter button], Example: {query=product_id=41, keyword=iphone, store=Default, language=English} [Given Tania wants to filter data in the SEO URL list [Tania ruiz sanchez open up [Tania Ruiz Sanchez opens the Cart open page]], When She enter the data in the filter field
| query | keyword | store | language |
| product_id=41 | iphone | Default | English | [Tania ruiz sanchez filter [Tania Ruiz Sanchez clicks on Click on the login button]], Then She looks for the information on the filter button], Example: {query=category_id=18, keyword=, store=, language=} [Given Tania wants to filter data in the SEO URL list [Tania ruiz sanchez open up [Tania Ruiz Sanchez opens the Cart open page]]]
[Test worker] WARN net.thucydides.core.steps.BaseStepListener - stepFinished: current outcome:Enter data to filter:Example: {query=product_id=47, keyword=hp-lp3065, store=Default, language=English} [Given Tania wants to filter data in the SEO URL list [Tania ruiz sanchez open up [Tania Ruiz Sanchez opens the Cart open page]], When She enter the data in the filter field
| query | keyword | store | language |
| product_id=47 | hp-lp3065 | Default | English | [Tania ruiz sanchez filter [Tania Ruiz Sanchez clicks on Click on the login button]], Then She looks for the information on the filter button], Example: {query=product_id=41, keyword=iphone, store=Default, language=English} [Given Tania wants to filter data in the SEO URL list [Tania ruiz sanchez open up [Tania Ruiz Sanchez opens the Cart open page]], When She enter the data in the filter field
| query | keyword | store | language |
| product_id=41 | iphone | Default | English | [Tania ruiz sanchez filter [Tania Ruiz Sanchez clicks on Click on the login button]], Then She looks for the information on the filter button], Example: {query=category_id=18, keyword=, store=, language=} [Given Tania wants to filter data in the SEO URL list [Tania ruiz sanchez open up [Tania Ruiz Sanchez opens the Cart open page]]]
[Test worker] WARN net.thucydides.core.steps.BaseStepListener - stepStarted: net.thucydides.core.steps.ExecutedStepDescription@3f106f3a
[Test worker] WARN net.thucydides.core.steps.BaseStepListener - stepStarted: net.thucydides.core.steps.ExecutedStepDescription@6d8dfea8
[Test worker] WARN net.thucydides.core.steps.BaseStepListener - stepStarted: net.thucydides.core.steps.ExecutedStepDescription@273d2741
[Test worker] WARN net.thucydides.core.steps.BaseStepListener - stepFinished: current outcome:Enter data to filter:Example: {query=product_id=47, keyword=hp-lp3065, store=Default, language=English} [Given Tania wants to filter data in the SEO URL list [Tania ruiz sanchez open up [Tania Ruiz Sanchez opens the Cart open page]], When She enter the data in the filter field
| query | keyword | store | language |
| product_id=47 | hp-lp3065 | Default | English | [Tania ruiz sanchez filter [Tania Ruiz Sanchez clicks on Click on the login button]], Then She looks for the information on the filter button], Example: {query=product_id=41, keyword=iphone, store=Default, language=English} [Given Tania wants to filter data in the SEO URL list [Tania ruiz sanchez open up [Tania Ruiz Sanchez opens the Cart open page]], When She enter the data in the filter field
| query | keyword | store | language |
| product_id=41 | iphone | Default | English | [Tania ruiz sanchez filter [Tania Ruiz Sanchez clicks on Click on the login button]], Then She looks for the information on the filter button], Example: {query=category_id=18, keyword=, store=, language=} [Given Tania wants to filter data in the SEO URL list [Tania ruiz sanchez open up [Tania Ruiz Sanchez opens the Cart open page]], When She enter the data in the filter field
| query | keyword | store | language |
| category_id=18 |  |  |  | [Tania ruiz sanchez filter [Tania Ruiz Sanchez clicks on Click on the login button]]]
[Test worker] WARN net.thucydides.core.steps.BaseStepListener - stepFinished: current outcome:Enter data to filter:Example: {query=product_id=47, keyword=hp-lp3065, store=Default, language=English} [Given Tania wants to filter data in the SEO URL list [Tania ruiz sanchez open up [Tania Ruiz Sanchez opens the Cart open page]], When She enter the data in the filter field
| query | keyword | store | language |
| product_id=47 | hp-lp3065 | Default | English | [Tania ruiz sanchez filter [Tania Ruiz Sanchez clicks on Click on the login button]], Then She looks for the information on the filter button], Example: {query=product_id=41, keyword=iphone, store=Default, language=English} [Given Tania wants to filter data in the SEO URL list [Tania ruiz sanchez open up [Tania Ruiz Sanchez opens the Cart open page]], When She enter the data in the filter field
| query | keyword | store | language |
| product_id=41 | iphone | Default | English | [Tania ruiz sanchez filter [Tania Ruiz Sanchez clicks on Click on the login button]], Then She looks for the information on the filter button], Example: {query=category_id=18, keyword=, store=, language=} [Given Tania wants to filter data in the SEO URL list [Tania ruiz sanchez open up [Tania Ruiz Sanchez opens the Cart open page]], When She enter the data in the filter field
| query | keyword | store | language |
| category_id=18 |  |  |  | [Tania ruiz sanchez filter [Tania Ruiz Sanchez clicks on Click on the login button]]]
[Test worker] WARN net.thucydides.core.steps.BaseStepListener - stepFinished: current outcome:Enter data to filter:Example: {query=product_id=47, keyword=hp-lp3065, store=Default, language=English} [Given Tania wants to filter data in the SEO URL list [Tania ruiz sanchez open up [Tania Ruiz Sanchez opens the Cart open page]], When She enter the data in the filter field
| query | keyword | store | language |
| product_id=47 | hp-lp3065 | Default | English | [Tania ruiz sanchez filter [Tania Ruiz Sanchez clicks on Click on the login button]], Then She looks for the information on the filter button], Example: {query=product_id=41, keyword=iphone, store=Default, language=English} [Given Tania wants to filter data in the SEO URL list [Tania ruiz sanchez open up [Tania Ruiz Sanchez opens the Cart open page]], When She enter the data in the filter field
| query | keyword | store | language |
| product_id=41 | iphone | Default | English | [Tania ruiz sanchez filter [Tania Ruiz Sanchez clicks on Click on the login button]], Then She looks for the information on the filter button], Example: {query=category_id=18, keyword=, store=, language=} [Given Tania wants to filter data in the SEO URL list [Tania ruiz sanchez open up [Tania Ruiz Sanchez opens the Cart open page]], When She enter the data in the filter field
| query | keyword | store | language |
| category_id=18 |  |  |  | [Tania ruiz sanchez filter [Tania Ruiz Sanchez clicks on Click on the login button]]]
[Test worker] WARN net.thucydides.core.steps.BaseStepListener - stepStarted: net.thucydides.core.steps.ExecutedStepDescription@3b6b140
[Test worker] WARN net.thucydides.core.steps.BaseStepListener - stepFinished: current outcome:Enter data to filter:Example: {query=product_id=47, keyword=hp-lp3065, store=Default, language=English} [Given Tania wants to filter data in the SEO URL list [Tania ruiz sanchez open up [Tania Ruiz Sanchez opens the Cart open page]], When She enter the data in the filter field
| query | keyword | store | language |
| product_id=47 | hp-lp3065 | Default | English | [Tania ruiz sanchez filter [Tania Ruiz Sanchez clicks on Click on the login button]], Then She looks for the information on the filter button], Example: {query=product_id=41, keyword=iphone, store=Default, language=English} [Given Tania wants to filter data in the SEO URL list [Tania ruiz sanchez open up [Tania Ruiz Sanchez opens the Cart open page]], When She enter the data in the filter field
| query | keyword | store | language |
| product_id=41 | iphone | Default | English | [Tania ruiz sanchez filter [Tania Ruiz Sanchez clicks on Click on the login button]], Then She looks for the information on the filter button], Example: {query=category_id=18, keyword=, store=, language=} [Given Tania wants to filter data in the SEO URL list [Tania ruiz sanchez open up [Tania Ruiz Sanchez opens the Cart open page]], When She enter the data in the filter field
| query | keyword | store | language |
| category_id=18 |  |  |  | [Tania ruiz sanchez filter [Tania Ruiz Sanchez clicks on Click on the login button]], Then She looks for the information on the filter button]
[Test worker] WARN net.thucydides.core.steps.BaseStepListener - stepFinished: current outcome:Enter data to filter:Example: {query=product_id=47, keyword=hp-lp3065, store=Default, language=English} [Given Tania wants to filter data in the SEO URL list [Tania ruiz sanchez open up [Tania Ruiz Sanchez opens the Cart open page]], When She enter the data in the filter field
| query | keyword | store | language |
| product_id=47 | hp-lp3065 | Default | English | [Tania ruiz sanchez filter [Tania Ruiz Sanchez clicks on Click on the login button]], Then She looks for the information on the filter button], Example: {query=product_id=41, keyword=iphone, store=Default, language=English} [Given Tania wants to filter data in the SEO URL list [Tania ruiz sanchez open up [Tania Ruiz Sanchez opens the Cart open page]], When She enter the data in the filter field
| query | keyword | store | language |
| product_id=41 | iphone | Default | English | [Tania ruiz sanchez filter [Tania Ruiz Sanchez clicks on Click on the login button]], Then She looks for the information on the filter button], Example: {query=category_id=18, keyword=, store=, language=} [Given Tania wants to filter data in the SEO URL list [Tania ruiz sanchez open up [Tania Ruiz Sanchez opens the Cart open page]], When She enter the data in the filter field
| query | keyword | store | language |
| category_id=18 |  |  |  | [Tania ruiz sanchez filter [Tania Ruiz Sanchez clicks on Click on the login button]], Then She looks for the information on the filter button]
[Test worker] WARN net.thucydides.core.steps.BaseStepListener - testFinished: Enter data to filter:Example: {query=product_id=47, keyword=hp-lp3065, store=Default, language=English} [Given Tania wants to filter data in the SEO URL list [Tania ruiz sanchez open up [Tania Ruiz Sanchez opens the Cart open page]], When She enter the data in the filter field
| query | keyword | store | language |
| product_id=47 | hp-lp3065 | Default | English | [Tania ruiz sanchez filter [Tania Ruiz Sanchez clicks on Click on the login button]], Then She looks for the information on the filter button], Example: {query=product_id=41, keyword=iphone, store=Default, language=English} [Given Tania wants to filter data in the SEO URL list [Tania ruiz sanchez open up [Tania Ruiz Sanchez opens the Cart open page]], When She enter the data in the filter field
| query | keyword | store | language |
| product_id=41 | iphone | Default | English | [Tania ruiz sanchez filter [Tania Ruiz Sanchez clicks on Click on the login button]], Then She looks for the information on the filter button], Example: {query=category_id=18, keyword=, store=, language=} [Given Tania wants to filter data in the SEO URL list [Tania ruiz sanchez open up [Tania Ruiz Sanchez opens the Cart open page]], When She enter the data in the filter field
| query | keyword | store | language |
| category_id=18 |  |  |  | [Tania ruiz sanchez filter [Tania Ruiz Sanchez clicks on Click on the login button]], Then She looks for the information on the filter button]
[Test worker] WARN net.thucydides.core.steps.BaseStepListener - TestOutcomes: [Enter data to filter:Example: {query=product_id=47, keyword=hp-lp3065, store=Default, language=English} [Given Tania wants to filter data in the SEO URL list [Tania ruiz sanchez open up [Tania Ruiz Sanchez opens the Cart open page]], When She enter the data in the filter field
| query | keyword | store | language |
| product_id=47 | hp-lp3065 | Default | English | [Tania ruiz sanchez filter [Tania Ruiz Sanchez clicks on Click on the login button]], Then She looks for the information on the filter button], Example: {query=product_id=41, keyword=iphone, store=Default, language=English} [Given Tania wants to filter data in the SEO URL list [Tania ruiz sanchez open up [Tania Ruiz Sanchez opens the Cart open page]], When She enter the data in the filter field
| query | keyword | store | language |
| product_id=41 | iphone | Default | English | [Tania ruiz sanchez filter [Tania Ruiz Sanchez clicks on Click on the login button]], Then She looks for the information on the filter button], Example: {query=category_id=18, keyword=, store=, language=} [Given Tania wants to filter data in the SEO URL list [Tania ruiz sanchez open up [Tania Ruiz Sanchez opens the Cart open page]], When She enter the data in the filter field
| query | keyword | store | language |
| category_id=18 |  |  |  | [Tania ruiz sanchez filter [Tania Ruiz Sanchez clicks on Click on the login button]], Then She looks for the information on the filter button]]
[Test worker] WARN net.thucydides.core.steps.BaseStepListener - Final testOutcomes: [Enter data to filter:Example: {query=product_id=47, keyword=hp-lp3065, store=Default, language=English} [Given Tania wants to filter data in the SEO URL list [Tania ruiz sanchez open up [Tania Ruiz Sanchez opens the Cart open page]], When She enter the data in the filter field
| query | keyword | store | language |
| product_id=47 | hp-lp3065 | Default | English | [Tania ruiz sanchez filter [Tania Ruiz Sanchez clicks on Click on the login button]], Then She looks for the information on the filter button], Example: {query=product_id=41, keyword=iphone, store=Default, language=English} [Given Tania wants to filter data in the SEO URL list [Tania ruiz sanchez open up [Tania Ruiz Sanchez opens the Cart open page]], When She enter the data in the filter field
| query | keyword | store | language |
| product_id=41 | iphone | Default | English | [Tania ruiz sanchez filter [Tania Ruiz Sanchez clicks on Click on the login button]], Then She looks for the information on the filter button], Example: {query=category_id=18, keyword=, store=, language=} [Given Tania wants to filter data in the SEO URL list [Tania ruiz sanchez open up [Tania Ruiz Sanchez opens the Cart open page]], When She enter the data in the filter field
| query | keyword | store | language |
| category_id=18 |  |  |  | [Tania ruiz sanchez filter [Tania Ruiz Sanchez clicks on Click on the login button]], Then She looks for the information on the filter button]]
[Test worker] INFO net.thucydides.core.steps.ConsoleLoggingListener - 
        __    _____ _____ ____ _____   ____   _    ____  ____  _____ ____  
  _     \ \  |_   _| ____/ ___|_   _| |  _ \ / \  / ___|/ ___|| ____|  _ \ 
 (_)_____| |   | | |  _| \___ \ | |   | |_) / _ \ \___ \\___ \|  _| | | | |
  _|_____| |   | | | |___ ___) || |   |  __/ ___ \ ___) |___) | |___| |_| |
 (_)     | |   |_| |_____|____/ |_|   |_| /_/   \_\____/|____/|_____|____/ 
        /_/                                                                

TEST PASSED: Enter data to filter
----------------------------------------------------------------------------
]]></system-err>
</testsuite>
