<?xml version="1.0" encoding="UTF-8"?>
<testsuite name="openCart" tests="3" skipped="0" failures="0" errors="0" timestamp="2022-05-03T22:00:12" hostname="DESKTOP-4PA18HQ" time="24.634">
  <properties/>
  <testcase name="Enter data to filter" classname="openCart" time="9.43"/>
  <testcase name="Enter data to filter" classname="openCart" time="7.39"/>
  <testcase name="Enter data to filter" classname="openCart" time="7.803"/>
  <system-out><![CDATA[]]></system-out>
  <system-err><![CDATA[[Test worker] WARN net.thucydides.core.steps.BaseStepListener - stepStarted: net.thucydides.core.steps.ExecutedStepDescription@2d13b094
[Test worker] WARN net.thucydides.core.steps.BaseStepListener - stepStarted: net.thucydides.core.steps.ExecutedStepDescription@2d97841d
[Test worker] WARN net.thucydides.core.steps.BaseStepListener - stepStarted: net.thucydides.core.steps.ExecutedStepDescription@218c7aaf
may 03, 2022 5:00:12 PM org.openqa.selenium.remote.DesiredCapabilities chrome
INFORMACIÓN: Using `new ChromeOptions()` is preferred to `DesiredCapabilities.chrome()`
[Test worker] INFO net.serenitybdd.core.webdriver.driverproviders.ProvideNewDriver - Instantiating driver
[Test worker] INFO net.serenitybdd.core.webdriver.driverproviders.ProvideNewDriver - Driver capabilities: Capabilities {acceptInsecureCerts: false, browserName: chrome, chrome.switches: --start-maximized, goog:chromeOptions: {args: [--start-maximized], extensions: []}, loggingPrefs: org.openqa.selenium.logging..., platform: ANY, version: }
Starting ChromeDriver 99.0.4844.51 (d537ec02474b5afe23684e7963d538896c63ac77-refs/branch-heads/4844@{#875}) on port 48608
Only local connections are allowed.
Please see https://chromedriver.chromium.org/security-considerations for suggestions on keeping ChromeDriver safe.
ChromeDriver was started successfully.
[1651615214.858][WARNING]: This version of ChromeDriver has not been tested with Chrome version 100.
may 03, 2022 5:00:14 PM org.openqa.selenium.remote.ProtocolHandshake createSession
INFORMACIÓN: Detected dialect: W3C
[Test worker] WARN net.thucydides.core.steps.BaseStepListener - stepFinished: current outcome:Enter data to filter:Example: {username=demo, password=demo, seourl=Banners, query=product_id=47, keyword=hp-lp3065, store=Default, language=English} [Given Tania wants to filter data in the SEO URL list [Tania ruiz sanchez open up [Tania Ruiz Sanchez opens the Cart open page]]]
[Test worker] WARN net.thucydides.core.steps.BaseStepListener - stepFinished: current outcome:Enter data to filter:Example: {username=demo, password=demo, seourl=Banners, query=product_id=47, keyword=hp-lp3065, store=Default, language=English} [Given Tania wants to filter data in the SEO URL list [Tania ruiz sanchez open up [Tania Ruiz Sanchez opens the Cart open page]]]
[Test worker] WARN net.thucydides.core.steps.BaseStepListener - stepFinished: current outcome:Enter data to filter:Example: {username=demo, password=demo, seourl=Banners, query=product_id=47, keyword=hp-lp3065, store=Default, language=English} [Given Tania wants to filter data in the SEO URL list [Tania ruiz sanchez open up [Tania Ruiz Sanchez opens the Cart open page]]]
[Test worker] WARN net.thucydides.core.steps.BaseStepListener - stepStarted: net.thucydides.core.steps.ExecutedStepDescription@2afbac4f
[Test worker] WARN net.thucydides.core.steps.BaseStepListener - stepStarted: net.thucydides.core.steps.ExecutedStepDescription@49e823a8
[Test worker] WARN net.thucydides.core.steps.BaseStepListener - stepStarted: net.thucydides.core.steps.ExecutedStepDescription@aa5768a
[Test worker] WARN net.thucydides.core.steps.BaseStepListener - stepFinished: current outcome:Enter data to filter:Example: {username=demo, password=demo, seourl=Banners, query=product_id=47, keyword=hp-lp3065, store=Default, language=English} [Given Tania wants to filter data in the SEO URL list [Tania ruiz sanchez open up [Tania Ruiz Sanchez opens the Cart open page]], When She enter the data in the filter field
| username | password | seourl | query | keyword | store | language |
| demo | demo | Banners | product_id=47 | hp-lp3065 | Default | English | [Tania ruiz sanchez filter [Tania Ruiz Sanchez enters 'demo' into enter username]]]
[Test worker] WARN net.thucydides.core.steps.BaseStepListener - stepStarted: net.thucydides.core.steps.ExecutedStepDescription@8c02bcf
[Test worker] WARN net.thucydides.core.steps.BaseStepListener - stepFinished: current outcome:Enter data to filter:Example: {username=demo, password=demo, seourl=Banners, query=product_id=47, keyword=hp-lp3065, store=Default, language=English} [Given Tania wants to filter data in the SEO URL list [Tania ruiz sanchez open up [Tania Ruiz Sanchez opens the Cart open page]], When She enter the data in the filter field
| username | password | seourl | query | keyword | store | language |
| demo | demo | Banners | product_id=47 | hp-lp3065 | Default | English | [Tania ruiz sanchez filter [Tania Ruiz Sanchez enters 'demo' into enter username, Tania Ruiz Sanchez enters 'demo' into enter password]]]
[Test worker] WARN net.thucydides.core.steps.BaseStepListener - stepStarted: net.thucydides.core.steps.ExecutedStepDescription@4912f643
[Test worker] WARN net.thucydides.core.steps.BaseStepListener - stepFinished: current outcome:Enter data to filter:Example: {username=demo, password=demo, seourl=Banners, query=product_id=47, keyword=hp-lp3065, store=Default, language=English} [Given Tania wants to filter data in the SEO URL list [Tania ruiz sanchez open up [Tania Ruiz Sanchez opens the Cart open page]], When She enter the data in the filter field
| username | password | seourl | query | keyword | store | language |
| demo | demo | Banners | product_id=47 | hp-lp3065 | Default | English | [Tania ruiz sanchez filter [Tania Ruiz Sanchez enters 'demo' into enter username, Tania Ruiz Sanchez enters 'demo' into enter password, Tania Ruiz Sanchez clicks on Click on the login button]]]
[Test worker] WARN net.thucydides.core.steps.BaseStepListener - stepStarted: net.thucydides.core.steps.ExecutedStepDescription@72ca3e9
[Test worker] WARN net.thucydides.core.steps.BaseStepListener - stepFinished: current outcome:Enter data to filter:Example: {username=demo, password=demo, seourl=Banners, query=product_id=47, keyword=hp-lp3065, store=Default, language=English} [Given Tania wants to filter data in the SEO URL list [Tania ruiz sanchez open up [Tania Ruiz Sanchez opens the Cart open page]], When She enter the data in the filter field
| username | password | seourl | query | keyword | store | language |
| demo | demo | Banners | product_id=47 | hp-lp3065 | Default | English | [Tania ruiz sanchez filter [Tania Ruiz Sanchez enters 'demo' into enter username, Tania Ruiz Sanchez enters 'demo' into enter password, Tania Ruiz Sanchez clicks on Click on the login button, Tania Ruiz Sanchez clicks on Click on Desing]]]
[Test worker] WARN net.thucydides.core.steps.BaseStepListener - stepStarted: net.thucydides.core.steps.ExecutedStepDescription@4e6f050c
[Test worker] WARN net.thucydides.core.steps.BaseStepListener - stepFinished: current outcome:Enter data to filter:Example: {username=demo, password=demo, seourl=Banners, query=product_id=47, keyword=hp-lp3065, store=Default, language=English} [Given Tania wants to filter data in the SEO URL list [Tania ruiz sanchez open up [Tania Ruiz Sanchez opens the Cart open page]], When She enter the data in the filter field
| username | password | seourl | query | keyword | store | language |
| demo | demo | Banners | product_id=47 | hp-lp3065 | Default | English | [Tania ruiz sanchez filter [Tania Ruiz Sanchez enters 'demo' into enter username, Tania Ruiz Sanchez enters 'demo' into enter password, Tania Ruiz Sanchez clicks on Click on the login button, Tania Ruiz Sanchez clicks on Click on Desing, Tania Ruiz Sanchez clicks on Select SEO URL]]]
[Test worker] WARN net.thucydides.core.steps.BaseStepListener - stepFinished: current outcome:Enter data to filter:Example: {username=demo, password=demo, seourl=Banners, query=product_id=47, keyword=hp-lp3065, store=Default, language=English} [Given Tania wants to filter data in the SEO URL list [Tania ruiz sanchez open up [Tania Ruiz Sanchez opens the Cart open page]], When She enter the data in the filter field
| username | password | seourl | query | keyword | store | language |
| demo | demo | Banners | product_id=47 | hp-lp3065 | Default | English | [Tania ruiz sanchez filter [Tania Ruiz Sanchez enters 'demo' into enter username, Tania Ruiz Sanchez enters 'demo' into enter password, Tania Ruiz Sanchez clicks on Click on the login button, Tania Ruiz Sanchez clicks on Click on Desing, Tania Ruiz Sanchez clicks on Select SEO URL]]]
[Test worker] WARN net.thucydides.core.steps.BaseStepListener - stepFinished: current outcome:Enter data to filter:Example: {username=demo, password=demo, seourl=Banners, query=product_id=47, keyword=hp-lp3065, store=Default, language=English} [Given Tania wants to filter data in the SEO URL list [Tania ruiz sanchez open up [Tania Ruiz Sanchez opens the Cart open page]], When She enter the data in the filter field
| username | password | seourl | query | keyword | store | language |
| demo | demo | Banners | product_id=47 | hp-lp3065 | Default | English | [Tania ruiz sanchez filter [Tania Ruiz Sanchez enters 'demo' into enter username, Tania Ruiz Sanchez enters 'demo' into enter password, Tania Ruiz Sanchez clicks on Click on the login button, Tania Ruiz Sanchez clicks on Click on Desing, Tania Ruiz Sanchez clicks on Select SEO URL]]]
[Test worker] WARN net.thucydides.core.steps.BaseStepListener - stepStarted: net.thucydides.core.steps.ExecutedStepDescription@4152c62
[Test worker] WARN net.thucydides.core.steps.BaseStepListener - stepFinished: current outcome:Enter data to filter:Example: {username=demo, password=demo, seourl=Banners, query=product_id=47, keyword=hp-lp3065, store=Default, language=English} [Given Tania wants to filter data in the SEO URL list [Tania ruiz sanchez open up [Tania Ruiz Sanchez opens the Cart open page]], When She enter the data in the filter field
| username | password | seourl | query | keyword | store | language |
| demo | demo | Banners | product_id=47 | hp-lp3065 | Default | English | [Tania ruiz sanchez filter [Tania Ruiz Sanchez enters 'demo' into enter username, Tania Ruiz Sanchez enters 'demo' into enter password, Tania Ruiz Sanchez clicks on Click on the login button, Tania Ruiz Sanchez clicks on Click on Desing, Tania Ruiz Sanchez clicks on Select SEO URL]], Then She looks for the information on the filter button]
[Test worker] WARN net.thucydides.core.steps.BaseStepListener - stepFinished: current outcome:Enter data to filter:Example: {username=demo, password=demo, seourl=Banners, query=product_id=47, keyword=hp-lp3065, store=Default, language=English} [Given Tania wants to filter data in the SEO URL list [Tania ruiz sanchez open up [Tania Ruiz Sanchez opens the Cart open page]], When She enter the data in the filter field
| username | password | seourl | query | keyword | store | language |
| demo | demo | Banners | product_id=47 | hp-lp3065 | Default | English | [Tania ruiz sanchez filter [Tania Ruiz Sanchez enters 'demo' into enter username, Tania Ruiz Sanchez enters 'demo' into enter password, Tania Ruiz Sanchez clicks on Click on the login button, Tania Ruiz Sanchez clicks on Click on Desing, Tania Ruiz Sanchez clicks on Select SEO URL]], Then She looks for the information on the filter button]
[Test worker] WARN net.thucydides.core.steps.BaseStepListener - testFinished: Enter data to filter:Example: {username=demo, password=demo, seourl=Banners, query=product_id=47, keyword=hp-lp3065, store=Default, language=English} [Given Tania wants to filter data in the SEO URL list [Tania ruiz sanchez open up [Tania Ruiz Sanchez opens the Cart open page]], When She enter the data in the filter field
| username | password | seourl | query | keyword | store | language |
| demo | demo | Banners | product_id=47 | hp-lp3065 | Default | English | [Tania ruiz sanchez filter [Tania Ruiz Sanchez enters 'demo' into enter username, Tania Ruiz Sanchez enters 'demo' into enter password, Tania Ruiz Sanchez clicks on Click on the login button, Tania Ruiz Sanchez clicks on Click on Desing, Tania Ruiz Sanchez clicks on Select SEO URL]], Then She looks for the information on the filter button]
[Test worker] WARN net.thucydides.core.steps.BaseStepListener - TestOutcomes: [Enter data to filter:Example: {username=demo, password=demo, seourl=Banners, query=product_id=47, keyword=hp-lp3065, store=Default, language=English} [Given Tania wants to filter data in the SEO URL list [Tania ruiz sanchez open up [Tania Ruiz Sanchez opens the Cart open page]], When She enter the data in the filter field
| username | password | seourl | query | keyword | store | language |
| demo | demo | Banners | product_id=47 | hp-lp3065 | Default | English | [Tania ruiz sanchez filter [Tania Ruiz Sanchez enters 'demo' into enter username, Tania Ruiz Sanchez enters 'demo' into enter password, Tania Ruiz Sanchez clicks on Click on the login button, Tania Ruiz Sanchez clicks on Click on Desing, Tania Ruiz Sanchez clicks on Select SEO URL]], Then She looks for the information on the filter button]]
[Test worker] WARN net.thucydides.core.steps.BaseStepListener - Final testOutcomes: [Enter data to filter:Example: {username=demo, password=demo, seourl=Banners, query=product_id=47, keyword=hp-lp3065, store=Default, language=English} [Given Tania wants to filter data in the SEO URL list [Tania ruiz sanchez open up [Tania Ruiz Sanchez opens the Cart open page]], When She enter the data in the filter field
| username | password | seourl | query | keyword | store | language |
| demo | demo | Banners | product_id=47 | hp-lp3065 | Default | English | [Tania ruiz sanchez filter [Tania Ruiz Sanchez enters 'demo' into enter username, Tania Ruiz Sanchez enters 'demo' into enter password, Tania Ruiz Sanchez clicks on Click on the login button, Tania Ruiz Sanchez clicks on Click on Desing, Tania Ruiz Sanchez clicks on Select SEO URL]], Then She looks for the information on the filter button]]
[Test worker] INFO net.thucydides.core.steps.ConsoleLoggingListener - 
        __    _____ _____ ____ _____   ____   _    ____  ____  _____ ____  
  _     \ \  |_   _| ____/ ___|_   _| |  _ \ / \  / ___|/ ___|| ____|  _ \ 
 (_)_____| |   | | |  _| \___ \ | |   | |_) / _ \ \___ \\___ \|  _| | | | |
  _|_____| |   | | | |___ ___) || |   |  __/ ___ \ ___) |___) | |___| |_| |
 (_)     | |   |_| |_____|____/ |_|   |_| /_/   \_\____/|____/|_____|____/ 
        /_/                                                                

TEST PASSED: Enter data to filter
----------------------------------------------------------------------------
[Test worker] WARN net.thucydides.core.steps.BaseStepListener - stepStarted: net.thucydides.core.steps.ExecutedStepDescription@6fe556c8
[Test worker] WARN net.thucydides.core.steps.BaseStepListener - stepStarted: net.thucydides.core.steps.ExecutedStepDescription@55a17547
[Test worker] WARN net.thucydides.core.steps.BaseStepListener - stepStarted: net.thucydides.core.steps.ExecutedStepDescription@2c4b69c8
may 03, 2022 5:00:21 PM org.openqa.selenium.remote.DesiredCapabilities chrome
INFORMACIÓN: Using `new ChromeOptions()` is preferred to `DesiredCapabilities.chrome()`
[Test worker] INFO net.serenitybdd.core.webdriver.driverproviders.ProvideNewDriver - Instantiating driver
[Test worker] INFO net.serenitybdd.core.webdriver.driverproviders.ProvideNewDriver - Driver capabilities: Capabilities {acceptInsecureCerts: false, browserName: chrome, chrome.switches: --start-maximized, goog:chromeOptions: {args: [--start-maximized], extensions: []}, loggingPrefs: org.openqa.selenium.logging..., platform: ANY, version: }
Starting ChromeDriver 99.0.4844.51 (d537ec02474b5afe23684e7963d538896c63ac77-refs/branch-heads/4844@{#875}) on port 2138
Only local connections are allowed.
Please see https://chromedriver.chromium.org/security-considerations for suggestions on keeping ChromeDriver safe.
ChromeDriver was started successfully.
[1651615222.814][WARNING]: This version of ChromeDriver has not been tested with Chrome version 100.
may 03, 2022 5:00:22 PM org.openqa.selenium.remote.ProtocolHandshake createSession
INFORMACIÓN: Detected dialect: W3C
[Test worker] WARN net.thucydides.core.steps.BaseStepListener - stepFinished: current outcome:Enter data to filter:Example: {username=demo, password=demo, seourl=Banners, query=product_id=47, keyword=hp-lp3065, store=Default, language=English} [Given Tania wants to filter data in the SEO URL list [Tania ruiz sanchez open up [Tania Ruiz Sanchez opens the Cart open page]], When She enter the data in the filter field
| username | password | seourl | query | keyword | store | language |
| demo | demo | Banners | product_id=47 | hp-lp3065 | Default | English | [Tania ruiz sanchez filter [Tania Ruiz Sanchez enters 'demo' into enter username, Tania Ruiz Sanchez enters 'demo' into enter password, Tania Ruiz Sanchez clicks on Click on the login button, Tania Ruiz Sanchez clicks on Click on Desing, Tania Ruiz Sanchez clicks on Select SEO URL]], Then She looks for the information on the filter button], Example: {username=demo, password=demo, seourl=SEO URL, query=product_id=41, keyword=iphone, store=Default, language=English} [Given Tania wants to filter data in the SEO URL list [Tania ruiz sanchez open up [Tania Ruiz Sanchez opens the Cart open page]]]
[Test worker] WARN net.thucydides.core.steps.BaseStepListener - stepFinished: current outcome:Enter data to filter:Example: {username=demo, password=demo, seourl=Banners, query=product_id=47, keyword=hp-lp3065, store=Default, language=English} [Given Tania wants to filter data in the SEO URL list [Tania ruiz sanchez open up [Tania Ruiz Sanchez opens the Cart open page]], When She enter the data in the filter field
| username | password | seourl | query | keyword | store | language |
| demo | demo | Banners | product_id=47 | hp-lp3065 | Default | English | [Tania ruiz sanchez filter [Tania Ruiz Sanchez enters 'demo' into enter username, Tania Ruiz Sanchez enters 'demo' into enter password, Tania Ruiz Sanchez clicks on Click on the login button, Tania Ruiz Sanchez clicks on Click on Desing, Tania Ruiz Sanchez clicks on Select SEO URL]], Then She looks for the information on the filter button], Example: {username=demo, password=demo, seourl=SEO URL, query=product_id=41, keyword=iphone, store=Default, language=English} [Given Tania wants to filter data in the SEO URL list [Tania ruiz sanchez open up [Tania Ruiz Sanchez opens the Cart open page]]]
[Test worker] WARN net.thucydides.core.steps.BaseStepListener - stepFinished: current outcome:Enter data to filter:Example: {username=demo, password=demo, seourl=Banners, query=product_id=47, keyword=hp-lp3065, store=Default, language=English} [Given Tania wants to filter data in the SEO URL list [Tania ruiz sanchez open up [Tania Ruiz Sanchez opens the Cart open page]], When She enter the data in the filter field
| username | password | seourl | query | keyword | store | language |
| demo | demo | Banners | product_id=47 | hp-lp3065 | Default | English | [Tania ruiz sanchez filter [Tania Ruiz Sanchez enters 'demo' into enter username, Tania Ruiz Sanchez enters 'demo' into enter password, Tania Ruiz Sanchez clicks on Click on the login button, Tania Ruiz Sanchez clicks on Click on Desing, Tania Ruiz Sanchez clicks on Select SEO URL]], Then She looks for the information on the filter button], Example: {username=demo, password=demo, seourl=SEO URL, query=product_id=41, keyword=iphone, store=Default, language=English} [Given Tania wants to filter data in the SEO URL list [Tania ruiz sanchez open up [Tania Ruiz Sanchez opens the Cart open page]]]
[Test worker] WARN net.thucydides.core.steps.BaseStepListener - stepStarted: net.thucydides.core.steps.ExecutedStepDescription@60efd8f6
[Test worker] WARN net.thucydides.core.steps.BaseStepListener - stepStarted: net.thucydides.core.steps.ExecutedStepDescription@745f3f2c
[Test worker] WARN net.thucydides.core.steps.BaseStepListener - stepStarted: net.thucydides.core.steps.ExecutedStepDescription@23ef949b
[Test worker] WARN net.thucydides.core.steps.BaseStepListener - stepFinished: current outcome:Enter data to filter:Example: {username=demo, password=demo, seourl=Banners, query=product_id=47, keyword=hp-lp3065, store=Default, language=English} [Given Tania wants to filter data in the SEO URL list [Tania ruiz sanchez open up [Tania Ruiz Sanchez opens the Cart open page]], When She enter the data in the filter field
| username | password | seourl | query | keyword | store | language |
| demo | demo | Banners | product_id=47 | hp-lp3065 | Default | English | [Tania ruiz sanchez filter [Tania Ruiz Sanchez enters 'demo' into enter username, Tania Ruiz Sanchez enters 'demo' into enter password, Tania Ruiz Sanchez clicks on Click on the login button, Tania Ruiz Sanchez clicks on Click on Desing, Tania Ruiz Sanchez clicks on Select SEO URL]], Then She looks for the information on the filter button], Example: {username=demo, password=demo, seourl=SEO URL, query=product_id=41, keyword=iphone, store=Default, language=English} [Given Tania wants to filter data in the SEO URL list [Tania ruiz sanchez open up [Tania Ruiz Sanchez opens the Cart open page]], When She enter the data in the filter field
| username | password | seourl | query | keyword | store | language |
| demo | demo | SEO URL | product_id=41 | iphone | Default | English | [Tania ruiz sanchez filter [Tania Ruiz Sanchez enters 'demo' into enter username]]]
[Test worker] WARN net.thucydides.core.steps.BaseStepListener - stepStarted: net.thucydides.core.steps.ExecutedStepDescription@564567b
[Test worker] WARN net.thucydides.core.steps.BaseStepListener - stepFinished: current outcome:Enter data to filter:Example: {username=demo, password=demo, seourl=Banners, query=product_id=47, keyword=hp-lp3065, store=Default, language=English} [Given Tania wants to filter data in the SEO URL list [Tania ruiz sanchez open up [Tania Ruiz Sanchez opens the Cart open page]], When She enter the data in the filter field
| username | password | seourl | query | keyword | store | language |
| demo | demo | Banners | product_id=47 | hp-lp3065 | Default | English | [Tania ruiz sanchez filter [Tania Ruiz Sanchez enters 'demo' into enter username, Tania Ruiz Sanchez enters 'demo' into enter password, Tania Ruiz Sanchez clicks on Click on the login button, Tania Ruiz Sanchez clicks on Click on Desing, Tania Ruiz Sanchez clicks on Select SEO URL]], Then She looks for the information on the filter button], Example: {username=demo, password=demo, seourl=SEO URL, query=product_id=41, keyword=iphone, store=Default, language=English} [Given Tania wants to filter data in the SEO URL list [Tania ruiz sanchez open up [Tania Ruiz Sanchez opens the Cart open page]], When She enter the data in the filter field
| username | password | seourl | query | keyword | store | language |
| demo | demo | SEO URL | product_id=41 | iphone | Default | English | [Tania ruiz sanchez filter [Tania Ruiz Sanchez enters 'demo' into enter username, Tania Ruiz Sanchez enters 'demo' into enter password]]]
[Test worker] WARN net.thucydides.core.steps.BaseStepListener - stepStarted: net.thucydides.core.steps.ExecutedStepDescription@79a59259
[Test worker] WARN net.thucydides.core.steps.BaseStepListener - stepFinished: current outcome:Enter data to filter:Example: {username=demo, password=demo, seourl=Banners, query=product_id=47, keyword=hp-lp3065, store=Default, language=English} [Given Tania wants to filter data in the SEO URL list [Tania ruiz sanchez open up [Tania Ruiz Sanchez opens the Cart open page]], When She enter the data in the filter field
| username | password | seourl | query | keyword | store | language |
| demo | demo | Banners | product_id=47 | hp-lp3065 | Default | English | [Tania ruiz sanchez filter [Tania Ruiz Sanchez enters 'demo' into enter username, Tania Ruiz Sanchez enters 'demo' into enter password, Tania Ruiz Sanchez clicks on Click on the login button, Tania Ruiz Sanchez clicks on Click on Desing, Tania Ruiz Sanchez clicks on Select SEO URL]], Then She looks for the information on the filter button], Example: {username=demo, password=demo, seourl=SEO URL, query=product_id=41, keyword=iphone, store=Default, language=English} [Given Tania wants to filter data in the SEO URL list [Tania ruiz sanchez open up [Tania Ruiz Sanchez opens the Cart open page]], When She enter the data in the filter field
| username | password | seourl | query | keyword | store | language |
| demo | demo | SEO URL | product_id=41 | iphone | Default | English | [Tania ruiz sanchez filter [Tania Ruiz Sanchez enters 'demo' into enter username, Tania Ruiz Sanchez enters 'demo' into enter password, Tania Ruiz Sanchez clicks on Click on the login button]]]
[Test worker] WARN net.thucydides.core.steps.BaseStepListener - stepStarted: net.thucydides.core.steps.ExecutedStepDescription@5a9d6f88
[Test worker] WARN net.thucydides.core.steps.BaseStepListener - stepFinished: current outcome:Enter data to filter:Example: {username=demo, password=demo, seourl=Banners, query=product_id=47, keyword=hp-lp3065, store=Default, language=English} [Given Tania wants to filter data in the SEO URL list [Tania ruiz sanchez open up [Tania Ruiz Sanchez opens the Cart open page]], When She enter the data in the filter field
| username | password | seourl | query | keyword | store | language |
| demo | demo | Banners | product_id=47 | hp-lp3065 | Default | English | [Tania ruiz sanchez filter [Tania Ruiz Sanchez enters 'demo' into enter username, Tania Ruiz Sanchez enters 'demo' into enter password, Tania Ruiz Sanchez clicks on Click on the login button, Tania Ruiz Sanchez clicks on Click on Desing, Tania Ruiz Sanchez clicks on Select SEO URL]], Then She looks for the information on the filter button], Example: {username=demo, password=demo, seourl=SEO URL, query=product_id=41, keyword=iphone, store=Default, language=English} [Given Tania wants to filter data in the SEO URL list [Tania ruiz sanchez open up [Tania Ruiz Sanchez opens the Cart open page]], When She enter the data in the filter field
| username | password | seourl | query | keyword | store | language |
| demo | demo | SEO URL | product_id=41 | iphone | Default | English | [Tania ruiz sanchez filter [Tania Ruiz Sanchez enters 'demo' into enter username, Tania Ruiz Sanchez enters 'demo' into enter password, Tania Ruiz Sanchez clicks on Click on the login button, Tania Ruiz Sanchez clicks on Click on Desing]]]
[Test worker] WARN net.thucydides.core.steps.BaseStepListener - stepStarted: net.thucydides.core.steps.ExecutedStepDescription@37ce77a9
[Test worker] WARN net.thucydides.core.steps.BaseStepListener - stepFinished: current outcome:Enter data to filter:Example: {username=demo, password=demo, seourl=Banners, query=product_id=47, keyword=hp-lp3065, store=Default, language=English} [Given Tania wants to filter data in the SEO URL list [Tania ruiz sanchez open up [Tania Ruiz Sanchez opens the Cart open page]], When She enter the data in the filter field
| username | password | seourl | query | keyword | store | language |
| demo | demo | Banners | product_id=47 | hp-lp3065 | Default | English | [Tania ruiz sanchez filter [Tania Ruiz Sanchez enters 'demo' into enter username, Tania Ruiz Sanchez enters 'demo' into enter password, Tania Ruiz Sanchez clicks on Click on the login button, Tania Ruiz Sanchez clicks on Click on Desing, Tania Ruiz Sanchez clicks on Select SEO URL]], Then She looks for the information on the filter button], Example: {username=demo, password=demo, seourl=SEO URL, query=product_id=41, keyword=iphone, store=Default, language=English} [Given Tania wants to filter data in the SEO URL list [Tania ruiz sanchez open up [Tania Ruiz Sanchez opens the Cart open page]], When She enter the data in the filter field
| username | password | seourl | query | keyword | store | language |
| demo | demo | SEO URL | product_id=41 | iphone | Default | English | [Tania ruiz sanchez filter [Tania Ruiz Sanchez enters 'demo' into enter username, Tania Ruiz Sanchez enters 'demo' into enter password, Tania Ruiz Sanchez clicks on Click on the login button, Tania Ruiz Sanchez clicks on Click on Desing, Tania Ruiz Sanchez clicks on Select SEO URL]]]
[Test worker] WARN net.thucydides.core.steps.BaseStepListener - stepFinished: current outcome:Enter data to filter:Example: {username=demo, password=demo, seourl=Banners, query=product_id=47, keyword=hp-lp3065, store=Default, language=English} [Given Tania wants to filter data in the SEO URL list [Tania ruiz sanchez open up [Tania Ruiz Sanchez opens the Cart open page]], When She enter the data in the filter field
| username | password | seourl | query | keyword | store | language |
| demo | demo | Banners | product_id=47 | hp-lp3065 | Default | English | [Tania ruiz sanchez filter [Tania Ruiz Sanchez enters 'demo' into enter username, Tania Ruiz Sanchez enters 'demo' into enter password, Tania Ruiz Sanchez clicks on Click on the login button, Tania Ruiz Sanchez clicks on Click on Desing, Tania Ruiz Sanchez clicks on Select SEO URL]], Then She looks for the information on the filter button], Example: {username=demo, password=demo, seourl=SEO URL, query=product_id=41, keyword=iphone, store=Default, language=English} [Given Tania wants to filter data in the SEO URL list [Tania ruiz sanchez open up [Tania Ruiz Sanchez opens the Cart open page]], When She enter the data in the filter field
| username | password | seourl | query | keyword | store | language |
| demo | demo | SEO URL | product_id=41 | iphone | Default | English | [Tania ruiz sanchez filter [Tania Ruiz Sanchez enters 'demo' into enter username, Tania Ruiz Sanchez enters 'demo' into enter password, Tania Ruiz Sanchez clicks on Click on the login button, Tania Ruiz Sanchez clicks on Click on Desing, Tania Ruiz Sanchez clicks on Select SEO URL]]]
[Test worker] WARN net.thucydides.core.steps.BaseStepListener - stepFinished: current outcome:Enter data to filter:Example: {username=demo, password=demo, seourl=Banners, query=product_id=47, keyword=hp-lp3065, store=Default, language=English} [Given Tania wants to filter data in the SEO URL list [Tania ruiz sanchez open up [Tania Ruiz Sanchez opens the Cart open page]], When She enter the data in the filter field
| username | password | seourl | query | keyword | store | language |
| demo | demo | Banners | product_id=47 | hp-lp3065 | Default | English | [Tania ruiz sanchez filter [Tania Ruiz Sanchez enters 'demo' into enter username, Tania Ruiz Sanchez enters 'demo' into enter password, Tania Ruiz Sanchez clicks on Click on the login button, Tania Ruiz Sanchez clicks on Click on Desing, Tania Ruiz Sanchez clicks on Select SEO URL]], Then She looks for the information on the filter button], Example: {username=demo, password=demo, seourl=SEO URL, query=product_id=41, keyword=iphone, store=Default, language=English} [Given Tania wants to filter data in the SEO URL list [Tania ruiz sanchez open up [Tania Ruiz Sanchez opens the Cart open page]], When She enter the data in the filter field
| username | password | seourl | query | keyword | store | language |
| demo | demo | SEO URL | product_id=41 | iphone | Default | English | [Tania ruiz sanchez filter [Tania Ruiz Sanchez enters 'demo' into enter username, Tania Ruiz Sanchez enters 'demo' into enter password, Tania Ruiz Sanchez clicks on Click on the login button, Tania Ruiz Sanchez clicks on Click on Desing, Tania Ruiz Sanchez clicks on Select SEO URL]]]
[Test worker] WARN net.thucydides.core.steps.BaseStepListener - stepStarted: net.thucydides.core.steps.ExecutedStepDescription@2f09f5e6
[Test worker] WARN net.thucydides.core.steps.BaseStepListener - stepFinished: current outcome:Enter data to filter:Example: {username=demo, password=demo, seourl=Banners, query=product_id=47, keyword=hp-lp3065, store=Default, language=English} [Given Tania wants to filter data in the SEO URL list [Tania ruiz sanchez open up [Tania Ruiz Sanchez opens the Cart open page]], When She enter the data in the filter field
| username | password | seourl | query | keyword | store | language |
| demo | demo | Banners | product_id=47 | hp-lp3065 | Default | English | [Tania ruiz sanchez filter [Tania Ruiz Sanchez enters 'demo' into enter username, Tania Ruiz Sanchez enters 'demo' into enter password, Tania Ruiz Sanchez clicks on Click on the login button, Tania Ruiz Sanchez clicks on Click on Desing, Tania Ruiz Sanchez clicks on Select SEO URL]], Then She looks for the information on the filter button], Example: {username=demo, password=demo, seourl=SEO URL, query=product_id=41, keyword=iphone, store=Default, language=English} [Given Tania wants to filter data in the SEO URL list [Tania ruiz sanchez open up [Tania Ruiz Sanchez opens the Cart open page]], When She enter the data in the filter field
| username | password | seourl | query | keyword | store | language |
| demo | demo | SEO URL | product_id=41 | iphone | Default | English | [Tania ruiz sanchez filter [Tania Ruiz Sanchez enters 'demo' into enter username, Tania Ruiz Sanchez enters 'demo' into enter password, Tania Ruiz Sanchez clicks on Click on the login button, Tania Ruiz Sanchez clicks on Click on Desing, Tania Ruiz Sanchez clicks on Select SEO URL]], Then She looks for the information on the filter button]
[Test worker] WARN net.thucydides.core.steps.BaseStepListener - stepFinished: current outcome:Enter data to filter:Example: {username=demo, password=demo, seourl=Banners, query=product_id=47, keyword=hp-lp3065, store=Default, language=English} [Given Tania wants to filter data in the SEO URL list [Tania ruiz sanchez open up [Tania Ruiz Sanchez opens the Cart open page]], When She enter the data in the filter field
| username | password | seourl | query | keyword | store | language |
| demo | demo | Banners | product_id=47 | hp-lp3065 | Default | English | [Tania ruiz sanchez filter [Tania Ruiz Sanchez enters 'demo' into enter username, Tania Ruiz Sanchez enters 'demo' into enter password, Tania Ruiz Sanchez clicks on Click on the login button, Tania Ruiz Sanchez clicks on Click on Desing, Tania Ruiz Sanchez clicks on Select SEO URL]], Then She looks for the information on the filter button], Example: {username=demo, password=demo, seourl=SEO URL, query=product_id=41, keyword=iphone, store=Default, language=English} [Given Tania wants to filter data in the SEO URL list [Tania ruiz sanchez open up [Tania Ruiz Sanchez opens the Cart open page]], When She enter the data in the filter field
| username | password | seourl | query | keyword | store | language |
| demo | demo | SEO URL | product_id=41 | iphone | Default | English | [Tania ruiz sanchez filter [Tania Ruiz Sanchez enters 'demo' into enter username, Tania Ruiz Sanchez enters 'demo' into enter password, Tania Ruiz Sanchez clicks on Click on the login button, Tania Ruiz Sanchez clicks on Click on Desing, Tania Ruiz Sanchez clicks on Select SEO URL]], Then She looks for the information on the filter button]
[Test worker] WARN net.thucydides.core.steps.BaseStepListener - testFinished: Enter data to filter:Example: {username=demo, password=demo, seourl=Banners, query=product_id=47, keyword=hp-lp3065, store=Default, language=English} [Given Tania wants to filter data in the SEO URL list [Tania ruiz sanchez open up [Tania Ruiz Sanchez opens the Cart open page]], When She enter the data in the filter field
| username | password | seourl | query | keyword | store | language |
| demo | demo | Banners | product_id=47 | hp-lp3065 | Default | English | [Tania ruiz sanchez filter [Tania Ruiz Sanchez enters 'demo' into enter username, Tania Ruiz Sanchez enters 'demo' into enter password, Tania Ruiz Sanchez clicks on Click on the login button, Tania Ruiz Sanchez clicks on Click on Desing, Tania Ruiz Sanchez clicks on Select SEO URL]], Then She looks for the information on the filter button], Example: {username=demo, password=demo, seourl=SEO URL, query=product_id=41, keyword=iphone, store=Default, language=English} [Given Tania wants to filter data in the SEO URL list [Tania ruiz sanchez open up [Tania Ruiz Sanchez opens the Cart open page]], When She enter the data in the filter field
| username | password | seourl | query | keyword | store | language |
| demo | demo | SEO URL | product_id=41 | iphone | Default | English | [Tania ruiz sanchez filter [Tania Ruiz Sanchez enters 'demo' into enter username, Tania Ruiz Sanchez enters 'demo' into enter password, Tania Ruiz Sanchez clicks on Click on the login button, Tania Ruiz Sanchez clicks on Click on Desing, Tania Ruiz Sanchez clicks on Select SEO URL]], Then She looks for the information on the filter button]
[Test worker] WARN net.thucydides.core.steps.BaseStepListener - TestOutcomes: [Enter data to filter:Example: {username=demo, password=demo, seourl=Banners, query=product_id=47, keyword=hp-lp3065, store=Default, language=English} [Given Tania wants to filter data in the SEO URL list [Tania ruiz sanchez open up [Tania Ruiz Sanchez opens the Cart open page]], When She enter the data in the filter field
| username | password | seourl | query | keyword | store | language |
| demo | demo | Banners | product_id=47 | hp-lp3065 | Default | English | [Tania ruiz sanchez filter [Tania Ruiz Sanchez enters 'demo' into enter username, Tania Ruiz Sanchez enters 'demo' into enter password, Tania Ruiz Sanchez clicks on Click on the login button, Tania Ruiz Sanchez clicks on Click on Desing, Tania Ruiz Sanchez clicks on Select SEO URL]], Then She looks for the information on the filter button], Example: {username=demo, password=demo, seourl=SEO URL, query=product_id=41, keyword=iphone, store=Default, language=English} [Given Tania wants to filter data in the SEO URL list [Tania ruiz sanchez open up [Tania Ruiz Sanchez opens the Cart open page]], When She enter the data in the filter field
| username | password | seourl | query | keyword | store | language |
| demo | demo | SEO URL | product_id=41 | iphone | Default | English | [Tania ruiz sanchez filter [Tania Ruiz Sanchez enters 'demo' into enter username, Tania Ruiz Sanchez enters 'demo' into enter password, Tania Ruiz Sanchez clicks on Click on the login button, Tania Ruiz Sanchez clicks on Click on Desing, Tania Ruiz Sanchez clicks on Select SEO URL]], Then She looks for the information on the filter button]]
[Test worker] WARN net.thucydides.core.steps.BaseStepListener - Final testOutcomes: [Enter data to filter:Example: {username=demo, password=demo, seourl=Banners, query=product_id=47, keyword=hp-lp3065, store=Default, language=English} [Given Tania wants to filter data in the SEO URL list [Tania ruiz sanchez open up [Tania Ruiz Sanchez opens the Cart open page]], When She enter the data in the filter field
| username | password | seourl | query | keyword | store | language |
| demo | demo | Banners | product_id=47 | hp-lp3065 | Default | English | [Tania ruiz sanchez filter [Tania Ruiz Sanchez enters 'demo' into enter username, Tania Ruiz Sanchez enters 'demo' into enter password, Tania Ruiz Sanchez clicks on Click on the login button, Tania Ruiz Sanchez clicks on Click on Desing, Tania Ruiz Sanchez clicks on Select SEO URL]], Then She looks for the information on the filter button], Example: {username=demo, password=demo, seourl=SEO URL, query=product_id=41, keyword=iphone, store=Default, language=English} [Given Tania wants to filter data in the SEO URL list [Tania ruiz sanchez open up [Tania Ruiz Sanchez opens the Cart open page]], When She enter the data in the filter field
| username | password | seourl | query | keyword | store | language |
| demo | demo | SEO URL | product_id=41 | iphone | Default | English | [Tania ruiz sanchez filter [Tania Ruiz Sanchez enters 'demo' into enter username, Tania Ruiz Sanchez enters 'demo' into enter password, Tania Ruiz Sanchez clicks on Click on the login button, Tania Ruiz Sanchez clicks on Click on Desing, Tania Ruiz Sanchez clicks on Select SEO URL]], Then She looks for the information on the filter button]]
[Test worker] INFO net.thucydides.core.steps.ConsoleLoggingListener - 
        __    _____ _____ ____ _____   ____   _    ____  ____  _____ ____  
  _     \ \  |_   _| ____/ ___|_   _| |  _ \ / \  / ___|/ ___|| ____|  _ \ 
 (_)_____| |   | | |  _| \___ \ | |   | |_) / _ \ \___ \\___ \|  _| | | | |
  _|_____| |   | | | |___ ___) || |   |  __/ ___ \ ___) |___) | |___| |_| |
 (_)     | |   |_| |_____|____/ |_|   |_| /_/   \_\____/|____/|_____|____/ 
        /_/                                                                

TEST PASSED: Enter data to filter
----------------------------------------------------------------------------
[Test worker] WARN net.thucydides.core.steps.BaseStepListener - stepStarted: net.thucydides.core.steps.ExecutedStepDescription@49c9d6c1
[Test worker] WARN net.thucydides.core.steps.BaseStepListener - stepStarted: net.thucydides.core.steps.ExecutedStepDescription@794c92d0
[Test worker] WARN net.thucydides.core.steps.BaseStepListener - stepStarted: net.thucydides.core.steps.ExecutedStepDescription@4c734d53
may 03, 2022 5:00:29 PM org.openqa.selenium.remote.DesiredCapabilities chrome
INFORMACIÓN: Using `new ChromeOptions()` is preferred to `DesiredCapabilities.chrome()`
[Test worker] INFO net.serenitybdd.core.webdriver.driverproviders.ProvideNewDriver - Instantiating driver
[Test worker] INFO net.serenitybdd.core.webdriver.driverproviders.ProvideNewDriver - Driver capabilities: Capabilities {acceptInsecureCerts: false, browserName: chrome, chrome.switches: --start-maximized, goog:chromeOptions: {args: [--start-maximized], extensions: []}, loggingPrefs: org.openqa.selenium.logging..., platform: ANY, version: }
Starting ChromeDriver 99.0.4844.51 (d537ec02474b5afe23684e7963d538896c63ac77-refs/branch-heads/4844@{#875}) on port 27684
Only local connections are allowed.
Please see https://chromedriver.chromium.org/security-considerations for suggestions on keeping ChromeDriver safe.
ChromeDriver was started successfully.
[1651615230.283][WARNING]: This version of ChromeDriver has not been tested with Chrome version 100.
may 03, 2022 5:00:30 PM org.openqa.selenium.remote.ProtocolHandshake createSession
INFORMACIÓN: Detected dialect: W3C
[Test worker] WARN net.thucydides.core.steps.BaseStepListener - stepFinished: current outcome:Enter data to filter:Example: {username=demo, password=demo, seourl=Banners, query=product_id=47, keyword=hp-lp3065, store=Default, language=English} [Given Tania wants to filter data in the SEO URL list [Tania ruiz sanchez open up [Tania Ruiz Sanchez opens the Cart open page]], When She enter the data in the filter field
| username | password | seourl | query | keyword | store | language |
| demo | demo | Banners | product_id=47 | hp-lp3065 | Default | English | [Tania ruiz sanchez filter [Tania Ruiz Sanchez enters 'demo' into enter username, Tania Ruiz Sanchez enters 'demo' into enter password, Tania Ruiz Sanchez clicks on Click on the login button, Tania Ruiz Sanchez clicks on Click on Desing, Tania Ruiz Sanchez clicks on Select SEO URL]], Then She looks for the information on the filter button], Example: {username=demo, password=demo, seourl=SEO URL, query=product_id=41, keyword=iphone, store=Default, language=English} [Given Tania wants to filter data in the SEO URL list [Tania ruiz sanchez open up [Tania Ruiz Sanchez opens the Cart open page]], When She enter the data in the filter field
| username | password | seourl | query | keyword | store | language |
| demo | demo | SEO URL | product_id=41 | iphone | Default | English | [Tania ruiz sanchez filter [Tania Ruiz Sanchez enters 'demo' into enter username, Tania Ruiz Sanchez enters 'demo' into enter password, Tania Ruiz Sanchez clicks on Click on the login button, Tania Ruiz Sanchez clicks on Click on Desing, Tania Ruiz Sanchez clicks on Select SEO URL]], Then She looks for the information on the filter button], Example: {username=demo, password=demo, seourl=SEO URL, query=category_id=18, keyword=, store=, language=} [Given Tania wants to filter data in the SEO URL list [Tania ruiz sanchez open up [Tania Ruiz Sanchez opens the Cart open page]]]
[Test worker] WARN net.thucydides.core.steps.BaseStepListener - stepFinished: current outcome:Enter data to filter:Example: {username=demo, password=demo, seourl=Banners, query=product_id=47, keyword=hp-lp3065, store=Default, language=English} [Given Tania wants to filter data in the SEO URL list [Tania ruiz sanchez open up [Tania Ruiz Sanchez opens the Cart open page]], When She enter the data in the filter field
| username | password | seourl | query | keyword | store | language |
| demo | demo | Banners | product_id=47 | hp-lp3065 | Default | English | [Tania ruiz sanchez filter [Tania Ruiz Sanchez enters 'demo' into enter username, Tania Ruiz Sanchez enters 'demo' into enter password, Tania Ruiz Sanchez clicks on Click on the login button, Tania Ruiz Sanchez clicks on Click on Desing, Tania Ruiz Sanchez clicks on Select SEO URL]], Then She looks for the information on the filter button], Example: {username=demo, password=demo, seourl=SEO URL, query=product_id=41, keyword=iphone, store=Default, language=English} [Given Tania wants to filter data in the SEO URL list [Tania ruiz sanchez open up [Tania Ruiz Sanchez opens the Cart open page]], When She enter the data in the filter field
| username | password | seourl | query | keyword | store | language |
| demo | demo | SEO URL | product_id=41 | iphone | Default | English | [Tania ruiz sanchez filter [Tania Ruiz Sanchez enters 'demo' into enter username, Tania Ruiz Sanchez enters 'demo' into enter password, Tania Ruiz Sanchez clicks on Click on the login button, Tania Ruiz Sanchez clicks on Click on Desing, Tania Ruiz Sanchez clicks on Select SEO URL]], Then She looks for the information on the filter button], Example: {username=demo, password=demo, seourl=SEO URL, query=category_id=18, keyword=, store=, language=} [Given Tania wants to filter data in the SEO URL list [Tania ruiz sanchez open up [Tania Ruiz Sanchez opens the Cart open page]]]
[Test worker] WARN net.thucydides.core.steps.BaseStepListener - stepFinished: current outcome:Enter data to filter:Example: {username=demo, password=demo, seourl=Banners, query=product_id=47, keyword=hp-lp3065, store=Default, language=English} [Given Tania wants to filter data in the SEO URL list [Tania ruiz sanchez open up [Tania Ruiz Sanchez opens the Cart open page]], When She enter the data in the filter field
| username | password | seourl | query | keyword | store | language |
| demo | demo | Banners | product_id=47 | hp-lp3065 | Default | English | [Tania ruiz sanchez filter [Tania Ruiz Sanchez enters 'demo' into enter username, Tania Ruiz Sanchez enters 'demo' into enter password, Tania Ruiz Sanchez clicks on Click on the login button, Tania Ruiz Sanchez clicks on Click on Desing, Tania Ruiz Sanchez clicks on Select SEO URL]], Then She looks for the information on the filter button], Example: {username=demo, password=demo, seourl=SEO URL, query=product_id=41, keyword=iphone, store=Default, language=English} [Given Tania wants to filter data in the SEO URL list [Tania ruiz sanchez open up [Tania Ruiz Sanchez opens the Cart open page]], When She enter the data in the filter field
| username | password | seourl | query | keyword | store | language |
| demo | demo | SEO URL | product_id=41 | iphone | Default | English | [Tania ruiz sanchez filter [Tania Ruiz Sanchez enters 'demo' into enter username, Tania Ruiz Sanchez enters 'demo' into enter password, Tania Ruiz Sanchez clicks on Click on the login button, Tania Ruiz Sanchez clicks on Click on Desing, Tania Ruiz Sanchez clicks on Select SEO URL]], Then She looks for the information on the filter button], Example: {username=demo, password=demo, seourl=SEO URL, query=category_id=18, keyword=, store=, language=} [Given Tania wants to filter data in the SEO URL list [Tania ruiz sanchez open up [Tania Ruiz Sanchez opens the Cart open page]]]
[Test worker] WARN net.thucydides.core.steps.BaseStepListener - stepStarted: net.thucydides.core.steps.ExecutedStepDescription@779565c0
[Test worker] WARN net.thucydides.core.steps.BaseStepListener - stepStarted: net.thucydides.core.steps.ExecutedStepDescription@7b20de1f
[Test worker] WARN net.thucydides.core.steps.BaseStepListener - stepStarted: net.thucydides.core.steps.ExecutedStepDescription@6ef4bfe6
[Test worker] WARN net.thucydides.core.steps.BaseStepListener - stepFinished: current outcome:Enter data to filter:Example: {username=demo, password=demo, seourl=Banners, query=product_id=47, keyword=hp-lp3065, store=Default, language=English} [Given Tania wants to filter data in the SEO URL list [Tania ruiz sanchez open up [Tania Ruiz Sanchez opens the Cart open page]], When She enter the data in the filter field
| username | password | seourl | query | keyword | store | language |
| demo | demo | Banners | product_id=47 | hp-lp3065 | Default | English | [Tania ruiz sanchez filter [Tania Ruiz Sanchez enters 'demo' into enter username, Tania Ruiz Sanchez enters 'demo' into enter password, Tania Ruiz Sanchez clicks on Click on the login button, Tania Ruiz Sanchez clicks on Click on Desing, Tania Ruiz Sanchez clicks on Select SEO URL]], Then She looks for the information on the filter button], Example: {username=demo, password=demo, seourl=SEO URL, query=product_id=41, keyword=iphone, store=Default, language=English} [Given Tania wants to filter data in the SEO URL list [Tania ruiz sanchez open up [Tania Ruiz Sanchez opens the Cart open page]], When She enter the data in the filter field
| username | password | seourl | query | keyword | store | language |
| demo | demo | SEO URL | product_id=41 | iphone | Default | English | [Tania ruiz sanchez filter [Tania Ruiz Sanchez enters 'demo' into enter username, Tania Ruiz Sanchez enters 'demo' into enter password, Tania Ruiz Sanchez clicks on Click on the login button, Tania Ruiz Sanchez clicks on Click on Desing, Tania Ruiz Sanchez clicks on Select SEO URL]], Then She looks for the information on the filter button], Example: {username=demo, password=demo, seourl=SEO URL, query=category_id=18, keyword=, store=, language=} [Given Tania wants to filter data in the SEO URL list [Tania ruiz sanchez open up [Tania Ruiz Sanchez opens the Cart open page]], When She enter the data in the filter field
| username | password | seourl | query | keyword | store | language |
| demo | demo | SEO URL | category_id=18 |  |  |  | [Tania ruiz sanchez filter [Tania Ruiz Sanchez enters 'demo' into enter username]]]
[Test worker] WARN net.thucydides.core.steps.BaseStepListener - stepStarted: net.thucydides.core.steps.ExecutedStepDescription@3bb85ee6
[Test worker] WARN net.thucydides.core.steps.BaseStepListener - stepFinished: current outcome:Enter data to filter:Example: {username=demo, password=demo, seourl=Banners, query=product_id=47, keyword=hp-lp3065, store=Default, language=English} [Given Tania wants to filter data in the SEO URL list [Tania ruiz sanchez open up [Tania Ruiz Sanchez opens the Cart open page]], When She enter the data in the filter field
| username | password | seourl | query | keyword | store | language |
| demo | demo | Banners | product_id=47 | hp-lp3065 | Default | English | [Tania ruiz sanchez filter [Tania Ruiz Sanchez enters 'demo' into enter username, Tania Ruiz Sanchez enters 'demo' into enter password, Tania Ruiz Sanchez clicks on Click on the login button, Tania Ruiz Sanchez clicks on Click on Desing, Tania Ruiz Sanchez clicks on Select SEO URL]], Then She looks for the information on the filter button], Example: {username=demo, password=demo, seourl=SEO URL, query=product_id=41, keyword=iphone, store=Default, language=English} [Given Tania wants to filter data in the SEO URL list [Tania ruiz sanchez open up [Tania Ruiz Sanchez opens the Cart open page]], When She enter the data in the filter field
| username | password | seourl | query | keyword | store | language |
| demo | demo | SEO URL | product_id=41 | iphone | Default | English | [Tania ruiz sanchez filter [Tania Ruiz Sanchez enters 'demo' into enter username, Tania Ruiz Sanchez enters 'demo' into enter password, Tania Ruiz Sanchez clicks on Click on the login button, Tania Ruiz Sanchez clicks on Click on Desing, Tania Ruiz Sanchez clicks on Select SEO URL]], Then She looks for the information on the filter button], Example: {username=demo, password=demo, seourl=SEO URL, query=category_id=18, keyword=, store=, language=} [Given Tania wants to filter data in the SEO URL list [Tania ruiz sanchez open up [Tania Ruiz Sanchez opens the Cart open page]], When She enter the data in the filter field
| username | password | seourl | query | keyword | store | language |
| demo | demo | SEO URL | category_id=18 |  |  |  | [Tania ruiz sanchez filter [Tania Ruiz Sanchez enters 'demo' into enter username, Tania Ruiz Sanchez enters 'demo' into enter password]]]
[Test worker] WARN net.thucydides.core.steps.BaseStepListener - stepStarted: net.thucydides.core.steps.ExecutedStepDescription@4b7663ad
[Test worker] WARN net.thucydides.core.steps.BaseStepListener - stepFinished: current outcome:Enter data to filter:Example: {username=demo, password=demo, seourl=Banners, query=product_id=47, keyword=hp-lp3065, store=Default, language=English} [Given Tania wants to filter data in the SEO URL list [Tania ruiz sanchez open up [Tania Ruiz Sanchez opens the Cart open page]], When She enter the data in the filter field
| username | password | seourl | query | keyword | store | language |
| demo | demo | Banners | product_id=47 | hp-lp3065 | Default | English | [Tania ruiz sanchez filter [Tania Ruiz Sanchez enters 'demo' into enter username, Tania Ruiz Sanchez enters 'demo' into enter password, Tania Ruiz Sanchez clicks on Click on the login button, Tania Ruiz Sanchez clicks on Click on Desing, Tania Ruiz Sanchez clicks on Select SEO URL]], Then She looks for the information on the filter button], Example: {username=demo, password=demo, seourl=SEO URL, query=product_id=41, keyword=iphone, store=Default, language=English} [Given Tania wants to filter data in the SEO URL list [Tania ruiz sanchez open up [Tania Ruiz Sanchez opens the Cart open page]], When She enter the data in the filter field
| username | password | seourl | query | keyword | store | language |
| demo | demo | SEO URL | product_id=41 | iphone | Default | English | [Tania ruiz sanchez filter [Tania Ruiz Sanchez enters 'demo' into enter username, Tania Ruiz Sanchez enters 'demo' into enter password, Tania Ruiz Sanchez clicks on Click on the login button, Tania Ruiz Sanchez clicks on Click on Desing, Tania Ruiz Sanchez clicks on Select SEO URL]], Then She looks for the information on the filter button], Example: {username=demo, password=demo, seourl=SEO URL, query=category_id=18, keyword=, store=, language=} [Given Tania wants to filter data in the SEO URL list [Tania ruiz sanchez open up [Tania Ruiz Sanchez opens the Cart open page]], When She enter the data in the filter field
| username | password | seourl | query | keyword | store | language |
| demo | demo | SEO URL | category_id=18 |  |  |  | [Tania ruiz sanchez filter [Tania Ruiz Sanchez enters 'demo' into enter username, Tania Ruiz Sanchez enters 'demo' into enter password, Tania Ruiz Sanchez clicks on Click on the login button]]]
[Test worker] WARN net.thucydides.core.steps.BaseStepListener - stepStarted: net.thucydides.core.steps.ExecutedStepDescription@7673833a
[Test worker] WARN net.thucydides.core.steps.BaseStepListener - stepFinished: current outcome:Enter data to filter:Example: {username=demo, password=demo, seourl=Banners, query=product_id=47, keyword=hp-lp3065, store=Default, language=English} [Given Tania wants to filter data in the SEO URL list [Tania ruiz sanchez open up [Tania Ruiz Sanchez opens the Cart open page]], When She enter the data in the filter field
| username | password | seourl | query | keyword | store | language |
| demo | demo | Banners | product_id=47 | hp-lp3065 | Default | English | [Tania ruiz sanchez filter [Tania Ruiz Sanchez enters 'demo' into enter username, Tania Ruiz Sanchez enters 'demo' into enter password, Tania Ruiz Sanchez clicks on Click on the login button, Tania Ruiz Sanchez clicks on Click on Desing, Tania Ruiz Sanchez clicks on Select SEO URL]], Then She looks for the information on the filter button], Example: {username=demo, password=demo, seourl=SEO URL, query=product_id=41, keyword=iphone, store=Default, language=English} [Given Tania wants to filter data in the SEO URL list [Tania ruiz sanchez open up [Tania Ruiz Sanchez opens the Cart open page]], When She enter the data in the filter field
| username | password | seourl | query | keyword | store | language |
| demo | demo | SEO URL | product_id=41 | iphone | Default | English | [Tania ruiz sanchez filter [Tania Ruiz Sanchez enters 'demo' into enter username, Tania Ruiz Sanchez enters 'demo' into enter password, Tania Ruiz Sanchez clicks on Click on the login button, Tania Ruiz Sanchez clicks on Click on Desing, Tania Ruiz Sanchez clicks on Select SEO URL]], Then She looks for the information on the filter button], Example: {username=demo, password=demo, seourl=SEO URL, query=category_id=18, keyword=, store=, language=} [Given Tania wants to filter data in the SEO URL list [Tania ruiz sanchez open up [Tania Ruiz Sanchez opens the Cart open page]], When She enter the data in the filter field
| username | password | seourl | query | keyword | store | language |
| demo | demo | SEO URL | category_id=18 |  |  |  | [Tania ruiz sanchez filter [Tania Ruiz Sanchez enters 'demo' into enter username, Tania Ruiz Sanchez enters 'demo' into enter password, Tania Ruiz Sanchez clicks on Click on the login button, Tania Ruiz Sanchez clicks on Click on Desing]]]
[Test worker] WARN net.thucydides.core.steps.BaseStepListener - stepStarted: net.thucydides.core.steps.ExecutedStepDescription@70bd3eaf
[Test worker] WARN net.thucydides.core.steps.BaseStepListener - stepFinished: current outcome:Enter data to filter:Example: {username=demo, password=demo, seourl=Banners, query=product_id=47, keyword=hp-lp3065, store=Default, language=English} [Given Tania wants to filter data in the SEO URL list [Tania ruiz sanchez open up [Tania Ruiz Sanchez opens the Cart open page]], When She enter the data in the filter field
| username | password | seourl | query | keyword | store | language |
| demo | demo | Banners | product_id=47 | hp-lp3065 | Default | English | [Tania ruiz sanchez filter [Tania Ruiz Sanchez enters 'demo' into enter username, Tania Ruiz Sanchez enters 'demo' into enter password, Tania Ruiz Sanchez clicks on Click on the login button, Tania Ruiz Sanchez clicks on Click on Desing, Tania Ruiz Sanchez clicks on Select SEO URL]], Then She looks for the information on the filter button], Example: {username=demo, password=demo, seourl=SEO URL, query=product_id=41, keyword=iphone, store=Default, language=English} [Given Tania wants to filter data in the SEO URL list [Tania ruiz sanchez open up [Tania Ruiz Sanchez opens the Cart open page]], When She enter the data in the filter field
| username | password | seourl | query | keyword | store | language |
| demo | demo | SEO URL | product_id=41 | iphone | Default | English | [Tania ruiz sanchez filter [Tania Ruiz Sanchez enters 'demo' into enter username, Tania Ruiz Sanchez enters 'demo' into enter password, Tania Ruiz Sanchez clicks on Click on the login button, Tania Ruiz Sanchez clicks on Click on Desing, Tania Ruiz Sanchez clicks on Select SEO URL]], Then She looks for the information on the filter button], Example: {username=demo, password=demo, seourl=SEO URL, query=category_id=18, keyword=, store=, language=} [Given Tania wants to filter data in the SEO URL list [Tania ruiz sanchez open up [Tania Ruiz Sanchez opens the Cart open page]], When She enter the data in the filter field
| username | password | seourl | query | keyword | store | language |
| demo | demo | SEO URL | category_id=18 |  |  |  | [Tania ruiz sanchez filter [Tania Ruiz Sanchez enters 'demo' into enter username, Tania Ruiz Sanchez enters 'demo' into enter password, Tania Ruiz Sanchez clicks on Click on the login button, Tania Ruiz Sanchez clicks on Click on Desing, Tania Ruiz Sanchez clicks on Select SEO URL]]]
[Test worker] WARN net.thucydides.core.steps.BaseStepListener - stepFinished: current outcome:Enter data to filter:Example: {username=demo, password=demo, seourl=Banners, query=product_id=47, keyword=hp-lp3065, store=Default, language=English} [Given Tania wants to filter data in the SEO URL list [Tania ruiz sanchez open up [Tania Ruiz Sanchez opens the Cart open page]], When She enter the data in the filter field
| username | password | seourl | query | keyword | store | language |
| demo | demo | Banners | product_id=47 | hp-lp3065 | Default | English | [Tania ruiz sanchez filter [Tania Ruiz Sanchez enters 'demo' into enter username, Tania Ruiz Sanchez enters 'demo' into enter password, Tania Ruiz Sanchez clicks on Click on the login button, Tania Ruiz Sanchez clicks on Click on Desing, Tania Ruiz Sanchez clicks on Select SEO URL]], Then She looks for the information on the filter button], Example: {username=demo, password=demo, seourl=SEO URL, query=product_id=41, keyword=iphone, store=Default, language=English} [Given Tania wants to filter data in the SEO URL list [Tania ruiz sanchez open up [Tania Ruiz Sanchez opens the Cart open page]], When She enter the data in the filter field
| username | password | seourl | query | keyword | store | language |
| demo | demo | SEO URL | product_id=41 | iphone | Default | English | [Tania ruiz sanchez filter [Tania Ruiz Sanchez enters 'demo' into enter username, Tania Ruiz Sanchez enters 'demo' into enter password, Tania Ruiz Sanchez clicks on Click on the login button, Tania Ruiz Sanchez clicks on Click on Desing, Tania Ruiz Sanchez clicks on Select SEO URL]], Then She looks for the information on the filter button], Example: {username=demo, password=demo, seourl=SEO URL, query=category_id=18, keyword=, store=, language=} [Given Tania wants to filter data in the SEO URL list [Tania ruiz sanchez open up [Tania Ruiz Sanchez opens the Cart open page]], When She enter the data in the filter field
| username | password | seourl | query | keyword | store | language |
| demo | demo | SEO URL | category_id=18 |  |  |  | [Tania ruiz sanchez filter [Tania Ruiz Sanchez enters 'demo' into enter username, Tania Ruiz Sanchez enters 'demo' into enter password, Tania Ruiz Sanchez clicks on Click on the login button, Tania Ruiz Sanchez clicks on Click on Desing, Tania Ruiz Sanchez clicks on Select SEO URL]]]
[Test worker] WARN net.thucydides.core.steps.BaseStepListener - stepFinished: current outcome:Enter data to filter:Example: {username=demo, password=demo, seourl=Banners, query=product_id=47, keyword=hp-lp3065, store=Default, language=English} [Given Tania wants to filter data in the SEO URL list [Tania ruiz sanchez open up [Tania Ruiz Sanchez opens the Cart open page]], When She enter the data in the filter field
| username | password | seourl | query | keyword | store | language |
| demo | demo | Banners | product_id=47 | hp-lp3065 | Default | English | [Tania ruiz sanchez filter [Tania Ruiz Sanchez enters 'demo' into enter username, Tania Ruiz Sanchez enters 'demo' into enter password, Tania Ruiz Sanchez clicks on Click on the login button, Tania Ruiz Sanchez clicks on Click on Desing, Tania Ruiz Sanchez clicks on Select SEO URL]], Then She looks for the information on the filter button], Example: {username=demo, password=demo, seourl=SEO URL, query=product_id=41, keyword=iphone, store=Default, language=English} [Given Tania wants to filter data in the SEO URL list [Tania ruiz sanchez open up [Tania Ruiz Sanchez opens the Cart open page]], When She enter the data in the filter field
| username | password | seourl | query | keyword | store | language |
| demo | demo | SEO URL | product_id=41 | iphone | Default | English | [Tania ruiz sanchez filter [Tania Ruiz Sanchez enters 'demo' into enter username, Tania Ruiz Sanchez enters 'demo' into enter password, Tania Ruiz Sanchez clicks on Click on the login button, Tania Ruiz Sanchez clicks on Click on Desing, Tania Ruiz Sanchez clicks on Select SEO URL]], Then She looks for the information on the filter button], Example: {username=demo, password=demo, seourl=SEO URL, query=category_id=18, keyword=, store=, language=} [Given Tania wants to filter data in the SEO URL list [Tania ruiz sanchez open up [Tania Ruiz Sanchez opens the Cart open page]], When She enter the data in the filter field
| username | password | seourl | query | keyword | store | language |
| demo | demo | SEO URL | category_id=18 |  |  |  | [Tania ruiz sanchez filter [Tania Ruiz Sanchez enters 'demo' into enter username, Tania Ruiz Sanchez enters 'demo' into enter password, Tania Ruiz Sanchez clicks on Click on the login button, Tania Ruiz Sanchez clicks on Click on Desing, Tania Ruiz Sanchez clicks on Select SEO URL]]]
[Test worker] WARN net.thucydides.core.steps.BaseStepListener - stepStarted: net.thucydides.core.steps.ExecutedStepDescription@6430b1ea
[Test worker] WARN net.thucydides.core.steps.BaseStepListener - stepFinished: current outcome:Enter data to filter:Example: {username=demo, password=demo, seourl=Banners, query=product_id=47, keyword=hp-lp3065, store=Default, language=English} [Given Tania wants to filter data in the SEO URL list [Tania ruiz sanchez open up [Tania Ruiz Sanchez opens the Cart open page]], When She enter the data in the filter field
| username | password | seourl | query | keyword | store | language |
| demo | demo | Banners | product_id=47 | hp-lp3065 | Default | English | [Tania ruiz sanchez filter [Tania Ruiz Sanchez enters 'demo' into enter username, Tania Ruiz Sanchez enters 'demo' into enter password, Tania Ruiz Sanchez clicks on Click on the login button, Tania Ruiz Sanchez clicks on Click on Desing, Tania Ruiz Sanchez clicks on Select SEO URL]], Then She looks for the information on the filter button], Example: {username=demo, password=demo, seourl=SEO URL, query=product_id=41, keyword=iphone, store=Default, language=English} [Given Tania wants to filter data in the SEO URL list [Tania ruiz sanchez open up [Tania Ruiz Sanchez opens the Cart open page]], When She enter the data in the filter field
| username | password | seourl | query | keyword | store | language |
| demo | demo | SEO URL | product_id=41 | iphone | Default | English | [Tania ruiz sanchez filter [Tania Ruiz Sanchez enters 'demo' into enter username, Tania Ruiz Sanchez enters 'demo' into enter password, Tania Ruiz Sanchez clicks on Click on the login button, Tania Ruiz Sanchez clicks on Click on Desing, Tania Ruiz Sanchez clicks on Select SEO URL]], Then She looks for the information on the filter button], Example: {username=demo, password=demo, seourl=SEO URL, query=category_id=18, keyword=, store=, language=} [Given Tania wants to filter data in the SEO URL list [Tania ruiz sanchez open up [Tania Ruiz Sanchez opens the Cart open page]], When She enter the data in the filter field
| username | password | seourl | query | keyword | store | language |
| demo | demo | SEO URL | category_id=18 |  |  |  | [Tania ruiz sanchez filter [Tania Ruiz Sanchez enters 'demo' into enter username, Tania Ruiz Sanchez enters 'demo' into enter password, Tania Ruiz Sanchez clicks on Click on the login button, Tania Ruiz Sanchez clicks on Click on Desing, Tania Ruiz Sanchez clicks on Select SEO URL]], Then She looks for the information on the filter button]
[Test worker] WARN net.thucydides.core.steps.BaseStepListener - stepFinished: current outcome:Enter data to filter:Example: {username=demo, password=demo, seourl=Banners, query=product_id=47, keyword=hp-lp3065, store=Default, language=English} [Given Tania wants to filter data in the SEO URL list [Tania ruiz sanchez open up [Tania Ruiz Sanchez opens the Cart open page]], When She enter the data in the filter field
| username | password | seourl | query | keyword | store | language |
| demo | demo | Banners | product_id=47 | hp-lp3065 | Default | English | [Tania ruiz sanchez filter [Tania Ruiz Sanchez enters 'demo' into enter username, Tania Ruiz Sanchez enters 'demo' into enter password, Tania Ruiz Sanchez clicks on Click on the login button, Tania Ruiz Sanchez clicks on Click on Desing, Tania Ruiz Sanchez clicks on Select SEO URL]], Then She looks for the information on the filter button], Example: {username=demo, password=demo, seourl=SEO URL, query=product_id=41, keyword=iphone, store=Default, language=English} [Given Tania wants to filter data in the SEO URL list [Tania ruiz sanchez open up [Tania Ruiz Sanchez opens the Cart open page]], When She enter the data in the filter field
| username | password | seourl | query | keyword | store | language |
| demo | demo | SEO URL | product_id=41 | iphone | Default | English | [Tania ruiz sanchez filter [Tania Ruiz Sanchez enters 'demo' into enter username, Tania Ruiz Sanchez enters 'demo' into enter password, Tania Ruiz Sanchez clicks on Click on the login button, Tania Ruiz Sanchez clicks on Click on Desing, Tania Ruiz Sanchez clicks on Select SEO URL]], Then She looks for the information on the filter button], Example: {username=demo, password=demo, seourl=SEO URL, query=category_id=18, keyword=, store=, language=} [Given Tania wants to filter data in the SEO URL list [Tania ruiz sanchez open up [Tania Ruiz Sanchez opens the Cart open page]], When She enter the data in the filter field
| username | password | seourl | query | keyword | store | language |
| demo | demo | SEO URL | category_id=18 |  |  |  | [Tania ruiz sanchez filter [Tania Ruiz Sanchez enters 'demo' into enter username, Tania Ruiz Sanchez enters 'demo' into enter password, Tania Ruiz Sanchez clicks on Click on the login button, Tania Ruiz Sanchez clicks on Click on Desing, Tania Ruiz Sanchez clicks on Select SEO URL]], Then She looks for the information on the filter button]
[Test worker] WARN net.thucydides.core.steps.BaseStepListener - testFinished: Enter data to filter:Example: {username=demo, password=demo, seourl=Banners, query=product_id=47, keyword=hp-lp3065, store=Default, language=English} [Given Tania wants to filter data in the SEO URL list [Tania ruiz sanchez open up [Tania Ruiz Sanchez opens the Cart open page]], When She enter the data in the filter field
| username | password | seourl | query | keyword | store | language |
| demo | demo | Banners | product_id=47 | hp-lp3065 | Default | English | [Tania ruiz sanchez filter [Tania Ruiz Sanchez enters 'demo' into enter username, Tania Ruiz Sanchez enters 'demo' into enter password, Tania Ruiz Sanchez clicks on Click on the login button, Tania Ruiz Sanchez clicks on Click on Desing, Tania Ruiz Sanchez clicks on Select SEO URL]], Then She looks for the information on the filter button], Example: {username=demo, password=demo, seourl=SEO URL, query=product_id=41, keyword=iphone, store=Default, language=English} [Given Tania wants to filter data in the SEO URL list [Tania ruiz sanchez open up [Tania Ruiz Sanchez opens the Cart open page]], When She enter the data in the filter field
| username | password | seourl | query | keyword | store | language |
| demo | demo | SEO URL | product_id=41 | iphone | Default | English | [Tania ruiz sanchez filter [Tania Ruiz Sanchez enters 'demo' into enter username, Tania Ruiz Sanchez enters 'demo' into enter password, Tania Ruiz Sanchez clicks on Click on the login button, Tania Ruiz Sanchez clicks on Click on Desing, Tania Ruiz Sanchez clicks on Select SEO URL]], Then She looks for the information on the filter button], Example: {username=demo, password=demo, seourl=SEO URL, query=category_id=18, keyword=, store=, language=} [Given Tania wants to filter data in the SEO URL list [Tania ruiz sanchez open up [Tania Ruiz Sanchez opens the Cart open page]], When She enter the data in the filter field
| username | password | seourl | query | keyword | store | language |
| demo | demo | SEO URL | category_id=18 |  |  |  | [Tania ruiz sanchez filter [Tania Ruiz Sanchez enters 'demo' into enter username, Tania Ruiz Sanchez enters 'demo' into enter password, Tania Ruiz Sanchez clicks on Click on the login button, Tania Ruiz Sanchez clicks on Click on Desing, Tania Ruiz Sanchez clicks on Select SEO URL]], Then She looks for the information on the filter button]
[Test worker] WARN net.thucydides.core.steps.BaseStepListener - TestOutcomes: [Enter data to filter:Example: {username=demo, password=demo, seourl=Banners, query=product_id=47, keyword=hp-lp3065, store=Default, language=English} [Given Tania wants to filter data in the SEO URL list [Tania ruiz sanchez open up [Tania Ruiz Sanchez opens the Cart open page]], When She enter the data in the filter field
| username | password | seourl | query | keyword | store | language |
| demo | demo | Banners | product_id=47 | hp-lp3065 | Default | English | [Tania ruiz sanchez filter [Tania Ruiz Sanchez enters 'demo' into enter username, Tania Ruiz Sanchez enters 'demo' into enter password, Tania Ruiz Sanchez clicks on Click on the login button, Tania Ruiz Sanchez clicks on Click on Desing, Tania Ruiz Sanchez clicks on Select SEO URL]], Then She looks for the information on the filter button], Example: {username=demo, password=demo, seourl=SEO URL, query=product_id=41, keyword=iphone, store=Default, language=English} [Given Tania wants to filter data in the SEO URL list [Tania ruiz sanchez open up [Tania Ruiz Sanchez opens the Cart open page]], When She enter the data in the filter field
| username | password | seourl | query | keyword | store | language |
| demo | demo | SEO URL | product_id=41 | iphone | Default | English | [Tania ruiz sanchez filter [Tania Ruiz Sanchez enters 'demo' into enter username, Tania Ruiz Sanchez enters 'demo' into enter password, Tania Ruiz Sanchez clicks on Click on the login button, Tania Ruiz Sanchez clicks on Click on Desing, Tania Ruiz Sanchez clicks on Select SEO URL]], Then She looks for the information on the filter button], Example: {username=demo, password=demo, seourl=SEO URL, query=category_id=18, keyword=, store=, language=} [Given Tania wants to filter data in the SEO URL list [Tania ruiz sanchez open up [Tania Ruiz Sanchez opens the Cart open page]], When She enter the data in the filter field
| username | password | seourl | query | keyword | store | language |
| demo | demo | SEO URL | category_id=18 |  |  |  | [Tania ruiz sanchez filter [Tania Ruiz Sanchez enters 'demo' into enter username, Tania Ruiz Sanchez enters 'demo' into enter password, Tania Ruiz Sanchez clicks on Click on the login button, Tania Ruiz Sanchez clicks on Click on Desing, Tania Ruiz Sanchez clicks on Select SEO URL]], Then She looks for the information on the filter button]]
[Test worker] WARN net.thucydides.core.steps.BaseStepListener - Final testOutcomes: [Enter data to filter:Example: {username=demo, password=demo, seourl=Banners, query=product_id=47, keyword=hp-lp3065, store=Default, language=English} [Given Tania wants to filter data in the SEO URL list [Tania ruiz sanchez open up [Tania Ruiz Sanchez opens the Cart open page]], When She enter the data in the filter field
| username | password | seourl | query | keyword | store | language |
| demo | demo | Banners | product_id=47 | hp-lp3065 | Default | English | [Tania ruiz sanchez filter [Tania Ruiz Sanchez enters 'demo' into enter username, Tania Ruiz Sanchez enters 'demo' into enter password, Tania Ruiz Sanchez clicks on Click on the login button, Tania Ruiz Sanchez clicks on Click on Desing, Tania Ruiz Sanchez clicks on Select SEO URL]], Then She looks for the information on the filter button], Example: {username=demo, password=demo, seourl=SEO URL, query=product_id=41, keyword=iphone, store=Default, language=English} [Given Tania wants to filter data in the SEO URL list [Tania ruiz sanchez open up [Tania Ruiz Sanchez opens the Cart open page]], When She enter the data in the filter field
| username | password | seourl | query | keyword | store | language |
| demo | demo | SEO URL | product_id=41 | iphone | Default | English | [Tania ruiz sanchez filter [Tania Ruiz Sanchez enters 'demo' into enter username, Tania Ruiz Sanchez enters 'demo' into enter password, Tania Ruiz Sanchez clicks on Click on the login button, Tania Ruiz Sanchez clicks on Click on Desing, Tania Ruiz Sanchez clicks on Select SEO URL]], Then She looks for the information on the filter button], Example: {username=demo, password=demo, seourl=SEO URL, query=category_id=18, keyword=, store=, language=} [Given Tania wants to filter data in the SEO URL list [Tania ruiz sanchez open up [Tania Ruiz Sanchez opens the Cart open page]], When She enter the data in the filter field
| username | password | seourl | query | keyword | store | language |
| demo | demo | SEO URL | category_id=18 |  |  |  | [Tania ruiz sanchez filter [Tania Ruiz Sanchez enters 'demo' into enter username, Tania Ruiz Sanchez enters 'demo' into enter password, Tania Ruiz Sanchez clicks on Click on the login button, Tania Ruiz Sanchez clicks on Click on Desing, Tania Ruiz Sanchez clicks on Select SEO URL]], Then She looks for the information on the filter button]]
[Test worker] INFO net.thucydides.core.steps.ConsoleLoggingListener - 
        __    _____ _____ ____ _____   ____   _    ____  ____  _____ ____  
  _     \ \  |_   _| ____/ ___|_   _| |  _ \ / \  / ___|/ ___|| ____|  _ \ 
 (_)_____| |   | | |  _| \___ \ | |   | |_) / _ \ \___ \\___ \|  _| | | | |
  _|_____| |   | | | |___ ___) || |   |  __/ ___ \ ___) |___) | |___| |_| |
 (_)     | |   |_| |_____|____/ |_|   |_| /_/   \_\____/|____/|_____|____/ 
        /_/                                                                

TEST PASSED: Enter data to filter
----------------------------------------------------------------------------
]]></system-err>
</testsuite>
