<?xml version="1.0" encoding="UTF-8"?>
<testsuite name="openCart" tests="1" skipped="0" failures="0" errors="0" timestamp="2022-05-04T20:23:31" hostname="DESKTOP-4PA18HQ" time="12.196">
  <properties/>
  <testcase name="Enter data to filter" classname="openCart" time="12.196"/>
  <system-out><![CDATA[]]></system-out>
  <system-err><![CDATA[[Test worker] WARN net.thucydides.core.steps.BaseStepListener - stepStarted: net.thucydides.core.steps.ExecutedStepDescription@a0771de
[Test worker] WARN net.thucydides.core.steps.BaseStepListener - stepStarted: net.thucydides.core.steps.ExecutedStepDescription@69fd38b5
[Test worker] WARN net.thucydides.core.steps.BaseStepListener - stepStarted: net.thucydides.core.steps.ExecutedStepDescription@6c1740ea
may 04, 2022 3:23:32 PM org.openqa.selenium.remote.DesiredCapabilities chrome
INFORMACIÓN: Using `new ChromeOptions()` is preferred to `DesiredCapabilities.chrome()`
[Test worker] INFO net.serenitybdd.core.webdriver.driverproviders.ProvideNewDriver - Instantiating driver
[Test worker] INFO net.serenitybdd.core.webdriver.driverproviders.ProvideNewDriver - Driver capabilities: Capabilities {acceptInsecureCerts: false, browserName: chrome, chrome.switches: --start-maximized, goog:chromeOptions: {args: [--start-maximized], extensions: []}, loggingPrefs: org.openqa.selenium.logging..., platform: ANY, version: }
Starting ChromeDriver 99.0.4844.51 (d537ec02474b5afe23684e7963d538896c63ac77-refs/branch-heads/4844@{#875}) on port 42430
Only local connections are allowed.
Please see https://chromedriver.chromium.org/security-considerations for suggestions on keeping ChromeDriver safe.
ChromeDriver was started successfully.
[1651695814.216][WARNING]: This version of ChromeDriver has not been tested with Chrome version 100.
may 04, 2022 3:23:34 PM org.openqa.selenium.remote.ProtocolHandshake createSession
INFORMACIÓN: Detected dialect: W3C
[Test worker] WARN net.thucydides.core.steps.BaseStepListener - stepFinished: current outcome:Enter data to filter:Example: {username=demo, password=demo, seourl=SEO URL, query=product_id=47, keyword=hp-lp3065, store=Default, language=English, seourllist=SEO URL List} [Given Tania wants to filter data in the SEO URL list [Tania ruiz sanchez open up [Tania Ruiz Sanchez opens the Cart open page]]]
[Test worker] WARN net.thucydides.core.steps.BaseStepListener - stepFinished: current outcome:Enter data to filter:Example: {username=demo, password=demo, seourl=SEO URL, query=product_id=47, keyword=hp-lp3065, store=Default, language=English, seourllist=SEO URL List} [Given Tania wants to filter data in the SEO URL list [Tania ruiz sanchez open up [Tania Ruiz Sanchez opens the Cart open page]]]
[Test worker] WARN net.thucydides.core.steps.BaseStepListener - stepFinished: current outcome:Enter data to filter:Example: {username=demo, password=demo, seourl=SEO URL, query=product_id=47, keyword=hp-lp3065, store=Default, language=English, seourllist=SEO URL List} [Given Tania wants to filter data in the SEO URL list [Tania ruiz sanchez open up [Tania Ruiz Sanchez opens the Cart open page]]]
[Test worker] WARN net.thucydides.core.steps.BaseStepListener - stepStarted: net.thucydides.core.steps.ExecutedStepDescription@2afbac4f
[Test worker] WARN net.thucydides.core.steps.BaseStepListener - stepStarted: net.thucydides.core.steps.ExecutedStepDescription@2ae22945
[Test worker] WARN net.thucydides.core.steps.BaseStepListener - stepStarted: net.thucydides.core.steps.ExecutedStepDescription@32735adc
[Test worker] WARN net.thucydides.core.steps.BaseStepListener - stepFinished: current outcome:Enter data to filter:Example: {username=demo, password=demo, seourl=SEO URL, query=product_id=47, keyword=hp-lp3065, store=Default, language=English, seourllist=SEO URL List} [Given Tania wants to filter data in the SEO URL list [Tania ruiz sanchez open up [Tania Ruiz Sanchez opens the Cart open page]], When She enter the data in the filter field
| username | password | seourl | query | keyword | store | language |
| demo | demo | SEO URL | product_id=47 | hp-lp3065 | Default | English | [Tania ruiz sanchez filter [Tania Ruiz Sanchez enters 'demo' into enter username]]]
[Test worker] WARN net.thucydides.core.steps.BaseStepListener - stepStarted: net.thucydides.core.steps.ExecutedStepDescription@52c6d53e
[Test worker] WARN net.thucydides.core.steps.BaseStepListener - stepFinished: current outcome:Enter data to filter:Example: {username=demo, password=demo, seourl=SEO URL, query=product_id=47, keyword=hp-lp3065, store=Default, language=English, seourllist=SEO URL List} [Given Tania wants to filter data in the SEO URL list [Tania ruiz sanchez open up [Tania Ruiz Sanchez opens the Cart open page]], When She enter the data in the filter field
| username | password | seourl | query | keyword | store | language |
| demo | demo | SEO URL | product_id=47 | hp-lp3065 | Default | English | [Tania ruiz sanchez filter [Tania Ruiz Sanchez enters 'demo' into enter username, Tania Ruiz Sanchez enters 'demo' into enter password]]]
[Test worker] WARN net.thucydides.core.steps.BaseStepListener - stepStarted: net.thucydides.core.steps.ExecutedStepDescription@f336f9e
[Test worker] WARN net.thucydides.core.steps.BaseStepListener - stepFinished: current outcome:Enter data to filter:Example: {username=demo, password=demo, seourl=SEO URL, query=product_id=47, keyword=hp-lp3065, store=Default, language=English, seourllist=SEO URL List} [Given Tania wants to filter data in the SEO URL list [Tania ruiz sanchez open up [Tania Ruiz Sanchez opens the Cart open page]], When She enter the data in the filter field
| username | password | seourl | query | keyword | store | language |
| demo | demo | SEO URL | product_id=47 | hp-lp3065 | Default | English | [Tania ruiz sanchez filter [Tania Ruiz Sanchez enters 'demo' into enter username, Tania Ruiz Sanchez enters 'demo' into enter password, Tania Ruiz Sanchez clicks on Click on the login button]]]
[Test worker] WARN net.thucydides.core.steps.BaseStepListener - stepStarted: net.thucydides.core.steps.ExecutedStepDescription@e5ef836
[Test worker] WARN net.thucydides.core.steps.BaseStepListener - stepFinished: current outcome:Enter data to filter:Example: {username=demo, password=demo, seourl=SEO URL, query=product_id=47, keyword=hp-lp3065, store=Default, language=English, seourllist=SEO URL List} [Given Tania wants to filter data in the SEO URL list [Tania ruiz sanchez open up [Tania Ruiz Sanchez opens the Cart open page]], When She enter the data in the filter field
| username | password | seourl | query | keyword | store | language |
| demo | demo | SEO URL | product_id=47 | hp-lp3065 | Default | English | [Tania ruiz sanchez filter [Tania Ruiz Sanchez enters 'demo' into enter username, Tania Ruiz Sanchez enters 'demo' into enter password, Tania Ruiz Sanchez clicks on Click on the login button, Tania Ruiz Sanchez clicks on Click on Desing]]]
[Test worker] WARN net.thucydides.core.steps.BaseStepListener - stepStarted: net.thucydides.core.steps.ExecutedStepDescription@7dd35858
[Test worker] WARN net.thucydides.core.steps.BaseStepListener - stepFinished: current outcome:Enter data to filter:Example: {username=demo, password=demo, seourl=SEO URL, query=product_id=47, keyword=hp-lp3065, store=Default, language=English, seourllist=SEO URL List} [Given Tania wants to filter data in the SEO URL list [Tania ruiz sanchez open up [Tania Ruiz Sanchez opens the Cart open page]], When She enter the data in the filter field
| username | password | seourl | query | keyword | store | language |
| demo | demo | SEO URL | product_id=47 | hp-lp3065 | Default | English | [Tania ruiz sanchez filter [Tania Ruiz Sanchez enters 'demo' into enter username, Tania Ruiz Sanchez enters 'demo' into enter password, Tania Ruiz Sanchez clicks on Click on the login button, Tania Ruiz Sanchez clicks on Click on Desing, Tania Ruiz Sanchez clicks on Select SEO URL]]]
[Test worker] WARN net.thucydides.core.steps.BaseStepListener - stepStarted: net.thucydides.core.steps.ExecutedStepDescription@13e747aa
[Test worker] WARN net.thucydides.core.steps.BaseStepListener - stepFinished: current outcome:Enter data to filter:Example: {username=demo, password=demo, seourl=SEO URL, query=product_id=47, keyword=hp-lp3065, store=Default, language=English, seourllist=SEO URL List} [Given Tania wants to filter data in the SEO URL list [Tania ruiz sanchez open up [Tania Ruiz Sanchez opens the Cart open page]], When She enter the data in the filter field
| username | password | seourl | query | keyword | store | language |
| demo | demo | SEO URL | product_id=47 | hp-lp3065 | Default | English | [Tania ruiz sanchez filter [Tania Ruiz Sanchez enters 'demo' into enter username, Tania Ruiz Sanchez enters 'demo' into enter password, Tania Ruiz Sanchez clicks on Click on the login button, Tania Ruiz Sanchez clicks on Click on Desing, Tania Ruiz Sanchez clicks on Select SEO URL, Tania Ruiz Sanchez enters 'product_id=47' into Write the query]]]
[Test worker] WARN net.thucydides.core.steps.BaseStepListener - stepStarted: net.thucydides.core.steps.ExecutedStepDescription@10629130
[Test worker] WARN net.thucydides.core.steps.BaseStepListener - stepFinished: current outcome:Enter data to filter:Example: {username=demo, password=demo, seourl=SEO URL, query=product_id=47, keyword=hp-lp3065, store=Default, language=English, seourllist=SEO URL List} [Given Tania wants to filter data in the SEO URL list [Tania ruiz sanchez open up [Tania Ruiz Sanchez opens the Cart open page]], When She enter the data in the filter field
| username | password | seourl | query | keyword | store | language |
| demo | demo | SEO URL | product_id=47 | hp-lp3065 | Default | English | [Tania ruiz sanchez filter [Tania Ruiz Sanchez enters 'demo' into enter username, Tania Ruiz Sanchez enters 'demo' into enter password, Tania Ruiz Sanchez clicks on Click on the login button, Tania Ruiz Sanchez clicks on Click on Desing, Tania Ruiz Sanchez clicks on Select SEO URL, Tania Ruiz Sanchez enters 'product_id=47' into Write the query, Tania Ruiz Sanchez enters 'hp-lp3065' into Write the keyword]]]
[Test worker] WARN net.thucydides.core.steps.BaseStepListener - stepStarted: net.thucydides.core.steps.ExecutedStepDescription@6fef8b68
[Test worker] WARN net.thucydides.core.steps.BaseStepListener - stepFinished: current outcome:Enter data to filter:Example: {username=demo, password=demo, seourl=SEO URL, query=product_id=47, keyword=hp-lp3065, store=Default, language=English, seourllist=SEO URL List} [Given Tania wants to filter data in the SEO URL list [Tania ruiz sanchez open up [Tania Ruiz Sanchez opens the Cart open page]], When She enter the data in the filter field
| username | password | seourl | query | keyword | store | language |
| demo | demo | SEO URL | product_id=47 | hp-lp3065 | Default | English | [Tania ruiz sanchez filter [Tania Ruiz Sanchez enters 'demo' into enter username, Tania Ruiz Sanchez enters 'demo' into enter password, Tania Ruiz Sanchez clicks on Click on the login button, Tania Ruiz Sanchez clicks on Click on Desing, Tania Ruiz Sanchez clicks on Select SEO URL, Tania Ruiz Sanchez enters 'product_id=47' into Write the query, Tania Ruiz Sanchez enters 'hp-lp3065' into Write the keyword, Tania Ruiz Sanchez clicks on Select Store]]]
[Test worker] WARN net.thucydides.core.steps.BaseStepListener - stepStarted: net.thucydides.core.steps.ExecutedStepDescription@40b1ff48
[Test worker] WARN net.thucydides.core.steps.BaseStepListener - stepFinished: current outcome:Enter data to filter:Example: {username=demo, password=demo, seourl=SEO URL, query=product_id=47, keyword=hp-lp3065, store=Default, language=English, seourllist=SEO URL List} [Given Tania wants to filter data in the SEO URL list [Tania ruiz sanchez open up [Tania Ruiz Sanchez opens the Cart open page]], When She enter the data in the filter field
| username | password | seourl | query | keyword | store | language |
| demo | demo | SEO URL | product_id=47 | hp-lp3065 | Default | English | [Tania ruiz sanchez filter [Tania Ruiz Sanchez enters 'demo' into enter username, Tania Ruiz Sanchez enters 'demo' into enter password, Tania Ruiz Sanchez clicks on Click on the login button, Tania Ruiz Sanchez clicks on Click on Desing, Tania Ruiz Sanchez clicks on Select SEO URL, Tania Ruiz Sanchez enters 'product_id=47' into Write the query, Tania Ruiz Sanchez enters 'hp-lp3065' into Write the keyword, Tania Ruiz Sanchez clicks on Select Store, Tania Ruiz Sanchez clicks on Select Languaje]]]
[Test worker] WARN net.thucydides.core.steps.BaseStepListener - stepStarted: net.thucydides.core.steps.ExecutedStepDescription@2e20cc99
[Test worker] WARN net.thucydides.core.steps.BaseStepListener - stepFinished: current outcome:Enter data to filter:Example: {username=demo, password=demo, seourl=SEO URL, query=product_id=47, keyword=hp-lp3065, store=Default, language=English, seourllist=SEO URL List} [Given Tania wants to filter data in the SEO URL list [Tania ruiz sanchez open up [Tania Ruiz Sanchez opens the Cart open page]], When She enter the data in the filter field
| username | password | seourl | query | keyword | store | language |
| demo | demo | SEO URL | product_id=47 | hp-lp3065 | Default | English | [Tania ruiz sanchez filter [Tania Ruiz Sanchez enters 'demo' into enter username, Tania Ruiz Sanchez enters 'demo' into enter password, Tania Ruiz Sanchez clicks on Click on the login button, Tania Ruiz Sanchez clicks on Click on Desing, Tania Ruiz Sanchez clicks on Select SEO URL, Tania Ruiz Sanchez enters 'product_id=47' into Write the query, Tania Ruiz Sanchez enters 'hp-lp3065' into Write the keyword, Tania Ruiz Sanchez clicks on Select Store, Tania Ruiz Sanchez clicks on Select Languaje, Tania Ruiz Sanchez clicks on Click boton Filter]]]
[Test worker] WARN net.thucydides.core.steps.BaseStepListener - stepFinished: current outcome:Enter data to filter:Example: {username=demo, password=demo, seourl=SEO URL, query=product_id=47, keyword=hp-lp3065, store=Default, language=English, seourllist=SEO URL List} [Given Tania wants to filter data in the SEO URL list [Tania ruiz sanchez open up [Tania Ruiz Sanchez opens the Cart open page]], When She enter the data in the filter field
| username | password | seourl | query | keyword | store | language |
| demo | demo | SEO URL | product_id=47 | hp-lp3065 | Default | English | [Tania ruiz sanchez filter [Tania Ruiz Sanchez enters 'demo' into enter username, Tania Ruiz Sanchez enters 'demo' into enter password, Tania Ruiz Sanchez clicks on Click on the login button, Tania Ruiz Sanchez clicks on Click on Desing, Tania Ruiz Sanchez clicks on Select SEO URL, Tania Ruiz Sanchez enters 'product_id=47' into Write the query, Tania Ruiz Sanchez enters 'hp-lp3065' into Write the keyword, Tania Ruiz Sanchez clicks on Select Store, Tania Ruiz Sanchez clicks on Select Languaje, Tania Ruiz Sanchez clicks on Click boton Filter]]]
[Test worker] WARN net.thucydides.core.steps.BaseStepListener - stepFinished: current outcome:Enter data to filter:Example: {username=demo, password=demo, seourl=SEO URL, query=product_id=47, keyword=hp-lp3065, store=Default, language=English, seourllist=SEO URL List} [Given Tania wants to filter data in the SEO URL list [Tania ruiz sanchez open up [Tania Ruiz Sanchez opens the Cart open page]], When She enter the data in the filter field
| username | password | seourl | query | keyword | store | language |
| demo | demo | SEO URL | product_id=47 | hp-lp3065 | Default | English | [Tania ruiz sanchez filter [Tania Ruiz Sanchez enters 'demo' into enter username, Tania Ruiz Sanchez enters 'demo' into enter password, Tania Ruiz Sanchez clicks on Click on the login button, Tania Ruiz Sanchez clicks on Click on Desing, Tania Ruiz Sanchez clicks on Select SEO URL, Tania Ruiz Sanchez enters 'product_id=47' into Write the query, Tania Ruiz Sanchez enters 'hp-lp3065' into Write the keyword, Tania Ruiz Sanchez clicks on Select Store, Tania Ruiz Sanchez clicks on Select Languaje, Tania Ruiz Sanchez clicks on Click boton Filter]]]
[Test worker] WARN net.thucydides.core.steps.BaseStepListener - stepStarted: net.thucydides.core.steps.ExecutedStepDescription@4cb0dfb5
[Test worker] WARN net.thucydides.core.steps.BaseStepListener - stepStarted: net.thucydides.core.steps.ExecutedStepDescription@2b9e7d7
[Test worker] WARN net.thucydides.core.steps.BaseStepListener - stepFinished: current outcome:Enter data to filter:Example: {username=demo, password=demo, seourl=SEO URL, query=product_id=47, keyword=hp-lp3065, store=Default, language=English, seourllist=SEO URL List} [Given Tania wants to filter data in the SEO URL list [Tania ruiz sanchez open up [Tania Ruiz Sanchez opens the Cart open page]], When She enter the data in the filter field
| username | password | seourl | query | keyword | store | language |
| demo | demo | SEO URL | product_id=47 | hp-lp3065 | Default | English | [Tania ruiz sanchez filter [Tania Ruiz Sanchez enters 'demo' into enter username, Tania Ruiz Sanchez enters 'demo' into enter password, Tania Ruiz Sanchez clicks on Click on the login button, Tania Ruiz Sanchez clicks on Click on Desing, Tania Ruiz Sanchez clicks on Select SEO URL, Tania Ruiz Sanchez enters 'product_id=47' into Write the query, Tania Ruiz Sanchez enters 'hp-lp3065' into Write the keyword, Tania Ruiz Sanchez clicks on Select Store, Tania Ruiz Sanchez clicks on Select Languaje, Tania Ruiz Sanchez clicks on Click boton Filter]], Then She visualizes the information in SEO URL List
| seourllist |
| SEO URL List | [Then answer filter]]
[Test worker] WARN net.thucydides.core.steps.BaseStepListener - stepFinished: current outcome:Enter data to filter:Example: {username=demo, password=demo, seourl=SEO URL, query=product_id=47, keyword=hp-lp3065, store=Default, language=English, seourllist=SEO URL List} [Given Tania wants to filter data in the SEO URL list [Tania ruiz sanchez open up [Tania Ruiz Sanchez opens the Cart open page]], When She enter the data in the filter field
| username | password | seourl | query | keyword | store | language |
| demo | demo | SEO URL | product_id=47 | hp-lp3065 | Default | English | [Tania ruiz sanchez filter [Tania Ruiz Sanchez enters 'demo' into enter username, Tania Ruiz Sanchez enters 'demo' into enter password, Tania Ruiz Sanchez clicks on Click on the login button, Tania Ruiz Sanchez clicks on Click on Desing, Tania Ruiz Sanchez clicks on Select SEO URL, Tania Ruiz Sanchez enters 'product_id=47' into Write the query, Tania Ruiz Sanchez enters 'hp-lp3065' into Write the keyword, Tania Ruiz Sanchez clicks on Select Store, Tania Ruiz Sanchez clicks on Select Languaje, Tania Ruiz Sanchez clicks on Click boton Filter]], Then She visualizes the information in SEO URL List
| seourllist |
| SEO URL List | [Then answer filter]]
[Test worker] WARN net.thucydides.core.steps.BaseStepListener - stepFinished: current outcome:Enter data to filter:Example: {username=demo, password=demo, seourl=SEO URL, query=product_id=47, keyword=hp-lp3065, store=Default, language=English, seourllist=SEO URL List} [Given Tania wants to filter data in the SEO URL list [Tania ruiz sanchez open up [Tania Ruiz Sanchez opens the Cart open page]], When She enter the data in the filter field
| username | password | seourl | query | keyword | store | language |
| demo | demo | SEO URL | product_id=47 | hp-lp3065 | Default | English | [Tania ruiz sanchez filter [Tania Ruiz Sanchez enters 'demo' into enter username, Tania Ruiz Sanchez enters 'demo' into enter password, Tania Ruiz Sanchez clicks on Click on the login button, Tania Ruiz Sanchez clicks on Click on Desing, Tania Ruiz Sanchez clicks on Select SEO URL, Tania Ruiz Sanchez enters 'product_id=47' into Write the query, Tania Ruiz Sanchez enters 'hp-lp3065' into Write the keyword, Tania Ruiz Sanchez clicks on Select Store, Tania Ruiz Sanchez clicks on Select Languaje, Tania Ruiz Sanchez clicks on Click boton Filter]], Then She visualizes the information in SEO URL List
| seourllist |
| SEO URL List | [Then answer filter]]
[Test worker] WARN net.thucydides.core.steps.BaseStepListener - testFinished: Enter data to filter:Example: {username=demo, password=demo, seourl=SEO URL, query=product_id=47, keyword=hp-lp3065, store=Default, language=English, seourllist=SEO URL List} [Given Tania wants to filter data in the SEO URL list [Tania ruiz sanchez open up [Tania Ruiz Sanchez opens the Cart open page]], When She enter the data in the filter field
| username | password | seourl | query | keyword | store | language |
| demo | demo | SEO URL | product_id=47 | hp-lp3065 | Default | English | [Tania ruiz sanchez filter [Tania Ruiz Sanchez enters 'demo' into enter username, Tania Ruiz Sanchez enters 'demo' into enter password, Tania Ruiz Sanchez clicks on Click on the login button, Tania Ruiz Sanchez clicks on Click on Desing, Tania Ruiz Sanchez clicks on Select SEO URL, Tania Ruiz Sanchez enters 'product_id=47' into Write the query, Tania Ruiz Sanchez enters 'hp-lp3065' into Write the keyword, Tania Ruiz Sanchez clicks on Select Store, Tania Ruiz Sanchez clicks on Select Languaje, Tania Ruiz Sanchez clicks on Click boton Filter]], Then She visualizes the information in SEO URL List
| seourllist |
| SEO URL List | [Then answer filter]]
[Test worker] WARN net.thucydides.core.steps.BaseStepListener - TestOutcomes: [Enter data to filter:Example: {username=demo, password=demo, seourl=SEO URL, query=product_id=47, keyword=hp-lp3065, store=Default, language=English, seourllist=SEO URL List} [Given Tania wants to filter data in the SEO URL list [Tania ruiz sanchez open up [Tania Ruiz Sanchez opens the Cart open page]], When She enter the data in the filter field
| username | password | seourl | query | keyword | store | language |
| demo | demo | SEO URL | product_id=47 | hp-lp3065 | Default | English | [Tania ruiz sanchez filter [Tania Ruiz Sanchez enters 'demo' into enter username, Tania Ruiz Sanchez enters 'demo' into enter password, Tania Ruiz Sanchez clicks on Click on the login button, Tania Ruiz Sanchez clicks on Click on Desing, Tania Ruiz Sanchez clicks on Select SEO URL, Tania Ruiz Sanchez enters 'product_id=47' into Write the query, Tania Ruiz Sanchez enters 'hp-lp3065' into Write the keyword, Tania Ruiz Sanchez clicks on Select Store, Tania Ruiz Sanchez clicks on Select Languaje, Tania Ruiz Sanchez clicks on Click boton Filter]], Then She visualizes the information in SEO URL List
| seourllist |
| SEO URL List | [Then answer filter]]]
[Test worker] WARN net.thucydides.core.steps.BaseStepListener - Final testOutcomes: [Enter data to filter:Example: {username=demo, password=demo, seourl=SEO URL, query=product_id=47, keyword=hp-lp3065, store=Default, language=English, seourllist=SEO URL List} [Given Tania wants to filter data in the SEO URL list [Tania ruiz sanchez open up [Tania Ruiz Sanchez opens the Cart open page]], When She enter the data in the filter field
| username | password | seourl | query | keyword | store | language |
| demo | demo | SEO URL | product_id=47 | hp-lp3065 | Default | English | [Tania ruiz sanchez filter [Tania Ruiz Sanchez enters 'demo' into enter username, Tania Ruiz Sanchez enters 'demo' into enter password, Tania Ruiz Sanchez clicks on Click on the login button, Tania Ruiz Sanchez clicks on Click on Desing, Tania Ruiz Sanchez clicks on Select SEO URL, Tania Ruiz Sanchez enters 'product_id=47' into Write the query, Tania Ruiz Sanchez enters 'hp-lp3065' into Write the keyword, Tania Ruiz Sanchez clicks on Select Store, Tania Ruiz Sanchez clicks on Select Languaje, Tania Ruiz Sanchez clicks on Click boton Filter]], Then She visualizes the information in SEO URL List
| seourllist |
| SEO URL List | [Then answer filter]]]
[Test worker] INFO net.thucydides.core.steps.ConsoleLoggingListener - 
        __    _____ _____ ____ _____   ____   _    ____  ____  _____ ____  
  _     \ \  |_   _| ____/ ___|_   _| |  _ \ / \  / ___|/ ___|| ____|  _ \ 
 (_)_____| |   | | |  _| \___ \ | |   | |_) / _ \ \___ \\___ \|  _| | | | |
  _|_____| |   | | | |___ ___) || |   |  __/ ___ \ ___) |___) | |___| |_| |
 (_)     | |   |_| |_____|____/ |_|   |_| /_/   \_\____/|____/|_____|____/ 
        /_/                                                                

TEST PASSED: Enter data to filter
----------------------------------------------------------------------------
]]></system-err>
</testsuite>
