<?xml version="1.0" encoding="UTF-8"?>
<testsuite name="openCart" tests="1" skipped="0" failures="0" errors="0" timestamp="2022-05-06T14:39:01" hostname="DESKTOP-4PA18HQ" time="18.236">
  <properties/>
  <testcase name="Edit information leaving mandatory fields empty" classname="openCart" time="18.236"/>
  <system-out><![CDATA[]]></system-out>
  <system-err><![CDATA[[Test worker] WARN net.thucydides.core.steps.BaseStepListener - stepStarted: net.thucydides.core.steps.ExecutedStepDescription@1d6eea82
[Test worker] WARN net.thucydides.core.steps.BaseStepListener - stepStarted: net.thucydides.core.steps.ExecutedStepDescription@a9ba3d4
[Test worker] WARN net.thucydides.core.steps.BaseStepListener - stepStarted: net.thucydides.core.steps.ExecutedStepDescription@5d055fad
may 06, 2022 9:39:02 AM org.openqa.selenium.remote.DesiredCapabilities chrome
INFORMACIÓN: Using `new ChromeOptions()` is preferred to `DesiredCapabilities.chrome()`
[Test worker] INFO net.serenitybdd.core.webdriver.driverproviders.ProvideNewDriver - Instantiating driver
[Test worker] INFO net.serenitybdd.core.webdriver.driverproviders.ProvideNewDriver - Driver capabilities: Capabilities {acceptInsecureCerts: false, browserName: chrome, chrome.switches: --start-maximized, goog:chromeOptions: {args: [--start-maximized], extensions: []}, loggingPrefs: org.openqa.selenium.logging..., platform: ANY, version: }
Starting ChromeDriver 101.0.4951.41 (93c720db8323b3ec10d056025ab95c23a31997c9-refs/branch-heads/4951@{#904}) on port 23715
Only local connections are allowed.
Please see https://chromedriver.chromium.org/security-considerations for suggestions on keeping ChromeDriver safe.
ChromeDriver was started successfully.
may 06, 2022 9:39:05 AM org.openqa.selenium.remote.ProtocolHandshake createSession
INFORMACIÓN: Detected dialect: W3C
[Test worker] WARN net.thucydides.core.steps.BaseStepListener - stepFinished: current outcome:Edit information leaving mandatory fields empty:Example: {username=demo, password=demo, seourl=SEO URL, queryedit=category_id=18, keywordedit=, characters=Keyword must be between 3 and 64 characters!} [Given Tania wants to filter data in the SEO URL list [Tania ruiz sanchez open up [Tania Ruiz Sanchez opens the Cart open page]]]
[Test worker] WARN net.thucydides.core.steps.BaseStepListener - stepFinished: current outcome:Edit information leaving mandatory fields empty:Example: {username=demo, password=demo, seourl=SEO URL, queryedit=category_id=18, keywordedit=, characters=Keyword must be between 3 and 64 characters!} [Given Tania wants to filter data in the SEO URL list [Tania ruiz sanchez open up [Tania Ruiz Sanchez opens the Cart open page]]]
[Test worker] WARN net.thucydides.core.steps.BaseStepListener - stepFinished: current outcome:Edit information leaving mandatory fields empty:Example: {username=demo, password=demo, seourl=SEO URL, queryedit=category_id=18, keywordedit=, characters=Keyword must be between 3 and 64 characters!} [Given Tania wants to filter data in the SEO URL list [Tania ruiz sanchez open up [Tania Ruiz Sanchez opens the Cart open page]]]
[Test worker] WARN net.thucydides.core.steps.BaseStepListener - stepStarted: net.thucydides.core.steps.ExecutedStepDescription@74abfba1
[Test worker] WARN net.thucydides.core.steps.BaseStepListener - stepStarted: net.thucydides.core.steps.ExecutedStepDescription@2f6272e3
[Test worker] WARN net.thucydides.core.steps.BaseStepListener - stepStarted: net.thucydides.core.steps.ExecutedStepDescription@147f7cc1
[Test worker] WARN net.thucydides.core.steps.BaseStepListener - stepFinished: current outcome:Edit information leaving mandatory fields empty:Example: {username=demo, password=demo, seourl=SEO URL, queryedit=category_id=18, keywordedit=, characters=Keyword must be between 3 and 64 characters!} [Given Tania wants to filter data in the SEO URL list [Tania ruiz sanchez open up [Tania Ruiz Sanchez opens the Cart open page]], When She enters the data she wants to edit leaving a mandatory field empty
| username | password | seourl | queryedit | keywordedit |
| demo | demo | SEO URL | category_id=18 |  | [Tania ruiz sanchez edit empty field [Tania Ruiz Sanchez enters 'demo' into enter username]]]
[Test worker] WARN net.thucydides.core.steps.BaseStepListener - stepStarted: net.thucydides.core.steps.ExecutedStepDescription@4052b38d
[Test worker] WARN net.thucydides.core.steps.BaseStepListener - stepFinished: current outcome:Edit information leaving mandatory fields empty:Example: {username=demo, password=demo, seourl=SEO URL, queryedit=category_id=18, keywordedit=, characters=Keyword must be between 3 and 64 characters!} [Given Tania wants to filter data in the SEO URL list [Tania ruiz sanchez open up [Tania Ruiz Sanchez opens the Cart open page]], When She enters the data she wants to edit leaving a mandatory field empty
| username | password | seourl | queryedit | keywordedit |
| demo | demo | SEO URL | category_id=18 |  | [Tania ruiz sanchez edit empty field [Tania Ruiz Sanchez enters 'demo' into enter username, Tania Ruiz Sanchez enters 'demo' into enter password]]]
[Test worker] WARN net.thucydides.core.steps.BaseStepListener - stepStarted: net.thucydides.core.steps.ExecutedStepDescription@656cf385
[Test worker] WARN net.thucydides.core.steps.BaseStepListener - stepFinished: current outcome:Edit information leaving mandatory fields empty:Example: {username=demo, password=demo, seourl=SEO URL, queryedit=category_id=18, keywordedit=, characters=Keyword must be between 3 and 64 characters!} [Given Tania wants to filter data in the SEO URL list [Tania ruiz sanchez open up [Tania Ruiz Sanchez opens the Cart open page]], When She enters the data she wants to edit leaving a mandatory field empty
| username | password | seourl | queryedit | keywordedit |
| demo | demo | SEO URL | category_id=18 |  | [Tania ruiz sanchez edit empty field [Tania Ruiz Sanchez enters 'demo' into enter username, Tania Ruiz Sanchez enters 'demo' into enter password, Tania Ruiz Sanchez clicks on Click on the login button]]]
[Test worker] WARN net.thucydides.core.steps.BaseStepListener - stepStarted: net.thucydides.core.steps.ExecutedStepDescription@2758197d
[Test worker] WARN net.thucydides.core.steps.BaseStepListener - stepFinished: current outcome:Edit information leaving mandatory fields empty:Example: {username=demo, password=demo, seourl=SEO URL, queryedit=category_id=18, keywordedit=, characters=Keyword must be between 3 and 64 characters!} [Given Tania wants to filter data in the SEO URL list [Tania ruiz sanchez open up [Tania Ruiz Sanchez opens the Cart open page]], When She enters the data she wants to edit leaving a mandatory field empty
| username | password | seourl | queryedit | keywordedit |
| demo | demo | SEO URL | category_id=18 |  | [Tania ruiz sanchez edit empty field [Tania Ruiz Sanchez enters 'demo' into enter username, Tania Ruiz Sanchez enters 'demo' into enter password, Tania Ruiz Sanchez clicks on Click on the login button, Tania Ruiz Sanchez clicks on Click on Desing]]]
[Test worker] WARN net.thucydides.core.steps.BaseStepListener - stepStarted: net.thucydides.core.steps.ExecutedStepDescription@27cd9d29
[Test worker] WARN net.thucydides.core.steps.BaseStepListener - stepFinished: current outcome:Edit information leaving mandatory fields empty:Example: {username=demo, password=demo, seourl=SEO URL, queryedit=category_id=18, keywordedit=, characters=Keyword must be between 3 and 64 characters!} [Given Tania wants to filter data in the SEO URL list [Tania ruiz sanchez open up [Tania Ruiz Sanchez opens the Cart open page]], When She enters the data she wants to edit leaving a mandatory field empty
| username | password | seourl | queryedit | keywordedit |
| demo | demo | SEO URL | category_id=18 |  | [Tania ruiz sanchez edit empty field [Tania Ruiz Sanchez enters 'demo' into enter username, Tania Ruiz Sanchez enters 'demo' into enter password, Tania Ruiz Sanchez clicks on Click on the login button, Tania Ruiz Sanchez clicks on Click on Desing, Tania Ruiz Sanchez clicks on Select SEO URL]]]
[Test worker] WARN net.thucydides.core.steps.BaseStepListener - stepStarted: net.thucydides.core.steps.ExecutedStepDescription@419b29f5
[Test worker] WARN net.thucydides.core.steps.BaseStepListener - stepFinished: current outcome:Edit information leaving mandatory fields empty:Example: {username=demo, password=demo, seourl=SEO URL, queryedit=category_id=18, keywordedit=, characters=Keyword must be between 3 and 64 characters!} [Given Tania wants to filter data in the SEO URL list [Tania ruiz sanchez open up [Tania Ruiz Sanchez opens the Cart open page]], When She enters the data she wants to edit leaving a mandatory field empty
| username | password | seourl | queryedit | keywordedit |
| demo | demo | SEO URL | category_id=18 |  | [Tania ruiz sanchez edit empty field [Tania Ruiz Sanchez enters 'demo' into enter username, Tania Ruiz Sanchez enters 'demo' into enter password, Tania Ruiz Sanchez clicks on Click on the login button, Tania Ruiz Sanchez clicks on Click on Desing, Tania Ruiz Sanchez clicks on Select SEO URL, Tania Ruiz Sanchez clicks on Click boton edit]]]
[Test worker] WARN net.thucydides.core.steps.BaseStepListener - stepStarted: net.thucydides.core.steps.ExecutedStepDescription@7b0493de
[Test worker] WARN net.thucydides.core.steps.BaseStepListener - stepFinished: current outcome:Edit information leaving mandatory fields empty:Example: {username=demo, password=demo, seourl=SEO URL, queryedit=category_id=18, keywordedit=, characters=Keyword must be between 3 and 64 characters!} [Given Tania wants to filter data in the SEO URL list [Tania ruiz sanchez open up [Tania Ruiz Sanchez opens the Cart open page]], When She enters the data she wants to edit leaving a mandatory field empty
| username | password | seourl | queryedit | keywordedit |
| demo | demo | SEO URL | category_id=18 |  | [Tania ruiz sanchez edit empty field [Tania Ruiz Sanchez enters 'demo' into enter username, Tania Ruiz Sanchez enters 'demo' into enter password, Tania Ruiz Sanchez clicks on Click on the login button, Tania Ruiz Sanchez clicks on Click on Desing, Tania Ruiz Sanchez clicks on Select SEO URL, Tania Ruiz Sanchez clicks on Click boton edit, Tania Ruiz Sanchez clicks on Click boton edit]]]
[Test worker] WARN net.thucydides.core.steps.BaseStepListener - stepStarted: net.thucydides.core.steps.ExecutedStepDescription@6365837e
[Test worker] WARN net.thucydides.core.steps.BaseStepListener - stepFinished: current outcome:Edit information leaving mandatory fields empty:Example: {username=demo, password=demo, seourl=SEO URL, queryedit=category_id=18, keywordedit=, characters=Keyword must be between 3 and 64 characters!} [Given Tania wants to filter data in the SEO URL list [Tania ruiz sanchez open up [Tania Ruiz Sanchez opens the Cart open page]], When She enters the data she wants to edit leaving a mandatory field empty
| username | password | seourl | queryedit | keywordedit |
| demo | demo | SEO URL | category_id=18 |  | [Tania ruiz sanchez edit empty field [Tania Ruiz Sanchez enters 'demo' into enter username, Tania Ruiz Sanchez enters 'demo' into enter password, Tania Ruiz Sanchez clicks on Click on the login button, Tania Ruiz Sanchez clicks on Click on Desing, Tania Ruiz Sanchez clicks on Select SEO URL, Tania Ruiz Sanchez clicks on Click boton edit, Tania Ruiz Sanchez clicks on Click boton edit, Tania Ruiz Sanchez enters 'category_id=18' into Write the query edit]]]
[Test worker] WARN net.thucydides.core.steps.BaseStepListener - stepStarted: net.thucydides.core.steps.ExecutedStepDescription@1a8c11b4
[Test worker] WARN net.thucydides.core.steps.BaseStepListener - stepFinished: current outcome:Edit information leaving mandatory fields empty:Example: {username=demo, password=demo, seourl=SEO URL, queryedit=category_id=18, keywordedit=, characters=Keyword must be between 3 and 64 characters!} [Given Tania wants to filter data in the SEO URL list [Tania ruiz sanchez open up [Tania Ruiz Sanchez opens the Cart open page]], When She enters the data she wants to edit leaving a mandatory field empty
| username | password | seourl | queryedit | keywordedit |
| demo | demo | SEO URL | category_id=18 |  | [Tania ruiz sanchez edit empty field [Tania Ruiz Sanchez enters 'demo' into enter username, Tania Ruiz Sanchez enters 'demo' into enter password, Tania Ruiz Sanchez clicks on Click on the login button, Tania Ruiz Sanchez clicks on Click on Desing, Tania Ruiz Sanchez clicks on Select SEO URL, Tania Ruiz Sanchez clicks on Click boton edit, Tania Ruiz Sanchez clicks on Click boton edit, Tania Ruiz Sanchez enters 'category_id=18' into Write the query edit, Tania Ruiz Sanchez enters '' into Write the keyword edit]]]
[Test worker] WARN net.thucydides.core.steps.BaseStepListener - stepStarted: net.thucydides.core.steps.ExecutedStepDescription@2cebed1a
[Test worker] WARN net.thucydides.core.steps.BaseStepListener - stepFinished: current outcome:Edit information leaving mandatory fields empty:Example: {username=demo, password=demo, seourl=SEO URL, queryedit=category_id=18, keywordedit=, characters=Keyword must be between 3 and 64 characters!} [Given Tania wants to filter data in the SEO URL list [Tania ruiz sanchez open up [Tania Ruiz Sanchez opens the Cart open page]], When She enters the data she wants to edit leaving a mandatory field empty
| username | password | seourl | queryedit | keywordedit |
| demo | demo | SEO URL | category_id=18 |  | [Tania ruiz sanchez edit empty field [Tania Ruiz Sanchez enters 'demo' into enter username, Tania Ruiz Sanchez enters 'demo' into enter password, Tania Ruiz Sanchez clicks on Click on the login button, Tania Ruiz Sanchez clicks on Click on Desing, Tania Ruiz Sanchez clicks on Select SEO URL, Tania Ruiz Sanchez clicks on Click boton edit, Tania Ruiz Sanchez clicks on Click boton edit, Tania Ruiz Sanchez enters 'category_id=18' into Write the query edit, Tania Ruiz Sanchez enters '' into Write the keyword edit, Tania Ruiz Sanchez clicks on Select the Store edit]]]
[Test worker] WARN net.thucydides.core.steps.BaseStepListener - stepStarted: net.thucydides.core.steps.ExecutedStepDescription@413e8e1b
[Test worker] WARN net.thucydides.core.steps.BaseStepListener - stepFinished: current outcome:Edit information leaving mandatory fields empty:Example: {username=demo, password=demo, seourl=SEO URL, queryedit=category_id=18, keywordedit=, characters=Keyword must be between 3 and 64 characters!} [Given Tania wants to filter data in the SEO URL list [Tania ruiz sanchez open up [Tania Ruiz Sanchez opens the Cart open page]], When She enters the data she wants to edit leaving a mandatory field empty
| username | password | seourl | queryedit | keywordedit |
| demo | demo | SEO URL | category_id=18 |  | [Tania ruiz sanchez edit empty field [Tania Ruiz Sanchez enters 'demo' into enter username, Tania Ruiz Sanchez enters 'demo' into enter password, Tania Ruiz Sanchez clicks on Click on the login button, Tania Ruiz Sanchez clicks on Click on Desing, Tania Ruiz Sanchez clicks on Select SEO URL, Tania Ruiz Sanchez clicks on Click boton edit, Tania Ruiz Sanchez clicks on Click boton edit, Tania Ruiz Sanchez enters 'category_id=18' into Write the query edit, Tania Ruiz Sanchez enters '' into Write the keyword edit, Tania Ruiz Sanchez clicks on Select the Store edit, Tania Ruiz Sanchez types 'ARROW_DOWN' in Select the Store edit]]]
[Test worker] WARN net.thucydides.core.steps.BaseStepListener - stepStarted: net.thucydides.core.steps.ExecutedStepDescription@57ca18d
[Test worker] WARN net.thucydides.core.steps.BaseStepListener - stepFinished: current outcome:Edit information leaving mandatory fields empty:Example: {username=demo, password=demo, seourl=SEO URL, queryedit=category_id=18, keywordedit=, characters=Keyword must be between 3 and 64 characters!} [Given Tania wants to filter data in the SEO URL list [Tania ruiz sanchez open up [Tania Ruiz Sanchez opens the Cart open page]], When She enters the data she wants to edit leaving a mandatory field empty
| username | password | seourl | queryedit | keywordedit |
| demo | demo | SEO URL | category_id=18 |  | [Tania ruiz sanchez edit empty field [Tania Ruiz Sanchez enters 'demo' into enter username, Tania Ruiz Sanchez enters 'demo' into enter password, Tania Ruiz Sanchez clicks on Click on the login button, Tania Ruiz Sanchez clicks on Click on Desing, Tania Ruiz Sanchez clicks on Select SEO URL, Tania Ruiz Sanchez clicks on Click boton edit, Tania Ruiz Sanchez clicks on Click boton edit, Tania Ruiz Sanchez enters 'category_id=18' into Write the query edit, Tania Ruiz Sanchez enters '' into Write the keyword edit, Tania Ruiz Sanchez clicks on Select the Store edit, Tania Ruiz Sanchez types 'ARROW_DOWN' in Select the Store edit, Tania Ruiz Sanchez types 'ENTER' in Select the Store edit]]]
[Test worker] WARN net.thucydides.core.steps.BaseStepListener - stepStarted: net.thucydides.core.steps.ExecutedStepDescription@6cf5b58e
[Test worker] WARN net.thucydides.core.steps.BaseStepListener - stepFinished: current outcome:Edit information leaving mandatory fields empty:Example: {username=demo, password=demo, seourl=SEO URL, queryedit=category_id=18, keywordedit=, characters=Keyword must be between 3 and 64 characters!} [Given Tania wants to filter data in the SEO URL list [Tania ruiz sanchez open up [Tania Ruiz Sanchez opens the Cart open page]], When She enters the data she wants to edit leaving a mandatory field empty
| username | password | seourl | queryedit | keywordedit |
| demo | demo | SEO URL | category_id=18 |  | [Tania ruiz sanchez edit empty field [Tania Ruiz Sanchez enters 'demo' into enter username, Tania Ruiz Sanchez enters 'demo' into enter password, Tania Ruiz Sanchez clicks on Click on the login button, Tania Ruiz Sanchez clicks on Click on Desing, Tania Ruiz Sanchez clicks on Select SEO URL, Tania Ruiz Sanchez clicks on Click boton edit, Tania Ruiz Sanchez clicks on Click boton edit, Tania Ruiz Sanchez enters 'category_id=18' into Write the query edit, Tania Ruiz Sanchez enters '' into Write the keyword edit, Tania Ruiz Sanchez clicks on Select the Store edit, Tania Ruiz Sanchez types 'ARROW_DOWN' in Select the Store edit, Tania Ruiz Sanchez types 'ENTER' in Select the Store edit, Tania Ruiz Sanchez clicks on Select the Languaje edit]]]
[Test worker] WARN net.thucydides.core.steps.BaseStepListener - stepStarted: net.thucydides.core.steps.ExecutedStepDescription@74a347c2
[Test worker] WARN net.thucydides.core.steps.BaseStepListener - stepFinished: current outcome:Edit information leaving mandatory fields empty:Example: {username=demo, password=demo, seourl=SEO URL, queryedit=category_id=18, keywordedit=, characters=Keyword must be between 3 and 64 characters!} [Given Tania wants to filter data in the SEO URL list [Tania ruiz sanchez open up [Tania Ruiz Sanchez opens the Cart open page]], When She enters the data she wants to edit leaving a mandatory field empty
| username | password | seourl | queryedit | keywordedit |
| demo | demo | SEO URL | category_id=18 |  | [Tania ruiz sanchez edit empty field [Tania Ruiz Sanchez enters 'demo' into enter username, Tania Ruiz Sanchez enters 'demo' into enter password, Tania Ruiz Sanchez clicks on Click on the login button, Tania Ruiz Sanchez clicks on Click on Desing, Tania Ruiz Sanchez clicks on Select SEO URL, Tania Ruiz Sanchez clicks on Click boton edit, Tania Ruiz Sanchez clicks on Click boton edit, Tania Ruiz Sanchez enters 'category_id=18' into Write the query edit, Tania Ruiz Sanchez enters '' into Write the keyword edit, Tania Ruiz Sanchez clicks on Select the Store edit, Tania Ruiz Sanchez types 'ARROW_DOWN' in Select the Store edit, Tania Ruiz Sanchez types 'ENTER' in Select the Store edit, Tania Ruiz Sanchez clicks on Select the Languaje edit, Tania Ruiz Sanchez types 'ARROW_DOWN' in Select the Languaje edit]]]
[Test worker] WARN net.thucydides.core.steps.BaseStepListener - stepStarted: net.thucydides.core.steps.ExecutedStepDescription@26f9a991
[Test worker] WARN net.thucydides.core.steps.BaseStepListener - stepFinished: current outcome:Edit information leaving mandatory fields empty:Example: {username=demo, password=demo, seourl=SEO URL, queryedit=category_id=18, keywordedit=, characters=Keyword must be between 3 and 64 characters!} [Given Tania wants to filter data in the SEO URL list [Tania ruiz sanchez open up [Tania Ruiz Sanchez opens the Cart open page]], When She enters the data she wants to edit leaving a mandatory field empty
| username | password | seourl | queryedit | keywordedit |
| demo | demo | SEO URL | category_id=18 |  | [Tania ruiz sanchez edit empty field [Tania Ruiz Sanchez enters 'demo' into enter username, Tania Ruiz Sanchez enters 'demo' into enter password, Tania Ruiz Sanchez clicks on Click on the login button, Tania Ruiz Sanchez clicks on Click on Desing, Tania Ruiz Sanchez clicks on Select SEO URL, Tania Ruiz Sanchez clicks on Click boton edit, Tania Ruiz Sanchez clicks on Click boton edit, Tania Ruiz Sanchez enters 'category_id=18' into Write the query edit, Tania Ruiz Sanchez enters '' into Write the keyword edit, Tania Ruiz Sanchez clicks on Select the Store edit, Tania Ruiz Sanchez types 'ARROW_DOWN' in Select the Store edit, Tania Ruiz Sanchez types 'ENTER' in Select the Store edit, Tania Ruiz Sanchez clicks on Select the Languaje edit, Tania Ruiz Sanchez types 'ARROW_DOWN' in Select the Languaje edit, Tania Ruiz Sanchez types 'ENTER' in Select the Languaje edit]]]
[Test worker] WARN net.thucydides.core.steps.BaseStepListener - stepStarted: net.thucydides.core.steps.ExecutedStepDescription@32d8da2
[Test worker] WARN net.thucydides.core.steps.BaseStepListener - stepFinished: current outcome:Edit information leaving mandatory fields empty:Example: {username=demo, password=demo, seourl=SEO URL, queryedit=category_id=18, keywordedit=, characters=Keyword must be between 3 and 64 characters!} [Given Tania wants to filter data in the SEO URL list [Tania ruiz sanchez open up [Tania Ruiz Sanchez opens the Cart open page]], When She enters the data she wants to edit leaving a mandatory field empty
| username | password | seourl | queryedit | keywordedit |
| demo | demo | SEO URL | category_id=18 |  | [Tania ruiz sanchez edit empty field [Tania Ruiz Sanchez enters 'demo' into enter username, Tania Ruiz Sanchez enters 'demo' into enter password, Tania Ruiz Sanchez clicks on Click on the login button, Tania Ruiz Sanchez clicks on Click on Desing, Tania Ruiz Sanchez clicks on Select SEO URL, Tania Ruiz Sanchez clicks on Click boton edit, Tania Ruiz Sanchez clicks on Click boton edit, Tania Ruiz Sanchez enters 'category_id=18' into Write the query edit, Tania Ruiz Sanchez enters '' into Write the keyword edit, Tania Ruiz Sanchez clicks on Select the Store edit, Tania Ruiz Sanchez types 'ARROW_DOWN' in Select the Store edit, Tania Ruiz Sanchez types 'ENTER' in Select the Store edit, Tania Ruiz Sanchez clicks on Select the Languaje edit, Tania Ruiz Sanchez types 'ARROW_DOWN' in Select the Languaje edit, Tania Ruiz Sanchez types 'ENTER' in Select the Languaje edit, Tania Ruiz Sanchez clicks on Click boton Save]]]
[Test worker] WARN net.thucydides.core.steps.BaseStepListener - stepFinished: current outcome:Edit information leaving mandatory fields empty:Example: {username=demo, password=demo, seourl=SEO URL, queryedit=category_id=18, keywordedit=, characters=Keyword must be between 3 and 64 characters!} [Given Tania wants to filter data in the SEO URL list [Tania ruiz sanchez open up [Tania Ruiz Sanchez opens the Cart open page]], When She enters the data she wants to edit leaving a mandatory field empty
| username | password | seourl | queryedit | keywordedit |
| demo | demo | SEO URL | category_id=18 |  | [Tania ruiz sanchez edit empty field [Tania Ruiz Sanchez enters 'demo' into enter username, Tania Ruiz Sanchez enters 'demo' into enter password, Tania Ruiz Sanchez clicks on Click on the login button, Tania Ruiz Sanchez clicks on Click on Desing, Tania Ruiz Sanchez clicks on Select SEO URL, Tania Ruiz Sanchez clicks on Click boton edit, Tania Ruiz Sanchez clicks on Click boton edit, Tania Ruiz Sanchez enters 'category_id=18' into Write the query edit, Tania Ruiz Sanchez enters '' into Write the keyword edit, Tania Ruiz Sanchez clicks on Select the Store edit, Tania Ruiz Sanchez types 'ARROW_DOWN' in Select the Store edit, Tania Ruiz Sanchez types 'ENTER' in Select the Store edit, Tania Ruiz Sanchez clicks on Select the Languaje edit, Tania Ruiz Sanchez types 'ARROW_DOWN' in Select the Languaje edit, Tania Ruiz Sanchez types 'ENTER' in Select the Languaje edit, Tania Ruiz Sanchez clicks on Click boton Save]]]
[Test worker] WARN net.thucydides.core.steps.BaseStepListener - stepFinished: current outcome:Edit information leaving mandatory fields empty:Example: {username=demo, password=demo, seourl=SEO URL, queryedit=category_id=18, keywordedit=, characters=Keyword must be between 3 and 64 characters!} [Given Tania wants to filter data in the SEO URL list [Tania ruiz sanchez open up [Tania Ruiz Sanchez opens the Cart open page]], When She enters the data she wants to edit leaving a mandatory field empty
| username | password | seourl | queryedit | keywordedit |
| demo | demo | SEO URL | category_id=18 |  | [Tania ruiz sanchez edit empty field [Tania Ruiz Sanchez enters 'demo' into enter username, Tania Ruiz Sanchez enters 'demo' into enter password, Tania Ruiz Sanchez clicks on Click on the login button, Tania Ruiz Sanchez clicks on Click on Desing, Tania Ruiz Sanchez clicks on Select SEO URL, Tania Ruiz Sanchez clicks on Click boton edit, Tania Ruiz Sanchez clicks on Click boton edit, Tania Ruiz Sanchez enters 'category_id=18' into Write the query edit, Tania Ruiz Sanchez enters '' into Write the keyword edit, Tania Ruiz Sanchez clicks on Select the Store edit, Tania Ruiz Sanchez types 'ARROW_DOWN' in Select the Store edit, Tania Ruiz Sanchez types 'ENTER' in Select the Store edit, Tania Ruiz Sanchez clicks on Select the Languaje edit, Tania Ruiz Sanchez types 'ARROW_DOWN' in Select the Languaje edit, Tania Ruiz Sanchez types 'ENTER' in Select the Languaje edit, Tania Ruiz Sanchez clicks on Click boton Save]]]
[Test worker] WARN net.thucydides.core.steps.BaseStepListener - stepStarted: net.thucydides.core.steps.ExecutedStepDescription@23b884db
[Test worker] WARN net.thucydides.core.steps.BaseStepListener - stepStarted: net.thucydides.core.steps.ExecutedStepDescription@c274fe1
[Test worker] WARN net.thucydides.core.steps.BaseStepListener - stepFinished: current outcome:Edit information leaving mandatory fields empty:Example: {username=demo, password=demo, seourl=SEO URL, queryedit=category_id=18, keywordedit=, characters=Keyword must be between 3 and 64 characters!} [Given Tania wants to filter data in the SEO URL list [Tania ruiz sanchez open up [Tania Ruiz Sanchez opens the Cart open page]], When She enters the data she wants to edit leaving a mandatory field empty
| username | password | seourl | queryedit | keywordedit |
| demo | demo | SEO URL | category_id=18 |  | [Tania ruiz sanchez edit empty field [Tania Ruiz Sanchez enters 'demo' into enter username, Tania Ruiz Sanchez enters 'demo' into enter password, Tania Ruiz Sanchez clicks on Click on the login button, Tania Ruiz Sanchez clicks on Click on Desing, Tania Ruiz Sanchez clicks on Select SEO URL, Tania Ruiz Sanchez clicks on Click boton edit, Tania Ruiz Sanchez clicks on Click boton edit, Tania Ruiz Sanchez enters 'category_id=18' into Write the query edit, Tania Ruiz Sanchez enters '' into Write the keyword edit, Tania Ruiz Sanchez clicks on Select the Store edit, Tania Ruiz Sanchez types 'ARROW_DOWN' in Select the Store edit, Tania Ruiz Sanchez types 'ENTER' in Select the Store edit, Tania Ruiz Sanchez clicks on Select the Languaje edit, Tania Ruiz Sanchez types 'ARROW_DOWN' in Select the Languaje edit, Tania Ruiz Sanchez types 'ENTER' in Select the Languaje edit, Tania Ruiz Sanchez clicks on Click boton Save]], Then displays an alert message about the characters
| characters |
| Keyword must be between 3 and 64 characters! | [Then answer empty field]]
[Test worker] WARN net.thucydides.core.steps.BaseStepListener - stepFinished: current outcome:Edit information leaving mandatory fields empty:Example: {username=demo, password=demo, seourl=SEO URL, queryedit=category_id=18, keywordedit=, characters=Keyword must be between 3 and 64 characters!} [Given Tania wants to filter data in the SEO URL list [Tania ruiz sanchez open up [Tania Ruiz Sanchez opens the Cart open page]], When She enters the data she wants to edit leaving a mandatory field empty
| username | password | seourl | queryedit | keywordedit |
| demo | demo | SEO URL | category_id=18 |  | [Tania ruiz sanchez edit empty field [Tania Ruiz Sanchez enters 'demo' into enter username, Tania Ruiz Sanchez enters 'demo' into enter password, Tania Ruiz Sanchez clicks on Click on the login button, Tania Ruiz Sanchez clicks on Click on Desing, Tania Ruiz Sanchez clicks on Select SEO URL, Tania Ruiz Sanchez clicks on Click boton edit, Tania Ruiz Sanchez clicks on Click boton edit, Tania Ruiz Sanchez enters 'category_id=18' into Write the query edit, Tania Ruiz Sanchez enters '' into Write the keyword edit, Tania Ruiz Sanchez clicks on Select the Store edit, Tania Ruiz Sanchez types 'ARROW_DOWN' in Select the Store edit, Tania Ruiz Sanchez types 'ENTER' in Select the Store edit, Tania Ruiz Sanchez clicks on Select the Languaje edit, Tania Ruiz Sanchez types 'ARROW_DOWN' in Select the Languaje edit, Tania Ruiz Sanchez types 'ENTER' in Select the Languaje edit, Tania Ruiz Sanchez clicks on Click boton Save]], Then displays an alert message about the characters
| characters |
| Keyword must be between 3 and 64 characters! | [Then answer empty field]]
[Test worker] WARN net.thucydides.core.steps.BaseStepListener - stepFinished: current outcome:Edit information leaving mandatory fields empty:Example: {username=demo, password=demo, seourl=SEO URL, queryedit=category_id=18, keywordedit=, characters=Keyword must be between 3 and 64 characters!} [Given Tania wants to filter data in the SEO URL list [Tania ruiz sanchez open up [Tania Ruiz Sanchez opens the Cart open page]], When She enters the data she wants to edit leaving a mandatory field empty
| username | password | seourl | queryedit | keywordedit |
| demo | demo | SEO URL | category_id=18 |  | [Tania ruiz sanchez edit empty field [Tania Ruiz Sanchez enters 'demo' into enter username, Tania Ruiz Sanchez enters 'demo' into enter password, Tania Ruiz Sanchez clicks on Click on the login button, Tania Ruiz Sanchez clicks on Click on Desing, Tania Ruiz Sanchez clicks on Select SEO URL, Tania Ruiz Sanchez clicks on Click boton edit, Tania Ruiz Sanchez clicks on Click boton edit, Tania Ruiz Sanchez enters 'category_id=18' into Write the query edit, Tania Ruiz Sanchez enters '' into Write the keyword edit, Tania Ruiz Sanchez clicks on Select the Store edit, Tania Ruiz Sanchez types 'ARROW_DOWN' in Select the Store edit, Tania Ruiz Sanchez types 'ENTER' in Select the Store edit, Tania Ruiz Sanchez clicks on Select the Languaje edit, Tania Ruiz Sanchez types 'ARROW_DOWN' in Select the Languaje edit, Tania Ruiz Sanchez types 'ENTER' in Select the Languaje edit, Tania Ruiz Sanchez clicks on Click boton Save]], Then displays an alert message about the characters
| characters |
| Keyword must be between 3 and 64 characters! | [Then answer empty field]]
[Test worker] WARN net.thucydides.core.steps.BaseStepListener - testFinished: Edit information leaving mandatory fields empty:Example: {username=demo, password=demo, seourl=SEO URL, queryedit=category_id=18, keywordedit=, characters=Keyword must be between 3 and 64 characters!} [Given Tania wants to filter data in the SEO URL list [Tania ruiz sanchez open up [Tania Ruiz Sanchez opens the Cart open page]], When She enters the data she wants to edit leaving a mandatory field empty
| username | password | seourl | queryedit | keywordedit |
| demo | demo | SEO URL | category_id=18 |  | [Tania ruiz sanchez edit empty field [Tania Ruiz Sanchez enters 'demo' into enter username, Tania Ruiz Sanchez enters 'demo' into enter password, Tania Ruiz Sanchez clicks on Click on the login button, Tania Ruiz Sanchez clicks on Click on Desing, Tania Ruiz Sanchez clicks on Select SEO URL, Tania Ruiz Sanchez clicks on Click boton edit, Tania Ruiz Sanchez clicks on Click boton edit, Tania Ruiz Sanchez enters 'category_id=18' into Write the query edit, Tania Ruiz Sanchez enters '' into Write the keyword edit, Tania Ruiz Sanchez clicks on Select the Store edit, Tania Ruiz Sanchez types 'ARROW_DOWN' in Select the Store edit, Tania Ruiz Sanchez types 'ENTER' in Select the Store edit, Tania Ruiz Sanchez clicks on Select the Languaje edit, Tania Ruiz Sanchez types 'ARROW_DOWN' in Select the Languaje edit, Tania Ruiz Sanchez types 'ENTER' in Select the Languaje edit, Tania Ruiz Sanchez clicks on Click boton Save]], Then displays an alert message about the characters
| characters |
| Keyword must be between 3 and 64 characters! | [Then answer empty field]]
[Test worker] WARN net.thucydides.core.steps.BaseStepListener - TestOutcomes: [Edit information leaving mandatory fields empty:Example: {username=demo, password=demo, seourl=SEO URL, queryedit=category_id=18, keywordedit=, characters=Keyword must be between 3 and 64 characters!} [Given Tania wants to filter data in the SEO URL list [Tania ruiz sanchez open up [Tania Ruiz Sanchez opens the Cart open page]], When She enters the data she wants to edit leaving a mandatory field empty
| username | password | seourl | queryedit | keywordedit |
| demo | demo | SEO URL | category_id=18 |  | [Tania ruiz sanchez edit empty field [Tania Ruiz Sanchez enters 'demo' into enter username, Tania Ruiz Sanchez enters 'demo' into enter password, Tania Ruiz Sanchez clicks on Click on the login button, Tania Ruiz Sanchez clicks on Click on Desing, Tania Ruiz Sanchez clicks on Select SEO URL, Tania Ruiz Sanchez clicks on Click boton edit, Tania Ruiz Sanchez clicks on Click boton edit, Tania Ruiz Sanchez enters 'category_id=18' into Write the query edit, Tania Ruiz Sanchez enters '' into Write the keyword edit, Tania Ruiz Sanchez clicks on Select the Store edit, Tania Ruiz Sanchez types 'ARROW_DOWN' in Select the Store edit, Tania Ruiz Sanchez types 'ENTER' in Select the Store edit, Tania Ruiz Sanchez clicks on Select the Languaje edit, Tania Ruiz Sanchez types 'ARROW_DOWN' in Select the Languaje edit, Tania Ruiz Sanchez types 'ENTER' in Select the Languaje edit, Tania Ruiz Sanchez clicks on Click boton Save]], Then displays an alert message about the characters
| characters |
| Keyword must be between 3 and 64 characters! | [Then answer empty field]]]
[Test worker] WARN net.thucydides.core.steps.BaseStepListener - Final testOutcomes: [Edit information leaving mandatory fields empty:Example: {username=demo, password=demo, seourl=SEO URL, queryedit=category_id=18, keywordedit=, characters=Keyword must be between 3 and 64 characters!} [Given Tania wants to filter data in the SEO URL list [Tania ruiz sanchez open up [Tania Ruiz Sanchez opens the Cart open page]], When She enters the data she wants to edit leaving a mandatory field empty
| username | password | seourl | queryedit | keywordedit |
| demo | demo | SEO URL | category_id=18 |  | [Tania ruiz sanchez edit empty field [Tania Ruiz Sanchez enters 'demo' into enter username, Tania Ruiz Sanchez enters 'demo' into enter password, Tania Ruiz Sanchez clicks on Click on the login button, Tania Ruiz Sanchez clicks on Click on Desing, Tania Ruiz Sanchez clicks on Select SEO URL, Tania Ruiz Sanchez clicks on Click boton edit, Tania Ruiz Sanchez clicks on Click boton edit, Tania Ruiz Sanchez enters 'category_id=18' into Write the query edit, Tania Ruiz Sanchez enters '' into Write the keyword edit, Tania Ruiz Sanchez clicks on Select the Store edit, Tania Ruiz Sanchez types 'ARROW_DOWN' in Select the Store edit, Tania Ruiz Sanchez types 'ENTER' in Select the Store edit, Tania Ruiz Sanchez clicks on Select the Languaje edit, Tania Ruiz Sanchez types 'ARROW_DOWN' in Select the Languaje edit, Tania Ruiz Sanchez types 'ENTER' in Select the Languaje edit, Tania Ruiz Sanchez clicks on Click boton Save]], Then displays an alert message about the characters
| characters |
| Keyword must be between 3 and 64 characters! | [Then answer empty field]]]
[Test worker] INFO net.thucydides.core.steps.ConsoleLoggingListener - 
        __    _____ _____ ____ _____   ____   _    ____  ____  _____ ____  
  _     \ \  |_   _| ____/ ___|_   _| |  _ \ / \  / ___|/ ___|| ____|  _ \ 
 (_)_____| |   | | |  _| \___ \ | |   | |_) / _ \ \___ \\___ \|  _| | | | |
  _|_____| |   | | | |___ ___) || |   |  __/ ___ \ ___) |___) | |___| |_| |
 (_)     | |   |_| |_____|____/ |_|   |_| /_/   \_\____/|____/|_____|____/ 
        /_/                                                                

TEST PASSED: Edit information leaving mandatory fields empty
----------------------------------------------------------------------------
]]></system-err>
</testsuite>
