<?xml version="1.0" encoding="UTF-8"?>
<testsuite name="openCart" tests="1" skipped="0" failures="0" errors="0" timestamp="2022-05-04T18:28:16" hostname="DESKTOP-4PA18HQ" time="13.425">
  <properties/>
  <testcase name="Edit information leaving mandatory fields empty" classname="openCart" time="13.425"/>
  <system-out><![CDATA[]]></system-out>
  <system-err><![CDATA[[Test worker] WARN net.thucydides.core.steps.BaseStepListener - stepStarted: net.thucydides.core.steps.ExecutedStepDescription@a0771de
[Test worker] WARN net.thucydides.core.steps.BaseStepListener - stepStarted: net.thucydides.core.steps.ExecutedStepDescription@69fd38b5
[Test worker] WARN net.thucydides.core.steps.BaseStepListener - stepStarted: net.thucydides.core.steps.ExecutedStepDescription@6c1740ea
may 04, 2022 1:28:17 PM org.openqa.selenium.remote.DesiredCapabilities chrome
INFORMACIÓN: Using `new ChromeOptions()` is preferred to `DesiredCapabilities.chrome()`
[Test worker] INFO net.serenitybdd.core.webdriver.driverproviders.ProvideNewDriver - Instantiating driver
[Test worker] INFO net.serenitybdd.core.webdriver.driverproviders.ProvideNewDriver - Driver capabilities: Capabilities {acceptInsecureCerts: false, browserName: chrome, chrome.switches: --start-maximized, goog:chromeOptions: {args: [--start-maximized], extensions: []}, loggingPrefs: org.openqa.selenium.logging..., platform: ANY, version: }
Starting ChromeDriver 99.0.4844.51 (d537ec02474b5afe23684e7963d538896c63ac77-refs/branch-heads/4844@{#875}) on port 4296
Only local connections are allowed.
Please see https://chromedriver.chromium.org/security-considerations for suggestions on keeping ChromeDriver safe.
ChromeDriver was started successfully.
[1651688899.213][WARNING]: This version of ChromeDriver has not been tested with Chrome version 100.
may 04, 2022 1:28:19 PM org.openqa.selenium.remote.ProtocolHandshake createSession
INFORMACIÓN: Detected dialect: W3C
[Test worker] WARN net.thucydides.core.steps.BaseStepListener - stepFinished: current outcome:Edit information leaving mandatory fields empty:Example: {username=demo, password=demo, seourl=SEO URL, queryedit=category_id=18, keywordedit=, characters=characters} [Given Tania wants to edit list data leaving mandatory fields empty [Tania ruiz sanchez open up [Tania Ruiz Sanchez opens the Cart open page]]]
[Test worker] WARN net.thucydides.core.steps.BaseStepListener - stepFinished: current outcome:Edit information leaving mandatory fields empty:Example: {username=demo, password=demo, seourl=SEO URL, queryedit=category_id=18, keywordedit=, characters=characters} [Given Tania wants to edit list data leaving mandatory fields empty [Tania ruiz sanchez open up [Tania Ruiz Sanchez opens the Cart open page]]]
[Test worker] WARN net.thucydides.core.steps.BaseStepListener - stepFinished: current outcome:Edit information leaving mandatory fields empty:Example: {username=demo, password=demo, seourl=SEO URL, queryedit=category_id=18, keywordedit=, characters=characters} [Given Tania wants to edit list data leaving mandatory fields empty [Tania ruiz sanchez open up [Tania Ruiz Sanchez opens the Cart open page]]]
[Test worker] WARN net.thucydides.core.steps.BaseStepListener - stepStarted: net.thucydides.core.steps.ExecutedStepDescription@2afbac4f
[Test worker] WARN net.thucydides.core.steps.BaseStepListener - stepStarted: net.thucydides.core.steps.ExecutedStepDescription@49e823a8
[Test worker] WARN net.thucydides.core.steps.BaseStepListener - stepStarted: net.thucydides.core.steps.ExecutedStepDescription@aa5768a
[Test worker] WARN net.thucydides.core.steps.BaseStepListener - stepFinished: current outcome:Edit information leaving mandatory fields empty:Example: {username=demo, password=demo, seourl=SEO URL, queryedit=category_id=18, keywordedit=, characters=characters} [Given Tania wants to edit list data leaving mandatory fields empty [Tania ruiz sanchez open up [Tania Ruiz Sanchez opens the Cart open page]], When She enters the data she wants to edit leaving a mandatory field empty
| username | password | seourl | queryedit | keywordedit |
| demo | demo | SEO URL | category_id=18 |  | [Tania ruiz sanchez edit empty field [Tania Ruiz Sanchez enters 'demo' into enter username]]]
[Test worker] WARN net.thucydides.core.steps.BaseStepListener - stepStarted: net.thucydides.core.steps.ExecutedStepDescription@8c02bcf
[Test worker] WARN net.thucydides.core.steps.BaseStepListener - stepFinished: current outcome:Edit information leaving mandatory fields empty:Example: {username=demo, password=demo, seourl=SEO URL, queryedit=category_id=18, keywordedit=, characters=characters} [Given Tania wants to edit list data leaving mandatory fields empty [Tania ruiz sanchez open up [Tania Ruiz Sanchez opens the Cart open page]], When She enters the data she wants to edit leaving a mandatory field empty
| username | password | seourl | queryedit | keywordedit |
| demo | demo | SEO URL | category_id=18 |  | [Tania ruiz sanchez edit empty field [Tania Ruiz Sanchez enters 'demo' into enter username, Tania Ruiz Sanchez enters 'demo' into enter password]]]
[Test worker] WARN net.thucydides.core.steps.BaseStepListener - stepStarted: net.thucydides.core.steps.ExecutedStepDescription@4912f643
[Test worker] WARN net.thucydides.core.steps.BaseStepListener - stepFinished: current outcome:Edit information leaving mandatory fields empty:Example: {username=demo, password=demo, seourl=SEO URL, queryedit=category_id=18, keywordedit=, characters=characters} [Given Tania wants to edit list data leaving mandatory fields empty [Tania ruiz sanchez open up [Tania Ruiz Sanchez opens the Cart open page]], When She enters the data she wants to edit leaving a mandatory field empty
| username | password | seourl | queryedit | keywordedit |
| demo | demo | SEO URL | category_id=18 |  | [Tania ruiz sanchez edit empty field [Tania Ruiz Sanchez enters 'demo' into enter username, Tania Ruiz Sanchez enters 'demo' into enter password, Tania Ruiz Sanchez clicks on Click on the login button]]]
[Test worker] WARN net.thucydides.core.steps.BaseStepListener - stepStarted: net.thucydides.core.steps.ExecutedStepDescription@72ca3e9
[Test worker] WARN net.thucydides.core.steps.BaseStepListener - stepFinished: current outcome:Edit information leaving mandatory fields empty:Example: {username=demo, password=demo, seourl=SEO URL, queryedit=category_id=18, keywordedit=, characters=characters} [Given Tania wants to edit list data leaving mandatory fields empty [Tania ruiz sanchez open up [Tania Ruiz Sanchez opens the Cart open page]], When She enters the data she wants to edit leaving a mandatory field empty
| username | password | seourl | queryedit | keywordedit |
| demo | demo | SEO URL | category_id=18 |  | [Tania ruiz sanchez edit empty field [Tania Ruiz Sanchez enters 'demo' into enter username, Tania Ruiz Sanchez enters 'demo' into enter password, Tania Ruiz Sanchez clicks on Click on the login button, Tania Ruiz Sanchez clicks on Click on Desing]]]
[Test worker] WARN net.thucydides.core.steps.BaseStepListener - stepStarted: net.thucydides.core.steps.ExecutedStepDescription@4e6f050c
[Test worker] WARN net.thucydides.core.steps.BaseStepListener - stepFinished: current outcome:Edit information leaving mandatory fields empty:Example: {username=demo, password=demo, seourl=SEO URL, queryedit=category_id=18, keywordedit=, characters=characters} [Given Tania wants to edit list data leaving mandatory fields empty [Tania ruiz sanchez open up [Tania Ruiz Sanchez opens the Cart open page]], When She enters the data she wants to edit leaving a mandatory field empty
| username | password | seourl | queryedit | keywordedit |
| demo | demo | SEO URL | category_id=18 |  | [Tania ruiz sanchez edit empty field [Tania Ruiz Sanchez enters 'demo' into enter username, Tania Ruiz Sanchez enters 'demo' into enter password, Tania Ruiz Sanchez clicks on Click on the login button, Tania Ruiz Sanchez clicks on Click on Desing, Tania Ruiz Sanchez clicks on Select SEO URL]]]
[Test worker] WARN net.thucydides.core.steps.BaseStepListener - stepStarted: net.thucydides.core.steps.ExecutedStepDescription@6e9d107e
[Test worker] WARN net.thucydides.core.steps.BaseStepListener - stepFinished: current outcome:Edit information leaving mandatory fields empty:Example: {username=demo, password=demo, seourl=SEO URL, queryedit=category_id=18, keywordedit=, characters=characters} [Given Tania wants to edit list data leaving mandatory fields empty [Tania ruiz sanchez open up [Tania Ruiz Sanchez opens the Cart open page]], When She enters the data she wants to edit leaving a mandatory field empty
| username | password | seourl | queryedit | keywordedit |
| demo | demo | SEO URL | category_id=18 |  | [Tania ruiz sanchez edit empty field [Tania Ruiz Sanchez enters 'demo' into enter username, Tania Ruiz Sanchez enters 'demo' into enter password, Tania Ruiz Sanchez clicks on Click on the login button, Tania Ruiz Sanchez clicks on Click on Desing, Tania Ruiz Sanchez clicks on Select SEO URL, Tania Ruiz Sanchez clicks on Click boton edit]]]
[Test worker] WARN net.thucydides.core.steps.BaseStepListener - stepStarted: net.thucydides.core.steps.ExecutedStepDescription@4611ba25
[Test worker] WARN net.thucydides.core.steps.BaseStepListener - stepFinished: current outcome:Edit information leaving mandatory fields empty:Example: {username=demo, password=demo, seourl=SEO URL, queryedit=category_id=18, keywordedit=, characters=characters} [Given Tania wants to edit list data leaving mandatory fields empty [Tania ruiz sanchez open up [Tania Ruiz Sanchez opens the Cart open page]], When She enters the data she wants to edit leaving a mandatory field empty
| username | password | seourl | queryedit | keywordedit |
| demo | demo | SEO URL | category_id=18 |  | [Tania ruiz sanchez edit empty field [Tania Ruiz Sanchez enters 'demo' into enter username, Tania Ruiz Sanchez enters 'demo' into enter password, Tania Ruiz Sanchez clicks on Click on the login button, Tania Ruiz Sanchez clicks on Click on Desing, Tania Ruiz Sanchez clicks on Select SEO URL, Tania Ruiz Sanchez clicks on Click boton edit, Tania Ruiz Sanchez clicks on Click boton edit]]]
[Test worker] WARN net.thucydides.core.steps.BaseStepListener - stepStarted: net.thucydides.core.steps.ExecutedStepDescription@3c0cc9ec
[Test worker] WARN net.thucydides.core.steps.BaseStepListener - stepFinished: current outcome:Edit information leaving mandatory fields empty:Example: {username=demo, password=demo, seourl=SEO URL, queryedit=category_id=18, keywordedit=, characters=characters} [Given Tania wants to edit list data leaving mandatory fields empty [Tania ruiz sanchez open up [Tania Ruiz Sanchez opens the Cart open page]], When She enters the data she wants to edit leaving a mandatory field empty
| username | password | seourl | queryedit | keywordedit |
| demo | demo | SEO URL | category_id=18 |  | [Tania ruiz sanchez edit empty field [Tania Ruiz Sanchez enters 'demo' into enter username, Tania Ruiz Sanchez enters 'demo' into enter password, Tania Ruiz Sanchez clicks on Click on the login button, Tania Ruiz Sanchez clicks on Click on Desing, Tania Ruiz Sanchez clicks on Select SEO URL, Tania Ruiz Sanchez clicks on Click boton edit, Tania Ruiz Sanchez clicks on Click boton edit, Tania Ruiz Sanchez enters 'category_id=18' into Write the query edit]]]
[Test worker] WARN net.thucydides.core.steps.BaseStepListener - stepStarted: net.thucydides.core.steps.ExecutedStepDescription@6a8c5130
[Test worker] WARN net.thucydides.core.steps.BaseStepListener - stepFinished: current outcome:Edit information leaving mandatory fields empty:Example: {username=demo, password=demo, seourl=SEO URL, queryedit=category_id=18, keywordedit=, characters=characters} [Given Tania wants to edit list data leaving mandatory fields empty [Tania ruiz sanchez open up [Tania Ruiz Sanchez opens the Cart open page]], When She enters the data she wants to edit leaving a mandatory field empty
| username | password | seourl | queryedit | keywordedit |
| demo | demo | SEO URL | category_id=18 |  | [Tania ruiz sanchez edit empty field [Tania Ruiz Sanchez enters 'demo' into enter username, Tania Ruiz Sanchez enters 'demo' into enter password, Tania Ruiz Sanchez clicks on Click on the login button, Tania Ruiz Sanchez clicks on Click on Desing, Tania Ruiz Sanchez clicks on Select SEO URL, Tania Ruiz Sanchez clicks on Click boton edit, Tania Ruiz Sanchez clicks on Click boton edit, Tania Ruiz Sanchez enters 'category_id=18' into Write the query edit, Tania Ruiz Sanchez enters '' into Write the keyword edit]]]
[Test worker] WARN net.thucydides.core.steps.BaseStepListener - stepStarted: net.thucydides.core.steps.ExecutedStepDescription@6fe814f4
[Test worker] WARN net.thucydides.core.steps.BaseStepListener - stepFinished: current outcome:Edit information leaving mandatory fields empty:Example: {username=demo, password=demo, seourl=SEO URL, queryedit=category_id=18, keywordedit=, characters=characters} [Given Tania wants to edit list data leaving mandatory fields empty [Tania ruiz sanchez open up [Tania Ruiz Sanchez opens the Cart open page]], When She enters the data she wants to edit leaving a mandatory field empty
| username | password | seourl | queryedit | keywordedit |
| demo | demo | SEO URL | category_id=18 |  | [Tania ruiz sanchez edit empty field [Tania Ruiz Sanchez enters 'demo' into enter username, Tania Ruiz Sanchez enters 'demo' into enter password, Tania Ruiz Sanchez clicks on Click on the login button, Tania Ruiz Sanchez clicks on Click on Desing, Tania Ruiz Sanchez clicks on Select SEO URL, Tania Ruiz Sanchez clicks on Click boton edit, Tania Ruiz Sanchez clicks on Click boton edit, Tania Ruiz Sanchez enters 'category_id=18' into Write the query edit, Tania Ruiz Sanchez enters '' into Write the keyword edit, Tania Ruiz Sanchez clicks on Select the Store edit]]]
[Test worker] WARN net.thucydides.core.steps.BaseStepListener - stepStarted: net.thucydides.core.steps.ExecutedStepDescription@40592798
[Test worker] WARN net.thucydides.core.steps.BaseStepListener - stepFinished: current outcome:Edit information leaving mandatory fields empty:Example: {username=demo, password=demo, seourl=SEO URL, queryedit=category_id=18, keywordedit=, characters=characters} [Given Tania wants to edit list data leaving mandatory fields empty [Tania ruiz sanchez open up [Tania Ruiz Sanchez opens the Cart open page]], When She enters the data she wants to edit leaving a mandatory field empty
| username | password | seourl | queryedit | keywordedit |
| demo | demo | SEO URL | category_id=18 |  | [Tania ruiz sanchez edit empty field [Tania Ruiz Sanchez enters 'demo' into enter username, Tania Ruiz Sanchez enters 'demo' into enter password, Tania Ruiz Sanchez clicks on Click on the login button, Tania Ruiz Sanchez clicks on Click on Desing, Tania Ruiz Sanchez clicks on Select SEO URL, Tania Ruiz Sanchez clicks on Click boton edit, Tania Ruiz Sanchez clicks on Click boton edit, Tania Ruiz Sanchez enters 'category_id=18' into Write the query edit, Tania Ruiz Sanchez enters '' into Write the keyword edit, Tania Ruiz Sanchez clicks on Select the Store edit, Tania Ruiz Sanchez types 'ARROW_DOWN' in Select the Store edit]]]
[Test worker] WARN net.thucydides.core.steps.BaseStepListener - stepStarted: net.thucydides.core.steps.ExecutedStepDescription@58351608
[Test worker] WARN net.thucydides.core.steps.BaseStepListener - stepFinished: current outcome:Edit information leaving mandatory fields empty:Example: {username=demo, password=demo, seourl=SEO URL, queryedit=category_id=18, keywordedit=, characters=characters} [Given Tania wants to edit list data leaving mandatory fields empty [Tania ruiz sanchez open up [Tania Ruiz Sanchez opens the Cart open page]], When She enters the data she wants to edit leaving a mandatory field empty
| username | password | seourl | queryedit | keywordedit |
| demo | demo | SEO URL | category_id=18 |  | [Tania ruiz sanchez edit empty field [Tania Ruiz Sanchez enters 'demo' into enter username, Tania Ruiz Sanchez enters 'demo' into enter password, Tania Ruiz Sanchez clicks on Click on the login button, Tania Ruiz Sanchez clicks on Click on Desing, Tania Ruiz Sanchez clicks on Select SEO URL, Tania Ruiz Sanchez clicks on Click boton edit, Tania Ruiz Sanchez clicks on Click boton edit, Tania Ruiz Sanchez enters 'category_id=18' into Write the query edit, Tania Ruiz Sanchez enters '' into Write the keyword edit, Tania Ruiz Sanchez clicks on Select the Store edit, Tania Ruiz Sanchez types 'ARROW_DOWN' in Select the Store edit, Tania Ruiz Sanchez types 'ENTER' in Select the Store edit]]]
[Test worker] WARN net.thucydides.core.steps.BaseStepListener - stepStarted: net.thucydides.core.steps.ExecutedStepDescription@48fb7b6b
[Test worker] WARN net.thucydides.core.steps.BaseStepListener - stepFinished: current outcome:Edit information leaving mandatory fields empty:Example: {username=demo, password=demo, seourl=SEO URL, queryedit=category_id=18, keywordedit=, characters=characters} [Given Tania wants to edit list data leaving mandatory fields empty [Tania ruiz sanchez open up [Tania Ruiz Sanchez opens the Cart open page]], When She enters the data she wants to edit leaving a mandatory field empty
| username | password | seourl | queryedit | keywordedit |
| demo | demo | SEO URL | category_id=18 |  | [Tania ruiz sanchez edit empty field [Tania Ruiz Sanchez enters 'demo' into enter username, Tania Ruiz Sanchez enters 'demo' into enter password, Tania Ruiz Sanchez clicks on Click on the login button, Tania Ruiz Sanchez clicks on Click on Desing, Tania Ruiz Sanchez clicks on Select SEO URL, Tania Ruiz Sanchez clicks on Click boton edit, Tania Ruiz Sanchez clicks on Click boton edit, Tania Ruiz Sanchez enters 'category_id=18' into Write the query edit, Tania Ruiz Sanchez enters '' into Write the keyword edit, Tania Ruiz Sanchez clicks on Select the Store edit, Tania Ruiz Sanchez types 'ARROW_DOWN' in Select the Store edit, Tania Ruiz Sanchez types 'ENTER' in Select the Store edit, Tania Ruiz Sanchez clicks on Select the Languaje edit]]]
[Test worker] WARN net.thucydides.core.steps.BaseStepListener - stepStarted: net.thucydides.core.steps.ExecutedStepDescription@7799fa42
[Test worker] WARN net.thucydides.core.steps.BaseStepListener - stepFinished: current outcome:Edit information leaving mandatory fields empty:Example: {username=demo, password=demo, seourl=SEO URL, queryedit=category_id=18, keywordedit=, characters=characters} [Given Tania wants to edit list data leaving mandatory fields empty [Tania ruiz sanchez open up [Tania Ruiz Sanchez opens the Cart open page]], When She enters the data she wants to edit leaving a mandatory field empty
| username | password | seourl | queryedit | keywordedit |
| demo | demo | SEO URL | category_id=18 |  | [Tania ruiz sanchez edit empty field [Tania Ruiz Sanchez enters 'demo' into enter username, Tania Ruiz Sanchez enters 'demo' into enter password, Tania Ruiz Sanchez clicks on Click on the login button, Tania Ruiz Sanchez clicks on Click on Desing, Tania Ruiz Sanchez clicks on Select SEO URL, Tania Ruiz Sanchez clicks on Click boton edit, Tania Ruiz Sanchez clicks on Click boton edit, Tania Ruiz Sanchez enters 'category_id=18' into Write the query edit, Tania Ruiz Sanchez enters '' into Write the keyword edit, Tania Ruiz Sanchez clicks on Select the Store edit, Tania Ruiz Sanchez types 'ARROW_DOWN' in Select the Store edit, Tania Ruiz Sanchez types 'ENTER' in Select the Store edit, Tania Ruiz Sanchez clicks on Select the Languaje edit, Tania Ruiz Sanchez types 'ARROW_DOWN' in Select the Languaje edit]]]
[Test worker] WARN net.thucydides.core.steps.BaseStepListener - stepStarted: net.thucydides.core.steps.ExecutedStepDescription@af66278
[Test worker] WARN net.thucydides.core.steps.BaseStepListener - stepFinished: current outcome:Edit information leaving mandatory fields empty:Example: {username=demo, password=demo, seourl=SEO URL, queryedit=category_id=18, keywordedit=, characters=characters} [Given Tania wants to edit list data leaving mandatory fields empty [Tania ruiz sanchez open up [Tania Ruiz Sanchez opens the Cart open page]], When She enters the data she wants to edit leaving a mandatory field empty
| username | password | seourl | queryedit | keywordedit |
| demo | demo | SEO URL | category_id=18 |  | [Tania ruiz sanchez edit empty field [Tania Ruiz Sanchez enters 'demo' into enter username, Tania Ruiz Sanchez enters 'demo' into enter password, Tania Ruiz Sanchez clicks on Click on the login button, Tania Ruiz Sanchez clicks on Click on Desing, Tania Ruiz Sanchez clicks on Select SEO URL, Tania Ruiz Sanchez clicks on Click boton edit, Tania Ruiz Sanchez clicks on Click boton edit, Tania Ruiz Sanchez enters 'category_id=18' into Write the query edit, Tania Ruiz Sanchez enters '' into Write the keyword edit, Tania Ruiz Sanchez clicks on Select the Store edit, Tania Ruiz Sanchez types 'ARROW_DOWN' in Select the Store edit, Tania Ruiz Sanchez types 'ENTER' in Select the Store edit, Tania Ruiz Sanchez clicks on Select the Languaje edit, Tania Ruiz Sanchez types 'ARROW_DOWN' in Select the Languaje edit, Tania Ruiz Sanchez types 'ENTER' in Select the Languaje edit]]]
[Test worker] WARN net.thucydides.core.steps.BaseStepListener - stepStarted: net.thucydides.core.steps.ExecutedStepDescription@3e9435b4
[Test worker] WARN net.thucydides.core.steps.BaseStepListener - stepFinished: current outcome:Edit information leaving mandatory fields empty:Example: {username=demo, password=demo, seourl=SEO URL, queryedit=category_id=18, keywordedit=, characters=characters} [Given Tania wants to edit list data leaving mandatory fields empty [Tania ruiz sanchez open up [Tania Ruiz Sanchez opens the Cart open page]], When She enters the data she wants to edit leaving a mandatory field empty
| username | password | seourl | queryedit | keywordedit |
| demo | demo | SEO URL | category_id=18 |  | [Tania ruiz sanchez edit empty field [Tania Ruiz Sanchez enters 'demo' into enter username, Tania Ruiz Sanchez enters 'demo' into enter password, Tania Ruiz Sanchez clicks on Click on the login button, Tania Ruiz Sanchez clicks on Click on Desing, Tania Ruiz Sanchez clicks on Select SEO URL, Tania Ruiz Sanchez clicks on Click boton edit, Tania Ruiz Sanchez clicks on Click boton edit, Tania Ruiz Sanchez enters 'category_id=18' into Write the query edit, Tania Ruiz Sanchez enters '' into Write the keyword edit, Tania Ruiz Sanchez clicks on Select the Store edit, Tania Ruiz Sanchez types 'ARROW_DOWN' in Select the Store edit, Tania Ruiz Sanchez types 'ENTER' in Select the Store edit, Tania Ruiz Sanchez clicks on Select the Languaje edit, Tania Ruiz Sanchez types 'ARROW_DOWN' in Select the Languaje edit, Tania Ruiz Sanchez types 'ENTER' in Select the Languaje edit, Tania Ruiz Sanchez clicks on Click boton Save]]]
[Test worker] WARN net.thucydides.core.steps.BaseStepListener - stepFinished: current outcome:Edit information leaving mandatory fields empty:Example: {username=demo, password=demo, seourl=SEO URL, queryedit=category_id=18, keywordedit=, characters=characters} [Given Tania wants to edit list data leaving mandatory fields empty [Tania ruiz sanchez open up [Tania Ruiz Sanchez opens the Cart open page]], When She enters the data she wants to edit leaving a mandatory field empty
| username | password | seourl | queryedit | keywordedit |
| demo | demo | SEO URL | category_id=18 |  | [Tania ruiz sanchez edit empty field [Tania Ruiz Sanchez enters 'demo' into enter username, Tania Ruiz Sanchez enters 'demo' into enter password, Tania Ruiz Sanchez clicks on Click on the login button, Tania Ruiz Sanchez clicks on Click on Desing, Tania Ruiz Sanchez clicks on Select SEO URL, Tania Ruiz Sanchez clicks on Click boton edit, Tania Ruiz Sanchez clicks on Click boton edit, Tania Ruiz Sanchez enters 'category_id=18' into Write the query edit, Tania Ruiz Sanchez enters '' into Write the keyword edit, Tania Ruiz Sanchez clicks on Select the Store edit, Tania Ruiz Sanchez types 'ARROW_DOWN' in Select the Store edit, Tania Ruiz Sanchez types 'ENTER' in Select the Store edit, Tania Ruiz Sanchez clicks on Select the Languaje edit, Tania Ruiz Sanchez types 'ARROW_DOWN' in Select the Languaje edit, Tania Ruiz Sanchez types 'ENTER' in Select the Languaje edit, Tania Ruiz Sanchez clicks on Click boton Save]]]
[Test worker] WARN net.thucydides.core.steps.BaseStepListener - stepFinished: current outcome:Edit information leaving mandatory fields empty:Example: {username=demo, password=demo, seourl=SEO URL, queryedit=category_id=18, keywordedit=, characters=characters} [Given Tania wants to edit list data leaving mandatory fields empty [Tania ruiz sanchez open up [Tania Ruiz Sanchez opens the Cart open page]], When She enters the data she wants to edit leaving a mandatory field empty
| username | password | seourl | queryedit | keywordedit |
| demo | demo | SEO URL | category_id=18 |  | [Tania ruiz sanchez edit empty field [Tania Ruiz Sanchez enters 'demo' into enter username, Tania Ruiz Sanchez enters 'demo' into enter password, Tania Ruiz Sanchez clicks on Click on the login button, Tania Ruiz Sanchez clicks on Click on Desing, Tania Ruiz Sanchez clicks on Select SEO URL, Tania Ruiz Sanchez clicks on Click boton edit, Tania Ruiz Sanchez clicks on Click boton edit, Tania Ruiz Sanchez enters 'category_id=18' into Write the query edit, Tania Ruiz Sanchez enters '' into Write the keyword edit, Tania Ruiz Sanchez clicks on Select the Store edit, Tania Ruiz Sanchez types 'ARROW_DOWN' in Select the Store edit, Tania Ruiz Sanchez types 'ENTER' in Select the Store edit, Tania Ruiz Sanchez clicks on Select the Languaje edit, Tania Ruiz Sanchez types 'ARROW_DOWN' in Select the Languaje edit, Tania Ruiz Sanchez types 'ENTER' in Select the Languaje edit, Tania Ruiz Sanchez clicks on Click boton Save]]]
[Test worker] WARN net.thucydides.core.steps.BaseStepListener - stepStarted: net.thucydides.core.steps.ExecutedStepDescription@98ca0b5
[Test worker] WARN net.thucydides.core.steps.BaseStepListener - stepStarted: net.thucydides.core.steps.ExecutedStepDescription@2fff9b29
[Test worker] WARN net.thucydides.core.steps.BaseStepListener - stepFinished: current outcome:Edit information leaving mandatory fields empty:Example: {username=demo, password=demo, seourl=SEO URL, queryedit=category_id=18, keywordedit=, characters=characters} [Given Tania wants to edit list data leaving mandatory fields empty [Tania ruiz sanchez open up [Tania Ruiz Sanchez opens the Cart open page]], When She enters the data she wants to edit leaving a mandatory field empty
| username | password | seourl | queryedit | keywordedit |
| demo | demo | SEO URL | category_id=18 |  | [Tania ruiz sanchez edit empty field [Tania Ruiz Sanchez enters 'demo' into enter username, Tania Ruiz Sanchez enters 'demo' into enter password, Tania Ruiz Sanchez clicks on Click on the login button, Tania Ruiz Sanchez clicks on Click on Desing, Tania Ruiz Sanchez clicks on Select SEO URL, Tania Ruiz Sanchez clicks on Click boton edit, Tania Ruiz Sanchez clicks on Click boton edit, Tania Ruiz Sanchez enters 'category_id=18' into Write the query edit, Tania Ruiz Sanchez enters '' into Write the keyword edit, Tania Ruiz Sanchez clicks on Select the Store edit, Tania Ruiz Sanchez types 'ARROW_DOWN' in Select the Store edit, Tania Ruiz Sanchez types 'ENTER' in Select the Store edit, Tania Ruiz Sanchez clicks on Select the Languaje edit, Tania Ruiz Sanchez types 'ARROW_DOWN' in Select the Languaje edit, Tania Ruiz Sanchez types 'ENTER' in Select the Languaje edit, Tania Ruiz Sanchez clicks on Click boton Save]], Then displays an alert message about the characters
| characters |
| characters | [Then answer empty field]]
[Test worker] WARN net.thucydides.core.steps.BaseStepListener - stepFinished: current outcome:Edit information leaving mandatory fields empty:Example: {username=demo, password=demo, seourl=SEO URL, queryedit=category_id=18, keywordedit=, characters=characters} [Given Tania wants to edit list data leaving mandatory fields empty [Tania ruiz sanchez open up [Tania Ruiz Sanchez opens the Cart open page]], When She enters the data she wants to edit leaving a mandatory field empty
| username | password | seourl | queryedit | keywordedit |
| demo | demo | SEO URL | category_id=18 |  | [Tania ruiz sanchez edit empty field [Tania Ruiz Sanchez enters 'demo' into enter username, Tania Ruiz Sanchez enters 'demo' into enter password, Tania Ruiz Sanchez clicks on Click on the login button, Tania Ruiz Sanchez clicks on Click on Desing, Tania Ruiz Sanchez clicks on Select SEO URL, Tania Ruiz Sanchez clicks on Click boton edit, Tania Ruiz Sanchez clicks on Click boton edit, Tania Ruiz Sanchez enters 'category_id=18' into Write the query edit, Tania Ruiz Sanchez enters '' into Write the keyword edit, Tania Ruiz Sanchez clicks on Select the Store edit, Tania Ruiz Sanchez types 'ARROW_DOWN' in Select the Store edit, Tania Ruiz Sanchez types 'ENTER' in Select the Store edit, Tania Ruiz Sanchez clicks on Select the Languaje edit, Tania Ruiz Sanchez types 'ARROW_DOWN' in Select the Languaje edit, Tania Ruiz Sanchez types 'ENTER' in Select the Languaje edit, Tania Ruiz Sanchez clicks on Click boton Save]], Then displays an alert message about the characters
| characters |
| characters | [Then answer empty field]]
[Test worker] WARN net.thucydides.core.steps.BaseStepListener - stepFinished: current outcome:Edit information leaving mandatory fields empty:Example: {username=demo, password=demo, seourl=SEO URL, queryedit=category_id=18, keywordedit=, characters=characters} [Given Tania wants to edit list data leaving mandatory fields empty [Tania ruiz sanchez open up [Tania Ruiz Sanchez opens the Cart open page]], When She enters the data she wants to edit leaving a mandatory field empty
| username | password | seourl | queryedit | keywordedit |
| demo | demo | SEO URL | category_id=18 |  | [Tania ruiz sanchez edit empty field [Tania Ruiz Sanchez enters 'demo' into enter username, Tania Ruiz Sanchez enters 'demo' into enter password, Tania Ruiz Sanchez clicks on Click on the login button, Tania Ruiz Sanchez clicks on Click on Desing, Tania Ruiz Sanchez clicks on Select SEO URL, Tania Ruiz Sanchez clicks on Click boton edit, Tania Ruiz Sanchez clicks on Click boton edit, Tania Ruiz Sanchez enters 'category_id=18' into Write the query edit, Tania Ruiz Sanchez enters '' into Write the keyword edit, Tania Ruiz Sanchez clicks on Select the Store edit, Tania Ruiz Sanchez types 'ARROW_DOWN' in Select the Store edit, Tania Ruiz Sanchez types 'ENTER' in Select the Store edit, Tania Ruiz Sanchez clicks on Select the Languaje edit, Tania Ruiz Sanchez types 'ARROW_DOWN' in Select the Languaje edit, Tania Ruiz Sanchez types 'ENTER' in Select the Languaje edit, Tania Ruiz Sanchez clicks on Click boton Save]], Then displays an alert message about the characters
| characters |
| characters | [Then answer empty field]]
[Test worker] WARN net.thucydides.core.steps.BaseStepListener - testFinished: Edit information leaving mandatory fields empty:Example: {username=demo, password=demo, seourl=SEO URL, queryedit=category_id=18, keywordedit=, characters=characters} [Given Tania wants to edit list data leaving mandatory fields empty [Tania ruiz sanchez open up [Tania Ruiz Sanchez opens the Cart open page]], When She enters the data she wants to edit leaving a mandatory field empty
| username | password | seourl | queryedit | keywordedit |
| demo | demo | SEO URL | category_id=18 |  | [Tania ruiz sanchez edit empty field [Tania Ruiz Sanchez enters 'demo' into enter username, Tania Ruiz Sanchez enters 'demo' into enter password, Tania Ruiz Sanchez clicks on Click on the login button, Tania Ruiz Sanchez clicks on Click on Desing, Tania Ruiz Sanchez clicks on Select SEO URL, Tania Ruiz Sanchez clicks on Click boton edit, Tania Ruiz Sanchez clicks on Click boton edit, Tania Ruiz Sanchez enters 'category_id=18' into Write the query edit, Tania Ruiz Sanchez enters '' into Write the keyword edit, Tania Ruiz Sanchez clicks on Select the Store edit, Tania Ruiz Sanchez types 'ARROW_DOWN' in Select the Store edit, Tania Ruiz Sanchez types 'ENTER' in Select the Store edit, Tania Ruiz Sanchez clicks on Select the Languaje edit, Tania Ruiz Sanchez types 'ARROW_DOWN' in Select the Languaje edit, Tania Ruiz Sanchez types 'ENTER' in Select the Languaje edit, Tania Ruiz Sanchez clicks on Click boton Save]], Then displays an alert message about the characters
| characters |
| characters | [Then answer empty field]]
[Test worker] WARN net.thucydides.core.steps.BaseStepListener - TestOutcomes: [Edit information leaving mandatory fields empty:Example: {username=demo, password=demo, seourl=SEO URL, queryedit=category_id=18, keywordedit=, characters=characters} [Given Tania wants to edit list data leaving mandatory fields empty [Tania ruiz sanchez open up [Tania Ruiz Sanchez opens the Cart open page]], When She enters the data she wants to edit leaving a mandatory field empty
| username | password | seourl | queryedit | keywordedit |
| demo | demo | SEO URL | category_id=18 |  | [Tania ruiz sanchez edit empty field [Tania Ruiz Sanchez enters 'demo' into enter username, Tania Ruiz Sanchez enters 'demo' into enter password, Tania Ruiz Sanchez clicks on Click on the login button, Tania Ruiz Sanchez clicks on Click on Desing, Tania Ruiz Sanchez clicks on Select SEO URL, Tania Ruiz Sanchez clicks on Click boton edit, Tania Ruiz Sanchez clicks on Click boton edit, Tania Ruiz Sanchez enters 'category_id=18' into Write the query edit, Tania Ruiz Sanchez enters '' into Write the keyword edit, Tania Ruiz Sanchez clicks on Select the Store edit, Tania Ruiz Sanchez types 'ARROW_DOWN' in Select the Store edit, Tania Ruiz Sanchez types 'ENTER' in Select the Store edit, Tania Ruiz Sanchez clicks on Select the Languaje edit, Tania Ruiz Sanchez types 'ARROW_DOWN' in Select the Languaje edit, Tania Ruiz Sanchez types 'ENTER' in Select the Languaje edit, Tania Ruiz Sanchez clicks on Click boton Save]], Then displays an alert message about the characters
| characters |
| characters | [Then answer empty field]]]
[Test worker] WARN net.thucydides.core.steps.BaseStepListener - Final testOutcomes: [Edit information leaving mandatory fields empty:Example: {username=demo, password=demo, seourl=SEO URL, queryedit=category_id=18, keywordedit=, characters=characters} [Given Tania wants to edit list data leaving mandatory fields empty [Tania ruiz sanchez open up [Tania Ruiz Sanchez opens the Cart open page]], When She enters the data she wants to edit leaving a mandatory field empty
| username | password | seourl | queryedit | keywordedit |
| demo | demo | SEO URL | category_id=18 |  | [Tania ruiz sanchez edit empty field [Tania Ruiz Sanchez enters 'demo' into enter username, Tania Ruiz Sanchez enters 'demo' into enter password, Tania Ruiz Sanchez clicks on Click on the login button, Tania Ruiz Sanchez clicks on Click on Desing, Tania Ruiz Sanchez clicks on Select SEO URL, Tania Ruiz Sanchez clicks on Click boton edit, Tania Ruiz Sanchez clicks on Click boton edit, Tania Ruiz Sanchez enters 'category_id=18' into Write the query edit, Tania Ruiz Sanchez enters '' into Write the keyword edit, Tania Ruiz Sanchez clicks on Select the Store edit, Tania Ruiz Sanchez types 'ARROW_DOWN' in Select the Store edit, Tania Ruiz Sanchez types 'ENTER' in Select the Store edit, Tania Ruiz Sanchez clicks on Select the Languaje edit, Tania Ruiz Sanchez types 'ARROW_DOWN' in Select the Languaje edit, Tania Ruiz Sanchez types 'ENTER' in Select the Languaje edit, Tania Ruiz Sanchez clicks on Click boton Save]], Then displays an alert message about the characters
| characters |
| characters | [Then answer empty field]]]
[Test worker] INFO net.thucydides.core.steps.ConsoleLoggingListener - 
        __    _____ _____ ____ _____   ____   _    ____  ____  _____ ____  
  _     \ \  |_   _| ____/ ___|_   _| |  _ \ / \  / ___|/ ___|| ____|  _ \ 
 (_)_____| |   | | |  _| \___ \ | |   | |_) / _ \ \___ \\___ \|  _| | | | |
  _|_____| |   | | | |___ ___) || |   |  __/ ___ \ ___) |___) | |___| |_| |
 (_)     | |   |_| |_____|____/ |_|   |_| /_/   \_\____/|____/|_____|____/ 
        /_/                                                                

TEST PASSED: Edit information leaving mandatory fields empty
----------------------------------------------------------------------------
]]></system-err>
</testsuite>
