<?xml version="1.0" encoding="UTF-8"?>
<testsuite name="openCart" tests="1" skipped="0" failures="0" errors="0" timestamp="2022-05-04T20:30:09" hostname="DESKTOP-4PA18HQ" time="17.619">
  <properties/>
  <testcase name="filter to edit" classname="openCart" time="17.619"/>
  <system-out><![CDATA[]]></system-out>
  <system-err><![CDATA[[Test worker] WARN net.thucydides.core.steps.BaseStepListener - stepStarted: net.thucydides.core.steps.ExecutedStepDescription@a0771de
[Test worker] WARN net.thucydides.core.steps.BaseStepListener - stepStarted: net.thucydides.core.steps.ExecutedStepDescription@69fd38b5
[Test worker] WARN net.thucydides.core.steps.BaseStepListener - stepStarted: net.thucydides.core.steps.ExecutedStepDescription@6c1740ea
may 04, 2022 3:30:09 PM org.openqa.selenium.remote.DesiredCapabilities chrome
INFORMACIÓN: Using `new ChromeOptions()` is preferred to `DesiredCapabilities.chrome()`
[Test worker] INFO net.serenitybdd.core.webdriver.driverproviders.ProvideNewDriver - Instantiating driver
[Test worker] INFO net.serenitybdd.core.webdriver.driverproviders.ProvideNewDriver - Driver capabilities: Capabilities {acceptInsecureCerts: false, browserName: chrome, chrome.switches: --start-maximized, goog:chromeOptions: {args: [--start-maximized], extensions: []}, loggingPrefs: org.openqa.selenium.logging..., platform: ANY, version: }
Starting ChromeDriver 99.0.4844.51 (d537ec02474b5afe23684e7963d538896c63ac77-refs/branch-heads/4844@{#875}) on port 22724
Only local connections are allowed.
Please see https://chromedriver.chromium.org/security-considerations for suggestions on keeping ChromeDriver safe.
ChromeDriver was started successfully.
[1651696212.056][WARNING]: This version of ChromeDriver has not been tested with Chrome version 100.
may 04, 2022 3:30:12 PM org.openqa.selenium.remote.ProtocolHandshake createSession
INFORMACIÓN: Detected dialect: W3C
[Test worker] WARN net.thucydides.core.steps.BaseStepListener - stepFinished: current outcome:filter to edit:Example: {username=demo, password=demo, seourl=SEO URL, query=product_id=47, keyword=hp-lp3065, store=Default, language=English, queryedit=category_id=18, keywordedit=NO, warning=Warning: You do not have permission to modify SEO URL!
×} [Given Tania wants to edit data from the list consulted in SEO URL [Tania ruiz sanchez open up [Tania Ruiz Sanchez opens the Cart open page]]]
[Test worker] WARN net.thucydides.core.steps.BaseStepListener - stepFinished: current outcome:filter to edit:Example: {username=demo, password=demo, seourl=SEO URL, query=product_id=47, keyword=hp-lp3065, store=Default, language=English, queryedit=category_id=18, keywordedit=NO, warning=Warning: You do not have permission to modify SEO URL!
×} [Given Tania wants to edit data from the list consulted in SEO URL [Tania ruiz sanchez open up [Tania Ruiz Sanchez opens the Cart open page]]]
[Test worker] WARN net.thucydides.core.steps.BaseStepListener - stepFinished: current outcome:filter to edit:Example: {username=demo, password=demo, seourl=SEO URL, query=product_id=47, keyword=hp-lp3065, store=Default, language=English, queryedit=category_id=18, keywordedit=NO, warning=Warning: You do not have permission to modify SEO URL!
×} [Given Tania wants to edit data from the list consulted in SEO URL [Tania ruiz sanchez open up [Tania Ruiz Sanchez opens the Cart open page]]]
[Test worker] WARN net.thucydides.core.steps.BaseStepListener - stepStarted: net.thucydides.core.steps.ExecutedStepDescription@2afbac4f
[Test worker] WARN net.thucydides.core.steps.BaseStepListener - stepStarted: net.thucydides.core.steps.ExecutedStepDescription@2ae22945
[Test worker] WARN net.thucydides.core.steps.BaseStepListener - stepStarted: net.thucydides.core.steps.ExecutedStepDescription@32735adc
[Test worker] WARN net.thucydides.core.steps.BaseStepListener - stepFinished: current outcome:filter to edit:Example: {username=demo, password=demo, seourl=SEO URL, query=product_id=47, keyword=hp-lp3065, store=Default, language=English, queryedit=category_id=18, keywordedit=NO, warning=Warning: You do not have permission to modify SEO URL!
×} [Given Tania wants to edit data from the list consulted in SEO URL [Tania ruiz sanchez open up [Tania Ruiz Sanchez opens the Cart open page]], When She enters the data she wants to edit
| username | password | seourl | query | keyword | store | language | queryedit | keywordedit |
| demo | demo | SEO URL | product_id=47 | hp-lp3065 | Default | English | category_id=18 | NO | [Tania ruiz sanchez filter edit [Tania Ruiz Sanchez enters 'demo' into enter username]]]
[Test worker] WARN net.thucydides.core.steps.BaseStepListener - stepStarted: net.thucydides.core.steps.ExecutedStepDescription@52c6d53e
[Test worker] WARN net.thucydides.core.steps.BaseStepListener - stepFinished: current outcome:filter to edit:Example: {username=demo, password=demo, seourl=SEO URL, query=product_id=47, keyword=hp-lp3065, store=Default, language=English, queryedit=category_id=18, keywordedit=NO, warning=Warning: You do not have permission to modify SEO URL!
×} [Given Tania wants to edit data from the list consulted in SEO URL [Tania ruiz sanchez open up [Tania Ruiz Sanchez opens the Cart open page]], When She enters the data she wants to edit
| username | password | seourl | query | keyword | store | language | queryedit | keywordedit |
| demo | demo | SEO URL | product_id=47 | hp-lp3065 | Default | English | category_id=18 | NO | [Tania ruiz sanchez filter edit [Tania Ruiz Sanchez enters 'demo' into enter username, Tania Ruiz Sanchez enters 'demo' into enter password]]]
[Test worker] WARN net.thucydides.core.steps.BaseStepListener - stepStarted: net.thucydides.core.steps.ExecutedStepDescription@f336f9e
[Test worker] WARN net.thucydides.core.steps.BaseStepListener - stepFinished: current outcome:filter to edit:Example: {username=demo, password=demo, seourl=SEO URL, query=product_id=47, keyword=hp-lp3065, store=Default, language=English, queryedit=category_id=18, keywordedit=NO, warning=Warning: You do not have permission to modify SEO URL!
×} [Given Tania wants to edit data from the list consulted in SEO URL [Tania ruiz sanchez open up [Tania Ruiz Sanchez opens the Cart open page]], When She enters the data she wants to edit
| username | password | seourl | query | keyword | store | language | queryedit | keywordedit |
| demo | demo | SEO URL | product_id=47 | hp-lp3065 | Default | English | category_id=18 | NO | [Tania ruiz sanchez filter edit [Tania Ruiz Sanchez enters 'demo' into enter username, Tania Ruiz Sanchez enters 'demo' into enter password, Tania Ruiz Sanchez clicks on Click on the login button]]]
[Test worker] WARN net.thucydides.core.steps.BaseStepListener - stepStarted: net.thucydides.core.steps.ExecutedStepDescription@e5ef836
[Test worker] WARN net.thucydides.core.steps.BaseStepListener - stepFinished: current outcome:filter to edit:Example: {username=demo, password=demo, seourl=SEO URL, query=product_id=47, keyword=hp-lp3065, store=Default, language=English, queryedit=category_id=18, keywordedit=NO, warning=Warning: You do not have permission to modify SEO URL!
×} [Given Tania wants to edit data from the list consulted in SEO URL [Tania ruiz sanchez open up [Tania Ruiz Sanchez opens the Cart open page]], When She enters the data she wants to edit
| username | password | seourl | query | keyword | store | language | queryedit | keywordedit |
| demo | demo | SEO URL | product_id=47 | hp-lp3065 | Default | English | category_id=18 | NO | [Tania ruiz sanchez filter edit [Tania Ruiz Sanchez enters 'demo' into enter username, Tania Ruiz Sanchez enters 'demo' into enter password, Tania Ruiz Sanchez clicks on Click on the login button, Tania Ruiz Sanchez clicks on Click on Desing]]]
[Test worker] WARN net.thucydides.core.steps.BaseStepListener - stepStarted: net.thucydides.core.steps.ExecutedStepDescription@7dd35858
[Test worker] WARN net.thucydides.core.steps.BaseStepListener - stepFinished: current outcome:filter to edit:Example: {username=demo, password=demo, seourl=SEO URL, query=product_id=47, keyword=hp-lp3065, store=Default, language=English, queryedit=category_id=18, keywordedit=NO, warning=Warning: You do not have permission to modify SEO URL!
×} [Given Tania wants to edit data from the list consulted in SEO URL [Tania ruiz sanchez open up [Tania Ruiz Sanchez opens the Cart open page]], When She enters the data she wants to edit
| username | password | seourl | query | keyword | store | language | queryedit | keywordedit |
| demo | demo | SEO URL | product_id=47 | hp-lp3065 | Default | English | category_id=18 | NO | [Tania ruiz sanchez filter edit [Tania Ruiz Sanchez enters 'demo' into enter username, Tania Ruiz Sanchez enters 'demo' into enter password, Tania Ruiz Sanchez clicks on Click on the login button, Tania Ruiz Sanchez clicks on Click on Desing, Tania Ruiz Sanchez clicks on Select SEO URL]]]
[Test worker] WARN net.thucydides.core.steps.BaseStepListener - stepStarted: net.thucydides.core.steps.ExecutedStepDescription@13e747aa
[Test worker] WARN net.thucydides.core.steps.BaseStepListener - stepFinished: current outcome:filter to edit:Example: {username=demo, password=demo, seourl=SEO URL, query=product_id=47, keyword=hp-lp3065, store=Default, language=English, queryedit=category_id=18, keywordedit=NO, warning=Warning: You do not have permission to modify SEO URL!
×} [Given Tania wants to edit data from the list consulted in SEO URL [Tania ruiz sanchez open up [Tania Ruiz Sanchez opens the Cart open page]], When She enters the data she wants to edit
| username | password | seourl | query | keyword | store | language | queryedit | keywordedit |
| demo | demo | SEO URL | product_id=47 | hp-lp3065 | Default | English | category_id=18 | NO | [Tania ruiz sanchez filter edit [Tania Ruiz Sanchez enters 'demo' into enter username, Tania Ruiz Sanchez enters 'demo' into enter password, Tania Ruiz Sanchez clicks on Click on the login button, Tania Ruiz Sanchez clicks on Click on Desing, Tania Ruiz Sanchez clicks on Select SEO URL, Tania Ruiz Sanchez enters 'product_id=47' into Write the query]]]
[Test worker] WARN net.thucydides.core.steps.BaseStepListener - stepStarted: net.thucydides.core.steps.ExecutedStepDescription@10629130
[Test worker] WARN net.thucydides.core.steps.BaseStepListener - stepFinished: current outcome:filter to edit:Example: {username=demo, password=demo, seourl=SEO URL, query=product_id=47, keyword=hp-lp3065, store=Default, language=English, queryedit=category_id=18, keywordedit=NO, warning=Warning: You do not have permission to modify SEO URL!
×} [Given Tania wants to edit data from the list consulted in SEO URL [Tania ruiz sanchez open up [Tania Ruiz Sanchez opens the Cart open page]], When She enters the data she wants to edit
| username | password | seourl | query | keyword | store | language | queryedit | keywordedit |
| demo | demo | SEO URL | product_id=47 | hp-lp3065 | Default | English | category_id=18 | NO | [Tania ruiz sanchez filter edit [Tania Ruiz Sanchez enters 'demo' into enter username, Tania Ruiz Sanchez enters 'demo' into enter password, Tania Ruiz Sanchez clicks on Click on the login button, Tania Ruiz Sanchez clicks on Click on Desing, Tania Ruiz Sanchez clicks on Select SEO URL, Tania Ruiz Sanchez enters 'product_id=47' into Write the query, Tania Ruiz Sanchez enters 'hp-lp3065' into Write the keyword]]]
[Test worker] WARN net.thucydides.core.steps.BaseStepListener - stepStarted: net.thucydides.core.steps.ExecutedStepDescription@6fef8b68
[Test worker] WARN net.thucydides.core.steps.BaseStepListener - stepFinished: current outcome:filter to edit:Example: {username=demo, password=demo, seourl=SEO URL, query=product_id=47, keyword=hp-lp3065, store=Default, language=English, queryedit=category_id=18, keywordedit=NO, warning=Warning: You do not have permission to modify SEO URL!
×} [Given Tania wants to edit data from the list consulted in SEO URL [Tania ruiz sanchez open up [Tania Ruiz Sanchez opens the Cart open page]], When She enters the data she wants to edit
| username | password | seourl | query | keyword | store | language | queryedit | keywordedit |
| demo | demo | SEO URL | product_id=47 | hp-lp3065 | Default | English | category_id=18 | NO | [Tania ruiz sanchez filter edit [Tania Ruiz Sanchez enters 'demo' into enter username, Tania Ruiz Sanchez enters 'demo' into enter password, Tania Ruiz Sanchez clicks on Click on the login button, Tania Ruiz Sanchez clicks on Click on Desing, Tania Ruiz Sanchez clicks on Select SEO URL, Tania Ruiz Sanchez enters 'product_id=47' into Write the query, Tania Ruiz Sanchez enters 'hp-lp3065' into Write the keyword, Tania Ruiz Sanchez clicks on Select Store]]]
[Test worker] WARN net.thucydides.core.steps.BaseStepListener - stepStarted: net.thucydides.core.steps.ExecutedStepDescription@40b1ff48
[Test worker] WARN net.thucydides.core.steps.BaseStepListener - stepFinished: current outcome:filter to edit:Example: {username=demo, password=demo, seourl=SEO URL, query=product_id=47, keyword=hp-lp3065, store=Default, language=English, queryedit=category_id=18, keywordedit=NO, warning=Warning: You do not have permission to modify SEO URL!
×} [Given Tania wants to edit data from the list consulted in SEO URL [Tania ruiz sanchez open up [Tania Ruiz Sanchez opens the Cart open page]], When She enters the data she wants to edit
| username | password | seourl | query | keyword | store | language | queryedit | keywordedit |
| demo | demo | SEO URL | product_id=47 | hp-lp3065 | Default | English | category_id=18 | NO | [Tania ruiz sanchez filter edit [Tania Ruiz Sanchez enters 'demo' into enter username, Tania Ruiz Sanchez enters 'demo' into enter password, Tania Ruiz Sanchez clicks on Click on the login button, Tania Ruiz Sanchez clicks on Click on Desing, Tania Ruiz Sanchez clicks on Select SEO URL, Tania Ruiz Sanchez enters 'product_id=47' into Write the query, Tania Ruiz Sanchez enters 'hp-lp3065' into Write the keyword, Tania Ruiz Sanchez clicks on Select Store, Tania Ruiz Sanchez clicks on Select Languaje]]]
[Test worker] WARN net.thucydides.core.steps.BaseStepListener - stepStarted: net.thucydides.core.steps.ExecutedStepDescription@2e20cc99
[Test worker] WARN net.thucydides.core.steps.BaseStepListener - stepFinished: current outcome:filter to edit:Example: {username=demo, password=demo, seourl=SEO URL, query=product_id=47, keyword=hp-lp3065, store=Default, language=English, queryedit=category_id=18, keywordedit=NO, warning=Warning: You do not have permission to modify SEO URL!
×} [Given Tania wants to edit data from the list consulted in SEO URL [Tania ruiz sanchez open up [Tania Ruiz Sanchez opens the Cart open page]], When She enters the data she wants to edit
| username | password | seourl | query | keyword | store | language | queryedit | keywordedit |
| demo | demo | SEO URL | product_id=47 | hp-lp3065 | Default | English | category_id=18 | NO | [Tania ruiz sanchez filter edit [Tania Ruiz Sanchez enters 'demo' into enter username, Tania Ruiz Sanchez enters 'demo' into enter password, Tania Ruiz Sanchez clicks on Click on the login button, Tania Ruiz Sanchez clicks on Click on Desing, Tania Ruiz Sanchez clicks on Select SEO URL, Tania Ruiz Sanchez enters 'product_id=47' into Write the query, Tania Ruiz Sanchez enters 'hp-lp3065' into Write the keyword, Tania Ruiz Sanchez clicks on Select Store, Tania Ruiz Sanchez clicks on Select Languaje, Tania Ruiz Sanchez clicks on Click boton Filter]]]
[Test worker] WARN net.thucydides.core.steps.BaseStepListener - stepStarted: net.thucydides.core.steps.ExecutedStepDescription@3b6b140
[Test worker] WARN net.thucydides.core.steps.BaseStepListener - stepFinished: current outcome:filter to edit:Example: {username=demo, password=demo, seourl=SEO URL, query=product_id=47, keyword=hp-lp3065, store=Default, language=English, queryedit=category_id=18, keywordedit=NO, warning=Warning: You do not have permission to modify SEO URL!
×} [Given Tania wants to edit data from the list consulted in SEO URL [Tania ruiz sanchez open up [Tania Ruiz Sanchez opens the Cart open page]], When She enters the data she wants to edit
| username | password | seourl | query | keyword | store | language | queryedit | keywordedit |
| demo | demo | SEO URL | product_id=47 | hp-lp3065 | Default | English | category_id=18 | NO | [Tania ruiz sanchez filter edit [Tania Ruiz Sanchez enters 'demo' into enter username, Tania Ruiz Sanchez enters 'demo' into enter password, Tania Ruiz Sanchez clicks on Click on the login button, Tania Ruiz Sanchez clicks on Click on Desing, Tania Ruiz Sanchez clicks on Select SEO URL, Tania Ruiz Sanchez enters 'product_id=47' into Write the query, Tania Ruiz Sanchez enters 'hp-lp3065' into Write the keyword, Tania Ruiz Sanchez clicks on Select Store, Tania Ruiz Sanchez clicks on Select Languaje, Tania Ruiz Sanchez clicks on Click boton Filter, Tania Ruiz Sanchez clicks on Click boton edit]]]
[Test worker] WARN net.thucydides.core.steps.BaseStepListener - stepStarted: net.thucydides.core.steps.ExecutedStepDescription@17bdafbd
[Test worker] WARN net.thucydides.core.steps.BaseStepListener - stepFinished: current outcome:filter to edit:Example: {username=demo, password=demo, seourl=SEO URL, query=product_id=47, keyword=hp-lp3065, store=Default, language=English, queryedit=category_id=18, keywordedit=NO, warning=Warning: You do not have permission to modify SEO URL!
×} [Given Tania wants to edit data from the list consulted in SEO URL [Tania ruiz sanchez open up [Tania Ruiz Sanchez opens the Cart open page]], When She enters the data she wants to edit
| username | password | seourl | query | keyword | store | language | queryedit | keywordedit |
| demo | demo | SEO URL | product_id=47 | hp-lp3065 | Default | English | category_id=18 | NO | [Tania ruiz sanchez filter edit [Tania Ruiz Sanchez enters 'demo' into enter username, Tania Ruiz Sanchez enters 'demo' into enter password, Tania Ruiz Sanchez clicks on Click on the login button, Tania Ruiz Sanchez clicks on Click on Desing, Tania Ruiz Sanchez clicks on Select SEO URL, Tania Ruiz Sanchez enters 'product_id=47' into Write the query, Tania Ruiz Sanchez enters 'hp-lp3065' into Write the keyword, Tania Ruiz Sanchez clicks on Select Store, Tania Ruiz Sanchez clicks on Select Languaje, Tania Ruiz Sanchez clicks on Click boton Filter, Tania Ruiz Sanchez clicks on Click boton edit, Tania Ruiz Sanchez clicks on Click boton edit]]]
[Test worker] WARN net.thucydides.core.steps.BaseStepListener - stepStarted: net.thucydides.core.steps.ExecutedStepDescription@5807391a
[Test worker] WARN net.thucydides.core.steps.BaseStepListener - stepFinished: current outcome:filter to edit:Example: {username=demo, password=demo, seourl=SEO URL, query=product_id=47, keyword=hp-lp3065, store=Default, language=English, queryedit=category_id=18, keywordedit=NO, warning=Warning: You do not have permission to modify SEO URL!
×} [Given Tania wants to edit data from the list consulted in SEO URL [Tania ruiz sanchez open up [Tania Ruiz Sanchez opens the Cart open page]], When She enters the data she wants to edit
| username | password | seourl | query | keyword | store | language | queryedit | keywordedit |
| demo | demo | SEO URL | product_id=47 | hp-lp3065 | Default | English | category_id=18 | NO | [Tania ruiz sanchez filter edit [Tania Ruiz Sanchez enters 'demo' into enter username, Tania Ruiz Sanchez enters 'demo' into enter password, Tania Ruiz Sanchez clicks on Click on the login button, Tania Ruiz Sanchez clicks on Click on Desing, Tania Ruiz Sanchez clicks on Select SEO URL, Tania Ruiz Sanchez enters 'product_id=47' into Write the query, Tania Ruiz Sanchez enters 'hp-lp3065' into Write the keyword, Tania Ruiz Sanchez clicks on Select Store, Tania Ruiz Sanchez clicks on Select Languaje, Tania Ruiz Sanchez clicks on Click boton Filter, Tania Ruiz Sanchez clicks on Click boton edit, Tania Ruiz Sanchez clicks on Click boton edit, Tania Ruiz Sanchez enters 'category_id=18' into Write the query edit]]]
[Test worker] WARN net.thucydides.core.steps.BaseStepListener - stepStarted: net.thucydides.core.steps.ExecutedStepDescription@29fd0edf
[Test worker] WARN net.thucydides.core.steps.BaseStepListener - stepFinished: current outcome:filter to edit:Example: {username=demo, password=demo, seourl=SEO URL, query=product_id=47, keyword=hp-lp3065, store=Default, language=English, queryedit=category_id=18, keywordedit=NO, warning=Warning: You do not have permission to modify SEO URL!
×} [Given Tania wants to edit data from the list consulted in SEO URL [Tania ruiz sanchez open up [Tania Ruiz Sanchez opens the Cart open page]], When She enters the data she wants to edit
| username | password | seourl | query | keyword | store | language | queryedit | keywordedit |
| demo | demo | SEO URL | product_id=47 | hp-lp3065 | Default | English | category_id=18 | NO | [Tania ruiz sanchez filter edit [Tania Ruiz Sanchez enters 'demo' into enter username, Tania Ruiz Sanchez enters 'demo' into enter password, Tania Ruiz Sanchez clicks on Click on the login button, Tania Ruiz Sanchez clicks on Click on Desing, Tania Ruiz Sanchez clicks on Select SEO URL, Tania Ruiz Sanchez enters 'product_id=47' into Write the query, Tania Ruiz Sanchez enters 'hp-lp3065' into Write the keyword, Tania Ruiz Sanchez clicks on Select Store, Tania Ruiz Sanchez clicks on Select Languaje, Tania Ruiz Sanchez clicks on Click boton Filter, Tania Ruiz Sanchez clicks on Click boton edit, Tania Ruiz Sanchez clicks on Click boton edit, Tania Ruiz Sanchez enters 'category_id=18' into Write the query edit, Tania Ruiz Sanchez enters 'NO' into Write the keyword edit]]]
[Test worker] WARN net.thucydides.core.steps.BaseStepListener - stepStarted: net.thucydides.core.steps.ExecutedStepDescription@2756d366
[Test worker] WARN net.thucydides.core.steps.BaseStepListener - stepFinished: current outcome:filter to edit:Example: {username=demo, password=demo, seourl=SEO URL, query=product_id=47, keyword=hp-lp3065, store=Default, language=English, queryedit=category_id=18, keywordedit=NO, warning=Warning: You do not have permission to modify SEO URL!
×} [Given Tania wants to edit data from the list consulted in SEO URL [Tania ruiz sanchez open up [Tania Ruiz Sanchez opens the Cart open page]], When She enters the data she wants to edit
| username | password | seourl | query | keyword | store | language | queryedit | keywordedit |
| demo | demo | SEO URL | product_id=47 | hp-lp3065 | Default | English | category_id=18 | NO | [Tania ruiz sanchez filter edit [Tania Ruiz Sanchez enters 'demo' into enter username, Tania Ruiz Sanchez enters 'demo' into enter password, Tania Ruiz Sanchez clicks on Click on the login button, Tania Ruiz Sanchez clicks on Click on Desing, Tania Ruiz Sanchez clicks on Select SEO URL, Tania Ruiz Sanchez enters 'product_id=47' into Write the query, Tania Ruiz Sanchez enters 'hp-lp3065' into Write the keyword, Tania Ruiz Sanchez clicks on Select Store, Tania Ruiz Sanchez clicks on Select Languaje, Tania Ruiz Sanchez clicks on Click boton Filter, Tania Ruiz Sanchez clicks on Click boton edit, Tania Ruiz Sanchez clicks on Click boton edit, Tania Ruiz Sanchez enters 'category_id=18' into Write the query edit, Tania Ruiz Sanchez enters 'NO' into Write the keyword edit, Tania Ruiz Sanchez clicks on Select the Store edit]]]
[Test worker] WARN net.thucydides.core.steps.BaseStepListener - stepStarted: net.thucydides.core.steps.ExecutedStepDescription@15f1cb48
[Test worker] WARN net.thucydides.core.steps.BaseStepListener - stepFinished: current outcome:filter to edit:Example: {username=demo, password=demo, seourl=SEO URL, query=product_id=47, keyword=hp-lp3065, store=Default, language=English, queryedit=category_id=18, keywordedit=NO, warning=Warning: You do not have permission to modify SEO URL!
×} [Given Tania wants to edit data from the list consulted in SEO URL [Tania ruiz sanchez open up [Tania Ruiz Sanchez opens the Cart open page]], When She enters the data she wants to edit
| username | password | seourl | query | keyword | store | language | queryedit | keywordedit |
| demo | demo | SEO URL | product_id=47 | hp-lp3065 | Default | English | category_id=18 | NO | [Tania ruiz sanchez filter edit [Tania Ruiz Sanchez enters 'demo' into enter username, Tania Ruiz Sanchez enters 'demo' into enter password, Tania Ruiz Sanchez clicks on Click on the login button, Tania Ruiz Sanchez clicks on Click on Desing, Tania Ruiz Sanchez clicks on Select SEO URL, Tania Ruiz Sanchez enters 'product_id=47' into Write the query, Tania Ruiz Sanchez enters 'hp-lp3065' into Write the keyword, Tania Ruiz Sanchez clicks on Select Store, Tania Ruiz Sanchez clicks on Select Languaje, Tania Ruiz Sanchez clicks on Click boton Filter, Tania Ruiz Sanchez clicks on Click boton edit, Tania Ruiz Sanchez clicks on Click boton edit, Tania Ruiz Sanchez enters 'category_id=18' into Write the query edit, Tania Ruiz Sanchez enters 'NO' into Write the keyword edit, Tania Ruiz Sanchez clicks on Select the Store edit, Tania Ruiz Sanchez types 'ARROW_DOWN' in Select the Store edit]]]
[Test worker] WARN net.thucydides.core.steps.BaseStepListener - stepStarted: net.thucydides.core.steps.ExecutedStepDescription@514566fe
[Test worker] WARN net.thucydides.core.steps.BaseStepListener - stepFinished: current outcome:filter to edit:Example: {username=demo, password=demo, seourl=SEO URL, query=product_id=47, keyword=hp-lp3065, store=Default, language=English, queryedit=category_id=18, keywordedit=NO, warning=Warning: You do not have permission to modify SEO URL!
×} [Given Tania wants to edit data from the list consulted in SEO URL [Tania ruiz sanchez open up [Tania Ruiz Sanchez opens the Cart open page]], When She enters the data she wants to edit
| username | password | seourl | query | keyword | store | language | queryedit | keywordedit |
| demo | demo | SEO URL | product_id=47 | hp-lp3065 | Default | English | category_id=18 | NO | [Tania ruiz sanchez filter edit [Tania Ruiz Sanchez enters 'demo' into enter username, Tania Ruiz Sanchez enters 'demo' into enter password, Tania Ruiz Sanchez clicks on Click on the login button, Tania Ruiz Sanchez clicks on Click on Desing, Tania Ruiz Sanchez clicks on Select SEO URL, Tania Ruiz Sanchez enters 'product_id=47' into Write the query, Tania Ruiz Sanchez enters 'hp-lp3065' into Write the keyword, Tania Ruiz Sanchez clicks on Select Store, Tania Ruiz Sanchez clicks on Select Languaje, Tania Ruiz Sanchez clicks on Click boton Filter, Tania Ruiz Sanchez clicks on Click boton edit, Tania Ruiz Sanchez clicks on Click boton edit, Tania Ruiz Sanchez enters 'category_id=18' into Write the query edit, Tania Ruiz Sanchez enters 'NO' into Write the keyword edit, Tania Ruiz Sanchez clicks on Select the Store edit, Tania Ruiz Sanchez types 'ARROW_DOWN' in Select the Store edit, Tania Ruiz Sanchez types 'ENTER' in Select the Store edit]]]
[Test worker] WARN net.thucydides.core.steps.BaseStepListener - stepStarted: net.thucydides.core.steps.ExecutedStepDescription@25f53390
[Test worker] WARN net.thucydides.core.steps.BaseStepListener - stepFinished: current outcome:filter to edit:Example: {username=demo, password=demo, seourl=SEO URL, query=product_id=47, keyword=hp-lp3065, store=Default, language=English, queryedit=category_id=18, keywordedit=NO, warning=Warning: You do not have permission to modify SEO URL!
×} [Given Tania wants to edit data from the list consulted in SEO URL [Tania ruiz sanchez open up [Tania Ruiz Sanchez opens the Cart open page]], When She enters the data she wants to edit
| username | password | seourl | query | keyword | store | language | queryedit | keywordedit |
| demo | demo | SEO URL | product_id=47 | hp-lp3065 | Default | English | category_id=18 | NO | [Tania ruiz sanchez filter edit [Tania Ruiz Sanchez enters 'demo' into enter username, Tania Ruiz Sanchez enters 'demo' into enter password, Tania Ruiz Sanchez clicks on Click on the login button, Tania Ruiz Sanchez clicks on Click on Desing, Tania Ruiz Sanchez clicks on Select SEO URL, Tania Ruiz Sanchez enters 'product_id=47' into Write the query, Tania Ruiz Sanchez enters 'hp-lp3065' into Write the keyword, Tania Ruiz Sanchez clicks on Select Store, Tania Ruiz Sanchez clicks on Select Languaje, Tania Ruiz Sanchez clicks on Click boton Filter, Tania Ruiz Sanchez clicks on Click boton edit, Tania Ruiz Sanchez clicks on Click boton edit, Tania Ruiz Sanchez enters 'category_id=18' into Write the query edit, Tania Ruiz Sanchez enters 'NO' into Write the keyword edit, Tania Ruiz Sanchez clicks on Select the Store edit, Tania Ruiz Sanchez types 'ARROW_DOWN' in Select the Store edit, Tania Ruiz Sanchez types 'ENTER' in Select the Store edit, Tania Ruiz Sanchez clicks on Select the Languaje edit]]]
[Test worker] WARN net.thucydides.core.steps.BaseStepListener - stepStarted: net.thucydides.core.steps.ExecutedStepDescription@301c71c2
[Test worker] WARN net.thucydides.core.steps.BaseStepListener - stepFinished: current outcome:filter to edit:Example: {username=demo, password=demo, seourl=SEO URL, query=product_id=47, keyword=hp-lp3065, store=Default, language=English, queryedit=category_id=18, keywordedit=NO, warning=Warning: You do not have permission to modify SEO URL!
×} [Given Tania wants to edit data from the list consulted in SEO URL [Tania ruiz sanchez open up [Tania Ruiz Sanchez opens the Cart open page]], When She enters the data she wants to edit
| username | password | seourl | query | keyword | store | language | queryedit | keywordedit |
| demo | demo | SEO URL | product_id=47 | hp-lp3065 | Default | English | category_id=18 | NO | [Tania ruiz sanchez filter edit [Tania Ruiz Sanchez enters 'demo' into enter username, Tania Ruiz Sanchez enters 'demo' into enter password, Tania Ruiz Sanchez clicks on Click on the login button, Tania Ruiz Sanchez clicks on Click on Desing, Tania Ruiz Sanchez clicks on Select SEO URL, Tania Ruiz Sanchez enters 'product_id=47' into Write the query, Tania Ruiz Sanchez enters 'hp-lp3065' into Write the keyword, Tania Ruiz Sanchez clicks on Select Store, Tania Ruiz Sanchez clicks on Select Languaje, Tania Ruiz Sanchez clicks on Click boton Filter, Tania Ruiz Sanchez clicks on Click boton edit, Tania Ruiz Sanchez clicks on Click boton edit, Tania Ruiz Sanchez enters 'category_id=18' into Write the query edit, Tania Ruiz Sanchez enters 'NO' into Write the keyword edit, Tania Ruiz Sanchez clicks on Select the Store edit, Tania Ruiz Sanchez types 'ARROW_DOWN' in Select the Store edit, Tania Ruiz Sanchez types 'ENTER' in Select the Store edit, Tania Ruiz Sanchez clicks on Select the Languaje edit, Tania Ruiz Sanchez types 'ARROW_DOWN' in Select the Languaje edit]]]
[Test worker] WARN net.thucydides.core.steps.BaseStepListener - stepStarted: net.thucydides.core.steps.ExecutedStepDescription@2ae23eac
[Test worker] WARN net.thucydides.core.steps.BaseStepListener - stepFinished: current outcome:filter to edit:Example: {username=demo, password=demo, seourl=SEO URL, query=product_id=47, keyword=hp-lp3065, store=Default, language=English, queryedit=category_id=18, keywordedit=NO, warning=Warning: You do not have permission to modify SEO URL!
×} [Given Tania wants to edit data from the list consulted in SEO URL [Tania ruiz sanchez open up [Tania Ruiz Sanchez opens the Cart open page]], When She enters the data she wants to edit
| username | password | seourl | query | keyword | store | language | queryedit | keywordedit |
| demo | demo | SEO URL | product_id=47 | hp-lp3065 | Default | English | category_id=18 | NO | [Tania ruiz sanchez filter edit [Tania Ruiz Sanchez enters 'demo' into enter username, Tania Ruiz Sanchez enters 'demo' into enter password, Tania Ruiz Sanchez clicks on Click on the login button, Tania Ruiz Sanchez clicks on Click on Desing, Tania Ruiz Sanchez clicks on Select SEO URL, Tania Ruiz Sanchez enters 'product_id=47' into Write the query, Tania Ruiz Sanchez enters 'hp-lp3065' into Write the keyword, Tania Ruiz Sanchez clicks on Select Store, Tania Ruiz Sanchez clicks on Select Languaje, Tania Ruiz Sanchez clicks on Click boton Filter, Tania Ruiz Sanchez clicks on Click boton edit, Tania Ruiz Sanchez clicks on Click boton edit, Tania Ruiz Sanchez enters 'category_id=18' into Write the query edit, Tania Ruiz Sanchez enters 'NO' into Write the keyword edit, Tania Ruiz Sanchez clicks on Select the Store edit, Tania Ruiz Sanchez types 'ARROW_DOWN' in Select the Store edit, Tania Ruiz Sanchez types 'ENTER' in Select the Store edit, Tania Ruiz Sanchez clicks on Select the Languaje edit, Tania Ruiz Sanchez types 'ARROW_DOWN' in Select the Languaje edit, Tania Ruiz Sanchez types 'ENTER' in Select the Languaje edit]]]
[Test worker] WARN net.thucydides.core.steps.BaseStepListener - stepStarted: net.thucydides.core.steps.ExecutedStepDescription@1cd5386
[Test worker] WARN net.thucydides.core.steps.BaseStepListener - stepFinished: current outcome:filter to edit:Example: {username=demo, password=demo, seourl=SEO URL, query=product_id=47, keyword=hp-lp3065, store=Default, language=English, queryedit=category_id=18, keywordedit=NO, warning=Warning: You do not have permission to modify SEO URL!
×} [Given Tania wants to edit data from the list consulted in SEO URL [Tania ruiz sanchez open up [Tania Ruiz Sanchez opens the Cart open page]], When She enters the data she wants to edit
| username | password | seourl | query | keyword | store | language | queryedit | keywordedit |
| demo | demo | SEO URL | product_id=47 | hp-lp3065 | Default | English | category_id=18 | NO | [Tania ruiz sanchez filter edit [Tania Ruiz Sanchez enters 'demo' into enter username, Tania Ruiz Sanchez enters 'demo' into enter password, Tania Ruiz Sanchez clicks on Click on the login button, Tania Ruiz Sanchez clicks on Click on Desing, Tania Ruiz Sanchez clicks on Select SEO URL, Tania Ruiz Sanchez enters 'product_id=47' into Write the query, Tania Ruiz Sanchez enters 'hp-lp3065' into Write the keyword, Tania Ruiz Sanchez clicks on Select Store, Tania Ruiz Sanchez clicks on Select Languaje, Tania Ruiz Sanchez clicks on Click boton Filter, Tania Ruiz Sanchez clicks on Click boton edit, Tania Ruiz Sanchez clicks on Click boton edit, Tania Ruiz Sanchez enters 'category_id=18' into Write the query edit, Tania Ruiz Sanchez enters 'NO' into Write the keyword edit, Tania Ruiz Sanchez clicks on Select the Store edit, Tania Ruiz Sanchez types 'ARROW_DOWN' in Select the Store edit, Tania Ruiz Sanchez types 'ENTER' in Select the Store edit, Tania Ruiz Sanchez clicks on Select the Languaje edit, Tania Ruiz Sanchez types 'ARROW_DOWN' in Select the Languaje edit, Tania Ruiz Sanchez types 'ENTER' in Select the Languaje edit, Tania Ruiz Sanchez clicks on Click boton Save]]]
[Test worker] WARN net.thucydides.core.steps.BaseStepListener - stepFinished: current outcome:filter to edit:Example: {username=demo, password=demo, seourl=SEO URL, query=product_id=47, keyword=hp-lp3065, store=Default, language=English, queryedit=category_id=18, keywordedit=NO, warning=Warning: You do not have permission to modify SEO URL!
×} [Given Tania wants to edit data from the list consulted in SEO URL [Tania ruiz sanchez open up [Tania Ruiz Sanchez opens the Cart open page]], When She enters the data she wants to edit
| username | password | seourl | query | keyword | store | language | queryedit | keywordedit |
| demo | demo | SEO URL | product_id=47 | hp-lp3065 | Default | English | category_id=18 | NO | [Tania ruiz sanchez filter edit [Tania Ruiz Sanchez enters 'demo' into enter username, Tania Ruiz Sanchez enters 'demo' into enter password, Tania Ruiz Sanchez clicks on Click on the login button, Tania Ruiz Sanchez clicks on Click on Desing, Tania Ruiz Sanchez clicks on Select SEO URL, Tania Ruiz Sanchez enters 'product_id=47' into Write the query, Tania Ruiz Sanchez enters 'hp-lp3065' into Write the keyword, Tania Ruiz Sanchez clicks on Select Store, Tania Ruiz Sanchez clicks on Select Languaje, Tania Ruiz Sanchez clicks on Click boton Filter, Tania Ruiz Sanchez clicks on Click boton edit, Tania Ruiz Sanchez clicks on Click boton edit, Tania Ruiz Sanchez enters 'category_id=18' into Write the query edit, Tania Ruiz Sanchez enters 'NO' into Write the keyword edit, Tania Ruiz Sanchez clicks on Select the Store edit, Tania Ruiz Sanchez types 'ARROW_DOWN' in Select the Store edit, Tania Ruiz Sanchez types 'ENTER' in Select the Store edit, Tania Ruiz Sanchez clicks on Select the Languaje edit, Tania Ruiz Sanchez types 'ARROW_DOWN' in Select the Languaje edit, Tania Ruiz Sanchez types 'ENTER' in Select the Languaje edit, Tania Ruiz Sanchez clicks on Click boton Save]]]
[Test worker] WARN net.thucydides.core.steps.BaseStepListener - stepFinished: current outcome:filter to edit:Example: {username=demo, password=demo, seourl=SEO URL, query=product_id=47, keyword=hp-lp3065, store=Default, language=English, queryedit=category_id=18, keywordedit=NO, warning=Warning: You do not have permission to modify SEO URL!
×} [Given Tania wants to edit data from the list consulted in SEO URL [Tania ruiz sanchez open up [Tania Ruiz Sanchez opens the Cart open page]], When She enters the data she wants to edit
| username | password | seourl | query | keyword | store | language | queryedit | keywordedit |
| demo | demo | SEO URL | product_id=47 | hp-lp3065 | Default | English | category_id=18 | NO | [Tania ruiz sanchez filter edit [Tania Ruiz Sanchez enters 'demo' into enter username, Tania Ruiz Sanchez enters 'demo' into enter password, Tania Ruiz Sanchez clicks on Click on the login button, Tania Ruiz Sanchez clicks on Click on Desing, Tania Ruiz Sanchez clicks on Select SEO URL, Tania Ruiz Sanchez enters 'product_id=47' into Write the query, Tania Ruiz Sanchez enters 'hp-lp3065' into Write the keyword, Tania Ruiz Sanchez clicks on Select Store, Tania Ruiz Sanchez clicks on Select Languaje, Tania Ruiz Sanchez clicks on Click boton Filter, Tania Ruiz Sanchez clicks on Click boton edit, Tania Ruiz Sanchez clicks on Click boton edit, Tania Ruiz Sanchez enters 'category_id=18' into Write the query edit, Tania Ruiz Sanchez enters 'NO' into Write the keyword edit, Tania Ruiz Sanchez clicks on Select the Store edit, Tania Ruiz Sanchez types 'ARROW_DOWN' in Select the Store edit, Tania Ruiz Sanchez types 'ENTER' in Select the Store edit, Tania Ruiz Sanchez clicks on Select the Languaje edit, Tania Ruiz Sanchez types 'ARROW_DOWN' in Select the Languaje edit, Tania Ruiz Sanchez types 'ENTER' in Select the Languaje edit, Tania Ruiz Sanchez clicks on Click boton Save]]]
[Test worker] WARN net.thucydides.core.steps.BaseStepListener - stepStarted: net.thucydides.core.steps.ExecutedStepDescription@32f1ade2
[Test worker] WARN net.thucydides.core.steps.BaseStepListener - stepStarted: net.thucydides.core.steps.ExecutedStepDescription@12e32d48
[Test worker] WARN net.thucydides.core.steps.BaseStepListener - stepFinished: current outcome:filter to edit:Example: {username=demo, password=demo, seourl=SEO URL, query=product_id=47, keyword=hp-lp3065, store=Default, language=English, queryedit=category_id=18, keywordedit=NO, warning=Warning: You do not have permission to modify SEO URL!
×} [Given Tania wants to edit data from the list consulted in SEO URL [Tania ruiz sanchez open up [Tania Ruiz Sanchez opens the Cart open page]], When She enters the data she wants to edit
| username | password | seourl | query | keyword | store | language | queryedit | keywordedit |
| demo | demo | SEO URL | product_id=47 | hp-lp3065 | Default | English | category_id=18 | NO | [Tania ruiz sanchez filter edit [Tania Ruiz Sanchez enters 'demo' into enter username, Tania Ruiz Sanchez enters 'demo' into enter password, Tania Ruiz Sanchez clicks on Click on the login button, Tania Ruiz Sanchez clicks on Click on Desing, Tania Ruiz Sanchez clicks on Select SEO URL, Tania Ruiz Sanchez enters 'product_id=47' into Write the query, Tania Ruiz Sanchez enters 'hp-lp3065' into Write the keyword, Tania Ruiz Sanchez clicks on Select Store, Tania Ruiz Sanchez clicks on Select Languaje, Tania Ruiz Sanchez clicks on Click boton Filter, Tania Ruiz Sanchez clicks on Click boton edit, Tania Ruiz Sanchez clicks on Click boton edit, Tania Ruiz Sanchez enters 'category_id=18' into Write the query edit, Tania Ruiz Sanchez enters 'NO' into Write the keyword edit, Tania Ruiz Sanchez clicks on Select the Store edit, Tania Ruiz Sanchez types 'ARROW_DOWN' in Select the Store edit, Tania Ruiz Sanchez types 'ENTER' in Select the Store edit, Tania Ruiz Sanchez clicks on Select the Languaje edit, Tania Ruiz Sanchez types 'ARROW_DOWN' in Select the Languaje edit, Tania Ruiz Sanchez types 'ENTER' in Select the Languaje edit, Tania Ruiz Sanchez clicks on Click boton Save]], Then She displays a warning message
| warning |
| Warning: You do not have permission to modify SEO URL!
× | [Then answer edit]]
[Test worker] WARN net.thucydides.core.steps.BaseStepListener - stepFinished: current outcome:filter to edit:Example: {username=demo, password=demo, seourl=SEO URL, query=product_id=47, keyword=hp-lp3065, store=Default, language=English, queryedit=category_id=18, keywordedit=NO, warning=Warning: You do not have permission to modify SEO URL!
×} [Given Tania wants to edit data from the list consulted in SEO URL [Tania ruiz sanchez open up [Tania Ruiz Sanchez opens the Cart open page]], When She enters the data she wants to edit
| username | password | seourl | query | keyword | store | language | queryedit | keywordedit |
| demo | demo | SEO URL | product_id=47 | hp-lp3065 | Default | English | category_id=18 | NO | [Tania ruiz sanchez filter edit [Tania Ruiz Sanchez enters 'demo' into enter username, Tania Ruiz Sanchez enters 'demo' into enter password, Tania Ruiz Sanchez clicks on Click on the login button, Tania Ruiz Sanchez clicks on Click on Desing, Tania Ruiz Sanchez clicks on Select SEO URL, Tania Ruiz Sanchez enters 'product_id=47' into Write the query, Tania Ruiz Sanchez enters 'hp-lp3065' into Write the keyword, Tania Ruiz Sanchez clicks on Select Store, Tania Ruiz Sanchez clicks on Select Languaje, Tania Ruiz Sanchez clicks on Click boton Filter, Tania Ruiz Sanchez clicks on Click boton edit, Tania Ruiz Sanchez clicks on Click boton edit, Tania Ruiz Sanchez enters 'category_id=18' into Write the query edit, Tania Ruiz Sanchez enters 'NO' into Write the keyword edit, Tania Ruiz Sanchez clicks on Select the Store edit, Tania Ruiz Sanchez types 'ARROW_DOWN' in Select the Store edit, Tania Ruiz Sanchez types 'ENTER' in Select the Store edit, Tania Ruiz Sanchez clicks on Select the Languaje edit, Tania Ruiz Sanchez types 'ARROW_DOWN' in Select the Languaje edit, Tania Ruiz Sanchez types 'ENTER' in Select the Languaje edit, Tania Ruiz Sanchez clicks on Click boton Save]], Then She displays a warning message
| warning |
| Warning: You do not have permission to modify SEO URL!
× | [Then answer edit]]
[Test worker] WARN net.thucydides.core.steps.BaseStepListener - stepFinished: current outcome:filter to edit:Example: {username=demo, password=demo, seourl=SEO URL, query=product_id=47, keyword=hp-lp3065, store=Default, language=English, queryedit=category_id=18, keywordedit=NO, warning=Warning: You do not have permission to modify SEO URL!
×} [Given Tania wants to edit data from the list consulted in SEO URL [Tania ruiz sanchez open up [Tania Ruiz Sanchez opens the Cart open page]], When She enters the data she wants to edit
| username | password | seourl | query | keyword | store | language | queryedit | keywordedit |
| demo | demo | SEO URL | product_id=47 | hp-lp3065 | Default | English | category_id=18 | NO | [Tania ruiz sanchez filter edit [Tania Ruiz Sanchez enters 'demo' into enter username, Tania Ruiz Sanchez enters 'demo' into enter password, Tania Ruiz Sanchez clicks on Click on the login button, Tania Ruiz Sanchez clicks on Click on Desing, Tania Ruiz Sanchez clicks on Select SEO URL, Tania Ruiz Sanchez enters 'product_id=47' into Write the query, Tania Ruiz Sanchez enters 'hp-lp3065' into Write the keyword, Tania Ruiz Sanchez clicks on Select Store, Tania Ruiz Sanchez clicks on Select Languaje, Tania Ruiz Sanchez clicks on Click boton Filter, Tania Ruiz Sanchez clicks on Click boton edit, Tania Ruiz Sanchez clicks on Click boton edit, Tania Ruiz Sanchez enters 'category_id=18' into Write the query edit, Tania Ruiz Sanchez enters 'NO' into Write the keyword edit, Tania Ruiz Sanchez clicks on Select the Store edit, Tania Ruiz Sanchez types 'ARROW_DOWN' in Select the Store edit, Tania Ruiz Sanchez types 'ENTER' in Select the Store edit, Tania Ruiz Sanchez clicks on Select the Languaje edit, Tania Ruiz Sanchez types 'ARROW_DOWN' in Select the Languaje edit, Tania Ruiz Sanchez types 'ENTER' in Select the Languaje edit, Tania Ruiz Sanchez clicks on Click boton Save]], Then She displays a warning message
| warning |
| Warning: You do not have permission to modify SEO URL!
× | [Then answer edit]]
[Test worker] WARN net.thucydides.core.steps.BaseStepListener - testFinished: filter to edit:Example: {username=demo, password=demo, seourl=SEO URL, query=product_id=47, keyword=hp-lp3065, store=Default, language=English, queryedit=category_id=18, keywordedit=NO, warning=Warning: You do not have permission to modify SEO URL!
×} [Given Tania wants to edit data from the list consulted in SEO URL [Tania ruiz sanchez open up [Tania Ruiz Sanchez opens the Cart open page]], When She enters the data she wants to edit
| username | password | seourl | query | keyword | store | language | queryedit | keywordedit |
| demo | demo | SEO URL | product_id=47 | hp-lp3065 | Default | English | category_id=18 | NO | [Tania ruiz sanchez filter edit [Tania Ruiz Sanchez enters 'demo' into enter username, Tania Ruiz Sanchez enters 'demo' into enter password, Tania Ruiz Sanchez clicks on Click on the login button, Tania Ruiz Sanchez clicks on Click on Desing, Tania Ruiz Sanchez clicks on Select SEO URL, Tania Ruiz Sanchez enters 'product_id=47' into Write the query, Tania Ruiz Sanchez enters 'hp-lp3065' into Write the keyword, Tania Ruiz Sanchez clicks on Select Store, Tania Ruiz Sanchez clicks on Select Languaje, Tania Ruiz Sanchez clicks on Click boton Filter, Tania Ruiz Sanchez clicks on Click boton edit, Tania Ruiz Sanchez clicks on Click boton edit, Tania Ruiz Sanchez enters 'category_id=18' into Write the query edit, Tania Ruiz Sanchez enters 'NO' into Write the keyword edit, Tania Ruiz Sanchez clicks on Select the Store edit, Tania Ruiz Sanchez types 'ARROW_DOWN' in Select the Store edit, Tania Ruiz Sanchez types 'ENTER' in Select the Store edit, Tania Ruiz Sanchez clicks on Select the Languaje edit, Tania Ruiz Sanchez types 'ARROW_DOWN' in Select the Languaje edit, Tania Ruiz Sanchez types 'ENTER' in Select the Languaje edit, Tania Ruiz Sanchez clicks on Click boton Save]], Then She displays a warning message
| warning |
| Warning: You do not have permission to modify SEO URL!
× | [Then answer edit]]
[Test worker] WARN net.thucydides.core.steps.BaseStepListener - TestOutcomes: [filter to edit:Example: {username=demo, password=demo, seourl=SEO URL, query=product_id=47, keyword=hp-lp3065, store=Default, language=English, queryedit=category_id=18, keywordedit=NO, warning=Warning: You do not have permission to modify SEO URL!
×} [Given Tania wants to edit data from the list consulted in SEO URL [Tania ruiz sanchez open up [Tania Ruiz Sanchez opens the Cart open page]], When She enters the data she wants to edit
| username | password | seourl | query | keyword | store | language | queryedit | keywordedit |
| demo | demo | SEO URL | product_id=47 | hp-lp3065 | Default | English | category_id=18 | NO | [Tania ruiz sanchez filter edit [Tania Ruiz Sanchez enters 'demo' into enter username, Tania Ruiz Sanchez enters 'demo' into enter password, Tania Ruiz Sanchez clicks on Click on the login button, Tania Ruiz Sanchez clicks on Click on Desing, Tania Ruiz Sanchez clicks on Select SEO URL, Tania Ruiz Sanchez enters 'product_id=47' into Write the query, Tania Ruiz Sanchez enters 'hp-lp3065' into Write the keyword, Tania Ruiz Sanchez clicks on Select Store, Tania Ruiz Sanchez clicks on Select Languaje, Tania Ruiz Sanchez clicks on Click boton Filter, Tania Ruiz Sanchez clicks on Click boton edit, Tania Ruiz Sanchez clicks on Click boton edit, Tania Ruiz Sanchez enters 'category_id=18' into Write the query edit, Tania Ruiz Sanchez enters 'NO' into Write the keyword edit, Tania Ruiz Sanchez clicks on Select the Store edit, Tania Ruiz Sanchez types 'ARROW_DOWN' in Select the Store edit, Tania Ruiz Sanchez types 'ENTER' in Select the Store edit, Tania Ruiz Sanchez clicks on Select the Languaje edit, Tania Ruiz Sanchez types 'ARROW_DOWN' in Select the Languaje edit, Tania Ruiz Sanchez types 'ENTER' in Select the Languaje edit, Tania Ruiz Sanchez clicks on Click boton Save]], Then She displays a warning message
| warning |
| Warning: You do not have permission to modify SEO URL!
× | [Then answer edit]]]
[Test worker] WARN net.thucydides.core.steps.BaseStepListener - Final testOutcomes: [filter to edit:Example: {username=demo, password=demo, seourl=SEO URL, query=product_id=47, keyword=hp-lp3065, store=Default, language=English, queryedit=category_id=18, keywordedit=NO, warning=Warning: You do not have permission to modify SEO URL!
×} [Given Tania wants to edit data from the list consulted in SEO URL [Tania ruiz sanchez open up [Tania Ruiz Sanchez opens the Cart open page]], When She enters the data she wants to edit
| username | password | seourl | query | keyword | store | language | queryedit | keywordedit |
| demo | demo | SEO URL | product_id=47 | hp-lp3065 | Default | English | category_id=18 | NO | [Tania ruiz sanchez filter edit [Tania Ruiz Sanchez enters 'demo' into enter username, Tania Ruiz Sanchez enters 'demo' into enter password, Tania Ruiz Sanchez clicks on Click on the login button, Tania Ruiz Sanchez clicks on Click on Desing, Tania Ruiz Sanchez clicks on Select SEO URL, Tania Ruiz Sanchez enters 'product_id=47' into Write the query, Tania Ruiz Sanchez enters 'hp-lp3065' into Write the keyword, Tania Ruiz Sanchez clicks on Select Store, Tania Ruiz Sanchez clicks on Select Languaje, Tania Ruiz Sanchez clicks on Click boton Filter, Tania Ruiz Sanchez clicks on Click boton edit, Tania Ruiz Sanchez clicks on Click boton edit, Tania Ruiz Sanchez enters 'category_id=18' into Write the query edit, Tania Ruiz Sanchez enters 'NO' into Write the keyword edit, Tania Ruiz Sanchez clicks on Select the Store edit, Tania Ruiz Sanchez types 'ARROW_DOWN' in Select the Store edit, Tania Ruiz Sanchez types 'ENTER' in Select the Store edit, Tania Ruiz Sanchez clicks on Select the Languaje edit, Tania Ruiz Sanchez types 'ARROW_DOWN' in Select the Languaje edit, Tania Ruiz Sanchez types 'ENTER' in Select the Languaje edit, Tania Ruiz Sanchez clicks on Click boton Save]], Then She displays a warning message
| warning |
| Warning: You do not have permission to modify SEO URL!
× | [Then answer edit]]]
[Test worker] INFO net.thucydides.core.steps.ConsoleLoggingListener - 
        __    _____ _____ ____ _____   ____   _    ____  ____  _____ ____  
  _     \ \  |_   _| ____/ ___|_   _| |  _ \ / \  / ___|/ ___|| ____|  _ \ 
 (_)_____| |   | | |  _| \___ \ | |   | |_) / _ \ \___ \\___ \|  _| | | | |
  _|_____| |   | | | |___ ___) || |   |  __/ ___ \ ___) |___) | |___| |_| |
 (_)     | |   |_| |_____|____/ |_|   |_| /_/   \_\____/|____/|_____|____/ 
        /_/                                                                

TEST PASSED: filter to edit
----------------------------------------------------------------------------
]]></system-err>
</testsuite>
